<?xml version="1.0" encoding="utf-8"?><testsuites name="pytest tests"><testsuite name="pytest" errors="0" failures="0" skipped="0" tests="44" time="40.571" timestamp="2026-02-24T12:23:51.723546+00:00" hostname="agent-env-bccb8b21-7f1e-4de3-b03b-379e503276b7"><testcase classname="backend.tests.test_17flow_audit.TestFlow01Registration" name="test_register_page_accessible" time="0.221" /><testcase classname="backend.tests.test_17flow_audit.TestFlow01Registration" name="test_signup_creates_org" time="0.912" /><testcase classname="backend.tests.test_17flow_audit.TestFlow01Registration" name="test_user_has_owner_role" time="0.117" /><testcase classname="backend.tests.test_17flow_audit.TestFlow01Registration" name="test_onboarding_checklist_visible" time="0.106" /><testcase classname="backend.tests.test_17flow_audit.TestFlow02WorkshopProfile" name="test_update_org_profile" time="0.128" /><testcase classname="backend.tests.test_17flow_audit.TestFlow02WorkshopProfile" name="test_profile_persists" time="0.109" /><testcase classname="backend.tests.test_17flow_audit.TestFlow03InviteTeam" name="test_invite_technician" time="0.133" /><testcase classname="backend.tests.test_17flow_audit.TestFlow03InviteTeam" name="test_tech_user_no_finance_access" time="0.449" /><testcase classname="backend.tests.test_17flow_audit.TestFlow04Inventory" name="test_add_bms_module" time="0.109" /><testcase classname="backend.tests.test_17flow_audit.TestFlow04Inventory" name="test_add_brake_pad" time="0.120" /><testcase classname="backend.tests.test_17flow_audit.TestFlow04Inventory" name="test_items_appear_in_list" time="0.122" /><testcase classname="backend.tests.test_17flow_audit.TestFlow05CustomerVehicle" name="test_create_contact" time="0.161" /><testcase classname="backend.tests.test_17flow_audit.TestFlow05CustomerVehicle" name="test_add_vehicle_to_contact" time="0.125" /><testcase classname="backend.tests.test_17flow_audit.TestFlow06CreateTicket" name="test_create_ticket" time="0.118" /><testcase classname="backend.tests.test_17flow_audit.TestFlow06CreateTicket" name="test_ticket_has_unique_id" time="0.000" /><testcase classname="backend.tests.test_17flow_audit.TestFlow06CreateTicket" name="test_dashboard_open_count" time="0.116" /><testcase classname="backend.tests.test_17flow_audit.TestFlow07EFIDiagnostics" name="test_efi_diagnose" time="32.512" /><testcase classname="backend.tests.test_17flow_audit.TestFlow07EFIDiagnostics" name="test_efi_failure_cards" time="0.136" /><testcase classname="backend.tests.test_17flow_audit.TestFlow08CloseTicket" name="test_update_status_in_progress" time="0.151" /><testcase classname="backend.tests.test_17flow_audit.TestFlow08CloseTicket" name="test_close_ticket_with_resolution" time="0.141" /><testcase classname="backend.tests.test_17flow_audit.TestFlow08CloseTicket" name="test_ticket_shows_resolved" time="0.145" /><testcase classname="backend.tests.test_17flow_audit.TestFlow09CreateInvoice" name="test_create_invoice" time="0.108" /><testcase classname="backend.tests.test_17flow_audit.TestFlow09CreateInvoice" name="test_invoice_gst_calculated" time="0.119" /><testcase classname="backend.tests.test_17flow_audit.TestFlow10RecordPayment" name="test_record_payment" time="0.113" /><testcase classname="backend.tests.test_17flow_audit.TestFlow10RecordPayment" name="test_invoice_status_paid" time="0.112" /><testcase classname="backend.tests.test_17flow_audit.TestFlow11FinancialReports" name="test_trial_balance_loads" time="0.123" /><testcase classname="backend.tests.test_17flow_audit.TestFlow11FinancialReports" name="test_profit_loss_loads" time="0.112" /><testcase classname="backend.tests.test_17flow_audit.TestFlow11FinancialReports" name="test_gst_summary_loads" time="0.242" /><testcase classname="backend.tests.test_17flow_audit.TestFlow12TallyExport" name="test_tally_export" time="0.454" /><testcase classname="backend.tests.test_17flow_audit.TestFlow13Payroll" name="test_add_employee" time="0.438" /><testcase classname="backend.tests.test_17flow_audit.TestFlow13Payroll" name="test_run_payroll" time="0.542" /><testcase classname="backend.tests.test_17flow_audit.TestFlow13Payroll" name="test_payroll_records_available" time="0.454" /><testcase classname="backend.tests.test_17flow_audit.TestFlow14PublicTicket" name="test_public_form_accessible" time="0.093" /><testcase classname="backend.tests.test_17flow_audit.TestFlow14PublicTicket" name="test_public_submit_without_slug_gives_friendly_error" time="0.120" /><testcase classname="backend.tests.test_17flow_audit.TestFlow14PublicTicket" name="test_public_vehicle_categories" time="0.122" /><testcase classname="backend.tests.test_17flow_audit.TestFlow15DataInsights" name="test_insights_revenue" time="0.124" /><testcase classname="backend.tests.test_17flow_audit.TestFlow15DataInsights" name="test_insights_operations" time="0.121" /><testcase classname="backend.tests.test_17flow_audit.TestFlow15DataInsights" name="test_insights_technician" time="0.109" /><testcase classname="backend.tests.test_17flow_audit.TestFlow15DataInsights" name="test_insights_inventory" time="0.109" /><testcase classname="backend.tests.test_17flow_audit.TestFlow15DataInsights" name="test_insights_efi" time="0.108" /><testcase classname="backend.tests.test_17flow_audit.TestFlow15DataInsights" name="test_insights_customer" time="0.119" /><testcase classname="backend.tests.test_17flow_audit.TestFlow16BookDemo" name="test_book_demo_endpoint" time="0.359" /><testcase classname="backend.tests.test_17flow_audit.TestFlow16BookDemo" name="test_book_demo_validation" time="0.113" /><testcase classname="backend.tests.test_17flow_audit.TestCleanup" name="test_report_audit_org" time="0.000" /></testsuite></testsuites>