<?xml version="1.0" encoding="utf-8"?><testsuites name="pytest tests"><testsuite name="pytest" errors="0" failures="3" skipped="0" tests="25" time="3.793" timestamp="2026-02-19T12:14:51.627690+00:00" hostname="agent-env-7df0e5f5-2347-4e8b-a6d7-0eb3fd56fc0e"><testcase classname="tests.test_all_settings_complete.TestUsersPanel" name="test_list_organization_users" time="0.621" /><testcase classname="tests.test_all_settings_complete.TestUsersPanel" name="test_get_organization_roles" time="0.109" /><testcase classname="tests.test_all_settings_complete.TestCustomFieldsBuilder" name="test_get_custom_fields_list" time="0.126" /><testcase classname="tests.test_all_settings_complete.TestCustomFieldsBuilder" name="test_get_custom_fields_by_module" time="0.108" /><testcase classname="tests.test_all_settings_complete.TestCustomFieldsBuilder" name="test_create_custom_field" time="0.111" /><testcase classname="tests.test_all_settings_complete.TestCustomFieldsBuilder" name="test_create_dropdown_custom_field" time="0.119" /><testcase classname="tests.test_all_settings_complete.TestCustomFieldsBuilder" name="test_delete_custom_field" time="0.229" /><testcase classname="tests.test_all_settings_complete.TestWorkflowRulesBuilder" name="test_get_workflow_rules_list" time="0.135" /><testcase classname="tests.test_all_settings_complete.TestWorkflowRulesBuilder" name="test_get_workflow_rules_by_module" time="0.109" /><testcase classname="tests.test_all_settings_complete.TestWorkflowRulesBuilder" name="test_create_workflow_rule" time="0.124" /><testcase classname="tests.test_all_settings_complete.TestWorkflowRulesBuilder" name="test_update_workflow_rule" time="0.203" /><testcase classname="tests.test_all_settings_complete.TestWorkflowRulesBuilder" name="test_delete_workflow_rule" time="0.216" /><testcase classname="tests.test_all_settings_complete.TestWorkOrderSettings" name="test_get_work_orders_settings" time="0.108"><failure message="AssertionError: Should have at least one work order setting. Got: []&#10;assert 0 &gt;= 1&#10; +  where 0 = len([])">tests/test_all_settings_complete.py:316: in test_get_work_orders_settings
    assert len(found_fields) &gt;= 1, f"Should have at least one work order setting. Got: {list(data.keys())}"
E   AssertionError: Should have at least one work order setting. Got: []
E   assert 0 &gt;= 1
E    +  where 0 = len([])</failure></testcase><testcase classname="tests.test_all_settings_complete.TestWorkOrderSettings" name="test_update_work_orders_settings" time="0.098" /><testcase classname="tests.test_all_settings_complete.TestCustomersSettings" name="test_get_customers_settings" time="0.115" /><testcase classname="tests.test_all_settings_complete.TestCustomersSettings" name="test_update_customers_settings" time="0.115" /><testcase classname="tests.test_all_settings_complete.TestEFISettings" name="test_get_efi_settings" time="0.111"><failure message="AssertionError: Should have at least one EFI setting. Got: ['failure_learning_enabled', 'auto_suggest_diagnosis', 'min_confidence_threshold', 'require_checklist_completion', 'capture_diagnostic_photos']&#10;assert 0 &gt;= 1&#10; +  where 0 = len([])">tests/test_all_settings_complete.py:389: in test_get_efi_settings
    assert len(found_fields) &gt;= 1, f"Should have at least one EFI setting. Got: {list(data.keys())}"
E   AssertionError: Should have at least one EFI setting. Got: ['failure_learning_enabled', 'auto_suggest_diagnosis', 'min_confidence_threshold', 'require_checklist_completion', 'capture_diagnostic_photos']
E   assert 0 &gt;= 1
E    +  where 0 = len([])</failure></testcase><testcase classname="tests.test_all_settings_complete.TestEFISettings" name="test_update_efi_settings" time="0.120" /><testcase classname="tests.test_all_settings_complete.TestPortalSettings" name="test_get_portal_settings" time="0.115"><failure message="AssertionError: Should have at least one portal setting. Got: ['customer_portal_enabled', 'customer_portal_url', 'customer_can_view_invoices', 'customer_can_view_quotes', 'customer_can_accept_quotes', 'customer_can_pay_online', 'customer_can_raise_tickets', 'customer_can_track_service', 'vendor_portal_enabled', 'vendor_can_view_pos', 'vendor_can_update_delivery']&#10;assert 0 &gt;= 1&#10; +  where 0 = len([])">tests/test_all_settings_complete.py:426: in test_get_portal_settings
    assert len(found_fields) &gt;= 1, f"Should have at least one portal setting. Got: {list(data.keys())}"
E   AssertionError: Should have at least one portal setting. Got: ['customer_portal_enabled', 'customer_portal_url', 'customer_can_view_invoices', 'customer_can_view_quotes', 'customer_can_accept_quotes', 'customer_can_pay_online', 'customer_can_raise_tickets', 'customer_can_track_service', 'vendor_portal_enabled', 'vendor_can_view_pos', 'vendor_can_update_delivery']
E   assert 0 &gt;= 1
E    +  where 0 = len([])</failure></testcase><testcase classname="tests.test_all_settings_complete.TestPortalSettings" name="test_update_portal_settings" time="0.115" /><testcase classname="tests.test_all_settings_complete.TestSettingsNavigation" name="test_categories_structure" time="0.096" /><testcase classname="tests.test_all_settings_complete.TestSettingsNavigation" name="test_users_roles_category_items" time="0.099" /><testcase classname="tests.test_all_settings_complete.TestSettingsNavigation" name="test_customization_category_items" time="0.097" /><testcase classname="tests.test_all_settings_complete.TestSettingsNavigation" name="test_automation_category_has_workflows" time="0.106" /><testcase classname="tests.test_all_settings_complete.TestSettingsNavigation" name="test_modules_category_has_all_modules" time="0.112" /></testsuite></testsuites>