<?xml version="1.0" encoding="utf-8"?><testsuites name="pytest tests"><testsuite name="pytest" errors="0" failures="0" skipped="0" tests="25" time="3.469" timestamp="2026-02-19T12:15:42.164207+00:00" hostname="agent-env-7df0e5f5-2347-4e8b-a6d7-0eb3fd56fc0e"><testcase classname="tests.test_all_settings_complete.TestUsersPanel" name="test_list_organization_users" time="0.470" /><testcase classname="tests.test_all_settings_complete.TestUsersPanel" name="test_get_organization_roles" time="0.108" /><testcase classname="tests.test_all_settings_complete.TestCustomFieldsBuilder" name="test_get_custom_fields_list" time="0.106" /><testcase classname="tests.test_all_settings_complete.TestCustomFieldsBuilder" name="test_get_custom_fields_by_module" time="0.120" /><testcase classname="tests.test_all_settings_complete.TestCustomFieldsBuilder" name="test_create_custom_field" time="0.101" /><testcase classname="tests.test_all_settings_complete.TestCustomFieldsBuilder" name="test_create_dropdown_custom_field" time="0.114" /><testcase classname="tests.test_all_settings_complete.TestCustomFieldsBuilder" name="test_delete_custom_field" time="0.203" /><testcase classname="tests.test_all_settings_complete.TestWorkflowRulesBuilder" name="test_get_workflow_rules_list" time="0.104" /><testcase classname="tests.test_all_settings_complete.TestWorkflowRulesBuilder" name="test_get_workflow_rules_by_module" time="0.107" /><testcase classname="tests.test_all_settings_complete.TestWorkflowRulesBuilder" name="test_create_workflow_rule" time="0.099" /><testcase classname="tests.test_all_settings_complete.TestWorkflowRulesBuilder" name="test_update_workflow_rule" time="0.213" /><testcase classname="tests.test_all_settings_complete.TestWorkflowRulesBuilder" name="test_delete_workflow_rule" time="0.218" /><testcase classname="tests.test_all_settings_complete.TestWorkOrderSettings" name="test_get_work_orders_settings" time="0.111" /><testcase classname="tests.test_all_settings_complete.TestWorkOrderSettings" name="test_update_work_orders_settings" time="0.105" /><testcase classname="tests.test_all_settings_complete.TestCustomersSettings" name="test_get_customers_settings" time="0.113" /><testcase classname="tests.test_all_settings_complete.TestCustomersSettings" name="test_update_customers_settings" time="0.109" /><testcase classname="tests.test_all_settings_complete.TestEFISettings" name="test_get_efi_settings" time="0.103" /><testcase classname="tests.test_all_settings_complete.TestEFISettings" name="test_update_efi_settings" time="0.119" /><testcase classname="tests.test_all_settings_complete.TestPortalSettings" name="test_get_portal_settings" time="0.104" /><testcase classname="tests.test_all_settings_complete.TestPortalSettings" name="test_update_portal_settings" time="0.098" /><testcase classname="tests.test_all_settings_complete.TestSettingsNavigation" name="test_categories_structure" time="0.114" /><testcase classname="tests.test_all_settings_complete.TestSettingsNavigation" name="test_users_roles_category_items" time="0.106" /><testcase classname="tests.test_all_settings_complete.TestSettingsNavigation" name="test_customization_category_items" time="0.099" /><testcase classname="tests.test_all_settings_complete.TestSettingsNavigation" name="test_automation_category_has_workflows" time="0.104" /><testcase classname="tests.test_all_settings_complete.TestSettingsNavigation" name="test_modules_category_has_all_modules" time="0.126" /></testsuite></testsuites>