<?xml version="1.0" encoding="utf-8"?><testsuites name="pytest tests"><testsuite name="pytest" errors="0" failures="0" skipped="4" tests="18" time="6.788" timestamp="2026-02-24T19:42:07.458487+00:00" hostname="agent-env-c8ae0095-4fa2-455d-a0ab-f049ea54c79f"><testcase classname="backend.tests.test_api_versioning_multitenancy.TestHealthEndpoint" name="test_health_endpoint_accessible" time="1.452" /><testcase classname="backend.tests.test_api_versioning_multitenancy.TestAuthRoutesAtApiAuth" name="test_login_at_api_auth" time="0.452" /><testcase classname="backend.tests.test_api_versioning_multitenancy.TestAuthRoutesAtApiAuth" name="test_me_at_api_auth" time="0.462" /><testcase classname="backend.tests.test_api_versioning_multitenancy.TestAuthRoutesAtApiAuth" name="test_logout_at_api_auth" time="0.453" /><testcase classname="backend.tests.test_api_versioning_multitenancy.TestAuthRoutesAtApiAuth" name="test_session_at_api_auth" time="0.115" /><testcase classname="backend.tests.test_api_versioning_multitenancy.TestAuthRoutesAtApiAuth" name="test_forgot_password_at_api_auth" time="0.135" /><testcase classname="backend.tests.test_api_versioning_multitenancy.TestAuthRoutesNotAtApiV1" name="test_login_not_at_v1" time="0.124" /><testcase classname="backend.tests.test_api_versioning_multitenancy.TestAuthRoutesNotAtApiV1" name="test_register_not_at_v1" time="0.108" /><testcase classname="backend.tests.test_api_versioning_multitenancy.TestBusinessRoutesAtApiV1" name="test_tickets_at_v1" time="0.485" /><testcase classname="backend.tests.test_api_versioning_multitenancy.TestBusinessRoutesAtApiV1" name="test_inventory_at_v1" time="0.396" /><testcase classname="backend.tests.test_api_versioning_multitenancy.TestBusinessRoutesAtApiV1" name="test_suppliers_at_v1" time="0.456" /><testcase classname="backend.tests.test_api_versioning_multitenancy.TestBusinessRoutesAtApiV1" name="test_users_at_v1" time="0.482" /><testcase classname="backend.tests.test_api_versioning_multitenancy.TestBusinessRoutesAtApiV1" name="test_invoices_at_v1" time="0.481" /><testcase classname="backend.tests.test_api_versioning_multitenancy.TestBusinessRoutesAtApiV1" name="test_dashboard_stats_at_v1" time="0.113"><skipped type="pytest.skip" message="Login failed - cannot test authenticated routes">/app/backend/tests/test_api_versioning_multitenancy.py:217: Login failed - cannot test authenticated routes</skipped></testcase><testcase classname="backend.tests.test_api_versioning_multitenancy.TestMultiTenancyEnforcement" name="test_tickets_scoped_to_org" time="0.131"><skipped type="pytest.skip" message="Login failed">/app/backend/tests/test_api_versioning_multitenancy.py:252: Login failed</skipped></testcase><testcase classname="backend.tests.test_api_versioning_multitenancy.TestMultiTenancyEnforcement" name="test_inventory_scoped_to_org" time="0.102"><skipped type="pytest.skip" message="Login failed">/app/backend/tests/test_api_versioning_multitenancy.py:267: Login failed</skipped></testcase><testcase classname="backend.tests.test_api_versioning_multitenancy.TestMultiTenancyEnforcement" name="test_x_org_header_required" time="0.162"><skipped type="pytest.skip" message="Login failed">/app/backend/tests/test_api_versioning_multitenancy.py:282: Login failed</skipped></testcase><testcase classname="backend.tests.test_api_versioning_multitenancy.TestTicketCloseEndpoint" name="test_close_ticket_endpoint_exists" time="0.596" /></testsuite></testsuites>