<?xml version="1.0" encoding="utf-8"?><testsuites name="pytest tests"><testsuite name="pytest" errors="0" failures="2" skipped="0" tests="13" time="2.078" timestamp="2026-02-25T10:40:50.569524+00:00" hostname="agent-env-51741ad7-6a85-4cb0-929f-2c34dde6ee4c"><testcase classname="tests.test_audit_estimate_ticket_conversion.TestAuditEstimateTicketConversion" name="test_01_auth_works" time="0.579" /><testcase classname="tests.test_audit_estimate_ticket_conversion.TestAuditEstimateTicketConversion" name="test_02_estimate_create_writes_audit" time="0.158" /><testcase classname="tests.test_audit_estimate_ticket_conversion.TestAuditEstimateTicketConversion" name="test_03_estimate_status_change_draft_to_sent" time="0.108"><failure message="AssertionError: No audit entry for estimate.status_changed (draft→sent)&#10;assert None is not None">tests/test_audit_estimate_ticket_conversion.py:161: in test_03_estimate_status_change_draft_to_sent
    assert audit_entry is not None, "No audit entry for estimate.status_changed (draft→sent)"
E   AssertionError: No audit entry for estimate.status_changed (draft→sent)
E   assert None is not None</failure></testcase><testcase classname="tests.test_audit_estimate_ticket_conversion.TestAuditEstimateTicketConversion" name="test_04_estimate_status_change_sent_to_accepted" time="0.111"><failure message="AssertionError: No audit entry for estimate.status_changed (accepted)&#10;assert None is not None">tests/test_audit_estimate_ticket_conversion.py:194: in test_04_estimate_status_change_sent_to_accepted
    assert audit_entry is not None, "No audit entry for estimate.status_changed (accepted)"
E   AssertionError: No audit entry for estimate.status_changed (accepted)
E   assert None is not None</failure></testcase><testcase classname="tests.test_audit_estimate_ticket_conversion.TestAuditEstimateTicketConversion" name="test_05_convert_estimate_to_ticket" time="0.111" /><testcase classname="tests.test_audit_estimate_ticket_conversion.TestAuditEstimateTicketConversion" name="test_06_duplicate_conversion_blocked" time="0.108" /><testcase classname="tests.test_audit_estimate_ticket_conversion.TestAuditEstimateTicketConversion" name="test_07_verify_converted_ticket_in_db" time="0.112" /><testcase classname="tests.test_audit_estimate_ticket_conversion.TestAuditEstimateTicketConversion" name="test_08_ticket_creation_audit" time="0.107" /><testcase classname="tests.test_audit_estimate_ticket_conversion.TestAuditEstimateTicketConversion" name="test_09_contact_creation_audit" time="0.123" /><testcase classname="tests.test_audit_estimate_ticket_conversion.TestAuditEstimateTicketConversion" name="test_10_audit_entries_use_correct_collection" time="0.001" /><testcase classname="tests.test_audit_estimate_ticket_conversion.TestAuditEstimateTicketConversion" name="test_11_audit_schema_validation" time="0.001" /><testcase classname="tests.test_audit_estimate_ticket_conversion.TestAuditEstimateTicketConversion" name="test_12_full_estimate_ticket_flow" time="0.448" /><testcase classname="tests.test_audit_estimate_ticket_conversion.TestAuditUtilCorrectCollection" name="test_audit_log_util_uses_audit_logs_collection" time="0.000" /></testsuite></testsuites>