<?xml version="1.0" encoding="utf-8"?><testsuites name="pytest tests"><testsuite name="pytest" errors="0" failures="2" skipped="0" tests="34" time="3.500" timestamp="2026-02-24T07:16:53.094351+00:00" hostname="agent-env-b4cdb0f1-98cb-4c62-be85-b5e153824bde"><testcase classname="backend.tests.test_audit_blockers.TestS1_01_HealthEndpoint" name="test_health_returns_200" time="0.350" /><testcase classname="backend.tests.test_audit_blockers.TestS1_01_HealthEndpoint" name="test_health_response_has_status_ok" time="0.127" /><testcase classname="backend.tests.test_audit_blockers.TestS1_01_HealthEndpoint" name="test_health_response_structure" time="0.105" /><testcase classname="backend.tests.test_audit_blockers.TestS1_06_CORSNoWildcard" name="test_no_wildcard_for_arbitrary_origin" time="0.067"><failure message="AssertionError: FAIL S1.06: Access-Control-Allow-Origin is '*' for arbitrary origin — CORS wildcard must NOT be set&#10;assert '*' != '*'">backend/tests/test_audit_blockers.py:90: in test_no_wildcard_for_arbitrary_origin
    assert acao != "*", (
E   AssertionError: FAIL S1.06: Access-Control-Allow-Origin is '*' for arbitrary origin — CORS wildcard must NOT be set
E   assert '*' != '*'</failure></testcase><testcase classname="backend.tests.test_audit_blockers.TestS1_06_CORSNoWildcard" name="test_allowed_origin_gets_correct_acao" time="0.064"><failure message="AssertionError: Expected ACAO='https://audit-fixes-5.preview.emergentagent.com' or empty, got '*'&#10;assert '*' in ('https://audit-fixes-5.preview.emergentagent.com', '')">backend/tests/test_audit_blockers.py:107: in test_allowed_origin_gets_correct_acao
    assert acao in (allowed, ""), (
E   AssertionError: Expected ACAO='https://audit-fixes-5.preview.emergentagent.com' or empty, got '*'
E   assert '*' in ('https://audit-fixes-5.preview.emergentagent.com', '')</failure></testcase><testcase classname="backend.tests.test_audit_blockers.TestS1_06_CORSNoWildcard" name="test_cors_allow_origins_list_is_not_wildcard" time="0.000" /><testcase classname="backend.tests.test_audit_blockers.TestSE4_06_SecurityHeaders" name="test_health_has_security_headers" time="0.117" /><testcase classname="backend.tests.test_audit_blockers.TestSE4_06_SecurityHeaders" name="test_x_content_type_options_value" time="0.133" /><testcase classname="backend.tests.test_audit_blockers.TestSE4_06_SecurityHeaders" name="test_x_frame_options_value" time="0.134" /><testcase classname="backend.tests.test_audit_blockers.TestSE4_06_SecurityHeaders" name="test_hsts_value" time="0.140" /><testcase classname="backend.tests.test_audit_blockers.TestSE4_06_SecurityHeaders" name="test_referrer_policy_value" time="0.107" /><testcase classname="backend.tests.test_audit_blockers.TestSE4_06_SecurityHeaders" name="test_csp_value" time="0.107" /><testcase classname="backend.tests.test_audit_blockers.TestSE4_06_SecurityHeaders" name="test_auth_endpoint_has_security_headers" time="0.578" /><testcase classname="backend.tests.test_audit_blockers.TestSE4_06_SecurityHeaders" name="test_all_six_headers_present_on_health" time="0.114" /><testcase classname="backend.tests.test_audit_blockers.TestDB2_06_MongoBackup" name="test_backup_root_directory_exists" time="0.012" /><testcase classname="backend.tests.test_audit_blockers.TestDB2_06_MongoBackup" name="test_backup_directory_contains_dated_subdirectory" time="0.003" /><testcase classname="backend.tests.test_audit_blockers.TestDB2_06_MongoBackup" name="test_backup_contains_218_bson_gz_files" time="0.003" /><testcase classname="backend.tests.test_audit_blockers.TestDB2_06_MongoBackup" name="test_cron_file_exists" time="0.002" /><testcase classname="backend.tests.test_audit_blockers.TestDB2_06_MongoBackup" name="test_cron_file_has_backup_schedule" time="0.000" /><testcase classname="backend.tests.test_audit_blockers.TestDB2_06_MongoBackup" name="test_cron_file_has_daily_schedule" time="0.000" /><testcase classname="backend.tests.test_audit_blockers.TestDB2_06_MongoBackup" name="test_disaster_recovery_runbook_exists" time="0.002" /><testcase classname="backend.tests.test_audit_blockers.TestDB2_06_MongoBackup" name="test_runbook_has_restore_instructions" time="0.000" /><testcase classname="backend.tests.test_audit_blockers.TestDB2_06_MongoBackup" name="test_backup_script_is_executable" time="0.003" /><testcase classname="backend.tests.test_audit_blockers.TestFN11_05_TrialBalance" name="test_trial_balance_returns_200" time="0.116" /><testcase classname="backend.tests.test_audit_blockers.TestFN11_05_TrialBalance" name="test_trial_balance_has_is_balanced_field" time="0.105" /><testcase classname="backend.tests.test_audit_blockers.TestFN11_05_TrialBalance" name="test_trial_balance_has_summary_with_totals" time="0.105" /><testcase classname="backend.tests.test_audit_blockers.TestFN11_05_TrialBalance" name="test_trial_balance_has_accounts_array" time="0.114" /><testcase classname="backend.tests.test_audit_blockers.TestFN11_05_TrialBalance" name="test_trial_balance_debits_equal_credits_when_balanced" time="0.112" /><testcase classname="backend.tests.test_audit_blockers.TestFN11_05_TrialBalance" name="test_trial_balance_with_date_filter" time="0.113" /><testcase classname="backend.tests.test_audit_blockers.TestFN11_05_TrialBalance" name="test_trial_balance_missing_org_id_returns_400" time="0.121" /><testcase classname="backend.tests.test_audit_blockers.TestFN11_05_TrialBalance" name="test_trial_balance_invalid_date_returns_400" time="0.103" /><testcase classname="backend.tests.test_audit_blockers.TestFN11_11_SignupRegression" name="test_register_endpoint_not_401" time="0.113" /><testcase classname="backend.tests.test_audit_blockers.TestFN11_11_SignupRegression" name="test_signup_endpoint_is_accessible" time="0.104" /><testcase classname="backend.tests.test_audit_blockers.TestFN11_11_SignupRegression" name="test_signup_also_accessible" time="0.107" /></testsuite></testsuites>