<?xml version="1.0" encoding="utf-8"?><testsuites name="pytest tests"><testsuite name="pytest" errors="0" failures="0" skipped="0" tests="38" time="5.528" timestamp="2026-02-17T09:20:30.776697+00:00" hostname="agent-env-3365708e-f93f-492e-8232-b7091150a7db"><testcase classname="backend.tests.test_bills_inventory_enhanced.TestBillsEnhancedSummary" name="test_get_bills_summary" time="0.231" /><testcase classname="backend.tests.test_bills_inventory_enhanced.TestBillsEnhancedCRUD" name="test_create_bill" time="0.219" /><testcase classname="backend.tests.test_bills_inventory_enhanced.TestBillsEnhancedCRUD" name="test_list_bills" time="0.117" /><testcase classname="backend.tests.test_bills_inventory_enhanced.TestBillsEnhancedCRUD" name="test_get_bill_detail" time="0.121" /><testcase classname="backend.tests.test_bills_inventory_enhanced.TestBillsEnhancedCRUD" name="test_open_bill" time="0.174" /><testcase classname="backend.tests.test_bills_inventory_enhanced.TestBillPayments" name="test_record_payment" time="0.106" /><testcase classname="backend.tests.test_bills_inventory_enhanced.TestBillPayments" name="test_get_bill_payments" time="0.208" /><testcase classname="backend.tests.test_bills_inventory_enhanced.TestBillActions" name="test_clone_bill" time="0.050" /><testcase classname="backend.tests.test_bills_inventory_enhanced.TestPurchaseOrdersSummary" name="test_get_po_summary" time="0.079" /><testcase classname="backend.tests.test_bills_inventory_enhanced.TestPurchaseOrdersCRUD" name="test_create_purchase_order" time="0.211" /><testcase classname="backend.tests.test_bills_inventory_enhanced.TestPurchaseOrdersCRUD" name="test_list_purchase_orders" time="0.138" /><testcase classname="backend.tests.test_bills_inventory_enhanced.TestPurchaseOrdersCRUD" name="test_get_purchase_order_detail" time="0.117" /><testcase classname="backend.tests.test_bills_inventory_enhanced.TestPurchaseOrderStatusTransitions" name="test_issue_purchase_order" time="0.111" /><testcase classname="backend.tests.test_bills_inventory_enhanced.TestPurchaseOrderStatusTransitions" name="test_receive_purchase_order" time="0.099" /><testcase classname="backend.tests.test_bills_inventory_enhanced.TestPurchaseOrderStatusTransitions" name="test_convert_po_to_bill" time="0.156" /><testcase classname="backend.tests.test_bills_inventory_enhanced.TestBillsReports" name="test_aging_report" time="0.109" /><testcase classname="backend.tests.test_bills_inventory_enhanced.TestBillsReports" name="test_vendor_wise_report" time="0.049" /><testcase classname="backend.tests.test_bills_inventory_enhanced.TestInventorySummary" name="test_get_inventory_summary" time="0.145" /><testcase classname="backend.tests.test_bills_inventory_enhanced.TestWarehouseManagement" name="test_list_warehouses" time="0.261" /><testcase classname="backend.tests.test_bills_inventory_enhanced.TestWarehouseManagement" name="test_create_warehouse" time="0.049" /><testcase classname="backend.tests.test_bills_inventory_enhanced.TestWarehouseManagement" name="test_get_warehouse_detail" time="0.048" /><testcase classname="backend.tests.test_bills_inventory_enhanced.TestItemVariants" name="test_create_variant" time="0.171" /><testcase classname="backend.tests.test_bills_inventory_enhanced.TestItemVariants" name="test_list_variants" time="0.133" /><testcase classname="backend.tests.test_bills_inventory_enhanced.TestItemVariants" name="test_get_variant_detail" time="0.152" /><testcase classname="backend.tests.test_bills_inventory_enhanced.TestBundlesKits" name="test_create_bundle" time="0.112" /><testcase classname="backend.tests.test_bills_inventory_enhanced.TestBundlesKits" name="test_list_bundles" time="0.140" /><testcase classname="backend.tests.test_bills_inventory_enhanced.TestBundlesKits" name="test_get_bundle_detail" time="0.281" /><testcase classname="backend.tests.test_bills_inventory_enhanced.TestSerialBatchTracking" name="test_create_serial_number" time="0.168" /><testcase classname="backend.tests.test_bills_inventory_enhanced.TestSerialBatchTracking" name="test_create_batch" time="0.213" /><testcase classname="backend.tests.test_bills_inventory_enhanced.TestSerialBatchTracking" name="test_list_serial_batches" time="0.240" /><testcase classname="backend.tests.test_bills_inventory_enhanced.TestStockAdjustments" name="test_add_stock_adjustment" time="0.243" /><testcase classname="backend.tests.test_bills_inventory_enhanced.TestStockAdjustments" name="test_subtract_stock_adjustment" time="0.182" /><testcase classname="backend.tests.test_bills_inventory_enhanced.TestStockAdjustments" name="test_list_adjustments" time="0.159" /><testcase classname="backend.tests.test_bills_inventory_enhanced.TestInventoryReports" name="test_stock_summary_report" time="0.138" /><testcase classname="backend.tests.test_bills_inventory_enhanced.TestInventoryReports" name="test_low_stock_report" time="0.091" /><testcase classname="backend.tests.test_bills_inventory_enhanced.TestInventoryReports" name="test_valuation_report" time="0.122" /><testcase classname="backend.tests.test_bills_inventory_enhanced.TestInventoryReports" name="test_movement_report" time="0.059" /><testcase classname="backend.tests.test_bills_inventory_enhanced.TestCleanup" name="test_cleanup_test_data" time="0.053" /></testsuite></testsuites>