<?xml version="1.0" encoding="utf-8"?><testsuites name="pytest tests"><testsuite name="pytest" errors="0" failures="5" skipped="2" tests="38" time="6.064" timestamp="2026-02-17T09:14:51.677959+00:00" hostname="agent-env-3365708e-f93f-492e-8232-b7091150a7db"><testcase classname="backend.tests.test_bills_inventory_enhanced.TestBillsEnhancedSummary" name="test_get_bills_summary" time="0.358" /><testcase classname="backend.tests.test_bills_inventory_enhanced.TestBillsEnhancedCRUD" name="test_create_bill" time="0.174" /><testcase classname="backend.tests.test_bills_inventory_enhanced.TestBillsEnhancedCRUD" name="test_list_bills" time="0.561" /><testcase classname="backend.tests.test_bills_inventory_enhanced.TestBillsEnhancedCRUD" name="test_get_bill_detail" time="0.220" /><testcase classname="backend.tests.test_bills_inventory_enhanced.TestBillsEnhancedCRUD" name="test_open_bill" time="0.184" /><testcase classname="backend.tests.test_bills_inventory_enhanced.TestBillPayments" name="test_record_payment" time="0.135" /><testcase classname="backend.tests.test_bills_inventory_enhanced.TestBillPayments" name="test_get_bill_payments" time="0.064" /><testcase classname="backend.tests.test_bills_inventory_enhanced.TestBillActions" name="test_clone_bill" time="0.113" /><testcase classname="backend.tests.test_bills_inventory_enhanced.TestPurchaseOrdersSummary" name="test_get_po_summary" time="0.058" /><testcase classname="backend.tests.test_bills_inventory_enhanced.TestPurchaseOrdersCRUD" name="test_create_purchase_order" time="0.165" /><testcase classname="backend.tests.test_bills_inventory_enhanced.TestPurchaseOrdersCRUD" name="test_list_purchase_orders" time="0.168"><failure message="assert 404 == 200&#10; +  where 404 = &lt;Response [404]&gt;.status_code">backend/tests/test_bills_inventory_enhanced.py:330: in test_list_purchase_orders
    assert response.status_code == 200
E   assert 404 == 200
E    +  where 404 = &lt;Response [404]&gt;.status_code</failure></testcase><testcase classname="backend.tests.test_bills_inventory_enhanced.TestPurchaseOrdersCRUD" name="test_get_purchase_order_detail" time="0.116" /><testcase classname="backend.tests.test_bills_inventory_enhanced.TestPurchaseOrderStatusTransitions" name="test_issue_purchase_order" time="0.150" /><testcase classname="backend.tests.test_bills_inventory_enhanced.TestPurchaseOrderStatusTransitions" name="test_receive_purchase_order" time="0.099" /><testcase classname="backend.tests.test_bills_inventory_enhanced.TestPurchaseOrderStatusTransitions" name="test_convert_po_to_bill" time="0.115" /><testcase classname="backend.tests.test_bills_inventory_enhanced.TestBillsReports" name="test_aging_report" time="0.050" /><testcase classname="backend.tests.test_bills_inventory_enhanced.TestBillsReports" name="test_vendor_wise_report" time="0.051" /><testcase classname="backend.tests.test_bills_inventory_enhanced.TestInventorySummary" name="test_get_inventory_summary" time="0.054" /><testcase classname="backend.tests.test_bills_inventory_enhanced.TestWarehouseManagement" name="test_list_warehouses" time="0.138" /><testcase classname="backend.tests.test_bills_inventory_enhanced.TestWarehouseManagement" name="test_create_warehouse" time="0.072" /><testcase classname="backend.tests.test_bills_inventory_enhanced.TestWarehouseManagement" name="test_get_warehouse_detail" time="0.103" /><testcase classname="backend.tests.test_bills_inventory_enhanced.TestItemVariants" name="test_create_variant" time="0.255"><failure message="assert 404 == 200&#10; +  where 404 = &lt;Response [404]&gt;.status_code">backend/tests/test_bills_inventory_enhanced.py:567: in test_create_variant
    assert response.status_code == 200
E   assert 404 == 200
E    +  where 404 = &lt;Response [404]&gt;.status_code</failure></testcase><testcase classname="backend.tests.test_bills_inventory_enhanced.TestItemVariants" name="test_list_variants" time="0.151" /><testcase classname="backend.tests.test_bills_inventory_enhanced.TestItemVariants" name="test_get_variant_detail" time="0.102"><skipped type="pytest.skip" message="No variants created to test">/app/backend/tests/test_bills_inventory_enhanced.py:589: No variants created to test</skipped></testcase><testcase classname="backend.tests.test_bills_inventory_enhanced.TestBundlesKits" name="test_create_bundle" time="0.161"><failure message="assert 400 == 200&#10; +  where 400 = &lt;Response [400]&gt;.status_code">backend/tests/test_bills_inventory_enhanced.py:632: in test_create_bundle
    assert response.status_code == 200
E   assert 400 == 200
E    +  where 400 = &lt;Response [400]&gt;.status_code</failure></testcase><testcase classname="backend.tests.test_bills_inventory_enhanced.TestBundlesKits" name="test_list_bundles" time="0.121" /><testcase classname="backend.tests.test_bills_inventory_enhanced.TestBundlesKits" name="test_get_bundle_detail" time="0.096"><skipped type="pytest.skip" message="No bundles created to test">/app/backend/tests/test_bills_inventory_enhanced.py:654: No bundles created to test</skipped></testcase><testcase classname="backend.tests.test_bills_inventory_enhanced.TestSerialBatchTracking" name="test_create_serial_number" time="0.243" /><testcase classname="backend.tests.test_bills_inventory_enhanced.TestSerialBatchTracking" name="test_create_batch" time="0.156" /><testcase classname="backend.tests.test_bills_inventory_enhanced.TestSerialBatchTracking" name="test_list_serial_batches" time="0.161" /><testcase classname="backend.tests.test_bills_inventory_enhanced.TestStockAdjustments" name="test_add_stock_adjustment" time="0.154"><failure message="assert 404 == 200&#10; +  where 404 = &lt;Response [404]&gt;.status_code">backend/tests/test_bills_inventory_enhanced.py:782: in test_add_stock_adjustment
    assert response.status_code == 200
E   assert 404 == 200
E    +  where 404 = &lt;Response [404]&gt;.status_code</failure></testcase><testcase classname="backend.tests.test_bills_inventory_enhanced.TestStockAdjustments" name="test_subtract_stock_adjustment" time="0.153"><failure message="assert 404 == 200&#10; +  where 404 = &lt;Response [404]&gt;.status_code">backend/tests/test_bills_inventory_enhanced.py:804: in test_subtract_stock_adjustment
    assert response.status_code == 200
E   assert 404 == 200
E    +  where 404 = &lt;Response [404]&gt;.status_code</failure></testcase><testcase classname="backend.tests.test_bills_inventory_enhanced.TestStockAdjustments" name="test_list_adjustments" time="0.313" /><testcase classname="backend.tests.test_bills_inventory_enhanced.TestInventoryReports" name="test_stock_summary_report" time="0.080" /><testcase classname="backend.tests.test_bills_inventory_enhanced.TestInventoryReports" name="test_low_stock_report" time="0.055" /><testcase classname="backend.tests.test_bills_inventory_enhanced.TestInventoryReports" name="test_valuation_report" time="0.395" /><testcase classname="backend.tests.test_bills_inventory_enhanced.TestInventoryReports" name="test_movement_report" time="0.079" /><testcase classname="backend.tests.test_bills_inventory_enhanced.TestCleanup" name="test_cleanup_test_data" time="0.000" /></testsuite></testsuites>