<?xml version="1.0" encoding="utf-8"?><testsuites name="pytest tests"><testsuite name="pytest" errors="0" failures="0" skipped="0" tests="19" time="11.119" timestamp="2026-02-16T00:04:43.264158+00:00" hostname="agent-env-97c27f0d-212c-4b33-a69c-384c1facce14"><testcase classname="tests.test_complaint_dashboard.TestAuthentication" name="test_admin_login" time="0.468" /><testcase classname="tests.test_complaint_dashboard.TestAuthentication" name="test_technician_login" time="0.356" /><testcase classname="tests.test_complaint_dashboard.TestTicketsAPI" name="test_get_all_tickets" time="0.714" /><testcase classname="tests.test_complaint_dashboard.TestTicketsAPI" name="test_get_tickets_by_status_open" time="0.567" /><testcase classname="tests.test_complaint_dashboard.TestTicketsAPI" name="test_get_tickets_by_status_technician_assigned" time="0.559" /><testcase classname="tests.test_complaint_dashboard.TestTicketsAPI" name="test_get_tickets_by_status_in_progress" time="0.578" /><testcase classname="tests.test_complaint_dashboard.TestTicketsAPI" name="test_get_tickets_by_status_resolved" time="0.599" /><testcase classname="tests.test_complaint_dashboard.TestTicketsAPI" name="test_unauthorized_access" time="0.153" /><testcase classname="tests.test_complaint_dashboard.TestTicketDetails" name="test_get_ticket_by_id" time="0.853" /><testcase classname="tests.test_complaint_dashboard.TestTicketDetails" name="test_get_nonexistent_ticket" time="0.564" /><testcase classname="tests.test_complaint_dashboard.TestTechniciansAPI" name="test_get_technicians" time="0.595" /><testcase classname="tests.test_complaint_dashboard.TestTicketUpdate" name="test_assign_technician_to_ticket" time="0.871" /><testcase classname="tests.test_complaint_dashboard.TestTicketUpdate" name="test_update_ticket_status_to_in_progress" time="0.698" /><testcase classname="tests.test_complaint_dashboard.TestTicketUpdate" name="test_update_ticket_with_estimated_items" time="0.711" /><testcase classname="tests.test_complaint_dashboard.TestInventoryAPI" name="test_get_inventory" time="0.586" /><testcase classname="tests.test_complaint_dashboard.TestServicesAPI" name="test_get_services" time="0.605" /><testcase classname="tests.test_complaint_dashboard.TestKPIData" name="test_kpi_counts" time="0.516" /><testcase classname="tests.test_complaint_dashboard.TestTicketCreation" name="test_create_ticket" time="0.538" /><testcase classname="tests.test_complaint_dashboard.TestInvoiceGeneration" name="test_invoice_endpoint_exists" time="0.502" /></testsuite></testsuites>