<?xml version="1.0" encoding="utf-8"?><testsuites name="pytest tests"><testsuite name="pytest" errors="0" failures="0" skipped="0" tests="24" time="5.101" timestamp="2026-02-18T16:29:28.895491+00:00" hostname="agent-env-34b24880-871e-434e-8a8c-feaeac759c70"><testcase classname="backend.tests.test_composite_items_invoice_settings.TestCompositeItemsSummary" name="test_get_summary" time="0.321" /><testcase classname="backend.tests.test_composite_items_invoice_settings.TestCompositeItemsList" name="test_list_composite_items" time="0.170" /><testcase classname="backend.tests.test_composite_items_invoice_settings.TestCompositeItemsList" name="test_list_by_type_kit" time="0.174" /><testcase classname="backend.tests.test_composite_items_invoice_settings.TestInventoryItemsForComposite" name="test_get_inventory_items" time="0.501" /><testcase classname="backend.tests.test_composite_items_invoice_settings.TestCompositeItemsCRUD" name="test_create_composite_item" time="0.193" /><testcase classname="backend.tests.test_composite_items_invoice_settings.TestCompositeItemsCRUD" name="test_get_composite_item" time="0.142" /><testcase classname="backend.tests.test_composite_items_invoice_settings.TestCompositeItemsCRUD" name="test_check_build_availability" time="0.139" /><testcase classname="backend.tests.test_composite_items_invoice_settings.TestCompositeItemsCRUD" name="test_build_composite_item_insufficient_stock" time="0.145" /><testcase classname="backend.tests.test_composite_items_invoice_settings.TestCompositeItemDelete" name="test_delete_composite_item" time="0.280" /><testcase classname="backend.tests.test_composite_items_invoice_settings.TestInvoiceAutomationSettings" name="test_get_reminder_settings" time="0.129" /><testcase classname="backend.tests.test_composite_items_invoice_settings.TestInvoiceAutomationSettings" name="test_update_reminder_settings" time="0.197" /><testcase classname="backend.tests.test_composite_items_invoice_settings.TestInvoiceAutomationSettings" name="test_get_late_fee_settings" time="0.130" /><testcase classname="backend.tests.test_composite_items_invoice_settings.TestInvoiceAutomationSettings" name="test_update_late_fee_settings" time="0.143" /><testcase classname="backend.tests.test_composite_items_invoice_settings.TestInvoiceAutomationData" name="test_get_overdue_invoices" time="0.138" /><testcase classname="backend.tests.test_composite_items_invoice_settings.TestInvoiceAutomationData" name="test_get_due_soon_invoices" time="0.163" /><testcase classname="backend.tests.test_composite_items_invoice_settings.TestInvoiceAutomationData" name="test_get_aging_report" time="0.144" /><testcase classname="backend.tests.test_composite_items_invoice_settings.TestRecurringInvoices" name="test_get_recurring_summary" time="0.129" /><testcase classname="backend.tests.test_composite_items_invoice_settings.TestRecurringInvoices" name="test_list_recurring_invoices" time="0.150" /><testcase classname="backend.tests.test_composite_items_invoice_settings.TestRecurringInvoices" name="test_create_recurring_invoice" time="0.709" /><testcase classname="backend.tests.test_composite_items_invoice_settings.TestRecurringInvoices" name="test_get_recurring_invoice" time="0.167" /><testcase classname="backend.tests.test_composite_items_invoice_settings.TestRecurringInvoices" name="test_generate_invoice_now" time="0.151" /><testcase classname="backend.tests.test_composite_items_invoice_settings.TestRecurringInvoices" name="test_stop_recurring_invoice" time="0.162" /><testcase classname="backend.tests.test_composite_items_invoice_settings.TestRecurringInvoices" name="test_resume_recurring_invoice" time="0.143" /><testcase classname="backend.tests.test_composite_items_invoice_settings.TestRecurringInvoices" name="test_delete_recurring_invoice" time="0.316" /></testsuite></testsuites>