<?xml version="1.0" encoding="utf-8"?><testsuites name="pytest tests"><testsuite name="pytest" errors="0" failures="0" skipped="0" tests="44" time="5.598" timestamp="2026-02-18T18:08:14.773951+00:00" hostname="agent-env-46c3046f-98ca-4d74-b56a-87cd3a1bd4f9"><testcase classname="backend.tests.test_comprehensive_erp_modules.TestItemsModule" name="test_items_summary" time="0.660" /><testcase classname="backend.tests.test_comprehensive_erp_modules.TestItemsModule" name="test_items_list_with_pagination" time="0.061" /><testcase classname="backend.tests.test_comprehensive_erp_modules.TestItemsModule" name="test_items_list_filter_by_type" time="0.077" /><testcase classname="backend.tests.test_comprehensive_erp_modules.TestItemsModule" name="test_items_search" time="0.086" /><testcase classname="backend.tests.test_comprehensive_erp_modules.TestItemsModule" name="test_price_lists" time="0.085" /><testcase classname="backend.tests.test_comprehensive_erp_modules.TestItemsModule" name="test_composite_items" time="0.057" /><testcase classname="backend.tests.test_comprehensive_erp_modules.TestItemsModule" name="test_item_categories" time="0.070" /><testcase classname="backend.tests.test_comprehensive_erp_modules.TestItemsModule" name="test_create_item" time="0.084" /><testcase classname="backend.tests.test_comprehensive_erp_modules.TestEstimatesModule" name="test_estimates_summary" time="0.069" /><testcase classname="backend.tests.test_comprehensive_erp_modules.TestEstimatesModule" name="test_estimates_list_with_pagination" time="0.119" /><testcase classname="backend.tests.test_comprehensive_erp_modules.TestEstimatesModule" name="test_estimates_filter_by_status" time="0.214" /><testcase classname="backend.tests.test_comprehensive_erp_modules.TestEstimatesModule" name="test_estimate_detail" time="0.129" /><testcase classname="backend.tests.test_comprehensive_erp_modules.TestEstimatesModule" name="test_estimate_public_link" time="0.153" /><testcase classname="backend.tests.test_comprehensive_erp_modules.TestEstimatesModule" name="test_estimate_pdf_generation" time="0.434" /><testcase classname="backend.tests.test_comprehensive_erp_modules.TestEstimatesModule" name="test_estimate_convert_to_invoice" time="0.135" /><testcase classname="backend.tests.test_comprehensive_erp_modules.TestCustomersModule" name="test_contacts_summary" time="0.077" /><testcase classname="backend.tests.test_comprehensive_erp_modules.TestCustomersModule" name="test_customers_list" time="0.141" /><testcase classname="backend.tests.test_comprehensive_erp_modules.TestCustomersModule" name="test_customer_detail" time="0.173" /><testcase classname="backend.tests.test_comprehensive_erp_modules.TestCustomersModule" name="test_customer_financial_profile" time="0.139" /><testcase classname="backend.tests.test_comprehensive_erp_modules.TestCustomersModule" name="test_customer_addresses" time="0.147" /><testcase classname="backend.tests.test_comprehensive_erp_modules.TestInvoicesModule" name="test_invoices_summary" time="0.064" /><testcase classname="backend.tests.test_comprehensive_erp_modules.TestInvoicesModule" name="test_invoices_list_with_pagination" time="0.058" /><testcase classname="backend.tests.test_comprehensive_erp_modules.TestInvoicesModule" name="test_invoices_filter_by_status" time="0.259" /><testcase classname="backend.tests.test_comprehensive_erp_modules.TestInvoicesModule" name="test_invoice_detail" time="0.119" /><testcase classname="backend.tests.test_comprehensive_erp_modules.TestInvoicesModule" name="test_invoice_pdf_generation" time="0.138" /><testcase classname="backend.tests.test_comprehensive_erp_modules.TestInvoicesModule" name="test_invoice_gst_calculation" time="0.057" /><testcase classname="backend.tests.test_comprehensive_erp_modules.TestPaymentsModule" name="test_payments_summary" time="0.062" /><testcase classname="backend.tests.test_comprehensive_erp_modules.TestPaymentsModule" name="test_payments_list" time="0.058" /><testcase classname="backend.tests.test_comprehensive_erp_modules.TestPaymentsModule" name="test_payment_detail" time="0.115" /><testcase classname="backend.tests.test_comprehensive_erp_modules.TestPaymentsModule" name="test_payment_modes" time="0.055" /><testcase classname="backend.tests.test_comprehensive_erp_modules.TestInventoryAdjustmentsModule" name="test_adjustments_summary" time="0.087" /><testcase classname="backend.tests.test_comprehensive_erp_modules.TestInventoryAdjustmentsModule" name="test_adjustments_list" time="0.287" /><testcase classname="backend.tests.test_comprehensive_erp_modules.TestInventoryAdjustmentsModule" name="test_adjustments_filter_by_status" time="0.177" /><testcase classname="backend.tests.test_comprehensive_erp_modules.TestInventoryAdjustmentsModule" name="test_adjustment_reasons" time="0.050" /><testcase classname="backend.tests.test_comprehensive_erp_modules.TestInventoryAdjustmentsModule" name="test_abc_classification_report" time="0.053" /><testcase classname="backend.tests.test_comprehensive_erp_modules.TestInventoryAdjustmentsModule" name="test_fifo_tracking_report" time="0.066" /><testcase classname="backend.tests.test_comprehensive_erp_modules.TestInventoryAdjustmentsModule" name="test_adjustment_summary_report" time="0.065" /><testcase classname="backend.tests.test_comprehensive_erp_modules.TestCrossModuleIntegration" name="test_quote_to_invoice_flow" time="0.051" /><testcase classname="backend.tests.test_comprehensive_erp_modules.TestCrossModuleIntegration" name="test_invoice_payment_linkage" time="0.055" /><testcase classname="backend.tests.test_comprehensive_erp_modules.TestCrossModuleIntegration" name="test_item_stock_tracking" time="0.075" /><testcase classname="backend.tests.test_comprehensive_erp_modules.TestCrossModuleIntegration" name="test_customer_outstanding_balance" time="0.130" /><testcase classname="backend.tests.test_comprehensive_erp_modules.TestDataIntegrity" name="test_negative_stock_handling" time="0.126" /><testcase classname="backend.tests.test_comprehensive_erp_modules.TestDataIntegrity" name="test_pagination_total_count" time="0.062" /><testcase classname="backend.tests.test_comprehensive_erp_modules.TestDataIntegrity" name="test_status_transitions" time="0.116" /></testsuite></testsuites>