<?xml version="1.0" encoding="utf-8"?><testsuites name="pytest tests"><testsuite name="pytest" errors="0" failures="6" skipped="0" tests="44" time="5.658" timestamp="2026-02-18T18:07:30.975342+00:00" hostname="agent-env-46c3046f-98ca-4d74-b56a-87cd3a1bd4f9"><testcase classname="backend.tests.test_comprehensive_erp_modules.TestItemsModule" name="test_items_summary" time="0.769" /><testcase classname="backend.tests.test_comprehensive_erp_modules.TestItemsModule" name="test_items_list_with_pagination" time="0.066"><failure message="AssertionError: assert 'total' in {'code': 0, 'items': [{'account_id': '1837096000000000486', 'account_name': 'Sales', 'barcode_type': 'CODE128', 'barcode_value': 'BC770C561665', ...}, {'account_id': '1837096000000000486', 'account_name': 'Sales', 'can_be_purchased': True, 'can_be_sold': True, ...}, {'account_id': '1837096000000000486', 'account_name': 'Sales', 'actual_available_stock': -1.0, 'available_stock': -1.0, ...}, {'account_id': '1837096000000000486', 'account_name': 'Sales', 'can_be_purchased': True, 'can_be_sold': True, ...}, {'account_id': '1837096000000000486', 'account_name': 'Sales', 'can_be_purchased': True, 'can_be_sold': True, ...}], 'page_context': {'page': 1, 'per_page': 5, 'total': 1398, 'total_pages': 280}}">backend/tests/test_comprehensive_erp_modules.py:56: in test_items_list_with_pagination
    assert "total" in data
E   AssertionError: assert 'total' in {'code': 0, 'items': [{'account_id': '1837096000000000486', 'account_name': 'Sales', 'barcode_type': 'CODE128', 'barcode_value': 'BC770C561665', ...}, {'account_id': '1837096000000000486', 'account_name': 'Sales', 'can_be_purchased': True, 'can_be_sold': True, ...}, {'account_id': '1837096000000000486', 'account_name': 'Sales', 'actual_available_stock': -1.0, 'available_stock': -1.0, ...}, {'account_id': '1837096000000000486', 'account_name': 'Sales', 'can_be_purchased': True, 'can_be_sold': True, ...}, {'account_id': '1837096000000000486', 'account_name': 'Sales', 'can_be_purchased': True, 'can_be_sold': True, ...}], 'page_context': {'page': 1, 'per_page': 5, 'total': 1398, 'total_pages': 280}}</failure></testcase><testcase classname="backend.tests.test_comprehensive_erp_modules.TestItemsModule" name="test_items_list_filter_by_type" time="0.083" /><testcase classname="backend.tests.test_comprehensive_erp_modules.TestItemsModule" name="test_items_search" time="0.073" /><testcase classname="backend.tests.test_comprehensive_erp_modules.TestItemsModule" name="test_price_lists" time="0.087" /><testcase classname="backend.tests.test_comprehensive_erp_modules.TestItemsModule" name="test_composite_items" time="0.069"><failure message="AssertionError: assert ('items' in {'code': 0, 'composite_items': [], 'page': 1, 'per_page': 50, ...} or False)&#10; +  where False = isinstance({'code': 0, 'composite_items': [], 'page': 1, 'per_page': 50, ...}, list)">backend/tests/test_comprehensive_erp_modules.py:93: in test_composite_items
    assert "items" in data or isinstance(data, list)
E   AssertionError: assert ('items' in {'code': 0, 'composite_items': [], 'page': 1, 'per_page': 50, ...} or False)
E    +  where False = isinstance({'code': 0, 'composite_items': [], 'page': 1, 'per_page': 50, ...}, list)</failure></testcase><testcase classname="backend.tests.test_comprehensive_erp_modules.TestItemsModule" name="test_item_categories" time="0.075"><failure message="assert 404 == 200&#10; +  where 404 = &lt;Response [404]&gt;.status_code">backend/tests/test_comprehensive_erp_modules.py:99: in test_item_categories
    assert response.status_code == 200
E   assert 404 == 200
E    +  where 404 = &lt;Response [404]&gt;.status_code</failure></testcase><testcase classname="backend.tests.test_comprehensive_erp_modules.TestItemsModule" name="test_create_item" time="0.080"><failure message="AssertionError: assert ('item_id' in {'code': 0, 'item': {'available_stock': 10.0, 'committed_stock': 0, 'created_time': '2026-02-18T18:07:32.405641+00:00', 'custom_fields': {}, ...}, 'message': 'Item created successfully'} or 'id' in {'code': 0, 'item': {'available_stock': 10.0, 'committed_stock': 0, 'created_time': '2026-02-18T18:07:32.405641+00:00', 'custom_fields': {}, ...}, 'message': 'Item created successfully'} or '_id' in {'code': 0, 'item': {'available_stock': 10.0, 'committed_stock': 0, 'created_time': '2026-02-18T18:07:32.405641+00:00', 'custom_fields': {}, ...}, 'message': 'Item created successfully'})">backend/tests/test_comprehensive_erp_modules.py:120: in test_create_item
    assert "item_id" in data or "id" in data or "_id" in data
E   AssertionError: assert ('item_id' in {'code': 0, 'item': {'available_stock': 10.0, 'committed_stock': 0, 'created_time': '2026-02-18T18:07:32.405641+00:00', 'custom_fields': {}, ...}, 'message': 'Item created successfully'} or 'id' in {'code': 0, 'item': {'available_stock': 10.0, 'committed_stock': 0, 'created_time': '2026-02-18T18:07:32.405641+00:00', 'custom_fields': {}, ...}, 'message': 'Item created successfully'} or '_id' in {'code': 0, 'item': {'available_stock': 10.0, 'committed_stock': 0, 'created_time': '2026-02-18T18:07:32.405641+00:00', 'custom_fields': {}, ...}, 'message': 'Item created successfully'})</failure></testcase><testcase classname="backend.tests.test_comprehensive_erp_modules.TestEstimatesModule" name="test_estimates_summary" time="0.074" /><testcase classname="backend.tests.test_comprehensive_erp_modules.TestEstimatesModule" name="test_estimates_list_with_pagination" time="0.066"><failure message="AssertionError: assert 'total' in {'code': 0, 'estimates': [{'adjustment': 0, 'adjustment_description': '', 'billing_address': None, 'converted_to': None, ...}, {'adjustment': 0, 'adjustment_description': '', 'billing_address': None, 'converted_to': None, ...}, {'accepted_date': '2026-02-18', 'accepted_via': 'public_link', 'adjustment': 0, 'adjustment_description': '', ...}, {'adjustment': 0, 'adjustment_description': '', 'billing_address': None, 'converted_to': None, ...}, {'accepted_date': '2026-02-18', 'accepted_via': 'public_link', 'adjustment': 0, 'adjustment_description': '', ...}], 'page_context': {'page': 1, 'per_page': 5, 'total': 74, 'total_pages': 15}}">backend/tests/test_comprehensive_erp_modules.py:145: in test_estimates_list_with_pagination
    assert "total" in data
E   AssertionError: assert 'total' in {'code': 0, 'estimates': [{'adjustment': 0, 'adjustment_description': '', 'billing_address': None, 'converted_to': None, ...}, {'adjustment': 0, 'adjustment_description': '', 'billing_address': None, 'converted_to': None, ...}, {'accepted_date': '2026-02-18', 'accepted_via': 'public_link', 'adjustment': 0, 'adjustment_description': '', ...}, {'adjustment': 0, 'adjustment_description': '', 'billing_address': None, 'converted_to': None, ...}, {'accepted_date': '2026-02-18', 'accepted_via': 'public_link', 'adjustment': 0, 'adjustment_description': '', ...}], 'page_context': {'page': 1, 'per_page': 5, 'total': 74, 'total_pages': 15}}</failure></testcase><testcase classname="backend.tests.test_comprehensive_erp_modules.TestEstimatesModule" name="test_estimates_filter_by_status" time="0.173" /><testcase classname="backend.tests.test_comprehensive_erp_modules.TestEstimatesModule" name="test_estimate_detail" time="0.119" /><testcase classname="backend.tests.test_comprehensive_erp_modules.TestEstimatesModule" name="test_estimate_public_link" time="0.121" /><testcase classname="backend.tests.test_comprehensive_erp_modules.TestEstimatesModule" name="test_estimate_pdf_generation" time="0.474" /><testcase classname="backend.tests.test_comprehensive_erp_modules.TestEstimatesModule" name="test_estimate_convert_to_invoice" time="0.158" /><testcase classname="backend.tests.test_comprehensive_erp_modules.TestCustomersModule" name="test_contacts_summary" time="0.080" /><testcase classname="backend.tests.test_comprehensive_erp_modules.TestCustomersModule" name="test_customers_list" time="0.130" /><testcase classname="backend.tests.test_comprehensive_erp_modules.TestCustomersModule" name="test_customer_detail" time="0.195" /><testcase classname="backend.tests.test_comprehensive_erp_modules.TestCustomersModule" name="test_customer_financial_profile" time="0.140" /><testcase classname="backend.tests.test_comprehensive_erp_modules.TestCustomersModule" name="test_customer_addresses" time="0.135" /><testcase classname="backend.tests.test_comprehensive_erp_modules.TestInvoicesModule" name="test_invoices_summary" time="0.066" /><testcase classname="backend.tests.test_comprehensive_erp_modules.TestInvoicesModule" name="test_invoices_list_with_pagination" time="0.066"><failure message="AssertionError: assert 'total' in {'code': 0, 'invoices': [{'adjustment': 0, 'adjustment_description': '', 'amount_paid': 0, 'attachment_names': [], ...}, {'adjustment': 0, 'adjustment_description': '', 'amount_paid': 590.0, 'attachment_names': [], ...}, {'amount_paid': 0, 'balance_due': 1180.0, 'created_at': '2026-02-18T16:27:38.750024+00:00', 'customer_email': 'pratik.dasgupta@shiplog.in', ...}, {'amount_paid': 0, 'balance_due': 11800.0, 'created_at': '2026-02-18T16:06:23.842472+00:00', 'customer_email': 'pratik.dasgupta@shiplog.in', ...}, {'adjustment': 0, 'adjustment_description': '', 'amount_paid': 5900.0, 'attachment_names': [], ...}], 'page_context': {'page': 1, 'per_page': 5, 'total': 53, 'total_pages': 11}}">backend/tests/test_comprehensive_erp_modules.py:282: in test_invoices_list_with_pagination
    assert "total" in data
E   AssertionError: assert 'total' in {'code': 0, 'invoices': [{'adjustment': 0, 'adjustment_description': '', 'amount_paid': 0, 'attachment_names': [], ...}, {'adjustment': 0, 'adjustment_description': '', 'amount_paid': 590.0, 'attachment_names': [], ...}, {'amount_paid': 0, 'balance_due': 1180.0, 'created_at': '2026-02-18T16:27:38.750024+00:00', 'customer_email': 'pratik.dasgupta@shiplog.in', ...}, {'amount_paid': 0, 'balance_due': 11800.0, 'created_at': '2026-02-18T16:06:23.842472+00:00', 'customer_email': 'pratik.dasgupta@shiplog.in', ...}, {'adjustment': 0, 'adjustment_description': '', 'amount_paid': 5900.0, 'attachment_names': [], ...}], 'page_context': {'page': 1, 'per_page': 5, 'total': 53, 'total_pages': 11}}</failure></testcase><testcase classname="backend.tests.test_comprehensive_erp_modules.TestInvoicesModule" name="test_invoices_filter_by_status" time="0.267" /><testcase classname="backend.tests.test_comprehensive_erp_modules.TestInvoicesModule" name="test_invoice_detail" time="0.125" /><testcase classname="backend.tests.test_comprehensive_erp_modules.TestInvoicesModule" name="test_invoice_pdf_generation" time="0.122" /><testcase classname="backend.tests.test_comprehensive_erp_modules.TestInvoicesModule" name="test_invoice_gst_calculation" time="0.061" /><testcase classname="backend.tests.test_comprehensive_erp_modules.TestPaymentsModule" name="test_payments_summary" time="0.060" /><testcase classname="backend.tests.test_comprehensive_erp_modules.TestPaymentsModule" name="test_payments_list" time="0.065" /><testcase classname="backend.tests.test_comprehensive_erp_modules.TestPaymentsModule" name="test_payment_detail" time="0.148" /><testcase classname="backend.tests.test_comprehensive_erp_modules.TestPaymentsModule" name="test_payment_modes" time="0.098" /><testcase classname="backend.tests.test_comprehensive_erp_modules.TestInventoryAdjustmentsModule" name="test_adjustments_summary" time="0.072" /><testcase classname="backend.tests.test_comprehensive_erp_modules.TestInventoryAdjustmentsModule" name="test_adjustments_list" time="0.056" /><testcase classname="backend.tests.test_comprehensive_erp_modules.TestInventoryAdjustmentsModule" name="test_adjustments_filter_by_status" time="0.190" /><testcase classname="backend.tests.test_comprehensive_erp_modules.TestInventoryAdjustmentsModule" name="test_adjustment_reasons" time="0.057" /><testcase classname="backend.tests.test_comprehensive_erp_modules.TestInventoryAdjustmentsModule" name="test_abc_classification_report" time="0.070" /><testcase classname="backend.tests.test_comprehensive_erp_modules.TestInventoryAdjustmentsModule" name="test_fifo_tracking_report" time="0.056" /><testcase classname="backend.tests.test_comprehensive_erp_modules.TestInventoryAdjustmentsModule" name="test_adjustment_summary_report" time="0.055" /><testcase classname="backend.tests.test_comprehensive_erp_modules.TestCrossModuleIntegration" name="test_quote_to_invoice_flow" time="0.061" /><testcase classname="backend.tests.test_comprehensive_erp_modules.TestCrossModuleIntegration" name="test_invoice_payment_linkage" time="0.049" /><testcase classname="backend.tests.test_comprehensive_erp_modules.TestCrossModuleIntegration" name="test_item_stock_tracking" time="0.059" /><testcase classname="backend.tests.test_comprehensive_erp_modules.TestCrossModuleIntegration" name="test_customer_outstanding_balance" time="0.136" /><testcase classname="backend.tests.test_comprehensive_erp_modules.TestDataIntegrity" name="test_negative_stock_handling" time="0.135" /><testcase classname="backend.tests.test_comprehensive_erp_modules.TestDataIntegrity" name="test_pagination_total_count" time="0.075" /><testcase classname="backend.tests.test_comprehensive_erp_modules.TestDataIntegrity" name="test_status_transitions" time="0.134" /></testsuite></testsuites>