<?xml version="1.0" encoding="utf-8"?><testsuites name="pytest tests"><testsuite name="pytest" errors="0" failures="0" skipped="0" tests="23" time="61.449" timestamp="2026-02-17T05:52:44.572070+00:00" hostname="agent-env-07bd5adb-4dfc-4538-b798-362e1fee9a25"><testcase classname="backend.tests.test_contact_integration.TestContactIntegrationModule" name="test_contact_search_all" time="30.906" /><testcase classname="backend.tests.test_contact_integration.TestContactIntegrationModule" name="test_contact_search_with_query" time="0.498" /><testcase classname="backend.tests.test_contact_integration.TestContactIntegrationModule" name="test_contact_search_by_type_customer" time="0.519" /><testcase classname="backend.tests.test_contact_integration.TestContactIntegrationModule" name="test_contact_search_by_type_vendor" time="0.399" /><testcase classname="backend.tests.test_contact_integration.TestContactIntegrationModule" name="test_contact_search_includes_source" time="0.527" /><testcase classname="backend.tests.test_contact_integration.TestContactIntegrationModule" name="test_get_contact_for_transaction" time="0.441" /><testcase classname="backend.tests.test_contact_integration.TestContactIntegrationModule" name="test_get_contact_for_transaction_not_found" time="0.418" /><testcase classname="backend.tests.test_contact_integration.TestContactIntegrationModule" name="test_get_contact_transactions" time="0.408" /><testcase classname="backend.tests.test_contact_integration.TestContactIntegrationModule" name="test_get_contact_transactions_filtered_by_type" time="0.368" /><testcase classname="backend.tests.test_contact_integration.TestContactIntegrationModule" name="test_get_contact_transactions_pagination" time="0.428" /><testcase classname="backend.tests.test_contact_integration.TestContactIntegrationModule" name="test_get_contact_balance_summary" time="0.472" /><testcase classname="backend.tests.test_contact_integration.TestContactIntegrationModule" name="test_invoices_with_contacts" time="0.510" /><testcase classname="backend.tests.test_contact_integration.TestContactIntegrationModule" name="test_bills_with_contacts" time="0.441" /><testcase classname="backend.tests.test_contact_integration.TestContactIntegrationModule" name="test_estimates_with_contacts" time="0.468" /><testcase classname="backend.tests.test_contact_integration.TestContactIntegrationModule" name="test_purchase_orders_with_contacts" time="0.463" /><testcase classname="backend.tests.test_contact_integration.TestContactIntegrationModule" name="test_migration_dry_run" time="0.553" /><testcase classname="backend.tests.test_contact_integration.TestContactIntegrationModule" name="test_link_transactions_dry_run" time="20.438" /><testcase classname="backend.tests.test_contact_integration.TestContactIntegrationModule" name="test_report_customers_by_revenue" time="0.531" /><testcase classname="backend.tests.test_contact_integration.TestContactIntegrationModule" name="test_report_vendors_by_expense" time="0.439" /><testcase classname="backend.tests.test_contact_integration.TestContactIntegrationModule" name="test_report_receivables_aging" time="0.523" /><testcase classname="backend.tests.test_contact_integration.TestContactIntegrationModule" name="test_report_payables_aging" time="0.461" /><testcase classname="backend.tests.test_contact_integration.TestContactIntegrationModule" name="test_invoices_filter_by_status" time="0.464" /><testcase classname="backend.tests.test_contact_integration.TestContactIntegrationModule" name="test_invoices_filter_by_customer" time="0.591" /></testsuite></testsuites>