<?xml version="1.0" encoding="utf-8"?><testsuites name="pytest tests"><testsuite name="pytest" errors="0" failures="0" skipped="0" tests="35" time="13.824" timestamp="2026-02-17T07:57:26.164673+00:00" hostname="agent-env-79a13b50-569b-4faa-a445-9889ba2cccf7"><testcase classname="backend.tests.test_contacts_invoices_enhanced.TestContactsEnhancedV2Summary" name="test_summary_returns_correct_counts" time="0.333" /><testcase classname="backend.tests.test_contacts_invoices_enhanced.TestContactsEnhancedV2Summary" name="test_summary_with_contact_type_filter" time="0.377" /><testcase classname="backend.tests.test_contacts_invoices_enhanced.TestContactsEnhancedV2List" name="test_list_all_contacts" time="0.206" /><testcase classname="backend.tests.test_contacts_invoices_enhanced.TestContactsEnhancedV2List" name="test_list_filter_by_customer_type" time="0.157" /><testcase classname="backend.tests.test_contacts_invoices_enhanced.TestContactsEnhancedV2List" name="test_list_filter_by_vendor_type" time="0.138" /><testcase classname="backend.tests.test_contacts_invoices_enhanced.TestContactsEnhancedV2List" name="test_list_with_search" time="0.131" /><testcase classname="backend.tests.test_contacts_invoices_enhanced.TestContactsEnhancedV2List" name="test_list_pagination" time="0.200" /><testcase classname="backend.tests.test_contacts_invoices_enhanced.TestContactsEnhancedV2CRUD" name="test_create_customer_contact" time="0.543" /><testcase classname="backend.tests.test_contacts_invoices_enhanced.TestContactsEnhancedV2CRUD" name="test_create_vendor_contact" time="0.250" /><testcase classname="backend.tests.test_contacts_invoices_enhanced.TestContactsEnhancedV2CRUD" name="test_create_both_type_contact" time="0.299" /><testcase classname="backend.tests.test_contacts_invoices_enhanced.TestContactsEnhancedV2Detail" name="test_contact_detail_returns_persons_addresses_balance_aging" time="0.407" /><testcase classname="backend.tests.test_contacts_invoices_enhanced.TestContactsEnhancedV2Detail" name="test_contact_detail_not_found" time="0.117" /><testcase classname="backend.tests.test_contacts_invoices_enhanced.TestContactsEnhancedV2Portal" name="test_enable_portal" time="0.641" /><testcase classname="backend.tests.test_contacts_invoices_enhanced.TestContactsEnhancedV2Portal" name="test_disable_portal" time="0.711" /><testcase classname="backend.tests.test_contacts_invoices_enhanced.TestContactsEnhancedV2Statement" name="test_email_statement" time="0.344" /><testcase classname="backend.tests.test_contacts_invoices_enhanced.TestInvoicesEnhancedSummary" name="test_summary_returns_statistics" time="0.126" /><testcase classname="backend.tests.test_contacts_invoices_enhanced.TestInvoicesEnhancedSummary" name="test_summary_with_period_filter" time="0.157" /><testcase classname="backend.tests.test_contacts_invoices_enhanced.TestInvoicesEnhancedCRUD" name="test_create_invoice_with_line_items" time="0.687" /><testcase classname="backend.tests.test_contacts_invoices_enhanced.TestInvoicesEnhancedCRUD" name="test_list_invoices" time="0.547" /><testcase classname="backend.tests.test_contacts_invoices_enhanced.TestInvoicesEnhancedCRUD" name="test_list_invoices_with_filters" time="0.473" /><testcase classname="backend.tests.test_contacts_invoices_enhanced.TestInvoicesEnhancedPayments" name="test_record_payment" time="1.180" /><testcase classname="backend.tests.test_contacts_invoices_enhanced.TestInvoicesEnhancedPayments" name="test_record_full_payment" time="0.952" /><testcase classname="backend.tests.test_contacts_invoices_enhanced.TestInvoicesEnhancedStatusTransitions" name="test_draft_to_sent" time="0.902" /><testcase classname="backend.tests.test_contacts_invoices_enhanced.TestInvoicesEnhancedStatusTransitions" name="test_send_invoice_email" time="0.615" /><testcase classname="backend.tests.test_contacts_invoices_enhanced.TestInvoicesEnhancedClone" name="test_clone_invoice" time="0.776" /><testcase classname="backend.tests.test_contacts_invoices_enhanced.TestInvoicesEnhancedVoid" name="test_void_invoice" time="0.888" /><testcase classname="backend.tests.test_contacts_invoices_enhanced.TestInvoicesEnhancedReports" name="test_aging_report" time="0.116" /><testcase classname="backend.tests.test_contacts_invoices_enhanced.TestInvoicesEnhancedReports" name="test_customer_wise_report" time="0.136" /><testcase classname="backend.tests.test_contacts_invoices_enhanced.TestInvoicesEnhancedReports" name="test_monthly_report" time="0.106" /><testcase classname="backend.tests.test_contacts_invoices_enhanced.TestContactsEnhancedV2Tags" name="test_list_tags" time="0.173" /><testcase classname="backend.tests.test_contacts_invoices_enhanced.TestContactsEnhancedV2Tags" name="test_create_tag" time="0.528" /><testcase classname="backend.tests.test_contacts_invoices_enhanced.TestContactsEnhancedV2States" name="test_get_indian_states" time="0.110" /><testcase classname="backend.tests.test_contacts_invoices_enhanced.TestContactsEnhancedV2GSTINValidation" name="test_validate_valid_gstin" time="0.105" /><testcase classname="backend.tests.test_contacts_invoices_enhanced.TestContactsEnhancedV2GSTINValidation" name="test_validate_invalid_gstin" time="0.125" /><testcase classname="backend.tests.test_contacts_invoices_enhanced.TestNavigationRedirect" name="test_customers_enhanced_redirect" time="0.000" /></testsuite></testsuites>