<?xml version="1.0" encoding="utf-8"?><testsuites name="pytest tests"><testsuite name="pytest" errors="0" failures="0" skipped="9" tests="20" time="3.553" timestamp="2026-02-19T17:30:53.067941+00:00" hostname="agent-env-f3f71ec6-f4cf-48e3-972d-2975d6a1578f"><testcase classname="backend.tests.test_convert_invoice_stock_transfers.TestConvertEstimateToInvoice" name="test_convert_approved_estimate_to_invoice" time="1.171" /><testcase classname="backend.tests.test_convert_invoice_stock_transfers.TestConvertEstimateToInvoice" name="test_cannot_convert_draft_estimate" time="0.243" /><testcase classname="backend.tests.test_convert_invoice_stock_transfers.TestConvertEstimateToInvoice" name="test_cannot_convert_same_estimate_twice" time="0.161" /><testcase classname="backend.tests.test_convert_invoice_stock_transfers.TestConvertEstimateToInvoice" name="test_convert_nonexistent_estimate" time="0.079" /><testcase classname="backend.tests.test_convert_invoice_stock_transfers.TestStockTransfersCreate" name="test_create_stock_transfer" time="0.314" /><testcase classname="backend.tests.test_convert_invoice_stock_transfers.TestStockTransfersCreate" name="test_cannot_transfer_to_same_warehouse" time="0.091" /><testcase classname="backend.tests.test_convert_invoice_stock_transfers.TestStockTransfersCreate" name="test_cannot_transfer_insufficient_stock" time="0.074" /><testcase classname="backend.tests.test_convert_invoice_stock_transfers.TestStockTransfersWorkflow" name="test_ship_transfer" time="0.096"><skipped type="pytest.skip" message="Could not create transfer: 400 - {&quot;detail&quot;:&quot;Insufficient stock for 1837096000001141394. Available: 0&quot;}">/app/backend/tests/test_convert_invoice_stock_transfers.py:498: Could not create transfer: 400 - {"detail":"Insufficient stock for 1837096000001141394. Available: 0"}</skipped></testcase><testcase classname="backend.tests.test_convert_invoice_stock_transfers.TestStockTransfersWorkflow" name="test_cannot_ship_non_draft_transfer" time="0.082"><skipped type="pytest.skip" message="Could not create transfer: 400 - {&quot;detail&quot;:&quot;Insufficient stock for 1837096000001141394. Available: 0&quot;}">/app/backend/tests/test_convert_invoice_stock_transfers.py:516: Could not create transfer: 400 - {"detail":"Insufficient stock for 1837096000001141394. Available: 0"}</skipped></testcase><testcase classname="backend.tests.test_convert_invoice_stock_transfers.TestStockTransfersWorkflow" name="test_receive_transfer" time="0.070"><skipped type="pytest.skip" message="Could not create transfer: 400 - {&quot;detail&quot;:&quot;Insufficient stock for 1837096000001141394. Available: 0&quot;}">/app/backend/tests/test_convert_invoice_stock_transfers.py:531: Could not create transfer: 400 - {"detail":"Insufficient stock for 1837096000001141394. Available: 0"}</skipped></testcase><testcase classname="backend.tests.test_convert_invoice_stock_transfers.TestStockTransfersWorkflow" name="test_cannot_receive_non_transit_transfer" time="0.075"><skipped type="pytest.skip" message="Could not create transfer: 400 - {&quot;detail&quot;:&quot;Insufficient stock for 1837096000001141394. Available: 0&quot;}">/app/backend/tests/test_convert_invoice_stock_transfers.py:561: Could not create transfer: 400 - {"detail":"Insufficient stock for 1837096000001141394. Available: 0"}</skipped></testcase><testcase classname="backend.tests.test_convert_invoice_stock_transfers.TestStockTransfersVoid" name="test_void_draft_transfer" time="0.070"><skipped type="pytest.skip" message="Could not create transfer">/app/backend/tests/test_convert_invoice_stock_transfers.py:626: Could not create transfer</skipped></testcase><testcase classname="backend.tests.test_convert_invoice_stock_transfers.TestStockTransfersVoid" name="test_void_in_transit_transfer_returns_stock" time="0.068"><skipped type="pytest.skip" message="Could not create transfer">/app/backend/tests/test_convert_invoice_stock_transfers.py:649: Could not create transfer</skipped></testcase><testcase classname="backend.tests.test_convert_invoice_stock_transfers.TestStockTransfersVoid" name="test_void_received_transfer_reverses_both" time="0.061"><skipped type="pytest.skip" message="Could not create transfer">/app/backend/tests/test_convert_invoice_stock_transfers.py:676: Could not create transfer</skipped></testcase><testcase classname="backend.tests.test_convert_invoice_stock_transfers.TestStockTransfersVoid" name="test_cannot_void_already_voided" time="0.089"><skipped type="pytest.skip" message="Could not create transfer">/app/backend/tests/test_convert_invoice_stock_transfers.py:703: Could not create transfer</skipped></testcase><testcase classname="backend.tests.test_convert_invoice_stock_transfers.TestStockTransfersStats" name="test_get_stats_summary" time="0.079" /><testcase classname="backend.tests.test_convert_invoice_stock_transfers.TestStockTransfersStats" name="test_get_stats_with_org_filter" time="0.074" /><testcase classname="backend.tests.test_convert_invoice_stock_transfers.TestStockTransfersList" name="test_list_transfers" time="0.116" /><testcase classname="backend.tests.test_convert_invoice_stock_transfers.TestStockTransfersList" name="test_list_transfers_by_status" time="0.344" /><testcase classname="backend.tests.test_convert_invoice_stock_transfers.TestStockTransfersList" name="test_get_single_transfer" time="0.071"><skipped type="pytest.skip" message="Could not create test transfer">/app/backend/tests/test_convert_invoice_stock_transfers.py:812: Could not create test transfer</skipped></testcase></testsuite></testsuites>