<?xml version="1.0" encoding="utf-8"?><testsuites name="pytest tests"><testsuite name="pytest" errors="0" failures="0" skipped="1" tests="16" time="2.445" timestamp="2026-02-25T04:58:30.153467+00:00" hostname="agent-env-d109e8b9-794e-4dcb-8294-cbf9b4c60255"><testcase classname="backend.tests.test_credit_notes_p1.TestCreditNoteValidations" name="test_reject_cn_against_draft_invoice" time="0.758" /><testcase classname="backend.tests.test_credit_notes_p1.TestCreditNoteValidations" name="test_reject_cn_exceeding_invoice_total" time="0.054" /><testcase classname="backend.tests.test_credit_notes_p1.TestCreditNoteValidations" name="test_reject_cn_exceeding_remaining_creditable" time="0.105" /><testcase classname="backend.tests.test_credit_notes_p1.TestCreditNoteCreation" name="test_create_cn_against_outstanding_invoice" time="0.161" /><testcase classname="backend.tests.test_credit_notes_p1.TestCreditNoteCreation" name="test_create_cn_against_paid_invoice" time="0.049"><skipped type="pytest.skip" message="Insufficient remaining amount (0.0)">/app/backend/tests/test_credit_notes_p1.py:216: Insufficient remaining amount (0.0)</skipped></testcase><testcase classname="backend.tests.test_credit_notes_p1.TestCreditNoteRetrieval" name="test_list_credit_notes" time="0.056" /><testcase classname="backend.tests.test_credit_notes_p1.TestCreditNoteRetrieval" name="test_list_credit_notes_by_invoice" time="0.057" /><testcase classname="backend.tests.test_credit_notes_p1.TestCreditNoteRetrieval" name="test_get_single_credit_note" time="0.104" /><testcase classname="backend.tests.test_credit_notes_p1.TestCreditNoteRetrieval" name="test_get_nonexistent_credit_note" time="0.049" /><testcase classname="backend.tests.test_credit_notes_p1.TestCreditNotePDF" name="test_download_pdf" time="0.267" /><testcase classname="backend.tests.test_credit_notes_p1.TestTrialBalanceAfterCN" name="test_trial_balance_is_balanced" time="0.057" /><testcase classname="backend.tests.test_credit_notes_p1.TestCreditNoteRBAC" name="test_technician_blocked_from_credit_notes_list" time="0.405" /><testcase classname="backend.tests.test_credit_notes_p1.TestCreditNoteRBAC" name="test_technician_blocked_from_credit_notes_create" time="0.062" /><testcase classname="backend.tests.test_credit_notes_p1.TestJournalIdempotency" name="test_idempotent_journal_for_same_cn" time="0.055" /><testcase classname="backend.tests.test_credit_notes_p1.TestGSTTreatment" name="test_gst_breakdown_in_credit_note" time="0.054" /><testcase classname="backend.tests.test_credit_notes_p1.TestSequenceNumbers" name="test_cn_number_format" time="0.055" /></testsuite></testsuites>