<?xml version="1.0" encoding="utf-8"?><testsuites name="pytest tests"><testsuite name="pytest" errors="0" failures="0" skipped="0" tests="16" time="7.882" timestamp="2026-03-13T12:24:36.074623+00:00" hostname="agent-env-d5932424-0793-48d7-922d-812318ffb913"><testcase classname="tests.test_customer_portal_invoice_pdf.TestCustomerPortalAuth" name="test_portal_login_with_valid_token" time="1.419" /><testcase classname="tests.test_customer_portal_invoice_pdf.TestCustomerPortalAuth" name="test_portal_endpoints_return_401_without_header" time="1.097" /><testcase classname="tests.test_customer_portal_invoice_pdf.TestCustomerPortalEndpoints" name="test_get_session_info" time="0.208" /><testcase classname="tests.test_customer_portal_invoice_pdf.TestCustomerPortalEndpoints" name="test_get_dashboard" time="0.244" /><testcase classname="tests.test_customer_portal_invoice_pdf.TestCustomerPortalEndpoints" name="test_get_tickets_no_sensitive_fields" time="0.293" /><testcase classname="tests.test_customer_portal_invoice_pdf.TestCustomerPortalEndpoints" name="test_get_invoices" time="0.230" /><testcase classname="tests.test_customer_portal_invoice_pdf.TestCustomerPortalEndpoints" name="test_get_estimates" time="0.222" /><testcase classname="tests.test_customer_portal_invoice_pdf.TestCustomerPortalEndpoints" name="test_get_payments" time="0.351" /><testcase classname="tests.test_customer_portal_invoice_pdf.TestCustomerPortalEndpoints" name="test_get_statement" time="0.206" /><testcase classname="tests.test_customer_portal_invoice_pdf.TestCustomerPortalEndpoints" name="test_get_profile" time="0.207" /><testcase classname="tests.test_customer_portal_invoice_pdf.TestCustomerPortalEndpoints" name="test_get_vehicles" time="0.224" /><testcase classname="tests.test_customer_portal_invoice_pdf.TestCustomerPortalEndpoints" name="test_get_documents" time="0.220" /><testcase classname="tests.test_customer_portal_invoice_pdf.TestInvoicePDFContent" name="test_invoice_pdf_returns_200_with_content_type" time="0.737" /><testcase classname="tests.test_customer_portal_invoice_pdf.TestInvoicePDFContent" name="test_invoice_pdf_size_not_blank" time="0.358" /><testcase classname="tests.test_customer_portal_invoice_pdf.TestInvoicePDFContent" name="test_invoice_pdf_contains_gst_elements" time="0.416" /><testcase classname="tests.test_customer_portal_invoice_pdf.TestInvoicePDFTaxBreakdown" name="test_invoice_data_has_cgst_sgst_breakdown" time="1.397" /></testsuite></testsuites>