<?xml version="1.0" encoding="utf-8"?><testsuites name="pytest tests"><testsuite name="pytest" errors="0" failures="0" skipped="0" tests="19" time="8.282" timestamp="2026-02-16T12:55:37.894031+00:00" hostname="agent-env-d6700034-fcf7-47ab-bfe1-56937a22ada4"><testcase classname="backend.tests.test_customer_portal.TestCustomerAuth" name="test_customer_login_success" time="0.388" /><testcase classname="backend.tests.test_customer_portal.TestCustomerAuth" name="test_admin_login_success" time="0.347" /><testcase classname="backend.tests.test_customer_portal.TestCustomerAuth" name="test_invalid_login" time="0.125" /><testcase classname="backend.tests.test_customer_portal.TestCustomerDashboard" name="test_get_dashboard" time="0.465" /><testcase classname="backend.tests.test_customer_portal.TestCustomerDashboard" name="test_dashboard_requires_auth" time="0.487" /><testcase classname="backend.tests.test_customer_portal.TestCustomerVehicles" name="test_get_vehicles" time="0.443" /><testcase classname="backend.tests.test_customer_portal.TestCustomerVehicles" name="test_vehicles_requires_auth" time="0.481" /><testcase classname="backend.tests.test_customer_portal.TestCustomerServiceHistory" name="test_get_service_history" time="0.473" /><testcase classname="backend.tests.test_customer_portal.TestCustomerServiceHistory" name="test_service_history_with_status_filter" time="0.432" /><testcase classname="backend.tests.test_customer_portal.TestCustomerServiceHistory" name="test_service_history_with_limit" time="0.465" /><testcase classname="backend.tests.test_customer_portal.TestCustomerInvoices" name="test_get_invoices" time="0.434" /><testcase classname="backend.tests.test_customer_portal.TestCustomerPaymentsDue" name="test_get_payments_due" time="0.436" /><testcase classname="backend.tests.test_customer_portal.TestCustomerAMC" name="test_get_amc_subscriptions" time="0.458" /><testcase classname="backend.tests.test_customer_portal.TestCustomerAMC" name="test_get_available_amc_plans" time="0.486" /><testcase classname="backend.tests.test_customer_portal.TestAdminAMCManagement" name="test_admin_get_amc_plans" time="0.433" /><testcase classname="backend.tests.test_customer_portal.TestAdminAMCManagement" name="test_admin_get_amc_subscriptions" time="0.480" /><testcase classname="backend.tests.test_customer_portal.TestAdminAMCManagement" name="test_admin_get_amc_analytics" time="0.439" /><testcase classname="backend.tests.test_customer_portal.TestRoleBasedAccess" name="test_customer_cannot_access_admin_amc_routes" time="0.457" /><testcase classname="backend.tests.test_customer_portal.TestRoleBasedAccess" name="test_admin_can_access_customer_portal" time="0.494" /></testsuite></testsuites>