<?xml version="1.0" encoding="utf-8"?><testsuites name="pytest tests"><testsuite name="pytest" errors="0" failures="0" skipped="0" tests="15" time="2.794" timestamp="2026-02-21T06:43:56.608789+00:00" hostname="agent-env-6abaf165-b0c6-4edc-a325-672541e210a7"><testcase classname="tests.test_data_consistency_audit.TestOrganizationContext" name="test_org_endpoint_returns_org_info" time="0.625" /><testcase classname="tests.test_data_consistency_audit.TestOrganizationContext" name="test_org_endpoint_for_technician" time="0.466" /><testcase classname="tests.test_data_consistency_audit.TestFinancialSummaryWithOrgId" name="test_summary_with_org_returns_data" time="0.134" /><testcase classname="tests.test_data_consistency_audit.TestFinancialSummaryWithOrgId" name="test_summary_has_correct_structure" time="0.144" /><testcase classname="tests.test_data_consistency_audit.TestFinancialSummaryWithoutOrgId" name="test_summary_without_org_returns_empty" time="0.109" /><testcase classname="tests.test_data_consistency_audit.TestCashFlowWithOrgId" name="test_cash_flow_returns_monthly_data" time="0.138" /><testcase classname="tests.test_data_consistency_audit.TestCashFlowWithOrgId" name="test_cash_flow_without_org_returns_empty" time="0.136" /><testcase classname="tests.test_data_consistency_audit.TestIncomeExpenseWithOrgId" name="test_income_expense_returns_data" time="0.139" /><testcase classname="tests.test_data_consistency_audit.TestTopExpensesWithOrgId" name="test_top_expenses_returns_categories" time="0.119" /><testcase classname="tests.test_data_consistency_audit.TestProjectsWatchlistWithOrgId" name="test_projects_returns_tickets" time="0.112" /><testcase classname="tests.test_data_consistency_audit.TestQuickStatsWithOrgId" name="test_quick_stats_returns_counts" time="0.111" /><testcase classname="tests.test_data_consistency_audit.TestTicketsWithOrgId" name="test_tickets_filtered_by_org" time="0.110" /><testcase classname="tests.test_data_consistency_audit.TestTicketsWithOrgId" name="test_technician_sees_tickets" time="0.118" /><testcase classname="tests.test_data_consistency_audit.TestBankAccountsWithOrgId" name="test_bank_accounts_returns_data" time="0.108" /><testcase classname="tests.test_data_consistency_audit.TestTicketCreationWithOrgId" name="test_create_ticket_has_org_id" time="0.130" /></testsuite></testsuites>