<?xml version="1.0" encoding="utf-8"?><testsuites name="pytest tests"><testsuite name="pytest" errors="0" failures="0" skipped="0" tests="14" time="5.773" timestamp="2026-02-19T12:36:03.182438+00:00" hostname="agent-env-7df0e5f5-2347-4e8b-a6d7-0eb3fd56fc0e"><testcase classname="backend.tests.test_data_management.TestDataCounts" name="test_get_data_counts_success" time="0.524" /><testcase classname="backend.tests.test_data_management.TestDataCounts" name="test_get_data_counts_requires_org_id" time="0.101" /><testcase classname="backend.tests.test_data_management.TestZohoConnection" name="test_test_connection_success" time="1.857" /><testcase classname="backend.tests.test_data_management.TestZohoConnection" name="test_get_sync_status" time="0.156" /><testcase classname="backend.tests.test_data_management.TestSanitization" name="test_sanitization_audit_mode" time="0.599" /><testcase classname="backend.tests.test_data_management.TestSanitization" name="test_sanitization_invalid_mode" time="0.108" /><testcase classname="backend.tests.test_data_management.TestFullSync" name="test_full_sync_starts_background_job" time="0.107" /><testcase classname="backend.tests.test_data_management.TestCleanupOperations" name="test_fix_negative_stock" time="0.118" /><testcase classname="backend.tests.test_data_management.TestCleanupOperations" name="test_cleanup_orphaned_records" time="0.159" /><testcase classname="backend.tests.test_data_management.TestSyncModule" name="test_sync_single_module" time="1.278" /><testcase classname="backend.tests.test_data_management.TestValidation" name="test_validate_integrity" time="0.194" /><testcase classname="backend.tests.test_data_management.TestValidation" name="test_validate_completeness" time="0.128" /><testcase classname="backend.tests.test_data_management.TestSanitizationHistory" name="test_get_sanitization_history" time="0.213" /><testcase classname="backend.tests.test_data_management.TestSanitizationHistory" name="test_get_sync_history" time="0.103" /></testsuite></testsuites>