<?xml version="1.0" encoding="utf-8"?><testsuites name="pytest tests"><testsuite name="pytest" errors="0" failures="0" skipped="0" tests="14" time="3.462" timestamp="2026-02-19T13:13:40.580346+00:00" hostname="agent-env-835f1dee-5702-4936-b596-798957dd5bad"><testcase classname="tests.test_deployment_ready.TestLoginAPI" name="test_login_success" time="0.445" /><testcase classname="tests.test_deployment_ready.TestLoginAPI" name="test_login_invalid_credentials" time="0.116" /><testcase classname="tests.test_deployment_ready.TestContactsEnhancedAPI" name="test_get_contacts_returns_337_contacts" time="0.841" /><testcase classname="tests.test_deployment_ready.TestContactsEnhancedAPI" name="test_contacts_have_required_fields" time="0.192" /><testcase classname="tests.test_deployment_ready.TestInvoicesEnhancedAPI" name="test_get_invoices_returns_8000_plus" time="0.135" /><testcase classname="tests.test_deployment_ready.TestInvoicesEnhancedAPI" name="test_invoices_have_amounts" time="0.154" /><testcase classname="tests.test_deployment_ready.TestEstimatesEnhancedAPI" name="test_get_estimates_returns_3400_plus" time="0.149" /><testcase classname="tests.test_deployment_ready.TestDataManagementAPI" name="test_data_counts" time="0.158" /><testcase classname="tests.test_deployment_ready.TestDataManagementAPI" name="test_sync_status_shows_synced" time="0.141" /><testcase classname="tests.test_deployment_ready.TestItemsEnhancedAPI" name="test_get_items_returns_1300_plus" time="0.135" /><testcase classname="tests.test_deployment_ready.TestItemsEnhancedAPI" name="test_items_have_required_fields" time="0.109" /><testcase classname="tests.test_deployment_ready.TestTicketsAPI" name="test_get_tickets" time="0.485" /><testcase classname="tests.test_deployment_ready.TestInvoiceSummary" name="test_invoices_summary" time="0.166" /><testcase classname="tests.test_deployment_ready.TestEstimatesSummary" name="test_estimates_summary" time="0.154" /></testsuite></testsuites>