<?xml version="1.0" encoding="utf-8"?><testsuites name="pytest tests"><testsuite name="pytest" errors="3" failures="2" skipped="0" tests="22" time="7.085" timestamp="2026-02-16T08:25:19.491481+00:00" hostname="agent-env-3018ed70-0672-4b8e-a27d-a5177a13ff97"><testcase classname="tests.test_efi_module.TestEFIModuleAuth" name="test_admin_login_success" time="0.403" /><testcase classname="tests.test_efi_module.TestFailureCardCRUD" name="test_create_failure_card_with_event_emission" time="0.423" /><testcase classname="tests.test_efi_module.TestFailureCardCRUD" name="test_list_failure_cards" time="0.194" /><testcase classname="tests.test_efi_module.TestFailureCardCRUD" name="test_list_failure_cards_with_filters" time="0.199" /><testcase classname="tests.test_efi_module.TestFailureCardCRUD" name="test_get_single_failure_card" time="0.218" /><testcase classname="tests.test_efi_module.TestFailureCardCRUD" name="test_get_nonexistent_failure_card" time="0.098" /><testcase classname="tests.test_efi_module.TestFailureCardCRUD" name="test_update_failure_card" time="0.103" /><testcase classname="tests.test_efi_module.TestFailureCardCRUD" name="test_get_confidence_history" time="0.097" /><testcase classname="tests.test_efi_module.TestAIMatchingPipeline" name="test_match_failure_basic" time="0.432" /><testcase classname="tests.test_efi_module.TestAIMatchingPipeline" name="test_match_failure_with_subsystem_hint" time="0.108" /><testcase classname="tests.test_efi_module.TestAIMatchingPipeline" name="test_match_failure_empty_results" time="0.128" /><testcase classname="tests.test_efi_module.TestMatchTicketToFailures" name="test_match_ticket_to_failures" time="0.563" /><testcase classname="tests.test_efi_module.TestMatchTicketToFailures" name="test_match_nonexistent_ticket" time="0.102" /><testcase classname="tests.test_efi_module.TestMatchTicketToFailures" name="test_get_ticket_matches" time="0.237" /><testcase classname="tests.test_efi_module.TestEFIAnalytics" name="test_get_analytics_overview" time="0.489"><failure message="AssertionError: assert 'by_status' in {'approved_cards': 63, 'by_source_type': [{'_id': 'legacy_import', 'count': 63}, {'_id': 'field_discovery', 'count': 3}, {'_id': None, 'count': 1}], 'by_subsystem': [{'_id': 'wiring', 'count': 23}, {'_id': 'controller', 'count': 21}, {'_id': 'mechanical', 'count': 20}, {'_id': 'battery', 'count': 1}, {'_id': 'bms', 'count': 1}, {'_id': 'motor', 'count': 1}], 'draft_cards': 4, ...}">tests/test_efi_module.py:500: in test_get_analytics_overview
    assert "by_status" in data
E   AssertionError: assert 'by_status' in {'approved_cards': 63, 'by_source_type': [{'_id': 'legacy_import', 'count': 63}, {'_id': 'field_discovery', 'count': 3}, {'_id': None, 'count': 1}], 'by_subsystem': [{'_id': 'wiring', 'count': 23}, {'_id': 'controller', 'count': 21}, {'_id': 'mechanical', 'count': 20}, {'_id': 'battery', 'count': 1}, {'_id': 'bms', 'count': 1}, {'_id': 'motor', 'count': 1}], 'draft_cards': 4, ...}</failure></testcase><testcase classname="tests.test_efi_module.TestEFIAnalytics" name="test_get_effectiveness_report" time="0.153" /><testcase classname="tests.test_efi_module.TestFailureCardApproval" name="test_approve_failure_card" time="0.418"><error message="failed on setup with &quot;assert 422 == 200&#10; +  where 422 = &lt;Response [422]&gt;.status_code&quot;">tests/test_efi_module.py:569: in draft_card_id
    assert response.status_code == 200
E   assert 422 == 200
E    +  where 422 = &lt;Response [422]&gt;.status_code</error></testcase><testcase classname="tests.test_efi_module.TestFailureCardApproval" name="test_approve_already_approved_card" time="0.000"><error message="failed on setup with &quot;assert 422 == 200&#10; +  where 422 = &lt;Response [422]&gt;.status_code&quot;">tests/test_efi_module.py:569: in draft_card_id
    assert response.status_code == 200
E   assert 422 == 200
E    +  where 422 = &lt;Response [422]&gt;.status_code</error></testcase><testcase classname="tests.test_efi_module.TestFailureCardDeprecation" name="test_deprecate_failure_card" time="0.423"><error message="failed on setup with &quot;assert 422 == 200&#10; +  where 422 = &lt;Response [422]&gt;.status_code&quot;">tests/test_efi_module.py:652: in card_to_deprecate
    assert response.status_code == 200
E   assert 422 == 200
E    +  where 422 = &lt;Response [422]&gt;.status_code</error></testcase><testcase classname="tests.test_efi_module.TestEventIntegration" name="test_ticket_creation_triggers_ai_matching" time="1.071" /><testcase classname="tests.test_efi_module.TestEventIntegration" name="test_full_ticket_lifecycle_with_efi" time="0.518"><failure message="assert 422 == 200&#10; +  where 422 = &lt;Response [422]&gt;.status_code">tests/test_efi_module.py:798: in test_full_ticket_lifecycle_with_efi
    assert close_response.status_code == 200
E   assert 422 == 200
E    +  where 422 = &lt;Response [422]&gt;.status_code</failure></testcase><testcase classname="tests.test_efi_module.TestCleanup" name="test_cleanup_verification" time="0.550" /></testsuite></testsuites>