<?xml version="1.0" encoding="utf-8"?><testsuites name="pytest tests"><testsuite name="pytest" errors="0" failures="2" skipped="0" tests="21" time="5.957" timestamp="2026-02-16T09:43:08.703411+00:00" hostname="agent-env-db7d40e1-a6fb-47b3-bb7d-cb70549308db"><testcase classname="backend.tests.test_efi_search_embeddings.TestEmbeddingEndpoints" name="test_get_embedding_status" time="0.562" /><testcase classname="backend.tests.test_efi_search_embeddings.TestEmbeddingEndpoints" name="test_generate_embeddings_disabled" time="0.117" /><testcase classname="backend.tests.test_efi_search_embeddings.TestAIMatchingPipeline" name="test_match_with_symptom_text_and_error_codes" time="0.447" /><testcase classname="backend.tests.test_efi_search_embeddings.TestAIMatchingPipeline" name="test_match_with_subsystem_hint" time="0.143" /><testcase classname="backend.tests.test_efi_search_embeddings.TestAIMatchingPipeline" name="test_match_with_vehicle_info" time="0.739" /><testcase classname="backend.tests.test_efi_search_embeddings.TestAIMatchingPipeline" name="test_match_with_temperature_and_load_conditions" time="0.099" /><testcase classname="backend.tests.test_efi_search_embeddings.TestAIMatchingPipeline" name="test_match_stages_fallback" time="0.108" /><testcase classname="backend.tests.test_efi_search_embeddings.TestAIMatchingPipeline" name="test_match_empty_results_for_random_text" time="0.158" /><testcase classname="backend.tests.test_efi_search_embeddings.TestHybridSearchBM25" name="test_hybrid_search_uses_text_search" time="0.436" /><testcase classname="backend.tests.test_efi_search_embeddings.TestHybridSearchBM25" name="test_error_code_matching_boost" time="0.198" /><testcase classname="backend.tests.test_efi_search_embeddings.TestHybridSearchBM25" name="test_keyword_expansion_ev_synonyms" time="0.097" /><testcase classname="backend.tests.test_efi_search_embeddings.TestFailureCardCRUDExtended" name="test_create_failure_card_full" time="0.459"><failure message="assert 422 == 200&#10; +  where 422 = &lt;Response [422]&gt;.status_code">backend/tests/test_efi_search_embeddings.py:512: in test_create_failure_card_full
    assert response.status_code == 200
E   assert 422 == 200
E    +  where 422 = &lt;Response [422]&gt;.status_code</failure></testcase><testcase classname="backend.tests.test_efi_search_embeddings.TestFailureCardCRUDExtended" name="test_list_failure_cards_pagination" time="0.215"><failure message="AssertionError: Pagination should return different items&#10;assert False&#10; +  where False = &lt;built-in method isdisjoint of set object at 0xfe53f2e14200&gt;({'fc_00872536cf06', 'fc_12b81fa8ccc9', 'fc_1488940202e2', 'fc_332b92dee6b2', 'fc_7cb1cab2a407'})&#10; +    where &lt;built-in method isdisjoint of set object at 0xfe53f2e14200&gt; = {'fc_12b81fa8ccc9', 'fc_332b92dee6b2', 'fc_791c1a648584', 'fc_ad9b50f7663d', 'fc_bfc9f190af56'}.isdisjoint">backend/tests/test_efi_search_embeddings.py:564: in test_list_failure_cards_pagination
    assert ids1.isdisjoint(ids2), "Pagination should return different items"
E   AssertionError: Pagination should return different items
E   assert False
E    +  where False = &lt;built-in method isdisjoint of set object at 0xfe53f2e14200&gt;({'fc_00872536cf06', 'fc_12b81fa8ccc9', 'fc_1488940202e2', 'fc_332b92dee6b2', 'fc_7cb1cab2a407'})
E    +    where &lt;built-in method isdisjoint of set object at 0xfe53f2e14200&gt; = {'fc_12b81fa8ccc9', 'fc_332b92dee6b2', 'fc_791c1a648584', 'fc_ad9b50f7663d', 'fc_bfc9f190af56'}.isdisjoint</failure></testcase><testcase classname="backend.tests.test_efi_search_embeddings.TestFailureCardCRUDExtended" name="test_list_failure_cards_filters" time="0.102" /><testcase classname="backend.tests.test_efi_search_embeddings.TestFailureCardCRUDExtended" name="test_get_single_failure_card" time="0.204" /><testcase classname="backend.tests.test_efi_search_embeddings.TestFailureCardCRUDExtended" name="test_update_failure_card" time="0.214" /><testcase classname="backend.tests.test_efi_search_embeddings.TestFailureCardCRUDExtended" name="test_approve_failure_card" time="0.327" /><testcase classname="backend.tests.test_efi_search_embeddings.TestSearchServiceIntegration" name="test_search_by_text_in_list" time="0.420" /><testcase classname="backend.tests.test_efi_search_embeddings.TestSearchServiceIntegration" name="test_search_by_error_code" time="0.134" /><testcase classname="backend.tests.test_efi_search_embeddings.TestSearchServiceIntegration" name="test_search_by_signature_hash" time="0.215" /><testcase classname="backend.tests.test_efi_search_embeddings.TestCleanupSearchTests" name="test_cleanup_verification" time="0.435" /></testsuite></testsuites>