<?xml version="1.0" encoding="utf-8"?><testsuites name="pytest tests"><testsuite name="pytest" errors="0" failures="0" skipped="0" tests="15" time="3.400" timestamp="2026-02-20T20:08:12.141340+00:00" hostname="agent-env-31df2b57-0add-4bce-859c-013314e933de"><testcase classname="tests.test_efi_intelligence_api.TestAIGuidanceSnapshots" name="test_get_snapshot_info_non_existing_ticket" time="0.301" /><testcase classname="tests.test_efi_intelligence_api.TestAIGuidanceSnapshots" name="test_check_context_requires_ticket" time="0.154" /><testcase classname="tests.test_efi_intelligence_api.TestAIGuidanceSnapshots" name="test_feedback_summary_endpoint" time="0.147" /><testcase classname="tests.test_efi_intelligence_api.TestFailureCards" name="test_create_failure_card" time="0.137" /><testcase classname="tests.test_efi_intelligence_api.TestFailureCards" name="test_get_failure_cards_with_tenant_isolation" time="0.439" /><testcase classname="tests.test_efi_intelligence_api.TestFailureCards" name="test_approve_failure_card" time="0.285" /><testcase classname="tests.test_efi_intelligence_api.TestModelAwareRanking" name="test_rank_causes_returns_top_3" time="0.143" /><testcase classname="tests.test_efi_intelligence_api.TestModelAwareRanking" name="test_low_confidence_returns_safe_checklist" time="0.135" /><testcase classname="tests.test_efi_intelligence_api.TestModelAwareRanking" name="test_ranking_weights_model_match_higher" time="0.453" /><testcase classname="tests.test_efi_intelligence_api.TestContinuousLearning" name="test_capture_ticket_closure" time="0.138" /><testcase classname="tests.test_efi_intelligence_api.TestContinuousLearning" name="test_learning_stats" time="0.139" /><testcase classname="tests.test_efi_intelligence_api.TestRiskAlerts" name="test_get_risk_alerts" time="0.149" /><testcase classname="tests.test_efi_intelligence_api.TestRiskAlerts" name="test_risk_alerts_filter_by_status" time="0.426" /><testcase classname="tests.test_efi_intelligence_api.TestDashboardSummary" name="test_get_dashboard_summary" time="0.136" /><testcase classname="tests.test_efi_intelligence_api.TestAIGuidanceRoutes" name="test_guidance_status" time="0.133" /></testsuite></testsuites>