<?xml version="1.0" encoding="utf-8"?><testsuites name="pytest tests"><testsuite name="pytest" errors="0" failures="1" skipped="0" tests="21" time="5.860" timestamp="2026-02-16T09:44:03.145029+00:00" hostname="agent-env-db7d40e1-a6fb-47b3-bb7d-cb70549308db"><testcase classname="backend.tests.test_efi_search_embeddings.TestEmbeddingEndpoints" name="test_get_embedding_status" time="0.517" /><testcase classname="backend.tests.test_efi_search_embeddings.TestEmbeddingEndpoints" name="test_generate_embeddings_disabled" time="0.541" /><testcase classname="backend.tests.test_efi_search_embeddings.TestAIMatchingPipeline" name="test_match_with_symptom_text_and_error_codes" time="0.447" /><testcase classname="backend.tests.test_efi_search_embeddings.TestAIMatchingPipeline" name="test_match_with_subsystem_hint" time="0.112" /><testcase classname="backend.tests.test_efi_search_embeddings.TestAIMatchingPipeline" name="test_match_with_vehicle_info" time="0.097" /><testcase classname="backend.tests.test_efi_search_embeddings.TestAIMatchingPipeline" name="test_match_with_temperature_and_load_conditions" time="0.099" /><testcase classname="backend.tests.test_efi_search_embeddings.TestAIMatchingPipeline" name="test_match_stages_fallback" time="0.106" /><testcase classname="backend.tests.test_efi_search_embeddings.TestAIMatchingPipeline" name="test_match_empty_results_for_random_text" time="0.106" /><testcase classname="backend.tests.test_efi_search_embeddings.TestHybridSearchBM25" name="test_hybrid_search_uses_text_search" time="0.419" /><testcase classname="backend.tests.test_efi_search_embeddings.TestHybridSearchBM25" name="test_error_code_matching_boost" time="0.241" /><testcase classname="backend.tests.test_efi_search_embeddings.TestHybridSearchBM25" name="test_keyword_expansion_ev_synonyms" time="0.118" /><testcase classname="backend.tests.test_efi_search_embeddings.TestFailureCardCRUDExtended" name="test_create_failure_card_full" time="0.432"><failure message="assert 520 == 200&#10; +  where 520 = &lt;Response [520]&gt;.status_code">backend/tests/test_efi_search_embeddings.py:512: in test_create_failure_card_full
    assert response.status_code == 200
E   assert 520 == 200
E    +  where 520 = &lt;Response [520]&gt;.status_code</failure></testcase><testcase classname="backend.tests.test_efi_search_embeddings.TestFailureCardCRUDExtended" name="test_list_failure_cards_pagination" time="0.208" /><testcase classname="backend.tests.test_efi_search_embeddings.TestFailureCardCRUDExtended" name="test_list_failure_cards_filters" time="0.104" /><testcase classname="backend.tests.test_efi_search_embeddings.TestFailureCardCRUDExtended" name="test_get_single_failure_card" time="0.387" /><testcase classname="backend.tests.test_efi_search_embeddings.TestFailureCardCRUDExtended" name="test_update_failure_card" time="0.223" /><testcase classname="backend.tests.test_efi_search_embeddings.TestFailureCardCRUDExtended" name="test_approve_failure_card" time="0.328" /><testcase classname="backend.tests.test_efi_search_embeddings.TestSearchServiceIntegration" name="test_search_by_text_in_list" time="0.434" /><testcase classname="backend.tests.test_efi_search_embeddings.TestSearchServiceIntegration" name="test_search_by_error_code" time="0.112" /><testcase classname="backend.tests.test_efi_search_embeddings.TestSearchServiceIntegration" name="test_search_by_signature_hash" time="0.268" /><testcase classname="backend.tests.test_efi_search_embeddings.TestCleanupSearchTests" name="test_cleanup_verification" time="0.442" /></testsuite></testsuites>