<?xml version="1.0" encoding="utf-8"?><testsuites name="pytest tests"><testsuite name="pytest" errors="0" failures="0" skipped="0" tests="22" time="8.526" timestamp="2026-02-16T09:45:53.785978+00:00" hostname="agent-env-db7d40e1-a6fb-47b3-bb7d-cb70549308db"><testcase classname="backend.tests.test_efi_module.TestEFIModuleAuth" name="test_admin_login_success" time="0.345" /><testcase classname="backend.tests.test_efi_module.TestFailureCardCRUD" name="test_create_failure_card_with_event_emission" time="0.435" /><testcase classname="backend.tests.test_efi_module.TestFailureCardCRUD" name="test_list_failure_cards" time="0.108" /><testcase classname="backend.tests.test_efi_module.TestFailureCardCRUD" name="test_list_failure_cards_with_filters" time="0.206" /><testcase classname="backend.tests.test_efi_module.TestFailureCardCRUD" name="test_get_single_failure_card" time="0.213" /><testcase classname="backend.tests.test_efi_module.TestFailureCardCRUD" name="test_get_nonexistent_failure_card" time="0.101" /><testcase classname="backend.tests.test_efi_module.TestFailureCardCRUD" name="test_update_failure_card" time="0.100" /><testcase classname="backend.tests.test_efi_module.TestFailureCardCRUD" name="test_get_confidence_history" time="1.050" /><testcase classname="backend.tests.test_efi_module.TestAIMatchingPipeline" name="test_match_failure_basic" time="0.480" /><testcase classname="backend.tests.test_efi_module.TestAIMatchingPipeline" name="test_match_failure_with_subsystem_hint" time="0.107" /><testcase classname="backend.tests.test_efi_module.TestAIMatchingPipeline" name="test_match_failure_empty_results" time="0.121" /><testcase classname="backend.tests.test_efi_module.TestMatchTicketToFailures" name="test_match_ticket_to_failures" time="0.690" /><testcase classname="backend.tests.test_efi_module.TestMatchTicketToFailures" name="test_match_nonexistent_ticket" time="0.100" /><testcase classname="backend.tests.test_efi_module.TestMatchTicketToFailures" name="test_get_ticket_matches" time="0.226" /><testcase classname="backend.tests.test_efi_module.TestEFIAnalytics" name="test_get_analytics_overview" time="0.482" /><testcase classname="backend.tests.test_efi_module.TestEFIAnalytics" name="test_get_effectiveness_report" time="0.103" /><testcase classname="backend.tests.test_efi_module.TestFailureCardApproval" name="test_approve_failure_card" time="0.645" /><testcase classname="backend.tests.test_efi_module.TestFailureCardApproval" name="test_approve_already_approved_card" time="0.098" /><testcase classname="backend.tests.test_efi_module.TestFailureCardDeprecation" name="test_deprecate_failure_card" time="0.631" /><testcase classname="backend.tests.test_efi_module.TestEventIntegration" name="test_ticket_creation_triggers_ai_matching" time="1.025" /><testcase classname="backend.tests.test_efi_module.TestEventIntegration" name="test_full_ticket_lifecycle_with_efi" time="0.619" /><testcase classname="backend.tests.test_efi_module.TestCleanup" name="test_cleanup_verification" time="0.580" /></testsuite></testsuites>