<?xml version="1.0" encoding="utf-8"?><testsuites name="pytest tests"><testsuite name="pytest" errors="0" failures="0" skipped="0" tests="22" time="7.976" timestamp="2026-02-16T08:26:39.962059+00:00" hostname="agent-env-3018ed70-0672-4b8e-a27d-a5177a13ff97"><testcase classname="tests.test_efi_module.TestEFIModuleAuth" name="test_admin_login_success" time="0.464" /><testcase classname="tests.test_efi_module.TestFailureCardCRUD" name="test_create_failure_card_with_event_emission" time="0.459" /><testcase classname="tests.test_efi_module.TestFailureCardCRUD" name="test_list_failure_cards" time="0.142" /><testcase classname="tests.test_efi_module.TestFailureCardCRUD" name="test_list_failure_cards_with_filters" time="0.221" /><testcase classname="tests.test_efi_module.TestFailureCardCRUD" name="test_get_single_failure_card" time="0.216" /><testcase classname="tests.test_efi_module.TestFailureCardCRUD" name="test_get_nonexistent_failure_card" time="0.105" /><testcase classname="tests.test_efi_module.TestFailureCardCRUD" name="test_update_failure_card" time="0.106" /><testcase classname="tests.test_efi_module.TestFailureCardCRUD" name="test_get_confidence_history" time="0.239" /><testcase classname="tests.test_efi_module.TestAIMatchingPipeline" name="test_match_failure_basic" time="0.431" /><testcase classname="tests.test_efi_module.TestAIMatchingPipeline" name="test_match_failure_with_subsystem_hint" time="0.168" /><testcase classname="tests.test_efi_module.TestAIMatchingPipeline" name="test_match_failure_empty_results" time="0.121" /><testcase classname="tests.test_efi_module.TestMatchTicketToFailures" name="test_match_ticket_to_failures" time="0.586" /><testcase classname="tests.test_efi_module.TestMatchTicketToFailures" name="test_match_nonexistent_ticket" time="0.100" /><testcase classname="tests.test_efi_module.TestMatchTicketToFailures" name="test_get_ticket_matches" time="0.219" /><testcase classname="tests.test_efi_module.TestEFIAnalytics" name="test_get_analytics_overview" time="0.431" /><testcase classname="tests.test_efi_module.TestEFIAnalytics" name="test_get_effectiveness_report" time="0.138" /><testcase classname="tests.test_efi_module.TestFailureCardApproval" name="test_approve_failure_card" time="0.731" /><testcase classname="tests.test_efi_module.TestFailureCardApproval" name="test_approve_already_approved_card" time="0.106" /><testcase classname="tests.test_efi_module.TestFailureCardDeprecation" name="test_deprecate_failure_card" time="0.771" /><testcase classname="tests.test_efi_module.TestEventIntegration" name="test_ticket_creation_triggers_ai_matching" time="1.041" /><testcase classname="tests.test_efi_module.TestEventIntegration" name="test_full_ticket_lifecycle_with_efi" time="0.527" /><testcase classname="tests.test_efi_module.TestCleanup" name="test_cleanup_verification" time="0.550" /></testsuite></testsuites>