<?xml version="1.0" encoding="utf-8"?><testsuites name="pytest tests"><testsuite name="pytest" errors="0" failures="0" skipped="5" tests="19" time="27.065" timestamp="2026-02-17T20:10:20.123077+00:00" hostname="agent-env-b18d149e-0c80-41e0-9762-deef42a3886e"><testcase classname="backend.tests.test_efi_guided.TestEFISeedData" name="test_seed_failure_cards" time="0.636" /><testcase classname="backend.tests.test_efi_guided.TestEFIEmbeddings" name="test_generate_all_embeddings" time="0.251" /><testcase classname="backend.tests.test_efi_guided.TestEFIEmbeddings" name="test_embedding_status" time="0.514" /><testcase classname="backend.tests.test_efi_guided.TestEFIFailureCards" name="test_list_failure_cards" time="0.202" /><testcase classname="backend.tests.test_efi_guided.TestEFIFailureCards" name="test_list_failure_cards_by_subsystem" time="0.222" /><testcase classname="backend.tests.test_efi_guided.TestEFIFailureCards" name="test_get_single_failure_card" time="0.349" /><testcase classname="backend.tests.test_efi_guided.TestEFISuggestions" name="test_get_suggestions_for_ticket" time="10.917" /><testcase classname="backend.tests.test_efi_guided.TestEFISuggestions" name="test_suggestions_include_confidence_scores" time="11.210" /><testcase classname="backend.tests.test_efi_guided.TestEFIDiagnosticSession" name="test_start_diagnostic_session" time="0.405"><skipped type="pytest.skip" message="No failure cards with decision trees available">/app/backend/tests/test_efi_guided.py:235: No failure cards with decision trees available</skipped></testcase><testcase classname="backend.tests.test_efi_guided.TestEFIDiagnosticSession" name="test_session_without_decision_tree_fails" time="0.307" /><testcase classname="backend.tests.test_efi_guided.TestEFIDiagnosticSession" name="test_get_session" time="0.352"><skipped type="pytest.skip" message="No failure cards with decision trees available">/app/backend/tests/test_efi_guided.py:268: No failure cards with decision trees available</skipped></testcase><testcase classname="backend.tests.test_efi_guided.TestEFIStepRecording" name="test_record_pass_outcome" time="0.383"><skipped type="pytest.skip" message="No failure cards with decision trees">/app/backend/tests/test_efi_guided.py:348: No failure cards with decision trees</skipped></testcase><testcase classname="backend.tests.test_efi_guided.TestEFIStepRecording" name="test_record_fail_outcome" time="0.339"><skipped type="pytest.skip" message="No failure cards with decision trees">/app/backend/tests/test_efi_guided.py:366: No failure cards with decision trees</skipped></testcase><testcase classname="backend.tests.test_efi_guided.TestEFISmartEstimate" name="test_estimate_requires_completed_session" time="0.132" /><testcase classname="backend.tests.test_efi_guided.TestEFIDecisionTrees" name="test_get_decision_tree" time="0.198"><skipped type="pytest.skip" message="No failure cards with decision trees">/app/backend/tests/test_efi_guided.py:419: No failure cards with decision trees</skipped></testcase><testcase classname="backend.tests.test_efi_guided.TestEFIAuthentication" name="test_suggestions_requires_auth" time="0.135" /><testcase classname="backend.tests.test_efi_guided.TestEFIAuthentication" name="test_session_start_requires_auth" time="0.141" /><testcase classname="backend.tests.test_efi_guided.TestEFIAuthentication" name="test_seed_requires_admin" time="0.157" /><testcase classname="backend.tests.test_efi_guided.TestEFIAuthentication" name="test_embeddings_generate_requires_admin" time="0.112" /></testsuite></testsuites>