<?xml version="1.0" encoding="utf-8"?><testsuites name="pytest tests"><testsuite name="pytest" errors="0" failures="0" skipped="0" tests="21" time="5.791" timestamp="2026-02-16T09:45:38.687444+00:00" hostname="agent-env-db7d40e1-a6fb-47b3-bb7d-cb70549308db"><testcase classname="backend.tests.test_efi_search_embeddings.TestEmbeddingEndpoints" name="test_get_embedding_status" time="0.477" /><testcase classname="backend.tests.test_efi_search_embeddings.TestEmbeddingEndpoints" name="test_generate_embeddings_disabled" time="0.146" /><testcase classname="backend.tests.test_efi_search_embeddings.TestAIMatchingPipeline" name="test_match_with_symptom_text_and_error_codes" time="0.444" /><testcase classname="backend.tests.test_efi_search_embeddings.TestAIMatchingPipeline" name="test_match_with_subsystem_hint" time="0.111" /><testcase classname="backend.tests.test_efi_search_embeddings.TestAIMatchingPipeline" name="test_match_with_vehicle_info" time="0.103" /><testcase classname="backend.tests.test_efi_search_embeddings.TestAIMatchingPipeline" name="test_match_with_temperature_and_load_conditions" time="0.106" /><testcase classname="backend.tests.test_efi_search_embeddings.TestAIMatchingPipeline" name="test_match_stages_fallback" time="0.104" /><testcase classname="backend.tests.test_efi_search_embeddings.TestAIMatchingPipeline" name="test_match_empty_results_for_random_text" time="0.399" /><testcase classname="backend.tests.test_efi_search_embeddings.TestHybridSearchBM25" name="test_hybrid_search_uses_text_search" time="0.435" /><testcase classname="backend.tests.test_efi_search_embeddings.TestHybridSearchBM25" name="test_error_code_matching_boost" time="0.422" /><testcase classname="backend.tests.test_efi_search_embeddings.TestHybridSearchBM25" name="test_keyword_expansion_ev_synonyms" time="0.104" /><testcase classname="backend.tests.test_efi_search_embeddings.TestFailureCardCRUDExtended" name="test_create_failure_card_full" time="0.424" /><testcase classname="backend.tests.test_efi_search_embeddings.TestFailureCardCRUDExtended" name="test_list_failure_cards_pagination" time="0.209" /><testcase classname="backend.tests.test_efi_search_embeddings.TestFailureCardCRUDExtended" name="test_list_failure_cards_filters" time="0.110" /><testcase classname="backend.tests.test_efi_search_embeddings.TestFailureCardCRUDExtended" name="test_get_single_failure_card" time="0.197" /><testcase classname="backend.tests.test_efi_search_embeddings.TestFailureCardCRUDExtended" name="test_update_failure_card" time="0.230" /><testcase classname="backend.tests.test_efi_search_embeddings.TestFailureCardCRUDExtended" name="test_approve_failure_card" time="0.309" /><testcase classname="backend.tests.test_efi_search_embeddings.TestSearchServiceIntegration" name="test_search_by_text_in_list" time="0.547" /><testcase classname="backend.tests.test_efi_search_embeddings.TestSearchServiceIntegration" name="test_search_by_error_code" time="0.165" /><testcase classname="backend.tests.test_efi_search_embeddings.TestSearchServiceIntegration" name="test_search_by_signature_hash" time="0.217" /><testcase classname="backend.tests.test_efi_search_embeddings.TestCleanupSearchTests" name="test_cleanup_verification" time="0.435" /></testsuite></testsuites>