<?xml version="1.0" encoding="utf-8"?><testsuites name="pytest tests"><testsuite name="pytest" errors="0" failures="0" skipped="0" tests="25" time="8.072" timestamp="2026-02-20T20:59:15.447475+00:00" hostname="agent-env-b4d577dc-266f-4c97-b267-aafca07a1e3b"><testcase classname="tests.test_enterprise_qa_audit.TestAdminLogin" name="test_admin_login_success" time="0.478" /><testcase classname="tests.test_enterprise_qa_audit.TestAdminLogin" name="test_admin_login_invalid_password" time="0.381" /><testcase classname="tests.test_enterprise_qa_audit.TestTechnicianLogin" name="test_technician_login_success" time="0.402" /><testcase classname="tests.test_enterprise_qa_audit.TestDashboardStats" name="test_dashboard_stats_with_admin" time="0.534" /><testcase classname="tests.test_enterprise_qa_audit.TestDashboardStats" name="test_dashboard_stats_with_technician" time="0.748" /><testcase classname="tests.test_enterprise_qa_audit.TestTicketLifecycle" name="test_01_create_ticket" time="0.118" /><testcase classname="tests.test_enterprise_qa_audit.TestTicketLifecycle" name="test_02_get_ticket" time="0.166" /><testcase classname="tests.test_enterprise_qa_audit.TestTicketLifecycle" name="test_03_assign_ticket" time="0.364" /><testcase classname="tests.test_enterprise_qa_audit.TestTicketLifecycle" name="test_04_update_ticket_status" time="0.124" /><testcase classname="tests.test_enterprise_qa_audit.TestTicketLifecycle" name="test_05_close_ticket" time="0.160" /><testcase classname="tests.test_enterprise_qa_audit.TestTicketLifecycle" name="test_06_cleanup_ticket" time="0.141" /><testcase classname="tests.test_enterprise_qa_audit.TestInvoiceCreation" name="test_list_invoices" time="0.607" /><testcase classname="tests.test_enterprise_qa_audit.TestInvoiceCreation" name="test_invoice_has_required_fields" time="0.616" /><testcase classname="tests.test_enterprise_qa_audit.TestMultiTenantIsolation" name="test_admin_only_sees_own_org_data" time="0.132" /><testcase classname="tests.test_enterprise_qa_audit.TestMultiTenantIsolation" name="test_unauthorized_access_blocked" time="0.151" /><testcase classname="tests.test_enterprise_qa_audit.TestRBAC" name="test_technician_cannot_access_users_list" time="0.160" /><testcase classname="tests.test_enterprise_qa_audit.TestRBAC" name="test_technician_can_access_tickets" time="0.332" /><testcase classname="tests.test_enterprise_qa_audit.TestRBAC" name="test_technician_can_access_inventory" time="0.302" /><testcase classname="tests.test_enterprise_qa_audit.TestRBAC" name="test_admin_can_access_users" time="0.175" /><testcase classname="tests.test_enterprise_qa_audit.TestEFIIntelligenceEngine" name="test_efi_failure_cards_list" time="0.116" /><testcase classname="tests.test_enterprise_qa_audit.TestEFIIntelligenceEngine" name="test_efi_dashboard_summary" time="0.132" /><testcase classname="tests.test_enterprise_qa_audit.TestEFIIntelligenceEngine" name="test_efi_risk_alerts" time="0.143" /><testcase classname="tests.test_enterprise_qa_audit.TestEFIIntelligenceEngine" name="test_efi_learning_stats" time="0.217" /><testcase classname="tests.test_enterprise_qa_audit.TestFinanceCalculations" name="test_invoice_totals_calculation" time="0.647" /><testcase classname="tests.test_enterprise_qa_audit.TestWorkflowSync" name="test_ticket_stats_update_on_status_change" time="0.628" /></testsuite></testsuites>