<?xml version="1.0" encoding="utf-8"?><testsuites name="pytest tests"><testsuite name="pytest" errors="0" failures="0" skipped="0" tests="27" time="1.197" timestamp="2026-02-23T14:00:49.458108+00:00" hostname="agent-env-f9ba6e0a-b495-47c2-9451-535e1a4a6bd4"><testcase classname="backend.tests.test_entitlement_enforcement.TestStarterPayrollBlocked" name="test_starter_payroll_records_returns_403" time="0.449" /><testcase classname="backend.tests.test_entitlement_enforcement.TestStarterPayrollBlocked" name="test_starter_payroll_403_has_correct_error_structure" time="0.006" /><testcase classname="backend.tests.test_entitlement_enforcement.TestStarterPayrollBlocked" name="test_starter_payroll_403_has_feature_field" time="0.006" /><testcase classname="backend.tests.test_entitlement_enforcement.TestStarterPayrollBlocked" name="test_starter_payroll_403_has_current_plan_starter" time="0.007" /><testcase classname="backend.tests.test_entitlement_enforcement.TestStarterPayrollBlocked" name="test_starter_payroll_403_has_required_plan_professional" time="0.006" /><testcase classname="backend.tests.test_entitlement_enforcement.TestProfessionalPayrollAllowed" name="test_professional_payroll_records_returns_200" time="0.234" /><testcase classname="backend.tests.test_entitlement_enforcement.TestProfessionalPayrollAllowed" name="test_professional_payroll_200_has_data_field" time="0.006" /><testcase classname="backend.tests.test_entitlement_enforcement.TestFrontendUpgradeModal" name="test_upgrade_modal_file_exists" time="0.000" /><testcase classname="backend.tests.test_entitlement_enforcement.TestFrontendUpgradeModal" name="test_upgrade_modal_listens_to_feature_not_available_event" time="0.000" /><testcase classname="backend.tests.test_entitlement_enforcement.TestFrontendUpgradeModal" name="test_api_js_file_exists" time="0.000" /><testcase classname="backend.tests.test_entitlement_enforcement.TestFrontendUpgradeModal" name="test_api_js_dispatches_custom_event_on_403" time="0.000" /><testcase classname="backend.tests.test_entitlement_enforcement.TestFrontendUpgradeModal" name="test_upgrade_modal_has_testid_attributes" time="0.000" /><testcase classname="backend.tests.test_entitlement_enforcement.TestPlatformAdminPlanChange" name="test_platform_admin_can_list_organizations" time="0.244" /><testcase classname="backend.tests.test_entitlement_enforcement.TestPlatformAdminPlanChange" name="test_platform_admin_can_upgrade_org_to_professional" time="0.008" /><testcase classname="backend.tests.test_entitlement_enforcement.TestPlatformAdminPlanChange" name="test_upgraded_org_can_access_payroll" time="0.013" /><testcase classname="backend.tests.test_entitlement_enforcement.TestPlatformAdminPlanChange" name="test_revert_org_to_starter_after_test" time="0.012" /><testcase classname="backend.tests.test_entitlement_enforcement.TestStarterProjectsBlocked" name="test_starter_projects_returns_403" time="0.005" /><testcase classname="backend.tests.test_entitlement_enforcement.TestStarterProjectsBlocked" name="test_starter_projects_403_has_feature_not_available" time="0.005" /><testcase classname="backend.tests.test_entitlement_enforcement.TestStarterProjectsBlocked" name="test_starter_projects_blocked_feature_is_project_management" time="0.005" /><testcase classname="backend.tests.test_entitlement_enforcement.TestStarterEFIAllowed" name="test_starter_efi_failure_cards_not_403" time="0.014" /><testcase classname="backend.tests.test_entitlement_enforcement.TestStarterEFIAllowed" name="test_starter_efi_failure_cards_returns_2xx_or_404" time="0.015" /><testcase classname="backend.tests.test_entitlement_enforcement.TestStarterAdvancedReportsAllowed" name="test_starter_profit_loss_report_not_403" time="0.011" /><testcase classname="backend.tests.test_entitlement_enforcement.TestStarterAdvancedReportsAllowed" name="test_starter_profit_loss_returns_200_or_other_non_403" time="0.011" /><testcase classname="backend.tests.test_entitlement_enforcement.TestBattwheelsGaragesProfessionalAllAccess" name="test_professional_payroll_accessible" time="0.007" /><testcase classname="backend.tests.test_entitlement_enforcement.TestBattwheelsGaragesProfessionalAllAccess" name="test_professional_projects_accessible" time="0.021" /><testcase classname="backend.tests.test_entitlement_enforcement.TestBattwheelsGaragesProfessionalAllAccess" name="test_professional_advanced_reports_accessible" time="0.010" /><testcase classname="backend.tests.test_entitlement_enforcement.TestBattwheelsGaragesProfessionalAllAccess" name="test_professional_efi_accessible" time="0.014" /></testsuite></testsuites>