<?xml version="1.0" encoding="utf-8"?><testsuites name="pytest tests"><testsuite name="pytest" errors="0" failures="0" skipped="0" tests="12" time="1.716" timestamp="2026-02-20T05:45:20.571044+00:00" hostname="agent-env-89d77385-7ea4-4932-8ef9-cdc25ab8dede"><testcase classname="backend.tests.test_estimate_workflow_buttons.TestEstimateWorkflow" name="test_1_get_draft_estimate" time="0.506" /><testcase classname="backend.tests.test_estimate_workflow_buttons.TestEstimateWorkflow" name="test_2_get_sent_estimate_tkt_c86867066be6" time="0.103" /><testcase classname="backend.tests.test_estimate_workflow_buttons.TestEstimateWorkflow" name="test_3_get_approved_estimate_TKT_000054" time="0.099" /><testcase classname="backend.tests.test_estimate_workflow_buttons.TestEstimateWorkflow" name="test_4_send_estimate_api_works" time="0.099" /><testcase classname="backend.tests.test_estimate_workflow_buttons.TestEstimateWorkflow" name="test_5_approve_estimate_api_works" time="0.112" /><testcase classname="backend.tests.test_estimate_workflow_buttons.TestEstimateWorkflow" name="test_6_lock_estimate_requires_admin" time="0.112" /><testcase classname="backend.tests.test_estimate_workflow_buttons.TestEstimateWorkflow" name="test_7_unlock_estimate_admin_only" time="0.098" /><testcase classname="backend.tests.test_estimate_workflow_buttons.TestEstimateWorkflow" name="test_8_verify_estimate_status_transitions" time="0.108" /><testcase classname="backend.tests.test_estimate_workflow_buttons.TestEstimateButtonVisibility" name="test_1_draft_buttons" time="0.104" /><testcase classname="backend.tests.test_estimate_workflow_buttons.TestEstimateButtonVisibility" name="test_2_sent_buttons" time="0.106" /><testcase classname="backend.tests.test_estimate_workflow_buttons.TestEstimateButtonVisibility" name="test_3_approved_buttons" time="0.112" /><testcase classname="backend.tests.test_estimate_workflow_buttons.TestEstimateButtonVisibility" name="test_4_locked_buttons" time="0.103" /></testsuite></testsuites>