<?xml version="1.0" encoding="utf-8"?><testsuites name="pytest tests"><testsuite name="pytest" errors="0" failures="0" skipped="0" tests="22" time="2.505" timestamp="2026-02-18T10:49:16.988106+00:00" hostname="agent-env-ee1bd098-b15e-479e-92d3-7fcf2fd60256"><testcase classname="backend.tests.test_estimates_phase2.TestPDFTemplates" name="test_list_pdf_templates" time="0.569" /><testcase classname="backend.tests.test_estimates_phase2.TestPDFTemplates" name="test_template_colors" time="0.052" /><testcase classname="backend.tests.test_estimates_phase2.TestCustomFields" name="test_list_custom_fields" time="0.052" /><testcase classname="backend.tests.test_estimates_phase2.TestCustomFields" name="test_add_custom_field" time="0.054" /><testcase classname="backend.tests.test_estimates_phase2.TestCustomFields" name="test_add_dropdown_custom_field" time="0.051" /><testcase classname="backend.tests.test_estimates_phase2.TestCustomFields" name="test_delete_custom_field" time="0.098" /><testcase classname="backend.tests.test_estimates_phase2.TestCustomFields" name="test_verify_custom_fields_after_operations" time="0.050" /><testcase classname="backend.tests.test_estimates_phase2.TestExportImport" name="test_export_csv" time="0.054" /><testcase classname="backend.tests.test_estimates_phase2.TestExportImport" name="test_export_json" time="0.052" /><testcase classname="backend.tests.test_estimates_phase2.TestExportImport" name="test_export_with_status_filter" time="0.054" /><testcase classname="backend.tests.test_estimates_phase2.TestExportImport" name="test_import_template_download" time="0.056" /><testcase classname="backend.tests.test_estimates_phase2.TestBulkActions" name="test_bulk_action_mark_sent" time="0.102" /><testcase classname="backend.tests.test_estimates_phase2.TestBulkActions" name="test_bulk_action_void" time="0.101" /><testcase classname="backend.tests.test_estimates_phase2.TestBulkActions" name="test_bulk_action_mark_expired" time="0.101" /><testcase classname="backend.tests.test_estimates_phase2.TestBulkActions" name="test_bulk_action_delete_draft_only" time="0.102" /><testcase classname="backend.tests.test_estimates_phase2.TestBulkActions" name="test_bulk_status_update" time="0.100" /><testcase classname="backend.tests.test_estimates_phase2.TestBulkActions" name="test_bulk_action_invalid_action" time="0.051" /><testcase classname="backend.tests.test_estimates_phase2.TestContactsMigration" name="test_contacts_enhanced_count" time="0.069" /><testcase classname="backend.tests.test_estimates_phase2.TestContactsMigration" name="test_legacy_contacts_count" time="0.000" /><testcase classname="backend.tests.test_estimates_phase2.TestPDFWithTemplate" name="test_pdf_default_template" time="0.443" /><testcase classname="backend.tests.test_estimates_phase2.TestPDFWithTemplate" name="test_pdf_with_template_endpoint_exists" time="0.101" /><testcase classname="backend.tests.test_estimates_phase2.TestEstimatesSummary" name="test_summary_endpoint" time="0.052" /></testsuite></testsuites>