<?xml version="1.0" encoding="utf-8"?><testsuites name="pytest tests"><testsuite name="pytest" errors="0" failures="0" skipped="0" tests="32" time="4.878" timestamp="2026-02-18T10:27:02.853246+00:00" hostname="agent-env-ee1bd098-b15e-479e-92d3-7fcf2fd60256"><testcase classname="backend.tests.test_estimates_phase1.TestPreferencesAPI" name="test_get_preferences" time="0.222" /><testcase classname="backend.tests.test_estimates_phase1.TestPreferencesAPI" name="test_update_preferences" time="0.100" /><testcase classname="backend.tests.test_estimates_phase1.TestSummaryWithViewedStatus" name="test_summary_includes_customer_viewed" time="0.111" /><testcase classname="backend.tests.test_estimates_phase1.TestEstimateSetup" name="test_01_get_customer" time="0.106" /><testcase classname="backend.tests.test_estimates_phase1.TestEstimateSetup" name="test_02_create_estimate_for_phase1" time="0.113" /><testcase classname="backend.tests.test_estimates_phase1.TestShareLinkAPI" name="test_01_create_share_link" time="0.113" /><testcase classname="backend.tests.test_estimates_phase1.TestShareLinkAPI" name="test_02_get_share_links" time="0.116" /><testcase classname="backend.tests.test_estimates_phase1.TestShareLinkAPI" name="test_03_create_password_protected_link" time="0.120" /><testcase classname="backend.tests.test_estimates_phase1.TestPublicQuoteView" name="test_01_access_public_quote" time="0.100" /><testcase classname="backend.tests.test_estimates_phase1.TestPublicQuoteView" name="test_02_verify_customer_viewed_status" time="0.102" /><testcase classname="backend.tests.test_estimates_phase1.TestPublicQuoteView" name="test_03_invalid_share_token" time="0.110" /><testcase classname="backend.tests.test_estimates_phase1.TestCustomerActions" name="test_01_send_estimate_first" time="0.106" /><testcase classname="backend.tests.test_estimates_phase1.TestCustomerActions" name="test_02_access_public_quote_after_send" time="0.106" /><testcase classname="backend.tests.test_estimates_phase1.TestCustomerActions" name="test_03_verify_customer_viewed_status_after_access" time="0.106" /><testcase classname="backend.tests.test_estimates_phase1.TestCustomerActions" name="test_04_customer_accept_action" time="0.102" /><testcase classname="backend.tests.test_estimates_phase1.TestCustomerActions" name="test_05_verify_accepted_status" time="0.113" /><testcase classname="backend.tests.test_estimates_phase1.TestDeclineAction" name="test_01_create_estimate_for_decline" time="0.103" /><testcase classname="backend.tests.test_estimates_phase1.TestDeclineAction" name="test_02_send_and_create_share_link" time="0.210" /><testcase classname="backend.tests.test_estimates_phase1.TestDeclineAction" name="test_03_customer_decline_action" time="0.104" /><testcase classname="backend.tests.test_estimates_phase1.TestDeclineAction" name="test_04_verify_declined_status" time="0.105" /><testcase classname="backend.tests.test_estimates_phase1.TestAttachmentsAPI" name="test_01_create_estimate_for_attachments" time="0.114" /><testcase classname="backend.tests.test_estimates_phase1.TestAttachmentsAPI" name="test_02_upload_attachment" time="0.097" /><testcase classname="backend.tests.test_estimates_phase1.TestAttachmentsAPI" name="test_03_list_attachments" time="0.133" /><testcase classname="backend.tests.test_estimates_phase1.TestAttachmentsAPI" name="test_04_download_attachment" time="0.102" /><testcase classname="backend.tests.test_estimates_phase1.TestAttachmentsAPI" name="test_05_delete_attachment" time="0.106" /><testcase classname="backend.tests.test_estimates_phase1.TestAttachmentsAPI" name="test_06_attachment_limit_validation" time="0.448" /><testcase classname="backend.tests.test_estimates_phase1.TestPDFGeneration" name="test_01_generate_pdf" time="0.560" /><testcase classname="backend.tests.test_estimates_phase1.TestPDFGeneration" name="test_02_pdf_for_nonexistent_estimate" time="0.106" /><testcase classname="backend.tests.test_estimates_phase1.TestShareLinkExpiry" name="test_01_revoke_share_link" time="0.099" /><testcase classname="backend.tests.test_estimates_phase1.TestPublicAttachments" name="test_01_create_estimate_with_attachment_for_public" time="0.420" /><testcase classname="backend.tests.test_estimates_phase1.TestPublicAttachments" name="test_02_public_view_shows_attachments" time="0.113" /><testcase classname="backend.tests.test_estimates_phase1.TestCleanup" name="test_cleanup_test_estimates" time="0.103" /></testsuite></testsuites>