<?xml version="1.0" encoding="utf-8"?><testsuites name="pytest tests"><testsuite name="pytest" errors="0" failures="0" skipped="0" tests="11" time="3.020" timestamp="2026-02-24T13:31:07.216095+00:00" hostname="agent-env-878cde24-26c3-4352-9a76-9a0d85d6bc0c"><testcase classname="backend.tests.test_estimate_bug_fixes.TestBugCFix" name="test_estimates_list_returns_data_key" time="0.615" /><testcase classname="backend.tests.test_estimate_bug_fixes.TestBugCFix" name="test_estimates_list_has_pagination" time="0.118" /><testcase classname="backend.tests.test_estimate_bug_fixes.TestBugBFix" name="test_estimate_detail_has_line_items" time="0.294" /><testcase classname="backend.tests.test_estimate_bug_fixes.TestBugBFix" name="test_line_items_have_required_fields" time="0.246" /><testcase classname="backend.tests.test_estimate_bug_fixes.TestBugAFix" name="test_update_estimate_with_line_items" time="0.245" /><testcase classname="backend.tests.test_estimate_bug_fixes.TestBugAFix" name="test_update_estimate_returns_line_items" time="0.254" /><testcase classname="backend.tests.test_estimate_bug_fixes.TestChainFix" name="test_estimate_to_invoice_finds_estimate" time="0.261" /><testcase classname="backend.tests.test_estimate_bug_fixes.TestChainFix" name="test_converted_estimate_cannot_convert_again" time="0.236" /><testcase classname="backend.tests.test_estimate_bug_fixes.TestTicketEstimates" name="test_ticket_estimates_list" time="0.178" /><testcase classname="backend.tests.test_estimate_bug_fixes.TestDiscountTypeOptions" name="test_estimate_accepts_none_discount" time="0.239" /><testcase classname="backend.tests.test_estimate_bug_fixes.TestDiscountTypeOptions" name="test_estimate_accepts_percent_discount" time="0.264" /></testsuite></testsuites>