<?xml version="1.0" encoding="utf-8"?><testsuites name="pytest tests"><testsuite name="pytest" errors="0" failures="1" skipped="0" tests="17" time="13.849" timestamp="2026-02-25T11:28:03.506512+00:00" hostname="agent-env-0b617dcc-216d-4d1d-b498-ce566fdbb05a"><testcase classname="tests.test_estimates_refactoring.TestEstimatesEnhanced" name="test_estimates_list" time="6.828" /><testcase classname="tests.test_estimates_refactoring.TestEstimatesEnhanced" name="test_estimates_summary" time="0.115" /><testcase classname="tests.test_estimates_refactoring.TestEstimatesEnhanced" name="test_estimates_conversion_funnel" time="0.137" /><testcase classname="tests.test_estimates_refactoring.TestTicketEstimates" name="test_ticket_estimates_list" time="0.785" /><testcase classname="tests.test_estimates_refactoring.TestGSTR3BReverseCharge" name="test_gstr3b_report_has_section_3_1_d" time="0.784" /><testcase classname="tests.test_estimates_refactoring.TestGSTR3BReverseCharge" name="test_gstr3b_summary_has_rcm_liability" time="0.112" /><testcase classname="tests.test_estimates_refactoring.TestGSTR3BReverseCharge" name="test_gstr3b_section_3_1_d_description" time="0.114" /><testcase classname="tests.test_estimates_refactoring.TestCSRFProtection" name="test_csrf_token_cookie_set_on_health" time="0.105" /><testcase classname="tests.test_estimates_refactoring.TestCSRFProtection" name="test_auth_endpoints_exempt_from_csrf" time="0.340" /><testcase classname="tests.test_estimates_refactoring.TestCSRFProtection" name="test_bearer_token_bypasses_csrf" time="0.774" /><testcase classname="tests.test_estimates_refactoring.TestInputSanitization" name="test_html_tags_stripped_from_input" time="0.985"><failure message="AssertionError: Script tags not stripped from subject: &lt;script&gt;alert('XSS')&lt;/script&gt;Test Subject&#10;assert '&lt;script&gt;' not in '&lt;script&gt;ale...Test Subject'&#10;  &#10;  '&lt;script&gt;' is contained here:&#10;    &lt;script&gt;alert('XSS')&lt;/script&gt;Test Subject&#10;  ? ++++++++">tests/test_estimates_refactoring.py:235: in test_html_tags_stripped_from_input
    assert "&lt;script&gt;" not in subject, f"Script tags not stripped from subject: {subject}"
E   AssertionError: Script tags not stripped from subject: &lt;script&gt;alert('XSS')&lt;/script&gt;Test Subject
E   assert '&lt;script&gt;' not in '&lt;script&gt;ale...Test Subject'
E     
E     '&lt;script&gt;' is contained here:
E       &lt;script&gt;alert('XSS')&lt;/script&gt;Test Subject
E     ? ++++++++</failure></testcase><testcase classname="tests.test_estimates_refactoring.TestEstimatesAPIComprehensive" name="test_estimates_export_csv" time="0.785" /><testcase classname="tests.test_estimates_refactoring.TestEstimatesAPIComprehensive" name="test_estimates_preferences" time="0.102" /><testcase classname="tests.test_estimates_refactoring.TestEstimatesAPIComprehensive" name="test_estimates_custom_fields" time="0.110" /><testcase classname="tests.test_estimates_refactoring.TestEstimatesAPIComprehensive" name="test_estimates_templates" time="0.101" /><testcase classname="tests.test_estimates_refactoring.TestItemsAPI" name="test_items_list" time="0.780" /><testcase classname="tests.test_estimates_refactoring.TestContactsAPI" name="test_contacts_search" time="0.782" /></testsuite></testsuites>