<?xml version="1.0" encoding="utf-8"?><testsuites name="pytest tests"><testsuite name="pytest" errors="0" failures="0" skipped="0" tests="35" time="8.996" timestamp="2026-02-24T09:10:52.335336+00:00" hostname="agent-env-b4cdb0f1-98cb-4c62-be85-b5e153824bde"><testcase classname="backend.tests.test_final_certification.TestINFRA" name="test_INFRA01_health_check" time="0.281" /><testcase classname="backend.tests.test_final_certification.TestINFRA" name="test_INFRA02_security_headers_on_health" time="0.117" /><testcase classname="backend.tests.test_final_certification.TestINFRA" name="test_INFRA02_security_headers_on_login" time="0.106" /><testcase classname="backend.tests.test_final_certification.TestINFRA" name="test_INFRA02_security_headers_on_contact" time="0.382" /><testcase classname="backend.tests.test_final_certification.TestINFRA" name="test_INFRA03_public_contact_is_non_401" time="0.292" /><testcase classname="backend.tests.test_final_certification.TestINFRA" name="test_INFRA03_public_org_register_is_non_401" time="0.101" /><testcase classname="backend.tests.test_final_certification.TestINFRA" name="test_INFRA03_public_org_signup_is_non_401" time="0.102" /><testcase classname="backend.tests.test_final_certification.TestINFRA" name="test_INFRA04_protected_tickets_returns_401" time="0.103" /><testcase classname="backend.tests.test_final_certification.TestINFRA" name="test_INFRA04_protected_invoices_enhanced_returns_401" time="0.105" /><testcase classname="backend.tests.test_final_certification.TestINFRA" name="test_INFRA04_protected_hr_employees_returns_401" time="0.117" /><testcase classname="backend.tests.test_final_certification.TestINFRA" name="test_INFRA04_protected_trial_balance_returns_401" time="0.122" /><testcase classname="backend.tests.test_final_certification.TestAUTH" name="test_AUTH01_admin_login_full_response" time="0.350" /><testcase classname="backend.tests.test_final_certification.TestAUTH" name="test_AUTH01_invalid_credentials_rejected" time="0.327" /><testcase classname="backend.tests.test_final_certification.TestAUTH" name="test_AUTH02_tech_login_succeeds" time="0.331" /><testcase classname="backend.tests.test_final_certification.TestAUTH" name="test_AUTH02_tech_cannot_access_payroll" time="0.327" /><testcase classname="backend.tests.test_final_certification.TestAUTH" name="test_AUTH03_cross_tenant_returns_403" time="0.327" /><testcase classname="backend.tests.test_final_certification.TestFINANCE" name="test_FINANCE01_trial_balance_is_balanced" time="0.106" /><testcase classname="backend.tests.test_final_certification.TestFINANCE" name="test_FINANCE02_profit_loss_returns_200" time="0.118" /><testcase classname="backend.tests.test_final_certification.TestFINANCE" name="test_FINANCE03_balance_sheet_returns_200" time="0.115" /><testcase classname="backend.tests.test_final_certification.TestOPERATIONS" name="test_OPERATIONS01_tickets_paginated" time="0.115" /><testcase classname="backend.tests.test_final_certification.TestOPERATIONS" name="test_OPERATIONS02_invoices_enhanced_returns_200" time="0.128" /><testcase classname="backend.tests.test_final_certification.TestOPERATIONS" name="test_OPERATIONS03_inventory_paginated" time="0.105" /><testcase classname="backend.tests.test_final_certification.TestOPERATIONS" name="test_OPERATIONS04_contacts_enhanced_returns_200" time="0.152" /><testcase classname="backend.tests.test_final_certification.TestHR" name="test_HR01_employees_returns_200" time="0.113" /><testcase classname="backend.tests.test_final_certification.TestHR" name="test_HR02_form16_returns_200" time="0.148" /><testcase classname="backend.tests.test_final_certification.TestSECURITY" name="test_SECURITY01_xss_title_sanitized" time="0.122" /><testcase classname="backend.tests.test_final_certification.TestSECURITY" name="test_SECURITY02_webhook_idempotency" time="0.754" /><testcase classname="backend.tests.test_final_certification.TestCONTACT" name="test_CONTACT01_submit_returns_200_and_stores" time="0.460" /><testcase classname="backend.tests.test_final_certification.TestCONTACT" name="test_CONTACT02_missing_message_returns_422" time="0.103" /><testcase classname="backend.tests.test_final_certification.TestEFI" name="test_EFI01_failure_cards_returns_200" time="0.149" /><testcase classname="backend.tests.test_final_certification.TestPLATFORM" name="test_PLATFORM01_list_organizations" time="0.351" /><testcase classname="backend.tests.test_final_certification.TestDB" name="test_DB01_contact_submissions_collection_exists" time="0.004" /><testcase classname="backend.tests.test_final_certification.TestDB" name="test_DB02_webhook_logs_has_org_id_index" time="0.005" /><testcase classname="backend.tests.test_final_certification.TestDEPS" name="test_DEPS01_pip_audit_no_unfixed_cves" time="1.030" /><testcase classname="backend.tests.test_final_certification.TestDEPS" name="test_DEPS02_yarn_audit_acceptable" time="1.260" /></testsuite></testsuites>