<?xml version="1.0" encoding="utf-8"?><testsuites name="pytest tests"><testsuite name="pytest" errors="1" failures="4" skipped="0" tests="35" time="11.949" timestamp="2026-02-24T09:07:49.453616+00:00" hostname="agent-env-b4cdb0f1-98cb-4c62-be85-b5e153824bde"><testcase classname="backend.tests.test_final_certification.TestINFRA" name="test_INFRA01_health_check" time="2.166" /><testcase classname="backend.tests.test_final_certification.TestINFRA" name="test_INFRA02_security_headers_on_health" time="0.144" /><testcase classname="backend.tests.test_final_certification.TestINFRA" name="test_INFRA02_security_headers_on_login" time="0.131" /><testcase classname="backend.tests.test_final_certification.TestINFRA" name="test_INFRA02_security_headers_on_contact" time="0.487" /><testcase classname="backend.tests.test_final_certification.TestINFRA" name="test_INFRA03_public_contact_is_non_401" time="0.459" /><testcase classname="backend.tests.test_final_certification.TestINFRA" name="test_INFRA03_public_org_register_is_non_401" time="0.113" /><testcase classname="backend.tests.test_final_certification.TestINFRA" name="test_INFRA03_public_org_signup_is_non_401" time="0.117" /><testcase classname="backend.tests.test_final_certification.TestINFRA" name="test_INFRA04_protected_tickets_returns_401" time="0.096" /><testcase classname="backend.tests.test_final_certification.TestINFRA" name="test_INFRA04_protected_invoices_enhanced_returns_401" time="0.100" /><testcase classname="backend.tests.test_final_certification.TestINFRA" name="test_INFRA04_protected_hr_employees_returns_401" time="0.103" /><testcase classname="backend.tests.test_final_certification.TestINFRA" name="test_INFRA04_protected_trial_balance_returns_401" time="0.142" /><testcase classname="backend.tests.test_final_certification.TestAUTH" name="test_AUTH01_admin_login_full_response" time="0.364" /><testcase classname="backend.tests.test_final_certification.TestAUTH" name="test_AUTH01_invalid_credentials_rejected" time="0.343" /><testcase classname="backend.tests.test_final_certification.TestAUTH" name="test_AUTH02_tech_login_succeeds" time="0.361" /><testcase classname="backend.tests.test_final_certification.TestAUTH" name="test_AUTH02_tech_cannot_access_payroll" time="0.375" /><testcase classname="backend.tests.test_final_certification.TestAUTH" name="test_AUTH03_cross_tenant_returns_403" time="0.348" /><testcase classname="backend.tests.test_final_certification.TestFINANCE" name="test_FINANCE01_trial_balance_is_balanced" time="0.126" /><testcase classname="backend.tests.test_final_certification.TestFINANCE" name="test_FINANCE02_profit_loss_returns_200" time="0.124" /><testcase classname="backend.tests.test_final_certification.TestFINANCE" name="test_FINANCE03_balance_sheet_returns_200" time="0.123" /><testcase classname="backend.tests.test_final_certification.TestOPERATIONS" name="test_OPERATIONS01_tickets_paginated" time="0.129" /><testcase classname="backend.tests.test_final_certification.TestOPERATIONS" name="test_OPERATIONS02_invoices_enhanced_returns_200" time="0.229"><failure message="AssertionError: OPERATIONS-02: 401: {&quot;detail&quot;:&quot;Authentication required&quot;,&quot;code&quot;:&quot;AUTH_REQUIRED&quot;}&#10;assert 401 == 200&#10; +  where 401 = &lt;Response [401]&gt;.status_code">backend/tests/test_final_certification.py:395: in test_OPERATIONS02_invoices_enhanced_returns_200
    assert resp.status_code == 200, f"OPERATIONS-02: {resp.status_code}: {resp.text}"
E   AssertionError: OPERATIONS-02: 401: {"detail":"Authentication required","code":"AUTH_REQUIRED"}
E   assert 401 == 200
E    +  where 401 = &lt;Response [401]&gt;.status_code</failure></testcase><testcase classname="backend.tests.test_final_certification.TestOPERATIONS" name="test_OPERATIONS03_inventory_paginated" time="0.105" /><testcase classname="backend.tests.test_final_certification.TestOPERATIONS" name="test_OPERATIONS04_contacts_enhanced_returns_200" time="0.254"><failure message="AssertionError: OPERATIONS-04: 401: {&quot;detail&quot;:&quot;Authentication required&quot;,&quot;code&quot;:&quot;AUTH_REQUIRED&quot;}&#10;assert 401 == 200&#10; +  where 401 = &lt;Response [401]&gt;.status_code">backend/tests/test_final_certification.py:415: in test_OPERATIONS04_contacts_enhanced_returns_200
    assert resp.status_code == 200, f"OPERATIONS-04: {resp.status_code}: {resp.text}"
E   AssertionError: OPERATIONS-04: 401: {"detail":"Authentication required","code":"AUTH_REQUIRED"}
E   assert 401 == 200
E    +  where 401 = &lt;Response [401]&gt;.status_code</failure></testcase><testcase classname="backend.tests.test_final_certification.TestHR" name="test_HR01_employees_returns_200" time="0.110" /><testcase classname="backend.tests.test_final_certification.TestHR" name="test_HR02_form16_returns_200" time="0.114" /><testcase classname="backend.tests.test_final_certification.TestSECURITY" name="test_SECURITY01_xss_title_sanitized" time="0.129" /><testcase classname="backend.tests.test_final_certification.TestSECURITY" name="test_SECURITY02_webhook_idempotency" time="0.750" /><testcase classname="backend.tests.test_final_certification.TestCONTACT" name="test_CONTACT01_submit_returns_200_and_stores" time="0.350" /><testcase classname="backend.tests.test_final_certification.TestCONTACT" name="test_CONTACT02_missing_message_returns_422" time="0.121" /><testcase classname="backend.tests.test_final_certification.TestEFI" name="test_EFI01_failure_cards_returns_200" time="0.135" /><testcase classname="backend.tests.test_final_certification.TestPLATFORM" name="test_PLATFORM01_list_organizations" time="0.356" /><testcase classname="backend.tests.test_final_certification.TestDB" name="test_DB01_contact_submissions_collection_exists" time="0.004" /><testcase classname="backend.tests.test_final_certification.TestDB" name="test_DB02_webhook_logs_has_org_id_index" time="0.004" /><testcase classname="backend.tests.test_final_certification.TestDEPS" name="test_DEPS01_pip_audit_no_unfixed_cves" time="1.397"><failure message="AssertionError: DEPS-01: pip-audit found unfixed CVEs (exit=1)&#10;  Output: Name  Version ID             Fix Versions&#10;  ----- ------- -------------- ------------&#10;  ecdsa 0.19.1  CVE-2024-23342&#10;  Name                 Skip Reason&#10;  -------------------- -----------------------------------------------------------------------------------&#10;  emergentintegrations Dependency not found on PyPI and could not be audited: emergentintegrations (0.1.0)&#10;  Found 1 known vulnerability in 1 package&#10;  &#10;assert 1 == 0&#10; +  where 1 = CompletedProcess(args=['pip-audit', '--ignore-vuln', 'GHSA-3f63-hfp8-52jq'], returncode=1, stdout='Name  Version ID             Fix Versions\n----- ------- -------------- ------------\necdsa 0.19.1  CVE-2024-23342\nName                 Skip Reason\n-------------------- -----------------------------------------------------------------------------------\nemergentintegrations Dependency not found on PyPI and could not be audited: emergentintegrations (0.1.0)\n', stderr='Found 1 known vulnerability in 1 package\n').returncode">backend/tests/test_final_certification.py:679: in test_DEPS01_pip_audit_no_unfixed_cves
    assert result.returncode == 0, (
E   AssertionError: DEPS-01: pip-audit found unfixed CVEs (exit=1)
E     Output: Name  Version ID             Fix Versions
E     ----- ------- -------------- ------------
E     ecdsa 0.19.1  CVE-2024-23342
E     Name                 Skip Reason
E     -------------------- -----------------------------------------------------------------------------------
E     emergentintegrations Dependency not found on PyPI and could not be audited: emergentintegrations (0.1.0)
E     Found 1 known vulnerability in 1 package
E     
E   assert 1 == 0
E    +  where 1 = CompletedProcess(args=['pip-audit', '--ignore-vuln', 'GHSA-3f63-hfp8-52jq'], returncode=1, stdout='Name  Version ID             Fix Versions\n----- ------- -------------- ------------\necdsa 0.19.1  CVE-2024-23342\nName                 Skip Reason\n-------------------- -----------------------------------------------------------------------------------\nemergentintegrations Dependency not found on PyPI and could not be audited: emergentintegrations (0.1.0)\n', stderr='Found 1 known vulnerability in 1 package\n').returncode</failure></testcase><testcase classname="backend.tests.test_final_certification.TestDEPS" name="test_DEPS02_yarn_audit_acceptable" time="1.200"><failure message="AssertionError: DEPS-02: 1 HIGH vuln(s) WITH available fix — must be patched: output={&quot;type&quot;:&quot;auditAdvisory&quot;,&quot;data&quot;:{&quot;resolution&quot;:{&quot;id&quot;:1113217,&quot;path&quot;:&quot;react-scripts&gt;bfj&gt;jsonpath&quot;,&quot;dev&quot;:false,&quot;bundled&quot;:false,&quot;optional&quot;:false},&quot;advisory&quot;:{&quot;findings&quot;:[{&quot;version&quot;:&quot;1.1.1&quot;,&quot;paths&quot;:[&quot;react-scripts&gt;bfj&gt;jsonpath&quot;]}],&quot;found_by&quot;:null,&quot;deleted&quot;:null,&quot;references&quot;:&quot;- https://nvd.nist.gov/vuln/detail/CVE-2026-1615\n- https://security.snyk.io/vuln/SNYK-JAVA-ORGWEBJARSNPM-15141219\n- https://security.snyk.io/vuln/SNYK-JS-JSONPATH-13645034\n- https://github.com/dchester/jsonpath/blob/c1dd8ec7403&#10;assert 1 == 0">backend/tests/test_final_certification.py:729: in test_DEPS02_yarn_audit_acceptable
    assert fixable_high_count == 0, (
E   AssertionError: DEPS-02: 1 HIGH vuln(s) WITH available fix — must be patched: output={"type":"auditAdvisory","data":{"resolution":{"id":1113217,"path":"react-scripts&gt;bfj&gt;jsonpath","dev":false,"bundled":false,"optional":false},"advisory":{"findings":[{"version":"1.1.1","paths":["react-scripts&gt;bfj&gt;jsonpath"]}],"found_by":null,"deleted":null,"references":"- https://nvd.nist.gov/vuln/detail/CVE-2026-1615\n- https://security.snyk.io/vuln/SNYK-JAVA-ORGWEBJARSNPM-15141219\n- https://security.snyk.io/vuln/SNYK-JS-JSONPATH-13645034\n- https://github.com/dchester/jsonpath/blob/c1dd8ec7403
E   assert 1 == 0</failure></testcase><testcase classname="backend.tests.test_final_certification.TestDEPS" name="test_DEPS02_yarn_audit_acceptable" time="0.001"><error message="failed on teardown with &quot;RuntimeError: Event loop is closed&quot;">backend/tests/test_final_certification.py:150: in platform_admin_token
    asyncio.run(_teardown())
/usr/local/lib/python3.11/asyncio/runners.py:190: in run
    return runner.run(main)
           ^^^^^^^^^^^^^^^^
/usr/local/lib/python3.11/asyncio/runners.py:118: in run
    return self._loop.run_until_complete(task)
           ^^^^^^^^^^^^^^^^^^^^^^^^^^^^^^^^^^^
/usr/local/lib/python3.11/asyncio/base_events.py:654: in run_until_complete
    return future.result()
           ^^^^^^^^^^^^^^^
backend/tests/test_final_certification.py:126: in _teardown
    await db.users.update_one(
/root/.venv/lib/python3.11/site-packages/motor/metaprogramming.py:75: in method
    return framework.run_on_executor(
/root/.venv/lib/python3.11/site-packages/motor/frameworks/asyncio/__init__.py:85: in run_on_executor
    return loop.run_in_executor(_EXECUTOR, functools.partial(fn, *args, **kwargs))
           ^^^^^^^^^^^^^^^^^^^^^^^^^^^^^^^^^^^^^^^^^^^^^^^^^^^^^^^^^^^^^^^^^^^^^^^
/usr/local/lib/python3.11/asyncio/base_events.py:817: in run_in_executor
    self._check_closed()
/usr/local/lib/python3.11/asyncio/base_events.py:520: in _check_closed
    raise RuntimeError('Event loop is closed')
E   RuntimeError: Event loop is closed</error></testcase></testsuite></testsuites>