<?xml version="1.0" encoding="utf-8"?><testsuites name="pytest tests"><testsuite name="pytest" errors="0" failures="1" skipped="0" tests="21" time="4.740" timestamp="2026-02-24T09:07:21.096871+00:00" hostname="agent-env-b4cdb0f1-98cb-4c62-be85-b5e153824bde"><testcase classname="backend.tests.test_final_certification.TestINFRA" name="test_INFRA01_health_check" time="0.251" /><testcase classname="backend.tests.test_final_certification.TestINFRA" name="test_INFRA02_security_headers_on_health" time="0.106" /><testcase classname="backend.tests.test_final_certification.TestINFRA" name="test_INFRA02_security_headers_on_login" time="0.152" /><testcase classname="backend.tests.test_final_certification.TestINFRA" name="test_INFRA02_security_headers_on_contact" time="0.501" /><testcase classname="backend.tests.test_final_certification.TestINFRA" name="test_INFRA03_public_contact_is_non_401" time="0.308" /><testcase classname="backend.tests.test_final_certification.TestINFRA" name="test_INFRA03_public_org_register_is_non_401" time="0.114" /><testcase classname="backend.tests.test_final_certification.TestINFRA" name="test_INFRA03_public_org_signup_is_non_401" time="0.110" /><testcase classname="backend.tests.test_final_certification.TestINFRA" name="test_INFRA04_protected_tickets_returns_401" time="0.103" /><testcase classname="backend.tests.test_final_certification.TestINFRA" name="test_INFRA04_protected_invoices_enhanced_returns_401" time="0.105" /><testcase classname="backend.tests.test_final_certification.TestINFRA" name="test_INFRA04_protected_hr_employees_returns_401" time="0.094" /><testcase classname="backend.tests.test_final_certification.TestINFRA" name="test_INFRA04_protected_trial_balance_returns_401" time="0.110" /><testcase classname="backend.tests.test_final_certification.TestAUTH" name="test_AUTH01_admin_login_full_response" time="0.327" /><testcase classname="backend.tests.test_final_certification.TestAUTH" name="test_AUTH01_invalid_credentials_rejected" time="0.342" /><testcase classname="backend.tests.test_final_certification.TestAUTH" name="test_AUTH02_tech_login_succeeds" time="0.332" /><testcase classname="backend.tests.test_final_certification.TestAUTH" name="test_AUTH02_tech_cannot_access_payroll" time="0.334" /><testcase classname="backend.tests.test_final_certification.TestAUTH" name="test_AUTH03_cross_tenant_returns_403" time="0.372" /><testcase classname="backend.tests.test_final_certification.TestFINANCE" name="test_FINANCE01_trial_balance_is_balanced" time="0.117" /><testcase classname="backend.tests.test_final_certification.TestFINANCE" name="test_FINANCE02_profit_loss_returns_200" time="0.130" /><testcase classname="backend.tests.test_final_certification.TestFINANCE" name="test_FINANCE03_balance_sheet_returns_200" time="0.175" /><testcase classname="backend.tests.test_final_certification.TestOPERATIONS" name="test_OPERATIONS01_tickets_paginated" time="0.115" /><testcase classname="backend.tests.test_final_certification.TestOPERATIONS" name="test_OPERATIONS02_invoices_enhanced_returns_200" time="0.330"><failure message="AssertionError: OPERATIONS-02: 401: {&quot;detail&quot;:&quot;Authentication required&quot;,&quot;code&quot;:&quot;AUTH_REQUIRED&quot;}&#10;assert 401 == 200&#10; +  where 401 = &lt;Response [401]&gt;.status_code">backend/tests/test_final_certification.py:394: in test_OPERATIONS02_invoices_enhanced_returns_200
    assert resp.status_code == 200, f"OPERATIONS-02: {resp.status_code}: {resp.text}"
E   AssertionError: OPERATIONS-02: 401: {"detail":"Authentication required","code":"AUTH_REQUIRED"}
E   assert 401 == 200
E    +  where 401 = &lt;Response [401]&gt;.status_code</failure></testcase></testsuite></testsuites>