<?xml version="1.0" encoding="utf-8"?><testsuites name="pytest tests"><testsuite name="pytest" errors="0" failures="0" skipped="459" tests="2391" time="719.614" timestamp="2026-03-07T06:43:49.212200+00:00" hostname="agent-env-ecda066f-0337-4830-9d0f-3c6d0d4f44cd"><testcase classname="tests.test_accounting_comprehensive.TestCreateJournalEntry" name="test_create_balanced_entry" time="1.927" /><testcase classname="tests.test_accounting_comprehensive.TestCreateJournalEntry" name="test_create_unbalanced_entry_rejected" time="0.048" /><testcase classname="tests.test_accounting_comprehensive.TestCreateJournalEntry" name="test_create_je_requires_auth" time="0.004" /><testcase classname="tests.test_accounting_comprehensive.TestCreateJournalEntry" name="test_create_je_locked_period" time="0.044" /><testcase classname="tests.test_accounting_comprehensive.TestListJournalEntries" name="test_list_entries" time="0.014" /><testcase classname="tests.test_accounting_comprehensive.TestListJournalEntries" name="test_list_cursor_pagination" time="0.020" /><testcase classname="tests.test_accounting_comprehensive.TestListJournalEntries" name="test_list_requires_auth" time="0.003" /><testcase classname="tests.test_accounting_comprehensive.TestGetJournalEntry" name="test_get_entry" time="0.053" /><testcase classname="tests.test_accounting_comprehensive.TestGetJournalEntry" name="test_get_nonexistent_entry" time="0.008" /><testcase classname="tests.test_accounting_comprehensive.TestReverseJournalEntry" name="test_reverse_entry" time="0.291" /><testcase classname="tests.test_accounting_comprehensive.TestChartOfAccounts" name="test_get_chart" time="0.011" /><testcase classname="tests.test_accounting_comprehensive.TestChartOfAccounts" name="test_chart_requires_auth" time="0.003" /><testcase classname="tests.test_accounting_comprehensive.TestTrialBalance" name="test_trial_balance" time="0.033" /><testcase classname="tests.test_accounting_comprehensive.TestTrialBalance" name="test_profit_loss" time="0.024" /><testcase classname="tests.test_accounting_comprehensive.TestTrialBalance" name="test_balance_sheet" time="0.055" /><testcase classname="tests.test_accounting_comprehensive.TestBankingAccounts" name="test_list_accounts" time="0.015" /><testcase classname="tests.test_accounting_comprehensive.TestBankingAccounts" name="test_get_constants" time="0.013" /><testcase classname="tests.test_accounting_comprehensive.TestBankingAccounts" name="test_summary" time="0.016" /><testcase classname="tests.test_accounting_comprehensive.TestBankingAccounts" name="test_list_requires_auth" time="0.003" /><testcase classname="tests.test_accounting_comprehensive.TestBankAccount" name="test_create_account" time="0.080" /><testcase classname="tests.test_accounting_comprehensive.TestBankAccount" name="test_get_account" time="0.011" /><testcase classname="tests.test_accounting_comprehensive.TestBankAccount" name="test_get_balance" time="0.008" /><testcase classname="tests.test_accounting_comprehensive.TestBankAccount" name="test_update_account" time="0.009" /><testcase classname="tests.test_accounting_comprehensive.TestBankTransactions" name="test_record_transaction" time="0.097" /><testcase classname="tests.test_accounting_comprehensive.TestBankTransactions" name="test_get_transactions" time="0.012" /><testcase classname="tests.test_accounting_comprehensive.TestBankTransactions" name="test_reconcile_transaction" time="0.009" /><testcase classname="tests.test_ai_diagnostic_assistant.TestAIAssistHealthEndpoint" name="test_ai_health_endpoint_available" time="0.012" /><testcase classname="tests.test_ai_diagnostic_assistant.TestAIAssistDiagnoseEndpoint" name="test_diagnose_battery_issue_admin" time="0.000"><skipped type="pytest.skip" message="Depends on external AI service (Gemini API key)">/app/backend/tests/test_ai_diagnostic_assistant.py:59: Depends on external AI service (Gemini API key)</skipped></testcase><testcase classname="tests.test_ai_diagnostic_assistant.TestAIAssistDiagnoseEndpoint" name="test_diagnose_motor_issue_technician" time="0.000"><skipped type="pytest.skip" message="Depends on external AI service (Gemini API key)">/app/backend/tests/test_ai_diagnostic_assistant.py:96: Depends on external AI service (Gemini API key)</skipped></testcase><testcase classname="tests.test_ai_diagnostic_assistant.TestAIAssistDiagnoseEndpoint" name="test_diagnose_electrical_issue" time="0.000"><skipped type="pytest.skip" message="Depends on external AI service (Gemini API key)">/app/backend/tests/test_ai_diagnostic_assistant.py:127: Depends on external AI service (Gemini API key)</skipped></testcase><testcase classname="tests.test_ai_diagnostic_assistant.TestAIAssistDiagnoseEndpoint" name="test_diagnose_charging_issue" time="0.000"><skipped type="pytest.skip" message="Depends on external AI service (Gemini API key)">/app/backend/tests/test_ai_diagnostic_assistant.py:153: Depends on external AI service (Gemini API key)</skipped></testcase><testcase classname="tests.test_ai_diagnostic_assistant.TestAIAssistDiagnoseEndpoint" name="test_diagnose_with_dtc_codes" time="0.000"><skipped type="pytest.skip" message="Depends on external AI service (Gemini API key)">/app/backend/tests/test_ai_diagnostic_assistant.py:180: Depends on external AI service (Gemini API key)</skipped></testcase><testcase classname="tests.test_ai_diagnostic_assistant.TestAIAssistDiagnoseEndpoint" name="test_diagnose_minimal_input" time="0.000"><skipped type="pytest.skip" message="Depends on external AI service (Gemini API key)">/app/backend/tests/test_ai_diagnostic_assistant.py:208: Depends on external AI service (Gemini API key)</skipped></testcase><testcase classname="tests.test_ai_diagnostic_assistant.TestAuthenticationEndpoints" name="test_admin_login_success" time="0.235" /><testcase classname="tests.test_ai_diagnostic_assistant.TestAuthenticationEndpoints" name="test_technician_login_success" time="0.235" /><testcase classname="tests.test_ai_diagnostic_assistant.TestAuthenticationEndpoints" name="test_invalid_login_rejected" time="0.010" /><testcase classname="tests.test_ai_token_service.TestAITokenService" name="test_get_token_status_returns_correct_structure" time="0.011" /><testcase classname="tests.test_ai_token_service.TestAITokenService" name="test_consume_token_decrements_count" time="0.004" /><testcase classname="tests.test_ai_token_service.TestAITokenService" name="test_consume_token_rejects_when_limit_reached" time="0.002" /><testcase classname="tests.test_ai_token_service.TestAITokenService" name="test_lazy_monthly_reset_works" time="0.003" /><testcase classname="tests.test_ai_token_service.TestAITokenService" name="test_free_trial_expires_after_14_days" time="0.003" /><testcase classname="tests.test_ai_token_service.TestAITokenService" name="test_enterprise_has_unlimited_tokens" time="0.002" /><testcase classname="tests.test_ai_token_service.TestAITokenService" name="test_api_endpoint_returns_200_with_valid_auth" time="0.242" /><testcase classname="tests.test_ai_token_service.TestAITokenService" name="test_api_endpoint_returns_401_without_auth" time="0.003" /><testcase classname="tests.test_amc_comprehensive.TestAMCPlanCreate" name="test_create_plan_returns_id" time="0.248" /><testcase classname="tests.test_amc_comprehensive.TestAMCPlanCreate" name="test_create_plan_has_name" time="0.001" /><testcase classname="tests.test_amc_comprehensive.TestAMCPlanList" name="test_list_plans" time="0.074" /><testcase classname="tests.test_amc_comprehensive.TestAMCPlanList" name="test_list_plans_requires_auth" time="0.003" /><testcase classname="tests.test_amc_comprehensive.TestAMCPlanGetUpdate" name="test_get_plan" time="0.014" /><testcase classname="tests.test_amc_comprehensive.TestAMCPlanGetUpdate" name="test_get_nonexistent_plan_404" time="0.008" /><testcase classname="tests.test_amc_comprehensive.TestAMCPlanGetUpdate" name="test_update_plan" time="0.013" /><testcase classname="tests.test_amc_comprehensive.TestAMCPlanGetUpdate" name="test_deactivate_plan" time="0.008" /><testcase classname="tests.test_amc_comprehensive.TestAMCSubscriptions" name="test_create_subscription" time="0.019" /><testcase classname="tests.test_amc_comprehensive.TestAMCSubscriptions" name="test_list_subscriptions" time="0.012" /><testcase classname="tests.test_amc_comprehensive.TestAMCSubscriptions" name="test_get_subscription" time="0.023" /><testcase classname="tests.test_amc_comprehensive.TestAMCSubscriptions" name="test_get_nonexistent_subscription_404" time="0.008" /><testcase classname="tests.test_amc_comprehensive.TestAMCSubscriptions" name="test_record_service_usage" time="0.011" /><testcase classname="tests.test_amc_comprehensive.TestAMCSubscriptions" name="test_cancel_subscription" time="0.012" /><testcase classname="tests.test_amc_comprehensive.TestAMCAnalytics" name="test_get_analytics" time="0.012" /><testcase classname="tests.test_amc_comprehensive.TestPlansByCategory" name="test_plans_by_category" time="0.085" /><testcase classname="tests.test_amc_comprehensive.TestPlansByCategory" name="test_plans_by_category_filter" time="0.013" /><testcase classname="tests.test_audit_logging.TestInvoiceCreateAudit" name="test_audit_entry_exists" time="0.282" /><testcase classname="tests.test_audit_logging.TestInvoiceCreateAudit" name="test_schema_complete" time="0.010" /><testcase classname="tests.test_audit_logging.TestInvoiceCreateAudit" name="test_before_snapshot_null_for_create" time="0.010" /><testcase classname="tests.test_audit_logging.TestInvoiceCreateAudit" name="test_after_snapshot_has_data" time="0.010" /><testcase classname="tests.test_audit_logging.TestInvoiceCreateAudit" name="test_org_id_populated" time="0.010" /><testcase classname="tests.test_audit_logging.TestInvoiceCreateAudit" name="test_timestamp_present" time="0.010" /><testcase classname="tests.test_audit_logging.TestInvoiceUpdateAudit" name="test_update_creates_audit" time="0.024" /><testcase classname="tests.test_audit_logging.TestInvoiceUpdateAudit" name="test_before_snapshot_present" time="0.009" /><testcase classname="tests.test_audit_logging.TestInvoiceUpdateAudit" name="test_after_snapshot_present" time="0.019" /><testcase classname="tests.test_audit_logging.TestInvoiceVoidAudit" name="test_void_creates_audit" time="0.027" /><testcase classname="tests.test_audit_logging.TestInvoiceVoidAudit" name="test_void_before_snapshot" time="0.008" /><testcase classname="tests.test_audit_logging.TestInvoiceVoidAudit" name="test_void_after_snapshot" time="0.008" /><testcase classname="tests.test_audit_logging.TestJournalEntryAudit" name="test_journal_audit_exists" time="0.013" /><testcase classname="tests.test_audit_logging.TestUserRolePopulated" name="test_user_role_not_empty" time="0.010" /><testcase classname="tests.test_audit_logging.TestUserRolePopulated" name="test_user_role_is_valid_role" time="0.033" /><testcase classname="tests.test_banking_stock_transfers.TestSeedUtility" name="test_seed_all_data" time="1.460" /><testcase classname="tests.test_banking_stock_transfers.TestBankingAccounts" name="test_list_bank_accounts" time="0.000"><skipped type="pytest.skip" message="Banking accounts response format mismatch — bank_account_id field">/app/backend/tests/test_banking_stock_transfers.py:63: Banking accounts response format mismatch — bank_account_id field</skipped></testcase><testcase classname="tests.test_banking_stock_transfers.TestBankingAccounts" name="test_get_single_bank_account" time="0.071"><skipped type="pytest.skip" message="No bank accounts to test">/app/backend/tests/test_banking_stock_transfers.py:89: No bank accounts to test</skipped></testcase><testcase classname="tests.test_banking_stock_transfers.TestBankingDashboard" name="test_dashboard_stats" time="0.012" /><testcase classname="tests.test_banking_stock_transfers.TestChartOfAccounts" name="test_list_chart_of_accounts" time="0.010" /><testcase classname="tests.test_banking_stock_transfers.TestChartOfAccounts" name="test_create_chart_account" time="0.009" /><testcase classname="tests.test_banking_stock_transfers.TestTrialBalance" name="test_trial_balance_report" time="0.008" /><testcase classname="tests.test_banking_stock_transfers.TestFinancialReports" name="test_profit_loss_report" time="0.013" /><testcase classname="tests.test_banking_stock_transfers.TestFinancialReports" name="test_balance_sheet_report" time="0.016" /><testcase classname="tests.test_banking_stock_transfers.TestFinancialReports" name="test_cash_flow_report" time="0.009" /><testcase classname="tests.test_banking_stock_transfers.TestJournalEntries" name="test_list_journal_entries" time="0.017" /><testcase classname="tests.test_banking_stock_transfers.TestJournalEntries" name="test_create_journal_entry_balanced" time="0.018" /><testcase classname="tests.test_banking_stock_transfers.TestJournalEntries" name="test_create_journal_entry_unbalanced_fails" time="0.015" /><testcase classname="tests.test_banking_stock_transfers.TestReconciliation" name="test_reconciliation_history" time="0.007" /><testcase classname="tests.test_banking_stock_transfers.TestReconciliation" name="test_start_reconciliation" time="0.013"><skipped type="pytest.skip" message="No bank accounts for reconciliation">/app/backend/tests/test_banking_stock_transfers.py:291: No bank accounts for reconciliation</skipped></testcase><testcase classname="tests.test_banking_stock_transfers.TestStockTransfers" name="test_list_stock_transfers" time="0.000"><skipped type="pytest.skip" message="Stock Transfers requires Enterprise plan subscription">/app/backend/tests/test_banking_stock_transfers.py:310: Stock Transfers requires Enterprise plan subscription</skipped></testcase><testcase classname="tests.test_banking_stock_transfers.TestStockTransfers" name="test_stock_transfers_stats" time="0.000"><skipped type="pytest.skip" message="Stock Transfers requires Enterprise plan subscription">/app/backend/tests/test_banking_stock_transfers.py:324: Stock Transfers requires Enterprise plan subscription</skipped></testcase><testcase classname="tests.test_banking_stock_transfers.TestStockTransfers" name="test_stock_transfers_filter_by_status" time="0.000"><skipped type="pytest.skip" message="Stock Transfers requires Enterprise plan subscription">/app/backend/tests/test_banking_stock_transfers.py:336: Stock Transfers requires Enterprise plan subscription</skipped></testcase><testcase classname="tests.test_banking_stock_transfers.TestInventoryEnhanced" name="test_list_warehouses" time="0.000"><skipped type="pytest.skip" message="Feature not available — requires Enterprise plan (Multi-Warehouse)">/app/backend/tests/test_banking_stock_transfers.py:352: Feature not available — requires Enterprise plan (Multi-Warehouse)</skipped></testcase><testcase classname="tests.test_banking_stock_transfers.TestInventoryEnhanced" name="test_list_stock" time="2.152" /><testcase classname="tests.test_banking_stock_transfers.TestNavigationIntegration" name="test_stock_transfers_page_data" time="0.000"><skipped type="pytest.skip" message="Feature not available — requires Enterprise plan (Stock Transfers)">/app/backend/tests/test_banking_stock_transfers.py:379: Feature not available — requires Enterprise plan (Stock Transfers)</skipped></testcase><testcase classname="tests.test_banking_stock_transfers.TestNavigationIntegration" name="test_accountant_page_data" time="0.082" /><testcase classname="tests.test_bills_inventory_enhanced.TestBillsEnhancedSummary" name="test_get_bills_summary" time="0.024" /><testcase classname="tests.test_bills_inventory_enhanced.TestBillsEnhancedCRUD" name="test_create_bill" time="0.271" /><testcase classname="tests.test_bills_inventory_enhanced.TestBillsEnhancedCRUD" name="test_list_bills" time="0.282" /><testcase classname="tests.test_bills_inventory_enhanced.TestBillsEnhancedCRUD" name="test_get_bill_detail" time="0.277" /><testcase classname="tests.test_bills_inventory_enhanced.TestBillsEnhancedCRUD" name="test_open_bill" time="0.388" /><testcase classname="tests.test_bills_inventory_enhanced.TestBillPayments" name="test_record_payment" time="0.169" /><testcase classname="tests.test_bills_inventory_enhanced.TestBillPayments" name="test_get_bill_payments" time="0.048" /><testcase classname="tests.test_bills_inventory_enhanced.TestBillActions" name="test_clone_bill" time="0.054" /><testcase classname="tests.test_bills_inventory_enhanced.TestPurchaseOrdersSummary" name="test_get_po_summary" time="0.052" /><testcase classname="tests.test_bills_inventory_enhanced.TestPurchaseOrdersCRUD" name="test_create_purchase_order" time="0.296" /><testcase classname="tests.test_bills_inventory_enhanced.TestPurchaseOrdersCRUD" name="test_list_purchase_orders" time="0.290" /><testcase classname="tests.test_bills_inventory_enhanced.TestPurchaseOrdersCRUD" name="test_get_purchase_order_detail" time="0.286" /><testcase classname="tests.test_bills_inventory_enhanced.TestPurchaseOrderStatusTransitions" name="test_issue_purchase_order" time="0.097" /><testcase classname="tests.test_bills_inventory_enhanced.TestPurchaseOrderStatusTransitions" name="test_receive_purchase_order" time="0.098" /><testcase classname="tests.test_bills_inventory_enhanced.TestPurchaseOrderStatusTransitions" name="test_convert_po_to_bill" time="0.104" /><testcase classname="tests.test_bills_inventory_enhanced.TestBillsReports" name="test_aging_report" time="0.051" /><testcase classname="tests.test_bills_inventory_enhanced.TestBillsReports" name="test_vendor_wise_report" time="0.050" /><testcase classname="tests.test_bills_inventory_enhanced.TestInventorySummary" name="test_get_inventory_summary" time="72.046" /><testcase classname="tests.test_bills_inventory_enhanced.TestWarehouseManagement" name="test_list_warehouses" time="0.000"><skipped type="pytest.skip" message="Feature gated: requires 'inventory_multi_warehouse' entitlement">/app/backend/tests/test_bills_inventory_enhanced.py:447: Feature gated: requires 'inventory_multi_warehouse' entitlement</skipped></testcase><testcase classname="tests.test_bills_inventory_enhanced.TestWarehouseManagement" name="test_create_warehouse" time="0.000"><skipped type="pytest.skip" message="Feature gated: requires 'inventory_multi_warehouse' entitlement">/app/backend/tests/test_bills_inventory_enhanced.py:455: Feature gated: requires 'inventory_multi_warehouse' entitlement</skipped></testcase><testcase classname="tests.test_bills_inventory_enhanced.TestWarehouseManagement" name="test_get_warehouse_detail" time="0.000"><skipped type="pytest.skip" message="Feature gated: requires 'inventory_multi_warehouse' entitlement">/app/backend/tests/test_bills_inventory_enhanced.py:477: Feature gated: requires 'inventory_multi_warehouse' entitlement</skipped></testcase><testcase classname="tests.test_bills_inventory_enhanced.TestItemVariants" name="test_create_variant" time="0.415" /><testcase classname="tests.test_bills_inventory_enhanced.TestItemVariants" name="test_list_variants" time="6.390" /><testcase classname="tests.test_bills_inventory_enhanced.TestItemVariants" name="test_get_variant_detail" time="0.392" /><testcase classname="tests.test_bills_inventory_enhanced.TestBundlesKits" name="test_create_bundle" time="0.370" /><testcase classname="tests.test_bills_inventory_enhanced.TestBundlesKits" name="test_list_bundles" time="0.374" /><testcase classname="tests.test_bills_inventory_enhanced.TestBundlesKits" name="test_get_bundle_detail" time="0.380" /><testcase classname="tests.test_bills_inventory_enhanced.TestSerialBatchTracking" name="test_create_serial_number" time="0.369"><skipped type="pytest.skip" message="Need item and warehouse for serial/batch testing">/app/backend/tests/test_bills_inventory_enhanced.py:668: Need item and warehouse for serial/batch testing</skipped></testcase><testcase classname="tests.test_bills_inventory_enhanced.TestSerialBatchTracking" name="test_create_batch" time="0.369"><skipped type="pytest.skip" message="Need item and warehouse for serial/batch testing">/app/backend/tests/test_bills_inventory_enhanced.py:688: Need item and warehouse for serial/batch testing</skipped></testcase><testcase classname="tests.test_bills_inventory_enhanced.TestSerialBatchTracking" name="test_list_serial_batches" time="0.372"><skipped type="pytest.skip" message="Need item and warehouse for serial/batch testing">/app/backend/tests/test_bills_inventory_enhanced.py:710: Need item and warehouse for serial/batch testing</skipped></testcase><testcase classname="tests.test_bills_inventory_enhanced.TestStockAdjustments" name="test_add_stock_adjustment" time="0.369"><skipped type="pytest.skip" message="Need item and warehouse for adjustment testing">/app/backend/tests/test_bills_inventory_enhanced.py:743: Need item and warehouse for adjustment testing</skipped></testcase><testcase classname="tests.test_bills_inventory_enhanced.TestStockAdjustments" name="test_subtract_stock_adjustment" time="0.369"><skipped type="pytest.skip" message="Need item and warehouse for adjustment testing">/app/backend/tests/test_bills_inventory_enhanced.py:765: Need item and warehouse for adjustment testing</skipped></testcase><testcase classname="tests.test_bills_inventory_enhanced.TestStockAdjustments" name="test_list_adjustments" time="0.368"><skipped type="pytest.skip" message="Need item and warehouse for adjustment testing">/app/backend/tests/test_bills_inventory_enhanced.py:784: Need item and warehouse for adjustment testing</skipped></testcase><testcase classname="tests.test_bills_inventory_enhanced.TestInventoryReports" name="test_stock_summary_report" time="53.185" /><testcase classname="tests.test_bills_inventory_enhanced.TestInventoryReports" name="test_low_stock_report" time="36.329" /><testcase classname="tests.test_bills_inventory_enhanced.TestInventoryReports" name="test_valuation_report" time="36.520" /><testcase classname="tests.test_bills_inventory_enhanced.TestInventoryReports" name="test_movement_report" time="0.021" /><testcase classname="tests.test_bills_inventory_enhanced.TestCleanup" name="test_cleanup_test_data" time="0.047" /><testcase classname="tests.test_calculations_regression.TestLineItemCalculations" name="test_basic_line_item_exclusive_tax" time="0.007" /><testcase classname="tests.test_calculations_regression.TestLineItemCalculations" name="test_line_item_inclusive_tax" time="0.001" /><testcase classname="tests.test_calculations_regression.TestLineItemCalculations" name="test_line_item_no_tax" time="0.001" /><testcase classname="tests.test_calculations_regression.TestLineItemCalculations" name="test_line_item_cgst_sgst_split" time="0.001" /><testcase classname="tests.test_calculations_regression.TestLineItemCalculations" name="test_line_item_igst" time="0.001" /><testcase classname="tests.test_calculations_regression.TestInvoiceTotals" name="test_basic_invoice_totals" time="0.001" /><testcase classname="tests.test_calculations_regression.TestInvoiceTotals" name="test_invoice_with_discount" time="0.001" /><testcase classname="tests.test_calculations_regression.TestInvoiceTotals" name="test_invoice_with_shipping" time="0.001" /><testcase classname="tests.test_calculations_regression.TestInvoiceTotals" name="test_invoice_with_adjustment" time="0.001" /><testcase classname="tests.test_calculations_regression.TestTaxCalculations" name="test_intra_state_tax_breakdown" time="0.001" /><testcase classname="tests.test_calculations_regression.TestTaxCalculations" name="test_inter_state_tax_breakdown" time="0.001" /><testcase classname="tests.test_calculations_regression.TestTaxCalculations" name="test_reverse_tax_calculation" time="0.001" /><testcase classname="tests.test_calculations_regression.TestPaymentAllocation" name="test_oldest_first_allocation" time="0.001" /><testcase classname="tests.test_calculations_regression.TestPaymentAllocation" name="test_proportional_allocation" time="0.001" /><testcase classname="tests.test_calculations_regression.TestPaymentAllocation" name="test_overpayment_handling" time="0.001" /><testcase classname="tests.test_calculations_regression.TestPaymentAllocation" name="test_unapply_payment" time="0.001" /><testcase classname="tests.test_calculations_regression.TestAgingCalculations" name="test_current_bucket" time="0.002" /><testcase classname="tests.test_calculations_regression.TestAgingCalculations" name="test_overdue_buckets" time="0.001" /><testcase classname="tests.test_calculations_regression.TestAgingCalculations" name="test_aging_summary" time="0.001" /><testcase classname="tests.test_calculations_regression.TestGSTValidation" name="test_valid_gst_number" time="0.001" /><testcase classname="tests.test_calculations_regression.TestGSTValidation" name="test_invalid_gst_number" time="0.001" /><testcase classname="tests.test_calculations_regression.TestGSTValidation" name="test_empty_gst_number" time="0.000" /><testcase classname="tests.test_calculations_regression.TestRounding" name="test_round_half_up" time="0.001" /><testcase classname="tests.test_calculations_regression.TestRounding" name="test_round_negative" time="0.000" /><testcase classname="tests.test_calculations_regression.TestRounding" name="test_round_whole_numbers" time="0.000" /><testcase classname="tests.test_calculations_regression.TestEdgeCases" name="test_zero_quantity" time="0.000" /><testcase classname="tests.test_calculations_regression.TestEdgeCases" name="test_zero_rate" time="0.001" /><testcase classname="tests.test_calculations_regression.TestEdgeCases" name="test_very_large_numbers" time="0.001" /><testcase classname="tests.test_calculations_regression.TestEdgeCases" name="test_decimal_precision" time="0.001" /><testcase classname="tests.test_complaint_dashboard.TestAuthentication" name="test_admin_login" time="0.241" /><testcase classname="tests.test_complaint_dashboard.TestAuthentication" name="test_technician_login" time="0.235" /><testcase classname="tests.test_complaint_dashboard.TestTicketsAPI" name="test_get_all_tickets" time="0.247" /><testcase classname="tests.test_complaint_dashboard.TestTicketsAPI" name="test_get_tickets_by_status_open" time="0.248" /><testcase classname="tests.test_complaint_dashboard.TestTicketsAPI" name="test_get_tickets_by_status_technician_assigned" time="0.242" /><testcase classname="tests.test_complaint_dashboard.TestTicketsAPI" name="test_get_tickets_by_status_in_progress" time="0.244" /><testcase classname="tests.test_complaint_dashboard.TestTicketsAPI" name="test_get_tickets_by_status_resolved" time="0.270" /><testcase classname="tests.test_complaint_dashboard.TestTicketsAPI" name="test_unauthorized_access" time="0.004" /><testcase classname="tests.test_complaint_dashboard.TestTicketDetails" name="test_get_ticket_by_id" time="0.484" /><testcase classname="tests.test_complaint_dashboard.TestTicketDetails" name="test_get_nonexistent_ticket" time="0.255" /><testcase classname="tests.test_complaint_dashboard.TestTechniciansAPI" name="test_get_technicians" time="0.249" /><testcase classname="tests.test_complaint_dashboard.TestTicketUpdate" name="test_assign_technician_to_ticket" time="0.279" /><testcase classname="tests.test_complaint_dashboard.TestTicketUpdate" name="test_update_ticket_status_to_in_progress" time="0.260" /><testcase classname="tests.test_complaint_dashboard.TestTicketUpdate" name="test_update_ticket_with_estimated_items" time="0.265" /><testcase classname="tests.test_complaint_dashboard.TestInventoryAPI" name="test_get_inventory" time="0.245" /><testcase classname="tests.test_complaint_dashboard.TestServicesAPI" name="test_get_services" time="0.244" /><testcase classname="tests.test_complaint_dashboard.TestKPIData" name="test_kpi_counts" time="0.248" /><testcase classname="tests.test_complaint_dashboard.TestTicketCreation" name="test_create_ticket" time="0.249" /><testcase classname="tests.test_complaint_dashboard.TestInvoiceGeneration" name="test_invoice_endpoint_exists" time="0.244" /><testcase classname="tests.test_composite_items_invoice_settings.TestCompositeItemsSummary" name="test_get_summary" time="0.016" /><testcase classname="tests.test_composite_items_invoice_settings.TestCompositeItemsList" name="test_list_composite_items" time="0.011" /><testcase classname="tests.test_composite_items_invoice_settings.TestCompositeItemsList" name="test_list_by_type_kit" time="0.010" /><testcase classname="tests.test_composite_items_invoice_settings.TestInventoryItemsForComposite" name="test_get_inventory_items" time="0.640" /><testcase classname="tests.test_composite_items_invoice_settings.TestCompositeItemsCRUD" name="test_create_composite_item" time="0.016" /><testcase classname="tests.test_composite_items_invoice_settings.TestCompositeItemsCRUD" name="test_get_composite_item" time="0.010" /><testcase classname="tests.test_composite_items_invoice_settings.TestCompositeItemsCRUD" name="test_check_build_availability" time="0.009" /><testcase classname="tests.test_composite_items_invoice_settings.TestCompositeItemsCRUD" name="test_build_composite_item_insufficient_stock" time="0.019" /><testcase classname="tests.test_composite_items_invoice_settings.TestCompositeItemDelete" name="test_delete_composite_item" time="0.015" /><testcase classname="tests.test_composite_items_invoice_settings.TestInvoiceAutomationSettings" name="test_get_reminder_settings" time="0.006" /><testcase classname="tests.test_composite_items_invoice_settings.TestInvoiceAutomationSettings" name="test_update_reminder_settings" time="0.007" /><testcase classname="tests.test_composite_items_invoice_settings.TestInvoiceAutomationSettings" name="test_get_late_fee_settings" time="0.006" /><testcase classname="tests.test_composite_items_invoice_settings.TestInvoiceAutomationSettings" name="test_update_late_fee_settings" time="0.007" /><testcase classname="tests.test_composite_items_invoice_settings.TestInvoiceAutomationData" name="test_get_overdue_invoices" time="0.007" /><testcase classname="tests.test_composite_items_invoice_settings.TestInvoiceAutomationData" name="test_get_due_soon_invoices" time="0.007" /><testcase classname="tests.test_composite_items_invoice_settings.TestInvoiceAutomationData" name="test_get_aging_report" time="0.007" /><testcase classname="tests.test_composite_items_invoice_settings.TestRecurringInvoices" name="test_get_recurring_summary" time="0.009" /><testcase classname="tests.test_composite_items_invoice_settings.TestRecurringInvoices" name="test_list_recurring_invoices" time="0.007" /><testcase classname="tests.test_composite_items_invoice_settings.TestRecurringInvoices" name="test_create_recurring_invoice" time="0.890" /><testcase classname="tests.test_composite_items_invoice_settings.TestRecurringInvoices" name="test_get_recurring_invoice" time="0.010" /><testcase classname="tests.test_composite_items_invoice_settings.TestRecurringInvoices" name="test_generate_invoice_now" time="0.000"><skipped type="pytest.skip" message="Recurring invoice generation — internal server error (WeasyPrint/PDF dependency)">/app/backend/tests/test_composite_items_invoice_settings.py:385: Recurring invoice generation — internal server error (WeasyPrint/PDF dependency)</skipped></testcase><testcase classname="tests.test_composite_items_invoice_settings.TestRecurringInvoices" name="test_stop_recurring_invoice" time="0.007" /><testcase classname="tests.test_composite_items_invoice_settings.TestRecurringInvoices" name="test_resume_recurring_invoice" time="0.007" /><testcase classname="tests.test_composite_items_invoice_settings.TestRecurringInvoices" name="test_delete_recurring_invoice" time="0.011" /><testcase classname="tests.test_conftest_smoke" name="test_base_url_fixture" time="0.007" /><testcase classname="tests.test_conftest_smoke" name="test_admin_token_fixture" time="0.234" /><testcase classname="tests.test_conftest_smoke" name="test_demo_token_fixture" time="0.237" /><testcase classname="tests.test_conftest_smoke" name="test_auth_headers_fixture" time="0.001" /><testcase classname="tests.test_conftest_smoke" name="test_admin_headers_fixture" time="0.001" /><testcase classname="tests.test_conftest_smoke" name="test_admin_can_access_health" time="0.006" /><testcase classname="tests.test_conftest_smoke" name="test_demo_can_access_health" time="0.005" /><testcase classname="tests.test_contact_integration.TestContactIntegrationModule" name="test_contact_search_all" time="0.290" /><testcase classname="tests.test_contact_integration.TestContactIntegrationModule" name="test_contact_search_with_query" time="0.293" /><testcase classname="tests.test_contact_integration.TestContactIntegrationModule" name="test_contact_search_by_type_customer" time="0.470" /><testcase classname="tests.test_contact_integration.TestContactIntegrationModule" name="test_contact_search_by_type_vendor" time="0.510" /><testcase classname="tests.test_contact_integration.TestContactIntegrationModule" name="test_contact_search_includes_source" time="0.508" /><testcase classname="tests.test_contact_integration.TestContactIntegrationModule" name="test_get_contact_for_transaction" time="0.499" /><testcase classname="tests.test_contact_integration.TestContactIntegrationModule" name="test_get_contact_for_transaction_not_found" time="0.481" /><testcase classname="tests.test_contact_integration.TestContactIntegrationModule" name="test_get_contact_transactions" time="0.291" /><testcase classname="tests.test_contact_integration.TestContactIntegrationModule" name="test_get_contact_transactions_filtered_by_type" time="0.281" /><testcase classname="tests.test_contact_integration.TestContactIntegrationModule" name="test_get_contact_transactions_pagination" time="0.287" /><testcase classname="tests.test_contact_integration.TestContactIntegrationModule" name="test_get_contact_balance_summary" time="0.285" /><testcase classname="tests.test_contact_integration.TestContactIntegrationModule" name="test_invoices_with_contacts" time="0.324" /><testcase classname="tests.test_contact_integration.TestContactIntegrationModule" name="test_bills_with_contacts" time="0.299" /><testcase classname="tests.test_contact_integration.TestContactIntegrationModule" name="test_estimates_with_contacts" time="0.286" /><testcase classname="tests.test_contact_integration.TestContactIntegrationModule" name="test_purchase_orders_with_contacts" time="0.498" /><testcase classname="tests.test_contact_integration.TestContactIntegrationModule" name="test_migration_dry_run" time="2.820" /><testcase classname="tests.test_contact_integration.TestContactIntegrationModule" name="test_link_transactions_dry_run" time="15.483" /><testcase classname="tests.test_contact_integration.TestContactIntegrationModule" name="test_report_customers_by_revenue" time="0.291" /><testcase classname="tests.test_contact_integration.TestContactIntegrationModule" name="test_report_vendors_by_expense" time="0.290" /><testcase classname="tests.test_contact_integration.TestContactIntegrationModule" name="test_report_receivables_aging" time="0.300" /><testcase classname="tests.test_contact_integration.TestContactIntegrationModule" name="test_report_payables_aging" time="0.297" /><testcase classname="tests.test_contact_integration.TestContactIntegrationModule" name="test_invoices_filter_by_status" time="0.283" /><testcase classname="tests.test_contact_integration.TestContactIntegrationModule" name="test_invoices_filter_by_customer" time="0.283" /><testcase classname="tests.test_contacts_comprehensive.TestContactsCRUD" name="test_create_customer" time="0.020" /><testcase classname="tests.test_contacts_comprehensive.TestContactsCRUD" name="test_create_vendor" time="0.011" /><testcase classname="tests.test_contacts_comprehensive.TestContactsCRUD" name="test_create_contact_requires_auth" time="0.002" /><testcase classname="tests.test_contacts_comprehensive.TestContactsCRUD" name="test_list_contacts" time="0.164" /><testcase classname="tests.test_contacts_comprehensive.TestContactsCRUD" name="test_list_contacts_search" time="0.173" /><testcase classname="tests.test_contacts_comprehensive.TestContactsCRUD" name="test_get_contact_by_id" time="0.026" /><testcase classname="tests.test_contacts_comprehensive.TestContactsCRUD" name="test_get_nonexistent_contact_returns_404" time="0.007" /><testcase classname="tests.test_contacts_comprehensive.TestContactsCRUD" name="test_update_contact" time="0.009" /><testcase classname="tests.test_contacts_comprehensive.TestContactFiltering" name="test_list_customers_only" time="0.640" /><testcase classname="tests.test_contacts_comprehensive.TestContactFiltering" name="test_list_vendors_only" time="0.497" /><testcase classname="tests.test_contacts_comprehensive.TestContactFiltering" name="test_contacts_summary" time="0.018" /><testcase classname="tests.test_contacts_comprehensive.TestContactTransactionsAndAging" name="test_contact_transactions" time="0.188" /><testcase classname="tests.test_contacts_comprehensive.TestContactTransactionsAndAging" name="test_aging_receivable" time="0.933" /><testcase classname="tests.test_contacts_comprehensive.TestContactTransactionsAndAging" name="test_aging_payable" time="0.378" /><testcase classname="tests.test_contacts_comprehensive.TestContactTransactionsAndAging" name="test_top_customers_report" time="0.008" /><testcase classname="tests.test_contacts_comprehensive.TestContactTransactionsAndAging" name="test_top_vendors_report" time="0.008" /><testcase classname="tests.test_contacts_comprehensive.TestContactTransactionsAndAging" name="test_segment_report" time="0.008" /><testcase classname="tests.test_contacts_comprehensive.TestContactTags" name="test_list_tags" time="0.451" /><testcase classname="tests.test_contacts_comprehensive.TestContactTags" name="test_create_tag" time="0.008" /><testcase classname="tests.test_contacts_comprehensive.TestContactSettings" name="test_get_settings" time="0.015" /><testcase classname="tests.test_contacts_comprehensive.TestContactSettings" name="test_get_indian_states" time="0.006" /><testcase classname="tests.test_contacts_comprehensive.TestContactsNegative" name="test_list_no_auth" time="0.003" /><testcase classname="tests.test_contacts_comprehensive.TestContactsNegative" name="test_create_no_auth" time="0.002" /><testcase classname="tests.test_contacts_comprehensive.TestContactsNegative" name="test_get_nonexistent" time="0.007" /><testcase classname="tests.test_contacts_enhanced.TestContactTags" name="test_list_tags" time="0.453" /><testcase classname="tests.test_contacts_enhanced.TestContactTags" name="test_create_tag" time="0.008" /><testcase classname="tests.test_contacts_enhanced.TestContactTags" name="test_get_tag_by_id" time="0.007" /><testcase classname="tests.test_contacts_enhanced.TestContactTags" name="test_update_tag" time="0.007" /><testcase classname="tests.test_contacts_enhanced.TestContactTags" name="test_duplicate_tag_name_rejected" time="0.013" /><testcase classname="tests.test_contacts_enhanced.TestContacts" name="test_list_contacts" time="0.166" /><testcase classname="tests.test_contacts_enhanced.TestContacts" name="test_get_contacts_summary" time="0.017" /><testcase classname="tests.test_contacts_enhanced.TestContacts" name="test_get_indian_states" time="0.005" /><testcase classname="tests.test_contacts_enhanced.TestContacts" name="test_create_customer_contact" time="0.011" /><testcase classname="tests.test_contacts_enhanced.TestContacts" name="test_create_vendor_contact" time="0.011" /><testcase classname="tests.test_contacts_enhanced.TestContacts" name="test_create_both_type_contact" time="0.011" /><testcase classname="tests.test_contacts_enhanced.TestContacts" name="test_get_contact_by_id" time="0.027" /><testcase classname="tests.test_contacts_enhanced.TestContacts" name="test_update_contact" time="0.010" /><testcase classname="tests.test_contacts_enhanced.TestContacts" name="test_filter_contacts_by_type" time="0.165" /><testcase classname="tests.test_contacts_enhanced.TestContacts" name="test_search_contacts" time="0.163" /><testcase classname="tests.test_contacts_enhanced.TestGSTINValidation" name="test_valid_gstin" time="0.006" /><testcase classname="tests.test_contacts_enhanced.TestGSTINValidation" name="test_invalid_gstin_format" time="0.005" /><testcase classname="tests.test_contacts_enhanced.TestGSTINValidation" name="test_gstin_state_detection" time="0.013" /><testcase classname="tests.test_contacts_enhanced.TestContactPersons" name="test_add_contact_person" time="0.010" /><testcase classname="tests.test_contacts_enhanced.TestContactPersons" name="test_list_contact_persons" time="0.007" /><testcase classname="tests.test_contacts_enhanced.TestContactPersons" name="test_update_contact_person" time="0.007" /><testcase classname="tests.test_contacts_enhanced.TestAddresses" name="test_add_billing_address" time="0.011" /><testcase classname="tests.test_contacts_enhanced.TestAddresses" name="test_add_shipping_address" time="0.013" /><testcase classname="tests.test_contacts_enhanced.TestAddresses" name="test_list_addresses" time="0.007" /><testcase classname="tests.test_contacts_enhanced.TestAddresses" name="test_filter_addresses_by_type" time="0.007" /><testcase classname="tests.test_contacts_enhanced.TestPortalAccess" name="test_enable_portal_access" time="0.008" /><testcase classname="tests.test_contacts_enhanced.TestPortalAccess" name="test_disable_portal_access" time="0.008" /><testcase classname="tests.test_contacts_enhanced.TestEmailStatements" name="test_email_statement" time="0.017" /><testcase classname="tests.test_contacts_enhanced.TestEmailStatements" name="test_statement_history" time="0.007" /><testcase classname="tests.test_contacts_enhanced.TestContactActivation" name="test_deactivate_contact" time="0.011" /><testcase classname="tests.test_contacts_enhanced.TestContactActivation" name="test_activate_contact" time="0.008" /><testcase classname="tests.test_contacts_enhanced.TestBackwardCompatibility" name="test_customers_endpoint" time="0.170" /><testcase classname="tests.test_contacts_enhanced.TestBackwardCompatibility" name="test_vendors_endpoint" time="0.180" /><testcase classname="tests.test_contacts_enhanced.TestCleanup" name="test_delete_test_persons" time="0.009" /><testcase classname="tests.test_contacts_enhanced.TestCleanup" name="test_delete_test_addresses" time="0.018" /><testcase classname="tests.test_contacts_enhanced.TestCleanup" name="test_delete_test_contacts" time="0.056" /><testcase classname="tests.test_contacts_enhanced.TestCleanup" name="test_delete_test_tags" time="0.016" /><testcase classname="tests.test_contacts_invoices_enhanced.TestContactsEnhancedV2Summary" name="test_summary_returns_correct_counts" time="0.024" /><testcase classname="tests.test_contacts_invoices_enhanced.TestContactsEnhancedV2Summary" name="test_summary_with_contact_type_filter" time="0.034" /><testcase classname="tests.test_contacts_invoices_enhanced.TestContactsEnhancedV2List" name="test_list_all_contacts" time="0.176" /><testcase classname="tests.test_contacts_invoices_enhanced.TestContactsEnhancedV2List" name="test_list_filter_by_customer_type" time="0.174" /><testcase classname="tests.test_contacts_invoices_enhanced.TestContactsEnhancedV2List" name="test_list_filter_by_vendor_type" time="0.168" /><testcase classname="tests.test_contacts_invoices_enhanced.TestContactsEnhancedV2List" name="test_list_with_search" time="0.171" /><testcase classname="tests.test_contacts_invoices_enhanced.TestContactsEnhancedV2List" name="test_list_pagination" time="0.163" /><testcase classname="tests.test_contacts_invoices_enhanced.TestContactsEnhancedV2CRUD" name="test_create_customer_contact" time="0.064" /><testcase classname="tests.test_contacts_invoices_enhanced.TestContactsEnhancedV2CRUD" name="test_create_vendor_contact" time="0.026" /><testcase classname="tests.test_contacts_invoices_enhanced.TestContactsEnhancedV2CRUD" name="test_create_both_type_contact" time="0.025" /><testcase classname="tests.test_contacts_invoices_enhanced.TestContactsEnhancedV2Detail" name="test_contact_detail_returns_persons_addresses_balance_aging" time="0.197" /><testcase classname="tests.test_contacts_invoices_enhanced.TestContactsEnhancedV2Detail" name="test_contact_detail_not_found" time="0.008" /><testcase classname="tests.test_contacts_invoices_enhanced.TestContactsEnhancedV2Portal" name="test_enable_portal" time="0.063" /><testcase classname="tests.test_contacts_invoices_enhanced.TestContactsEnhancedV2Portal" name="test_disable_portal" time="0.068" /><testcase classname="tests.test_contacts_invoices_enhanced.TestContactsEnhancedV2Statement" name="test_email_statement" time="0.189" /><testcase classname="tests.test_contacts_invoices_enhanced.TestInvoicesEnhancedSummary" name="test_summary_returns_statistics" time="0.015" /><testcase classname="tests.test_contacts_invoices_enhanced.TestInvoicesEnhancedSummary" name="test_summary_with_period_filter" time="0.018" /><testcase classname="tests.test_contacts_invoices_enhanced.TestInvoicesEnhancedCRUD" name="test_create_invoice_with_line_items" time="0.073" /><testcase classname="tests.test_contacts_invoices_enhanced.TestInvoicesEnhancedCRUD" name="test_list_invoices" time="0.043" /><testcase classname="tests.test_contacts_invoices_enhanced.TestInvoicesEnhancedCRUD" name="test_list_invoices_with_filters" time="0.042" /><testcase classname="tests.test_contacts_invoices_enhanced.TestInvoicesEnhancedPayments" name="test_record_payment" time="0.179" /><testcase classname="tests.test_contacts_invoices_enhanced.TestInvoicesEnhancedPayments" name="test_record_full_payment" time="0.007"><skipped type="pytest.skip" message="Test invoice not created">/app/backend/tests/test_contacts_invoices_enhanced.py:485: Test invoice not created</skipped></testcase><testcase classname="tests.test_contacts_invoices_enhanced.TestInvoicesEnhancedStatusTransitions" name="test_draft_to_sent" time="0.151" /><testcase classname="tests.test_contacts_invoices_enhanced.TestInvoicesEnhancedStatusTransitions" name="test_send_invoice_email" time="0.007"><skipped type="pytest.skip" message="Test invoice not created">/app/backend/tests/test_contacts_invoices_enhanced.py:559: Test invoice not created</skipped></testcase><testcase classname="tests.test_contacts_invoices_enhanced.TestInvoicesEnhancedClone" name="test_clone_invoice" time="0.076" /><testcase classname="tests.test_contacts_invoices_enhanced.TestInvoicesEnhancedVoid" name="test_void_invoice" time="0.145" /><testcase classname="tests.test_contacts_invoices_enhanced.TestInvoicesEnhancedReports" name="test_aging_report" time="0.018" /><testcase classname="tests.test_contacts_invoices_enhanced.TestInvoicesEnhancedReports" name="test_customer_wise_report" time="0.011" /><testcase classname="tests.test_contacts_invoices_enhanced.TestInvoicesEnhancedReports" name="test_monthly_report" time="0.011" /><testcase classname="tests.test_contacts_invoices_enhanced.TestContactsEnhancedV2Tags" name="test_list_tags" time="0.445" /><testcase classname="tests.test_contacts_invoices_enhanced.TestContactsEnhancedV2Tags" name="test_create_tag" time="0.015" /><testcase classname="tests.test_contacts_invoices_enhanced.TestContactsEnhancedV2States" name="test_get_indian_states" time="0.005" /><testcase classname="tests.test_contacts_invoices_enhanced.TestContactsEnhancedV2GSTINValidation" name="test_validate_valid_gstin" time="0.005" /><testcase classname="tests.test_contacts_invoices_enhanced.TestContactsEnhancedV2GSTINValidation" name="test_validate_invalid_gstin" time="0.005" /><testcase classname="tests.test_contacts_invoices_enhanced.TestNavigationRedirect" name="test_customers_enhanced_redirect" time="0.001" /><testcase classname="tests.test_convert_invoice_stock_transfers.TestConvertEstimateToInvoice" name="test_convert_approved_estimate_to_invoice" time="0.591" /><testcase classname="tests.test_convert_invoice_stock_transfers.TestConvertEstimateToInvoice" name="test_cannot_convert_draft_estimate" time="0.163" /><testcase classname="tests.test_convert_invoice_stock_transfers.TestConvertEstimateToInvoice" name="test_cannot_convert_same_estimate_twice" time="0.099" /><testcase classname="tests.test_convert_invoice_stock_transfers.TestConvertEstimateToInvoice" name="test_convert_nonexistent_estimate" time="0.048" /><testcase classname="tests.test_convert_invoice_stock_transfers.TestStockTransfersCreate" name="test_create_stock_transfer" time="0.147"><skipped type="pytest.skip" message="Could not create test warehouses: 403, 403">/app/backend/tests/test_convert_invoice_stock_transfers.py:370: Could not create test warehouses: 403, 403</skipped></testcase><testcase classname="tests.test_convert_invoice_stock_transfers.TestStockTransfersCreate" name="test_cannot_transfer_to_same_warehouse" time="0.000"><skipped type="pytest.skip" message="Could not create test warehouses: 403, 403">/app/backend/tests/test_convert_invoice_stock_transfers.py:426: Could not create test warehouses: 403, 403</skipped></testcase><testcase classname="tests.test_convert_invoice_stock_transfers.TestStockTransfersCreate" name="test_cannot_transfer_insufficient_stock" time="0.000"><skipped type="pytest.skip" message="Could not create test warehouses: 403, 403">/app/backend/tests/test_convert_invoice_stock_transfers.py:448: Could not create test warehouses: 403, 403</skipped></testcase><testcase classname="tests.test_convert_invoice_stock_transfers.TestStockTransfersWorkflow" name="test_ship_transfer" time="0.000"><skipped type="pytest.skip" message="Could not create test warehouses: 403, 403">/app/backend/tests/test_convert_invoice_stock_transfers.py:510: Could not create test warehouses: 403, 403</skipped></testcase><testcase classname="tests.test_convert_invoice_stock_transfers.TestStockTransfersWorkflow" name="test_cannot_ship_non_draft_transfer" time="0.000"><skipped type="pytest.skip" message="Could not create test warehouses: 403, 403">/app/backend/tests/test_convert_invoice_stock_transfers.py:528: Could not create test warehouses: 403, 403</skipped></testcase><testcase classname="tests.test_convert_invoice_stock_transfers.TestStockTransfersWorkflow" name="test_receive_transfer" time="0.000"><skipped type="pytest.skip" message="Could not create test warehouses: 403, 403">/app/backend/tests/test_convert_invoice_stock_transfers.py:543: Could not create test warehouses: 403, 403</skipped></testcase><testcase classname="tests.test_convert_invoice_stock_transfers.TestStockTransfersWorkflow" name="test_cannot_receive_non_transit_transfer" time="0.000"><skipped type="pytest.skip" message="Could not create test warehouses: 403, 403">/app/backend/tests/test_convert_invoice_stock_transfers.py:573: Could not create test warehouses: 403, 403</skipped></testcase><testcase classname="tests.test_convert_invoice_stock_transfers.TestStockTransfersVoid" name="test_void_draft_transfer" time="0.000"><skipped type="pytest.skip" message="Could not create test warehouses: 403, 403">/app/backend/tests/test_convert_invoice_stock_transfers.py:638: Could not create test warehouses: 403, 403</skipped></testcase><testcase classname="tests.test_convert_invoice_stock_transfers.TestStockTransfersVoid" name="test_void_in_transit_transfer_returns_stock" time="0.000"><skipped type="pytest.skip" message="Could not create test warehouses: 403, 403">/app/backend/tests/test_convert_invoice_stock_transfers.py:661: Could not create test warehouses: 403, 403</skipped></testcase><testcase classname="tests.test_convert_invoice_stock_transfers.TestStockTransfersVoid" name="test_void_received_transfer_reverses_both" time="0.000"><skipped type="pytest.skip" message="Could not create test warehouses: 403, 403">/app/backend/tests/test_convert_invoice_stock_transfers.py:688: Could not create test warehouses: 403, 403</skipped></testcase><testcase classname="tests.test_convert_invoice_stock_transfers.TestStockTransfersVoid" name="test_cannot_void_already_voided" time="0.000"><skipped type="pytest.skip" message="Could not create test warehouses: 403, 403">/app/backend/tests/test_convert_invoice_stock_transfers.py:715: Could not create test warehouses: 403, 403</skipped></testcase><testcase classname="tests.test_convert_invoice_stock_transfers.TestStockTransfersStats" name="test_get_stats_summary" time="0.000"><skipped type="pytest.skip" message="Feature not available — requires Enterprise plan (Stock Transfers)">/app/backend/tests/test_convert_invoice_stock_transfers.py:736: Feature not available — requires Enterprise plan (Stock Transfers)</skipped></testcase><testcase classname="tests.test_convert_invoice_stock_transfers.TestStockTransfersStats" name="test_get_stats_with_org_filter" time="0.000"><skipped type="pytest.skip" message="Feature not available — requires Enterprise plan (Stock Transfers)">/app/backend/tests/test_convert_invoice_stock_transfers.py:766: Feature not available — requires Enterprise plan (Stock Transfers)</skipped></testcase><testcase classname="tests.test_convert_invoice_stock_transfers.TestStockTransfersList" name="test_list_transfers" time="0.000"><skipped type="pytest.skip" message="Feature not available — requires Enterprise plan (Stock Transfers)">/app/backend/tests/test_convert_invoice_stock_transfers.py:782: Feature not available — requires Enterprise plan (Stock Transfers)</skipped></testcase><testcase classname="tests.test_convert_invoice_stock_transfers.TestStockTransfersList" name="test_list_transfers_by_status" time="0.000"><skipped type="pytest.skip" message="Feature not available — requires Enterprise plan (Stock Transfers)">/app/backend/tests/test_convert_invoice_stock_transfers.py:803: Feature not available — requires Enterprise plan (Stock Transfers)</skipped></testcase><testcase classname="tests.test_convert_invoice_stock_transfers.TestStockTransfersList" name="test_get_single_transfer" time="0.000"><skipped type="pytest.skip" message="Could not create test warehouses: 403, 403">/app/backend/tests/test_convert_invoice_stock_transfers.py:820: Could not create test warehouses: 403, 403</skipped></testcase><testcase classname="tests.test_credit_notes_comprehensive.TestCreateCreditNote" name="test_create_cn_success" time="0.867"><skipped type="pytest.skip" message="Cannot send invoice to non-draft status — send endpoint returned 500">/app/backend/tests/test_credit_notes_comprehensive.py:116: Cannot send invoice to non-draft status — send endpoint returned 500</skipped></testcase><testcase classname="tests.test_credit_notes_comprehensive.TestCreateCreditNote" name="test_create_cn_exceeding_amount_rejected" time="0.000"><skipped type="pytest.skip" message="Cannot send invoice to non-draft status — send endpoint returned 500">/app/backend/tests/test_credit_notes_comprehensive.py:135: Cannot send invoice to non-draft status — send endpoint returned 500</skipped></testcase><testcase classname="tests.test_credit_notes_comprehensive.TestCreateCreditNote" name="test_create_cn_nonexistent_invoice" time="0.010" /><testcase classname="tests.test_credit_notes_comprehensive.TestCreateCreditNote" name="test_create_cn_requires_auth" time="0.000"><skipped type="pytest.skip" message="Cannot send invoice to non-draft status — send endpoint returned 500">/app/backend/tests/test_credit_notes_comprehensive.py:160: Cannot send invoice to non-draft status — send endpoint returned 500</skipped></testcase><testcase classname="tests.test_credit_notes_comprehensive.TestCreateCreditNote" name="test_create_cn_cross_org_blocked" time="0.233"><skipped type="pytest.skip" message="Cannot send invoice to non-draft status — send endpoint returned 500">/app/backend/tests/test_credit_notes_comprehensive.py:168: Cannot send invoice to non-draft status — send endpoint returned 500</skipped></testcase><testcase classname="tests.test_credit_notes_comprehensive.TestListCreditNotes" name="test_list_credit_notes" time="0.000"><skipped type="pytest.skip" message="Cannot send invoice to non-draft status — send endpoint returned 500">/app/backend/tests/test_credit_notes_comprehensive.py:182: Cannot send invoice to non-draft status — send endpoint returned 500</skipped></testcase><testcase classname="tests.test_credit_notes_comprehensive.TestListCreditNotes" name="test_list_requires_auth" time="0.003" /><testcase classname="tests.test_credit_notes_comprehensive.TestGetCreditNote" name="test_get_credit_note" time="0.000"><skipped type="pytest.skip" message="Cannot send invoice to non-draft status — send endpoint returned 500">/app/backend/tests/test_credit_notes_comprehensive.py:198: Cannot send invoice to non-draft status — send endpoint returned 500</skipped></testcase><testcase classname="tests.test_credit_notes_comprehensive.TestGetCreditNote" name="test_get_nonexistent_cn" time="0.008" /><testcase classname="tests.test_credit_notes_comprehensive.TestCreditNotePDF" name="test_generate_pdf" time="0.000"><skipped type="pytest.skip" message="Cannot send invoice to non-draft status — send endpoint returned 500">/app/backend/tests/test_credit_notes_comprehensive.py:217: Cannot send invoice to non-draft status — send endpoint returned 500</skipped></testcase><testcase classname="tests.test_credit_notes_comprehensive.TestCreditNotePDF" name="test_pdf_nonexistent" time="0.008" /><testcase classname="tests.test_credit_notes_p1.TestCreditNoteValidations" name="test_reject_cn_against_draft_invoice" time="0.450" /><testcase classname="tests.test_credit_notes_p1.TestCreditNoteValidations" name="test_reject_cn_exceeding_invoice_total" time="0.063" /><testcase classname="tests.test_credit_notes_p1.TestCreditNoteValidations" name="test_reject_cn_exceeding_remaining_creditable" time="0.099"><skipped type="pytest.skip" message="Invoice already fully credited">/app/backend/tests/test_credit_notes_p1.py:150: Invoice already fully credited</skipped></testcase><testcase classname="tests.test_credit_notes_p1.TestCreditNoteCreation" name="test_create_cn_against_outstanding_invoice" time="0.083"><skipped type="pytest.skip" message="Insufficient remaining amount (-10900.0)">/app/backend/tests/test_credit_notes_p1.py:167: Insufficient remaining amount (-10900.0)</skipped></testcase><testcase classname="tests.test_credit_notes_p1.TestCreditNoteCreation" name="test_create_cn_against_paid_invoice" time="0.066"><skipped type="pytest.skip" message="Insufficient remaining amount (37.76000000000204)">/app/backend/tests/test_credit_notes_p1.py:220: Insufficient remaining amount (37.76000000000204)</skipped></testcase><testcase classname="tests.test_credit_notes_p1.TestCreditNoteRetrieval" name="test_list_credit_notes" time="0.156" /><testcase classname="tests.test_credit_notes_p1.TestCreditNoteRetrieval" name="test_list_credit_notes_by_invoice" time="0.073" /><testcase classname="tests.test_credit_notes_p1.TestCreditNoteRetrieval" name="test_get_single_credit_note" time="0.166" /><testcase classname="tests.test_credit_notes_p1.TestCreditNoteRetrieval" name="test_get_nonexistent_credit_note" time="0.058" /><testcase classname="tests.test_credit_notes_p1.TestCreditNotePDF" name="test_download_pdf" time="0.279" /><testcase classname="tests.test_credit_notes_p1.TestTrialBalanceAfterCN" name="test_trial_balance_is_balanced" time="0.084" /><testcase classname="tests.test_credit_notes_p1.TestCreditNoteRBAC" name="test_technician_blocked_from_credit_notes_list" time="0.000"><skipped type="pytest.skip" message="RBAC config allows technician access to credit-notes — test expectation outdated">/app/backend/tests/test_credit_notes_p1.py:379: RBAC config allows technician access to credit-notes — test expectation outdated</skipped></testcase><testcase classname="tests.test_credit_notes_p1.TestCreditNoteRBAC" name="test_technician_blocked_from_credit_notes_create" time="0.000"><skipped type="pytest.skip" message="RBAC config allows technician access to credit-notes — test expectation outdated">/app/backend/tests/test_credit_notes_p1.py:390: RBAC config allows technician access to credit-notes — test expectation outdated</skipped></testcase><testcase classname="tests.test_credit_notes_p1.TestJournalIdempotency" name="test_idempotent_journal_for_same_cn" time="0.107" /><testcase classname="tests.test_credit_notes_p1.TestGSTTreatment" name="test_gst_breakdown_in_credit_note" time="0.102" /><testcase classname="tests.test_credit_notes_p1.TestSequenceNumbers" name="test_cn_number_format" time="0.102" /><testcase classname="tests.test_cross_tenant_isolation.TestCrossTenantTickets" name="test_org_cannot_read_other_org_tickets" time="0.500" /><testcase classname="tests.test_cross_tenant_isolation.TestCrossTenantInvoices" name="test_org_cannot_read_other_org_invoices" time="0.016" /><testcase classname="tests.test_cross_tenant_isolation.TestCrossTenantEmployees" name="test_org_cannot_read_other_org_employees" time="0.016" /><testcase classname="tests.test_cross_tenant_isolation.TestTechnicianTicketScoping" name="test_technician_only_sees_assigned_tickets" time="0.299" /><testcase classname="tests.test_csrf" name="test_post_without_csrf_returns_403" time="0.009" /><testcase classname="tests.test_csrf" name="test_post_with_valid_csrf_succeeds" time="0.047" /><testcase classname="tests.test_csrf" name="test_post_with_bearer_bypasses_csrf" time="0.008" /><testcase classname="tests.test_csrf" name="test_post_to_webhooks_bypasses_csrf" time="0.006" /><testcase classname="tests.test_csrf_middleware.TestCSRFCookieIssuance" name="test_get_sets_csrf_cookie" time="0.011" /><testcase classname="tests.test_csrf_middleware.TestCSRFBypassBearerToken" name="test_post_with_bearer_bypasses_csrf" time="0.241" /><testcase classname="tests.test_csrf_middleware.TestCSRFBypassPublicEndpoints" name="test_auth_login_bypasses_csrf" time="0.009" /><testcase classname="tests.test_csrf_middleware.TestCSRFBypassPublicEndpoints" name="test_auth_forgot_password_bypasses_csrf" time="0.007" /><testcase classname="tests.test_csrf_middleware.TestCSRFEnforcement" name="test_post_with_cookie_no_csrf_blocked" time="0.047" /><testcase classname="tests.test_csrf_middleware.TestCSRFEnforcement" name="test_post_with_csrf_mismatch_blocked" time="0.048" /><testcase classname="tests.test_customer_portal.TestCustomerAuth" name="test_customer_login_success" time="0.000"><skipped type="pytest.skip" message="Customer portal login — no customer test account configured in test DB">/app/backend/tests/test_customer_portal.py:15: Customer portal login — no customer test account configured in test DB</skipped></testcase><testcase classname="tests.test_customer_portal.TestCustomerAuth" name="test_admin_login_success" time="0.242" /><testcase classname="tests.test_customer_portal.TestCustomerAuth" name="test_invalid_login" time="0.010" /><testcase classname="tests.test_customer_portal.TestCustomerDashboard" name="test_get_dashboard" time="0.009"><skipped type="pytest.skip" message="Customer login failed - skipping dashboard tests">/app/backend/tests/test_customer_portal.py:72: Customer login failed - skipping dashboard tests</skipped></testcase><testcase classname="tests.test_customer_portal.TestCustomerDashboard" name="test_dashboard_requires_auth" time="0.008"><skipped type="pytest.skip" message="Customer login failed - skipping dashboard tests">/app/backend/tests/test_customer_portal.py:91: Customer login failed - skipping dashboard tests</skipped></testcase><testcase classname="tests.test_customer_portal.TestCustomerVehicles" name="test_get_vehicles" time="0.010"><skipped type="pytest.skip" message="Customer login failed - skipping vehicles tests">/app/backend/tests/test_customer_portal.py:113: Customer login failed - skipping vehicles tests</skipped></testcase><testcase classname="tests.test_customer_portal.TestCustomerVehicles" name="test_vehicles_requires_auth" time="0.008"><skipped type="pytest.skip" message="Customer login failed - skipping vehicles tests">/app/backend/tests/test_customer_portal.py:132: Customer login failed - skipping vehicles tests</skipped></testcase><testcase classname="tests.test_customer_portal.TestCustomerServiceHistory" name="test_get_service_history" time="0.009"><skipped type="pytest.skip" message="Customer login failed - skipping service history tests">/app/backend/tests/test_customer_portal.py:154: Customer login failed - skipping service history tests</skipped></testcase><testcase classname="tests.test_customer_portal.TestCustomerServiceHistory" name="test_service_history_with_status_filter" time="0.226"><skipped type="pytest.skip" message="Customer login failed - skipping service history tests">/app/backend/tests/test_customer_portal.py:179: Customer login failed - skipping service history tests</skipped></testcase><testcase classname="tests.test_customer_portal.TestCustomerServiceHistory" name="test_service_history_with_limit" time="0.009"><skipped type="pytest.skip" message="Customer login failed - skipping service history tests">/app/backend/tests/test_customer_portal.py:190: Customer login failed - skipping service history tests</skipped></testcase><testcase classname="tests.test_customer_portal.TestCustomerInvoices" name="test_get_invoices" time="0.008"><skipped type="pytest.skip" message="Customer login failed - skipping invoices tests">/app/backend/tests/test_customer_portal.py:215: Customer login failed - skipping invoices tests</skipped></testcase><testcase classname="tests.test_customer_portal.TestCustomerPaymentsDue" name="test_get_payments_due" time="0.008"><skipped type="pytest.skip" message="Customer login failed - skipping payments tests">/app/backend/tests/test_customer_portal.py:254: Customer login failed - skipping payments tests</skipped></testcase><testcase classname="tests.test_customer_portal.TestCustomerAMC" name="test_get_amc_subscriptions" time="0.008"><skipped type="pytest.skip" message="Customer login failed - skipping AMC tests">/app/backend/tests/test_customer_portal.py:284: Customer login failed - skipping AMC tests</skipped></testcase><testcase classname="tests.test_customer_portal.TestCustomerAMC" name="test_get_available_amc_plans" time="0.009"><skipped type="pytest.skip" message="Customer login failed - skipping AMC tests">/app/backend/tests/test_customer_portal.py:309: Customer login failed - skipping AMC tests</skipped></testcase><testcase classname="tests.test_customer_portal.TestAdminAMCManagement" name="test_admin_get_amc_plans" time="0.296" /><testcase classname="tests.test_customer_portal.TestAdminAMCManagement" name="test_admin_get_amc_subscriptions" time="0.244" /><testcase classname="tests.test_customer_portal.TestAdminAMCManagement" name="test_admin_get_amc_analytics" time="0.246" /><testcase classname="tests.test_customer_portal.TestRoleBasedAccess" name="test_customer_cannot_access_admin_amc_routes" time="0.009"><skipped type="pytest.skip" message="Customer login failed">/app/backend/tests/test_customer_portal.py:392: Customer login failed</skipped></testcase><testcase classname="tests.test_customer_portal.TestRoleBasedAccess" name="test_admin_can_access_customer_portal" time="0.000"><skipped type="pytest.skip" message="Customer portal route /api/v1/customer/dashboard not in RBAC permission map">/app/backend/tests/test_customer_portal.py:402: Customer portal route /api/v1/customer/dashboard not in RBAC permission map</skipped></testcase><testcase classname="tests.test_customer_portal_auth.TestPortalLogin" name="test_portal_login_success" time="0.256" /><testcase classname="tests.test_customer_portal_auth.TestPortalLogin" name="test_portal_login_invalid_token" time="0.007" /><testcase classname="tests.test_customer_portal_auth.TestPortalLogin" name="test_portal_login_short_token" time="0.004" /><testcase classname="tests.test_customer_portal_auth.TestPortalSessionTokenMethods" name="test_dashboard_with_header" time="0.269" /><testcase classname="tests.test_customer_portal_auth.TestPortalSessionTokenMethods" name="test_dashboard_with_query_param" time="0.271" /><testcase classname="tests.test_customer_portal_auth.TestPortalSessionTokenMethods" name="test_invoices_with_header" time="0.257" /><testcase classname="tests.test_customer_portal_auth.TestPortalSessionTokenMethods" name="test_invoices_with_query_param" time="0.257" /><testcase classname="tests.test_customer_portal_auth.TestPortalSessionTokenMethods" name="test_estimates_with_header" time="0.256" /><testcase classname="tests.test_customer_portal_auth.TestPortalSessionTokenMethods" name="test_estimates_with_query_param" time="0.257" /><testcase classname="tests.test_customer_portal_auth.TestPortalSessionTokenMethods" name="test_profile_with_header" time="0.258" /><testcase classname="tests.test_customer_portal_auth.TestPortalSessionTokenMethods" name="test_profile_with_query_param" time="0.258" /><testcase classname="tests.test_customer_portal_auth.TestPortalSessionTokenMethods" name="test_statement_with_header" time="0.258" /><testcase classname="tests.test_customer_portal_auth.TestPortalSessionTokenMethods" name="test_statement_with_query_param" time="0.256" /><testcase classname="tests.test_customer_portal_auth.TestPortalSessionValidation" name="test_missing_session_token" time="0.004" /><testcase classname="tests.test_customer_portal_auth.TestPortalSessionValidation" name="test_invalid_session_token_header" time="0.005" /><testcase classname="tests.test_customer_portal_auth.TestPortalSessionValidation" name="test_invalid_session_token_query" time="0.005" /><testcase classname="tests.test_customer_portal_auth.TestEnablePortalEndpoint" name="test_enable_portal_for_contact" time="0.243" /><testcase classname="tests.test_customer_portal_auth.TestEnablePortalEndpoint" name="test_enable_portal_invalid_contact" time="0.240" /><testcase classname="tests.test_customer_portal_auth.TestPortalLogout" name="test_logout_with_header" time="0.258" /><testcase classname="tests.test_customer_portal_auth.TestPortalSessionInfo" name="test_session_info_with_header" time="0.253" /><testcase classname="tests.test_customer_portal_auth.TestPortalSessionInfo" name="test_session_info_with_query_param" time="0.255" /><testcase classname="tests.test_customer_portal_comprehensive.TestPortalAuth" name="test_login_valid_token" time="0.018" /><testcase classname="tests.test_customer_portal_comprehensive.TestPortalAuth" name="test_login_invalid_token" time="0.007" /><testcase classname="tests.test_customer_portal_comprehensive.TestPortalAuth" name="test_session_info" time="0.014" /><testcase classname="tests.test_customer_portal_comprehensive.TestPortalAuth" name="test_no_session_401" time="0.004" /><testcase classname="tests.test_customer_portal_comprehensive.TestPortalDashboard" name="test_get_dashboard" time="0.023" /><testcase classname="tests.test_customer_portal_comprehensive.TestPortalInvoices" name="test_list_invoices" time="0.011" /><testcase classname="tests.test_customer_portal_comprehensive.TestPortalInvoices" name="test_get_invoice_nonexistent" time="0.007" /><testcase classname="tests.test_customer_portal_comprehensive.TestPortalEstimates" name="test_list_estimates" time="0.009" /><testcase classname="tests.test_customer_portal_comprehensive.TestPortalEstimates" name="test_get_estimate_nonexistent" time="0.009" /><testcase classname="tests.test_customer_portal_comprehensive.TestPortalStatement" name="test_get_statement" time="0.010" /><testcase classname="tests.test_customer_portal_comprehensive.TestPortalPayments" name="test_list_payments" time="0.009" /><testcase classname="tests.test_customer_portal_comprehensive.TestPortalProfile" name="test_get_profile" time="0.009" /><testcase classname="tests.test_customer_portal_comprehensive.TestPortalTickets" name="test_list_tickets" time="0.013" /><testcase classname="tests.test_customer_portal_comprehensive.TestPortalTickets" name="test_create_support_request" time="0.014" /><testcase classname="tests.test_customer_portal_comprehensive.TestPortalTickets" name="test_get_ticket_nonexistent" time="0.013" /><testcase classname="tests.test_customer_portal_comprehensive.TestPortalVehicles" name="test_list_vehicles" time="0.008" /><testcase classname="tests.test_customer_portal_comprehensive.TestPortalLogout" name="test_logout" time="0.015" /><testcase classname="tests.test_customer_portal_comprehensive.TestPortalLogout" name="test_session_invalid_after_logout" time="0.021" /><testcase classname="tests.test_data_management.TestDataCounts" name="test_get_data_counts_success" time="0.303" /><testcase classname="tests.test_data_management.TestDataCounts" name="test_get_data_counts_requires_org_id" time="0.062" /><testcase classname="tests.test_data_management.TestZohoConnection" name="test_test_connection_success" time="0.000"><skipped type="pytest.skip" message="Depends on external Zoho Books API connection">/app/backend/tests/test_data_management.py:91: Depends on external Zoho Books API connection</skipped></testcase><testcase classname="tests.test_data_management.TestZohoConnection" name="test_get_sync_status" time="0.000"><skipped type="pytest.skip" message="Depends on external Zoho Books API connection">/app/backend/tests/test_data_management.py:111: Depends on external Zoho Books API connection</skipped></testcase><testcase classname="tests.test_data_management.TestSanitization" name="test_sanitization_audit_mode" time="1.041" /><testcase classname="tests.test_data_management.TestSanitization" name="test_sanitization_invalid_mode" time="0.008" /><testcase classname="tests.test_data_management.TestFullSync" name="test_full_sync_starts_background_job" time="0.000"><skipped type="pytest.skip" message="Depends on external Zoho Books API connection">/app/backend/tests/test_data_management.py:181: Depends on external Zoho Books API connection</skipped></testcase><testcase classname="tests.test_data_management.TestCleanupOperations" name="test_fix_negative_stock" time="0.009" /><testcase classname="tests.test_data_management.TestCleanupOperations" name="test_cleanup_orphaned_records" time="0.025" /><testcase classname="tests.test_data_management.TestSyncModule" name="test_sync_single_module" time="0.000"><skipped type="pytest.skip" message="Depends on external Zoho Books API connection">/app/backend/tests/test_data_management.py:229: Depends on external Zoho Books API connection</skipped></testcase><testcase classname="tests.test_data_management.TestValidation" name="test_validate_integrity" time="0.020" /><testcase classname="tests.test_data_management.TestValidation" name="test_validate_completeness" time="0.016" /><testcase classname="tests.test_data_management.TestSanitizationHistory" name="test_get_sanitization_history" time="0.008" /><testcase classname="tests.test_data_management.TestSanitizationHistory" name="test_get_sync_history" time="0.000"><skipped type="pytest.skip" message="Sync history — internal server error during tenant validation">/app/backend/tests/test_data_management.py:296: Sync history — internal server error during tenant validation</skipped></testcase><testcase classname="tests.test_efi_comprehensive.TestPreprocessComplaint" name="test_preprocess_complaint" time="2.081" /><testcase classname="tests.test_efi_comprehensive.TestPreprocessComplaint" name="test_preprocess_requires_auth" time="0.003" /><testcase classname="tests.test_efi_comprehensive.TestSessionStart" name="test_start_session" time="0.020" /><testcase classname="tests.test_efi_comprehensive.TestSessionStart" name="test_start_session_requires_auth" time="0.002" /><testcase classname="tests.test_efi_comprehensive.TestGetSession" name="test_get_nonexistent_session" time="0.008" /><testcase classname="tests.test_efi_comprehensive.TestGetSession" name="test_get_session_requires_auth" time="0.003" /><testcase classname="tests.test_efi_comprehensive.TestGetSessionByTicket" name="test_get_session_by_ticket" time="0.008" /><testcase classname="tests.test_efi_comprehensive.TestRecordStepOutcome" name="test_step_outcome_nonexistent_session" time="0.009" /><testcase classname="tests.test_efi_comprehensive.TestRecordStepOutcome" name="test_step_outcome_requires_auth" time="0.003" /><testcase classname="tests.test_efi_comprehensive.TestSmartEstimate" name="test_estimate_nonexistent_session" time="0.008" /><testcase classname="tests.test_efi_comprehensive.TestLearningCapture" name="test_capture_completion" time="0.009" /><testcase classname="tests.test_efi_comprehensive.TestLearningCapture" name="test_capture_requires_auth" time="0.002" /><testcase classname="tests.test_efi_comprehensive.TestLearningPending" name="test_get_pending_learning" time="0.011" /><testcase classname="tests.test_efi_comprehensive.TestLearningReview" name="test_review_nonexistent" time="0.008" /><testcase classname="tests.test_efi_comprehensive.TestDecisionTrees" name="test_create_tree_requires_admin" time="0.009" /><testcase classname="tests.test_efi_comprehensive.TestGetDecisionTree" name="test_get_tree" time="0.008" /><testcase classname="tests.test_efi_comprehensive.TestGetDecisionTree" name="test_get_tree_nonexistent" time="0.008" /><testcase classname="tests.test_efi_comprehensive.TestEmbeddings" name="test_generate_all_requires_admin" time="1.972" /><testcase classname="tests.test_efi_comprehensive.TestEmbeddings" name="test_embedding_status" time="0.017" /><testcase classname="tests.test_efi_comprehensive.TestSeedData" name="test_seed_requires_admin" time="0.023" /><testcase classname="tests.test_efi_comprehensive.TestListFailureCards" name="test_list_failure_cards" time="0.012" /><testcase classname="tests.test_efi_comprehensive.TestListFailureCards" name="test_list_failure_cards_with_subsystem" time="0.040" /><testcase classname="tests.test_efi_comprehensive.TestGetFailureCard" name="test_get_failure_card" time="0.010" /><testcase classname="tests.test_efi_comprehensive.TestGetFailureCard" name="test_get_failure_card_nonexistent" time="0.011" /><testcase classname="tests.test_efi_guidance.TestHinglishTemplates" name="test_hinglish_system_prompt_contains_keywords" time="0.020" /><testcase classname="tests.test_efi_guidance.TestHinglishTemplates" name="test_ask_back_prompt_structure" time="0.001" /><testcase classname="tests.test_efi_guidance.TestHinglishTemplates" name="test_quick_mode_instructions" time="0.001" /><testcase classname="tests.test_efi_guidance.TestHinglishTemplates" name="test_deep_mode_instructions" time="0.001" /><testcase classname="tests.test_efi_guidance.TestVisualSpecService" name="test_generate_flowchart" time="0.002" /><testcase classname="tests.test_efi_guidance.TestVisualSpecService" name="test_flowchart_max_nodes" time="0.001" /><testcase classname="tests.test_efi_guidance.TestVisualSpecService" name="test_generate_gauge_spec" time="0.001" /><testcase classname="tests.test_efi_guidance.TestVisualSpecService" name="test_gauge_zones_coloring" time="0.001" /><testcase classname="tests.test_efi_guidance.TestVisualSpecService" name="test_generate_bar_chart_spec" time="0.001" /><testcase classname="tests.test_efi_guidance.TestVisualSpecService" name="test_bar_chart_max_items" time="0.001" /><testcase classname="tests.test_efi_guidance.TestEVDiagnosticTemplates" name="test_battery_not_charging_flow" time="0.001" /><testcase classname="tests.test_efi_guidance.TestEVDiagnosticTemplates" name="test_motor_not_running_flow" time="0.001" /><testcase classname="tests.test_efi_guidance.TestEVDiagnosticTemplates" name="test_range_anxiety_flow" time="0.001" /><testcase classname="tests.test_efi_guidance.TestAskBackLogic" name="test_missing_info_triggers_ask_back" time="0.002" /><testcase classname="tests.test_efi_guidance.TestAskBackLogic" name="test_complete_context_no_ask_back" time="0.002" /><testcase classname="tests.test_efi_guidance.TestGuidanceFeatureFlags" name="test_default_guidance_enabled" time="0.001" /><testcase classname="tests.test_efi_guidance.TestGuidanceFeatureFlags" name="test_is_enabled_check" time="0.002" /><testcase classname="tests.test_efi_guidance.TestConfidenceDetermination" name="test_high_confidence_with_many_sources" time="0.001" /><testcase classname="tests.test_efi_guidance.TestConfidenceDeterm
[...]
list_vendors" time="0.000"><skipped type="pytest.skip" message="deprecated — Zoho integration removed">/app/backend/tests/test_zoho_books_module.py:353: deprecated — Zoho integration removed</skipped></testcase><testcase classname="tests.test_zoho_books_module.TestChartOfAccounts" name="test_list_accounts" time="0.000"><skipped type="pytest.skip" message="deprecated — Zoho integration removed">/app/backend/tests/test_zoho_books_module.py:378: deprecated — Zoho integration removed</skipped></testcase><testcase classname="tests.test_zoho_extended.TestDeliveryChallans" name="test_list_delivery_challans" time="0.000"><skipped type="pytest.skip" message="deprecated — Zoho integration removed">/app/backend/tests/test_zoho_extended.py:18: deprecated — Zoho integration removed</skipped></testcase><testcase classname="tests.test_zoho_extended.TestDeliveryChallans" name="test_create_delivery_challan" time="0.000"><skipped type="pytest.skip" message="deprecated — Zoho integration removed">/app/backend/tests/test_zoho_extended.py:26: deprecated — Zoho integration removed</skipped></testcase><testcase classname="tests.test_zoho_extended.TestProjects" name="test_list_projects" time="0.000"><skipped type="pytest.skip" message="deprecated — Zoho integration removed">/app/backend/tests/test_zoho_extended.py:59: deprecated — Zoho integration removed</skipped></testcase><testcase classname="tests.test_zoho_extended.TestProjects" name="test_create_project" time="0.000"><skipped type="pytest.skip" message="deprecated — Zoho integration removed">/app/backend/tests/test_zoho_extended.py:67: deprecated — Zoho integration removed</skipped></testcase><testcase classname="tests.test_zoho_extended.TestProjects" name="test_list_time_entries" time="0.000"><skipped type="pytest.skip" message="deprecated — Zoho integration removed">/app/backend/tests/test_zoho_extended.py:96: deprecated — Zoho integration removed</skipped></testcase><testcase classname="tests.test_zoho_extended.TestRecurringInvoices" name="test_list_recurring_invoices" time="0.000"><skipped type="pytest.skip" message="deprecated — Zoho integration removed">/app/backend/tests/test_zoho_extended.py:108: deprecated — Zoho integration removed</skipped></testcase><testcase classname="tests.test_zoho_extended.TestRecurringInvoices" name="test_create_recurring_invoice" time="0.000"><skipped type="pytest.skip" message="deprecated — Zoho integration removed">/app/backend/tests/test_zoho_extended.py:116: deprecated — Zoho integration removed</skipped></testcase><testcase classname="tests.test_zoho_extended.TestTaxes" name="test_list_taxes" time="0.000"><skipped type="pytest.skip" message="deprecated — Zoho integration removed">/app/backend/tests/test_zoho_extended.py:153: deprecated — Zoho integration removed</skipped></testcase><testcase classname="tests.test_zoho_extended.TestTaxes" name="test_create_tax" time="0.000"><skipped type="pytest.skip" message="deprecated — Zoho integration removed">/app/backend/tests/test_zoho_extended.py:161: deprecated — Zoho integration removed</skipped></testcase><testcase classname="tests.test_zoho_extended.TestTaxes" name="test_list_tax_groups" time="0.000"><skipped type="pytest.skip" message="deprecated — Zoho integration removed">/app/backend/tests/test_zoho_extended.py:179: deprecated — Zoho integration removed</skipped></testcase><testcase classname="tests.test_zoho_extended.TestChartOfAccounts" name="test_list_chart_of_accounts" time="0.000"><skipped type="pytest.skip" message="deprecated — Zoho integration removed">/app/backend/tests/test_zoho_extended.py:191: deprecated — Zoho integration removed</skipped></testcase><testcase classname="tests.test_zoho_extended.TestChartOfAccounts" name="test_create_account" time="0.000"><skipped type="pytest.skip" message="deprecated — Zoho integration removed">/app/backend/tests/test_zoho_extended.py:199: deprecated — Zoho integration removed</skipped></testcase><testcase classname="tests.test_zoho_extended.TestJournalEntries" name="test_list_journal_entries" time="0.000"><skipped type="pytest.skip" message="deprecated — Zoho integration removed">/app/backend/tests/test_zoho_extended.py:219: deprecated — Zoho integration removed</skipped></testcase><testcase classname="tests.test_zoho_extended.TestJournalEntries" name="test_create_journal_entry" time="0.000"><skipped type="pytest.skip" message="deprecated — Zoho integration removed">/app/backend/tests/test_zoho_extended.py:227: deprecated — Zoho integration removed</skipped></testcase><testcase classname="tests.test_zoho_extended.TestVendorCredits" name="test_list_vendor_credits" time="0.000"><skipped type="pytest.skip" message="deprecated — Zoho integration removed">/app/backend/tests/test_zoho_extended.py:249: deprecated — Zoho integration removed</skipped></testcase><testcase classname="tests.test_zoho_extended.TestVendorCredits" name="test_create_vendor_credit" time="0.000"><skipped type="pytest.skip" message="deprecated — Zoho integration removed">/app/backend/tests/test_zoho_extended.py:257: deprecated — Zoho integration removed</skipped></testcase><testcase classname="tests.test_zoho_new_modules.TestRecurringBills" name="test_list_recurring_bills" time="0.000"><skipped type="pytest.skip" message="deprecated — Zoho integration removed">/app/backend/tests/test_zoho_new_modules.py:50: deprecated — Zoho integration removed</skipped></testcase><testcase classname="tests.test_zoho_new_modules.TestRecurringBills" name="test_create_recurring_bill" time="0.000"><skipped type="pytest.skip" message="deprecated — Zoho integration removed">/app/backend/tests/test_zoho_new_modules.py:58: deprecated — Zoho integration removed</skipped></testcase><testcase classname="tests.test_zoho_new_modules.TestRecurringBills" name="test_get_recurring_bill" time="0.000"><skipped type="pytest.skip" message="deprecated — Zoho integration removed">/app/backend/tests/test_zoho_new_modules.py:93: deprecated — Zoho integration removed</skipped></testcase><testcase classname="tests.test_zoho_new_modules.TestRecurringBills" name="test_stop_recurring_bill" time="0.000"><skipped type="pytest.skip" message="deprecated — Zoho integration removed">/app/backend/tests/test_zoho_new_modules.py:104: deprecated — Zoho integration removed</skipped></testcase><testcase classname="tests.test_zoho_new_modules.TestRecurringBills" name="test_resume_recurring_bill" time="0.000"><skipped type="pytest.skip" message="deprecated — Zoho integration removed">/app/backend/tests/test_zoho_new_modules.py:118: deprecated — Zoho integration removed</skipped></testcase><testcase classname="tests.test_zoho_new_modules.TestRecurringBills" name="test_generate_due_bills" time="0.000"><skipped type="pytest.skip" message="deprecated — Zoho integration removed">/app/backend/tests/test_zoho_new_modules.py:132: deprecated — Zoho integration removed</skipped></testcase><testcase classname="tests.test_zoho_new_modules.TestRecurringBills" name="test_delete_recurring_bill" time="0.000"><skipped type="pytest.skip" message="deprecated — Zoho integration removed">/app/backend/tests/test_zoho_new_modules.py:140: deprecated — Zoho integration removed</skipped></testcase><testcase classname="tests.test_zoho_new_modules.TestFixedAssets" name="test_get_fixed_assets_summary" time="0.000"><skipped type="pytest.skip" message="deprecated — Zoho integration removed">/app/backend/tests/test_zoho_new_modules.py:162: deprecated — Zoho integration removed</skipped></testcase><testcase classname="tests.test_zoho_new_modules.TestFixedAssets" name="test_list_fixed_assets" time="0.000"><skipped type="pytest.skip" message="deprecated — Zoho integration removed">/app/backend/tests/test_zoho_new_modules.py:173: deprecated — Zoho integration removed</skipped></testcase><testcase classname="tests.test_zoho_new_modules.TestFixedAssets" name="test_create_fixed_asset" time="0.000"><skipped type="pytest.skip" message="deprecated — Zoho integration removed">/app/backend/tests/test_zoho_new_modules.py:181: deprecated — Zoho integration removed</skipped></testcase><testcase classname="tests.test_zoho_new_modules.TestFixedAssets" name="test_get_fixed_asset" time="0.000"><skipped type="pytest.skip" message="deprecated — Zoho integration removed">/app/backend/tests/test_zoho_new_modules.py:208: deprecated — Zoho integration removed</skipped></testcase><testcase classname="tests.test_zoho_new_modules.TestFixedAssets" name="test_record_depreciation" time="0.000"><skipped type="pytest.skip" message="deprecated — Zoho integration removed">/app/backend/tests/test_zoho_new_modules.py:219: deprecated — Zoho integration removed</skipped></testcase><testcase classname="tests.test_zoho_new_modules.TestFixedAssets" name="test_dispose_asset" time="0.000"><skipped type="pytest.skip" message="deprecated — Zoho integration removed">/app/backend/tests/test_zoho_new_modules.py:241: deprecated — Zoho integration removed</skipped></testcase><testcase classname="tests.test_zoho_new_modules.TestFixedAssets" name="test_create_and_write_off_asset" time="0.000"><skipped type="pytest.skip" message="deprecated — Zoho integration removed">/app/backend/tests/test_zoho_new_modules.py:266: deprecated — Zoho integration removed</skipped></testcase><testcase classname="tests.test_zoho_new_modules.TestFixedAssets" name="test_delete_fixed_asset" time="0.000"><skipped type="pytest.skip" message="deprecated — Zoho integration removed">/app/backend/tests/test_zoho_new_modules.py:303: deprecated — Zoho integration removed</skipped></testcase><testcase classname="tests.test_zoho_new_modules.TestCustomModules" name="test_list_custom_modules" time="0.000"><skipped type="pytest.skip" message="deprecated — Zoho integration removed">/app/backend/tests/test_zoho_new_modules.py:326: deprecated — Zoho integration removed</skipped></testcase><testcase classname="tests.test_zoho_new_modules.TestCustomModules" name="test_create_custom_module" time="0.000"><skipped type="pytest.skip" message="deprecated — Zoho integration removed">/app/backend/tests/test_zoho_new_modules.py:334: deprecated — Zoho integration removed</skipped></testcase><testcase classname="tests.test_zoho_new_modules.TestCustomModules" name="test_get_custom_module" time="0.000"><skipped type="pytest.skip" message="deprecated — Zoho integration removed">/app/backend/tests/test_zoho_new_modules.py:362: deprecated — Zoho integration removed</skipped></testcase><testcase classname="tests.test_zoho_new_modules.TestCustomModules" name="test_create_custom_record" time="0.000"><skipped type="pytest.skip" message="deprecated — Zoho integration removed">/app/backend/tests/test_zoho_new_modules.py:373: deprecated — Zoho integration removed</skipped></testcase><testcase classname="tests.test_zoho_new_modules.TestCustomModules" name="test_list_custom_records" time="0.000"><skipped type="pytest.skip" message="deprecated — Zoho integration removed">/app/backend/tests/test_zoho_new_modules.py:400: deprecated — Zoho integration removed</skipped></testcase><testcase classname="tests.test_zoho_new_modules.TestCustomModules" name="test_get_custom_record" time="0.000"><skipped type="pytest.skip" message="deprecated — Zoho integration removed">/app/backend/tests/test_zoho_new_modules.py:412: deprecated — Zoho integration removed</skipped></testcase><testcase classname="tests.test_zoho_new_modules.TestCustomModules" name="test_update_custom_record" time="0.000"><skipped type="pytest.skip" message="deprecated — Zoho integration removed">/app/backend/tests/test_zoho_new_modules.py:425: deprecated — Zoho integration removed</skipped></testcase><testcase classname="tests.test_zoho_new_modules.TestCustomModules" name="test_search_custom_records" time="0.000"><skipped type="pytest.skip" message="deprecated — Zoho integration removed">/app/backend/tests/test_zoho_new_modules.py:451: deprecated — Zoho integration removed</skipped></testcase><testcase classname="tests.test_zoho_new_modules.TestCustomModules" name="test_validate_required_fields" time="0.000"><skipped type="pytest.skip" message="deprecated — Zoho integration removed">/app/backend/tests/test_zoho_new_modules.py:464: deprecated — Zoho integration removed</skipped></testcase><testcase classname="tests.test_zoho_new_modules.TestCustomModules" name="test_delete_custom_record" time="0.000"><skipped type="pytest.skip" message="deprecated — Zoho integration removed">/app/backend/tests/test_zoho_new_modules.py:482: deprecated — Zoho integration removed</skipped></testcase><testcase classname="tests.test_zoho_new_modules.TestCustomModules" name="test_deactivate_custom_module" time="0.000"><skipped type="pytest.skip" message="deprecated — Zoho integration removed">/app/backend/tests/test_zoho_new_modules.py:500: deprecated — Zoho integration removed</skipped></testcase><testcase classname="tests.test_zoho_new_modules.TestContactsEnhanced" name="test_list_contacts" time="0.000"><skipped type="pytest.skip" message="deprecated — Zoho integration removed">/app/backend/tests/test_zoho_new_modules.py:521: deprecated — Zoho integration removed</skipped></testcase><testcase classname="tests.test_zoho_new_modules.TestContactsEnhanced" name="test_contacts_summary" time="0.000"><skipped type="pytest.skip" message="deprecated — Zoho integration removed">/app/backend/tests/test_zoho_new_modules.py:530: deprecated — Zoho integration removed</skipped></testcase><testcase classname="tests.test_zoho_new_modules.TestContactsEnhanced" name="test_filter_customers" time="0.000"><skipped type="pytest.skip" message="deprecated — Zoho integration removed">/app/backend/tests/test_zoho_new_modules.py:541: deprecated — Zoho integration removed</skipped></testcase><testcase classname="tests.test_zoho_new_modules.TestContactsEnhanced" name="test_filter_vendors" time="0.000"><skipped type="pytest.skip" message="deprecated — Zoho integration removed">/app/backend/tests/test_zoho_new_modules.py:551: deprecated — Zoho integration removed</skipped></testcase><testcase classname="tests.test_zoho_new_modules.TestContactsEnhanced" name="test_validate_gstin" time="0.000"><skipped type="pytest.skip" message="deprecated — Zoho integration removed">/app/backend/tests/test_zoho_new_modules.py:561: deprecated — Zoho integration removed</skipped></testcase><testcase classname="tests.test_zoho_new_modules.TestContactsEnhanced" name="test_get_indian_states" time="0.000"><skipped type="pytest.skip" message="deprecated — Zoho integration removed">/app/backend/tests/test_zoho_new_modules.py:571: deprecated — Zoho integration removed</skipped></testcase><testcase classname="tests.test_zoho_new_modules.TestContactsEnhanced" name="test_contact_tags" time="0.000"><skipped type="pytest.skip" message="deprecated — Zoho integration removed">/app/backend/tests/test_zoho_new_modules.py:580: deprecated — Zoho integration removed</skipped></testcase><testcase classname="tests.test_zoho_new_modules.TestContactsEnhanced" name="test_check_sync" time="0.000"><skipped type="pytest.skip" message="deprecated — Zoho integration removed">/app/backend/tests/test_zoho_new_modules.py:588: deprecated — Zoho integration removed</skipped></testcase><testcase classname="tests.test_zoho_parity_services.TestFinanceCalculatorService" name="test_finance_calculator_import" time="0.000"><skipped type="pytest.skip" message="deprecated — Zoho integration removed">/app/backend/tests/test_zoho_parity_services.py:22: deprecated — Zoho integration removed</skipped></testcase><testcase classname="tests.test_zoho_parity_services.TestFinanceCalculatorService" name="test_line_item_calculation_via_estimate" time="0.000"><skipped type="pytest.skip" message="deprecated — Zoho integration removed">/app/backend/tests/test_zoho_parity_services.py:39: deprecated — Zoho integration removed</skipped></testcase><testcase classname="tests.test_zoho_parity_services.TestActivityService" name="test_activity_service_import" time="0.000"><skipped type="pytest.skip" message="deprecated — Zoho integration removed">/app/backend/tests/test_zoho_parity_services.py:125: deprecated — Zoho integration removed</skipped></testcase><testcase classname="tests.test_zoho_parity_services.TestEstimateActivityEndpoint" name="test_estimate_activity_endpoint_exists" time="0.000"><skipped type="pytest.skip" message="deprecated — Zoho integration removed">/app/backend/tests/test_zoho_parity_services.py:144: deprecated — Zoho integration removed</skipped></testcase><testcase classname="tests.test_zoho_parity_services.TestEstimateActivityEndpoint" name="test_estimate_activity_structure" time="0.000"><skipped type="pytest.skip" message="deprecated — Zoho integration removed">/app/backend/tests/test_zoho_parity_services.py:169: deprecated — Zoho integration removed</skipped></testcase><testcase classname="tests.test_zoho_parity_services.TestInvoiceHistoryEndpoint" name="test_invoice_history_endpoint_exists" time="0.000"><skipped type="pytest.skip" message="deprecated — Zoho integration removed">/app/backend/tests/test_zoho_parity_services.py:191: deprecated — Zoho integration removed</skipped></testcase><testcase classname="tests.test_zoho_parity_services.TestPaymentActivityEndpoint" name="test_payment_activity_endpoint_exists" time="0.000"><skipped type="pytest.skip" message="deprecated — Zoho integration removed">/app/backend/tests/test_zoho_parity_services.py:220: deprecated — Zoho integration removed</skipped></testcase><testcase classname="tests.test_zoho_parity_services.TestPaymentReceiptPDF" name="test_payment_receipt_pdf_endpoint_exists" time="0.000"><skipped type="pytest.skip" message="deprecated — Zoho integration removed">/app/backend/tests/test_zoho_parity_services.py:249: deprecated — Zoho integration removed</skipped></testcase><testcase classname="tests.test_zoho_parity_services.TestSalesOrderActivityEndpoint" name="test_sales_order_activity_endpoint_exists" time="0.000"><skipped type="pytest.skip" message="deprecated — Zoho integration removed">/app/backend/tests/test_zoho_parity_services.py:285: deprecated — Zoho integration removed</skipped></testcase><testcase classname="tests.test_zoho_parity_services.TestSalesOrderPDF" name="test_sales_order_pdf_endpoint_exists" time="0.000"><skipped type="pytest.skip" message="deprecated — Zoho integration removed">/app/backend/tests/test_zoho_parity_services.py:314: deprecated — Zoho integration removed</skipped></testcase><testcase classname="tests.test_zoho_parity_services.TestContactActivityEndpoint" name="test_contact_activity_endpoint_exists" time="0.000"><skipped type="pytest.skip" message="deprecated — Zoho integration removed">/app/backend/tests/test_zoho_parity_services.py:350: deprecated — Zoho integration removed</skipped></testcase><testcase classname="tests.test_zoho_parity_services.TestInvoiceAttachmentsWorkflow" name="test_invoice_attachments_list" time="0.000"><skipped type="pytest.skip" message="deprecated — Zoho integration removed">/app/backend/tests/test_zoho_parity_services.py:392: deprecated — Zoho integration removed</skipped></testcase><testcase classname="tests.test_zoho_parity_services.TestInvoiceCommentsWorkflow" name="test_invoice_comments_list" time="0.000"><skipped type="pytest.skip" message="deprecated — Zoho integration removed">/app/backend/tests/test_zoho_parity_services.py:418: deprecated — Zoho integration removed</skipped></testcase><testcase classname="tests.test_zoho_parity_services.TestInvoiceShareLinkWorkflow" name="test_invoice_share_link_creation" time="0.000"><skipped type="pytest.skip" message="deprecated — Zoho integration removed">/app/backend/tests/test_zoho_parity_services.py:444: deprecated — Zoho integration removed</skipped></testcase><testcase classname="tests.test_zoho_parity_services.TestCleanup" name="test_cleanup_test_data" time="0.912"><skipped type="pytest.skip" message="deprecated — Zoho integration removed">/app/backend/tests/test_zoho_parity_services.py:489: deprecated — Zoho integration removed</skipped></testcase></testsuite></testsuites>