<?xml version="1.0" encoding="utf-8"?><testsuites name="pytest tests"><testsuite name="pytest" errors="0" failures="0" skipped="2" tests="20" time="5.808" timestamp="2026-02-22T17:19:07.442532+00:00" hostname="agent-env-3a942423-bcad-413a-8e7e-e1225a499aa1"><testcase classname="tests.test_gst_accounting_flow.TestGSTAccountingFlow" name="test_01_login" time="0.724" /><testcase classname="tests.test_gst_accounting_flow.TestGSTAccountingFlow" name="test_02_list_tickets" time="0.123" /><testcase classname="tests.test_gst_accounting_flow.TestGSTAccountingFlow" name="test_03_get_ticket_details" time="0.234" /><testcase classname="tests.test_gst_accounting_flow.TestGSTAccountingFlow" name="test_04_create_customer_contact" time="0.229" /><testcase classname="tests.test_gst_accounting_flow.TestGSTAccountingFlow" name="test_05_create_inventory_item" time="0.262" /><testcase classname="tests.test_gst_accounting_flow.TestGSTAccountingFlow" name="test_06_create_estimate" time="0.134" /><testcase classname="tests.test_gst_accounting_flow.TestGSTAccountingFlow" name="test_07_verify_gst_calculations" time="0.157" /><testcase classname="tests.test_gst_accounting_flow.TestGSTAccountingFlow" name="test_08_approve_estimate" time="0.331" /><testcase classname="tests.test_gst_accounting_flow.TestGSTAccountingFlow" name="test_09_convert_estimate_to_invoice" time="0.125" /><testcase classname="tests.test_gst_accounting_flow.TestGSTAccountingFlow" name="test_10_verify_invoice_gst_breakdown" time="0.123"><skipped type="pytest.skip" message="No invoice available for GST verification">/app/backend/tests/test_gst_accounting_flow.py:405: No invoice available for GST verification</skipped></testcase><testcase classname="tests.test_gst_accounting_flow.TestGSTAccountingFlow" name="test_11_record_payment" time="0.107"><skipped type="pytest.skip" message="Could not get invoice details">/app/backend/tests/test_gst_accounting_flow.py:454: Could not get invoice details</skipped></testcase><testcase classname="tests.test_gst_accounting_flow.TestGSTAccountingFlow" name="test_12_chart_of_accounts" time="0.151" /><testcase classname="tests.test_gst_accounting_flow.TestGSTAccountingFlow" name="test_13_zoho_sync_disconnect_endpoint" time="1.212" /><testcase classname="tests.test_gst_accounting_flow.TestGSTAccountingFlow" name="test_14_tax_configurations" time="0.229" /><testcase classname="tests.test_gst_accounting_flow.TestGSTAccountingFlow" name="test_99_cleanup" time="0.000" /><testcase classname="tests.test_gst_accounting_flow.TestListModules" name="test_list_estimates" time="0.482" /><testcase classname="tests.test_gst_accounting_flow.TestListModules" name="test_list_invoices" time="0.265" /><testcase classname="tests.test_gst_accounting_flow.TestListModules" name="test_list_contacts" time="0.280" /><testcase classname="tests.test_gst_accounting_flow.TestListModules" name="test_list_items" time="0.275" /><testcase classname="tests.test_gst_accounting_flow.TestListModules" name="test_list_payments" time="0.297" /></testsuite></testsuites>