<?xml version="1.0" encoding="utf-8"?><testsuites name="pytest tests"><testsuite name="pytest" errors="0" failures="1" skipped="5" tests="20" time="5.712" timestamp="2026-02-22T17:17:37.458913+00:00" hostname="agent-env-3a942423-bcad-413a-8e7e-e1225a499aa1"><testcase classname="tests.test_gst_accounting_flow.TestGSTAccountingFlow" name="test_01_login" time="0.752" /><testcase classname="tests.test_gst_accounting_flow.TestGSTAccountingFlow" name="test_02_list_tickets" time="0.120" /><testcase classname="tests.test_gst_accounting_flow.TestGSTAccountingFlow" name="test_03_get_ticket_details" time="0.283" /><testcase classname="tests.test_gst_accounting_flow.TestGSTAccountingFlow" name="test_04_create_customer_contact" time="0.281"><failure message="AssertionError: No contact available for testing&#10;assert None&#10; +  where None = TestGSTAccountingFlow.created_contact_id">tests/test_gst_accounting_flow.py:156: in test_04_create_customer_contact
    assert TestGSTAccountingFlow.created_contact_id, "No contact available for testing"
E   AssertionError: No contact available for testing
E   assert None
E    +  where None = TestGSTAccountingFlow.created_contact_id</failure></testcase><testcase classname="tests.test_gst_accounting_flow.TestGSTAccountingFlow" name="test_05_create_inventory_item" time="0.243" /><testcase classname="tests.test_gst_accounting_flow.TestGSTAccountingFlow" name="test_06_create_estimate" time="0.239"><skipped type="pytest.skip" message="No contact available for estimate creation">/app/backend/tests/test_gst_accounting_flow.py:212: No contact available for estimate creation</skipped></testcase><testcase classname="tests.test_gst_accounting_flow.TestGSTAccountingFlow" name="test_07_verify_gst_calculations" time="0.000"><skipped type="pytest.skip" message="No estimate created">/app/backend/tests/test_gst_accounting_flow.py:276: No estimate created</skipped></testcase><testcase classname="tests.test_gst_accounting_flow.TestGSTAccountingFlow" name="test_08_approve_estimate" time="0.001"><skipped type="pytest.skip" message="No estimate created">/app/backend/tests/test_gst_accounting_flow.py:312: No estimate created</skipped></testcase><testcase classname="tests.test_gst_accounting_flow.TestGSTAccountingFlow" name="test_09_convert_estimate_to_invoice" time="0.000"><skipped type="pytest.skip" message="No estimate created">/app/backend/tests/test_gst_accounting_flow.py:342: No estimate created</skipped></testcase><testcase classname="tests.test_gst_accounting_flow.TestGSTAccountingFlow" name="test_10_verify_invoice_gst_breakdown" time="0.262" /><testcase classname="tests.test_gst_accounting_flow.TestGSTAccountingFlow" name="test_11_record_payment" time="0.265"><skipped type="pytest.skip" message="No invoice available for payment recording">/app/backend/tests/test_gst_accounting_flow.py:424: No invoice available for payment recording</skipped></testcase><testcase classname="tests.test_gst_accounting_flow.TestGSTAccountingFlow" name="test_12_chart_of_accounts" time="0.152" /><testcase classname="tests.test_gst_accounting_flow.TestGSTAccountingFlow" name="test_13_zoho_sync_disconnect_endpoint" time="1.063" /><testcase classname="tests.test_gst_accounting_flow.TestGSTAccountingFlow" name="test_14_tax_configurations" time="0.237" /><testcase classname="tests.test_gst_accounting_flow.TestGSTAccountingFlow" name="test_99_cleanup" time="0.000" /><testcase classname="tests.test_gst_accounting_flow.TestListModules" name="test_list_estimates" time="0.568" /><testcase classname="tests.test_gst_accounting_flow.TestListModules" name="test_list_invoices" time="0.298" /><testcase classname="tests.test_gst_accounting_flow.TestListModules" name="test_list_contacts" time="0.268" /><testcase classname="tests.test_gst_accounting_flow.TestListModules" name="test_list_items" time="0.297" /><testcase classname="tests.test_gst_accounting_flow.TestListModules" name="test_list_payments" time="0.288" /></testsuite></testsuites>