<?xml version="1.0" encoding="utf-8"?><testsuites name="pytest tests"><testsuite name="pytest" errors="0" failures="3" skipped="6" tests="20" time="6.048" timestamp="2026-02-22T17:14:49.773931+00:00" hostname="agent-env-3a942423-bcad-413a-8e7e-e1225a499aa1"><testcase classname="tests.test_gst_accounting_flow.TestGSTAccountingFlow" name="test_01_login" time="0.981" /><testcase classname="tests.test_gst_accounting_flow.TestGSTAccountingFlow" name="test_02_list_tickets" time="0.116"><failure message="AssertionError: Expected at least 1 test ticket, found: []&#10;assert 0 &gt;= 1&#10; +  where 0 = len([])">tests/test_gst_accounting_flow.py:87: in test_02_list_tickets
    assert len(found_test_tickets) &gt;= 1, f"Expected at least 1 test ticket, found: {found_test_tickets}"
E   AssertionError: Expected at least 1 test ticket, found: []
E   assert 0 &gt;= 1
E    +  where 0 = len([])</failure></testcase><testcase classname="tests.test_gst_accounting_flow.TestGSTAccountingFlow" name="test_03_get_ticket_details" time="0.159"><skipped type="pytest.skip" message="No tickets available to test">/app/backend/tests/test_gst_accounting_flow.py:101: No tickets available to test</skipped></testcase><testcase classname="tests.test_gst_accounting_flow.TestGSTAccountingFlow" name="test_04_create_customer_contact" time="0.311"><failure message="AssertionError: No contact available for testing&#10;assert None&#10; +  where None = TestGSTAccountingFlow.created_contact_id">tests/test_gst_accounting_flow.py:153: in test_04_create_customer_contact
    assert TestGSTAccountingFlow.created_contact_id, "No contact available for testing"
E   AssertionError: No contact available for testing
E   assert None
E    +  where None = TestGSTAccountingFlow.created_contact_id</failure></testcase><testcase classname="tests.test_gst_accounting_flow.TestGSTAccountingFlow" name="test_05_create_inventory_item" time="0.322" /><testcase classname="tests.test_gst_accounting_flow.TestGSTAccountingFlow" name="test_06_create_estimate" time="0.267"><skipped type="pytest.skip" message="No contact available for estimate creation">/app/backend/tests/test_gst_accounting_flow.py:209: No contact available for estimate creation</skipped></testcase><testcase classname="tests.test_gst_accounting_flow.TestGSTAccountingFlow" name="test_07_verify_gst_calculations" time="0.000"><skipped type="pytest.skip" message="No estimate created">/app/backend/tests/test_gst_accounting_flow.py:273: No estimate created</skipped></testcase><testcase classname="tests.test_gst_accounting_flow.TestGSTAccountingFlow" name="test_08_approve_estimate" time="0.000"><skipped type="pytest.skip" message="No estimate created">/app/backend/tests/test_gst_accounting_flow.py:309: No estimate created</skipped></testcase><testcase classname="tests.test_gst_accounting_flow.TestGSTAccountingFlow" name="test_09_convert_estimate_to_invoice" time="0.000"><skipped type="pytest.skip" message="No estimate created">/app/backend/tests/test_gst_accounting_flow.py:339: No estimate created</skipped></testcase><testcase classname="tests.test_gst_accounting_flow.TestGSTAccountingFlow" name="test_10_verify_invoice_gst_breakdown" time="0.322" /><testcase classname="tests.test_gst_accounting_flow.TestGSTAccountingFlow" name="test_11_record_payment" time="0.257"><skipped type="pytest.skip" message="No invoice available for payment recording">/app/backend/tests/test_gst_accounting_flow.py:421: No invoice available for payment recording</skipped></testcase><testcase classname="tests.test_gst_accounting_flow.TestGSTAccountingFlow" name="test_12_chart_of_accounts" time="0.141"><failure message="AttributeError: 'list' object has no attribute 'get'">tests/test_gst_accounting_flow.py:495: in test_12_chart_of_accounts
    accounts = data.get("accounts", data.get("chart_of_accounts", []))
               ^^^^^^^^
E   AttributeError: 'list' object has no attribute 'get'</failure></testcase><testcase classname="tests.test_gst_accounting_flow.TestGSTAccountingFlow" name="test_13_zoho_sync_disconnect_endpoint" time="1.052" /><testcase classname="tests.test_gst_accounting_flow.TestGSTAccountingFlow" name="test_14_tax_configurations" time="0.276" /><testcase classname="tests.test_gst_accounting_flow.TestGSTAccountingFlow" name="test_99_cleanup" time="0.000" /><testcase classname="tests.test_gst_accounting_flow.TestListModules" name="test_list_estimates" time="0.540" /><testcase classname="tests.test_gst_accounting_flow.TestListModules" name="test_list_invoices" time="0.302" /><testcase classname="tests.test_gst_accounting_flow.TestListModules" name="test_list_contacts" time="0.315" /><testcase classname="tests.test_gst_accounting_flow.TestListModules" name="test_list_items" time="0.266" /><testcase classname="tests.test_gst_accounting_flow.TestListModules" name="test_list_payments" time="0.310" /></testsuite></testsuites>