<?xml version="1.0" encoding="utf-8"?><testsuites name="pytest tests"><testsuite name="pytest" errors="0" failures="1" skipped="1" tests="20" time="5.690" timestamp="2026-02-22T17:18:12.784060+00:00" hostname="agent-env-3a942423-bcad-413a-8e7e-e1225a499aa1"><testcase classname="tests.test_gst_accounting_flow.TestGSTAccountingFlow" name="test_01_login" time="0.702" /><testcase classname="tests.test_gst_accounting_flow.TestGSTAccountingFlow" name="test_02_list_tickets" time="0.115" /><testcase classname="tests.test_gst_accounting_flow.TestGSTAccountingFlow" name="test_03_get_ticket_details" time="0.256" /><testcase classname="tests.test_gst_accounting_flow.TestGSTAccountingFlow" name="test_04_create_customer_contact" time="0.123" /><testcase classname="tests.test_gst_accounting_flow.TestGSTAccountingFlow" name="test_05_create_inventory_item" time="0.475" /><testcase classname="tests.test_gst_accounting_flow.TestGSTAccountingFlow" name="test_06_create_estimate" time="0.165" /><testcase classname="tests.test_gst_accounting_flow.TestGSTAccountingFlow" name="test_07_verify_gst_calculations" time="0.130" /><testcase classname="tests.test_gst_accounting_flow.TestGSTAccountingFlow" name="test_08_approve_estimate" time="0.127"><failure message="AssertionError: Failed to approve estimate: {&quot;detail&quot;:&quot;Method Not Allowed&quot;}&#10;assert 405 == 200&#10; +  where 405 = &lt;Response [405]&gt;.status_code">tests/test_gst_accounting_flow.py:320: in test_08_approve_estimate
    assert response.status_code == 200, f"Failed to approve estimate: {response.text}"
E   AssertionError: Failed to approve estimate: {"detail":"Method Not Allowed"}
E   assert 405 == 200
E    +  where 405 = &lt;Response [405]&gt;.status_code</failure></testcase><testcase classname="tests.test_gst_accounting_flow.TestGSTAccountingFlow" name="test_09_convert_estimate_to_invoice" time="0.116" /><testcase classname="tests.test_gst_accounting_flow.TestGSTAccountingFlow" name="test_10_verify_invoice_gst_breakdown" time="0.262" /><testcase classname="tests.test_gst_accounting_flow.TestGSTAccountingFlow" name="test_11_record_payment" time="0.229"><skipped type="pytest.skip" message="No invoice available for payment recording">/app/backend/tests/test_gst_accounting_flow.py:424: No invoice available for payment recording</skipped></testcase><testcase classname="tests.test_gst_accounting_flow.TestGSTAccountingFlow" name="test_12_chart_of_accounts" time="0.151" /><testcase classname="tests.test_gst_accounting_flow.TestGSTAccountingFlow" name="test_13_zoho_sync_disconnect_endpoint" time="1.023" /><testcase classname="tests.test_gst_accounting_flow.TestGSTAccountingFlow" name="test_14_tax_configurations" time="0.236" /><testcase classname="tests.test_gst_accounting_flow.TestGSTAccountingFlow" name="test_99_cleanup" time="0.000" /><testcase classname="tests.test_gst_accounting_flow.TestListModules" name="test_list_estimates" time="0.449" /><testcase classname="tests.test_gst_accounting_flow.TestListModules" name="test_list_invoices" time="0.238" /><testcase classname="tests.test_gst_accounting_flow.TestListModules" name="test_list_contacts" time="0.254" /><testcase classname="tests.test_gst_accounting_flow.TestListModules" name="test_list_items" time="0.276" /><testcase classname="tests.test_gst_accounting_flow.TestListModules" name="test_list_payments" time="0.269" /></testsuite></testsuites>