<?xml version="1.0" encoding="utf-8"?><testsuites name="pytest tests"><testsuite name="pytest" errors="0" failures="1" skipped="0" tests="20" time="7.381" timestamp="2026-02-24T20:22:41.646964+00:00" hostname="agent-env-c8ae0095-4fa2-455d-a0ab-f049ea54c79f"><testcase classname="tests.test_hardening_sprint.TestO2EnhancedHealthCheck" name="test_health_endpoint_returns_healthy" time="0.846" /><testcase classname="tests.test_hardening_sprint.TestS5PasswordVersionInJWT" name="test_login_token_contains_pwd_v" time="0.421" /><testcase classname="tests.test_hardening_sprint.TestS5PasswordVersionInJWT" name="test_me_endpoint_with_valid_token" time="0.534" /><testcase classname="tests.test_hardening_sprint.TestS2IsActiveCheck" name="test_active_user_can_access_api" time="0.163" /><testcase classname="tests.test_hardening_sprint.TestS4RateLimiting" name="test_rate_limit_exists" time="1.884" /><testcase classname="tests.test_hardening_sprint.TestO1AuditLogging" name="test_audit_log_collection_exists" time="0.299" /><testcase classname="tests.test_hardening_sprint.TestCompoundIndexes" name="test_tickets_endpoint_uses_index" time="0.180" /><testcase classname="tests.test_hardening_sprint.TestCompoundIndexes" name="test_invoices_endpoint_uses_index" time="0.370"><failure message="assert 401 in [200, 404]&#10; +  where 401 = &lt;Response [401]&gt;.status_code">tests/test_hardening_sprint.py:183: in test_invoices_endpoint_uses_index
    assert response.status_code in [200, 404]
E   assert 401 in [200, 404]
E    +  where 401 = &lt;Response [401]&gt;.status_code</failure></testcase><testcase classname="tests.test_hardening_sprint.TestD3PayrollDuplicatePrevention" name="test_payroll_endpoint_exists" time="0.127" /><testcase classname="tests.test_hardening_sprint.TestD1AtomicStockDeduction" name="test_inventory_adjustment_endpoint" time="0.193" /><testcase classname="tests.test_hardening_sprint.TestLifespanRefactor" name="test_server_starts_with_lifespan" time="0.180" /><testcase classname="tests.test_hardening_sprint.TestAPIVersioning" name="test_auth_at_api_root" time="0.504" /><testcase classname="tests.test_hardening_sprint.TestAPIVersioning" name="test_business_routes_at_v1" time="0.130" /><testcase classname="tests.test_hardening_sprint.TestAPIVersioning" name="test_auth_not_at_v1" time="0.174" /><testcase classname="tests.test_hardening_sprint.TestMultiTenancy" name="test_tickets_scoped_to_org" time="0.125" /><testcase classname="tests.test_hardening_sprint.TestMultiTenancy" name="test_inventory_scoped_to_org" time="0.140" /><testcase classname="tests.test_hardening_sprint.TestEmployeesAndHR" name="test_employees_endpoint" time="0.143" /><testcase classname="tests.test_hardening_sprint.TestChangePasswordBumpsPwdVersion" name="test_change_password_endpoint_exists" time="0.396" /><testcase classname="tests.test_hardening_sprint.TestBoundedListLimits" name="test_tickets_have_pagination" time="0.120" /><testcase classname="tests.test_hardening_sprint.TestBoundedListLimits" name="test_invoices_have_pagination" time="0.338" /></testsuite></testsuites>