<?xml version="1.0" encoding="utf-8"?><testsuites name="pytest tests"><testsuite name="pytest" errors="0" failures="0" skipped="0" tests="34" time="5.159" timestamp="2026-02-23T22:27:15.458091+00:00" hostname="agent-env-4c9a7174-159c-4876-9cf0-f60289658e0b"><testcase classname="backend.tests.test_insights.TestRevenueInsights" name="test_revenue_returns_200" time="0.197" /><testcase classname="backend.tests.test_insights.TestRevenueInsights" name="test_revenue_has_required_keys" time="0.141" /><testcase classname="backend.tests.test_insights.TestRevenueInsights" name="test_revenue_kpis_structure" time="0.129" /><testcase classname="backend.tests.test_insights.TestRevenueInsights" name="test_revenue_trend_is_list" time="0.131" /><testcase classname="backend.tests.test_insights.TestRevenueInsights" name="test_revenue_by_type_is_list" time="0.144" /><testcase classname="backend.tests.test_insights.TestRevenueInsights" name="test_revenue_with_current_month_params" time="0.166" /><testcase classname="backend.tests.test_insights.TestOperationsInsights" name="test_operations_returns_200" time="0.144" /><testcase classname="backend.tests.test_insights.TestOperationsInsights" name="test_operations_has_required_keys" time="0.130" /><testcase classname="backend.tests.test_insights.TestOperationsInsights" name="test_operations_kpis_structure" time="0.161" /><testcase classname="backend.tests.test_insights.TestOperationsInsights" name="test_operations_volume_is_list" time="0.138" /><testcase classname="backend.tests.test_insights.TestOperationsInsights" name="test_operations_vehicle_dist_is_list" time="0.143" /><testcase classname="backend.tests.test_insights.TestTechnicianInsights" name="test_technicians_returns_200" time="0.150" /><testcase classname="backend.tests.test_insights.TestTechnicianInsights" name="test_technicians_has_required_keys" time="0.140" /><testcase classname="backend.tests.test_insights.TestTechnicianInsights" name="test_technicians_leaderboard_is_list" time="0.120" /><testcase classname="backend.tests.test_insights.TestTechnicianInsights" name="test_technicians_heatmap_is_list" time="0.169" /><testcase classname="backend.tests.test_insights.TestTechnicianInsights" name="test_technicians_vehicle_types_is_list" time="0.141" /><testcase classname="backend.tests.test_insights.TestTechnicianInsights" name="test_technicians_leaderboard_item_structure" time="0.145" /><testcase classname="backend.tests.test_insights.TestEfiInsights" name="test_efi_returns_200" time="0.135" /><testcase classname="backend.tests.test_insights.TestEfiInsights" name="test_efi_has_required_keys" time="0.128" /><testcase classname="backend.tests.test_insights.TestEfiInsights" name="test_efi_stats_structure" time="0.120" /><testcase classname="backend.tests.test_insights.TestEfiInsights" name="test_efi_failure_patterns_is_list" time="0.139" /><testcase classname="backend.tests.test_insights.TestEfiInsights" name="test_efi_optional_keys_present" time="0.141" /><testcase classname="backend.tests.test_insights.TestCustomerInsights" name="test_customers_returns_200" time="0.125" /><testcase classname="backend.tests.test_insights.TestCustomerInsights" name="test_customers_has_required_keys" time="0.127" /><testcase classname="backend.tests.test_insights.TestCustomerInsights" name="test_customers_kpis_structure" time="0.149" /><testcase classname="backend.tests.test_insights.TestCustomerInsights" name="test_customers_rating_trend_is_list" time="0.150" /><testcase classname="backend.tests.test_insights.TestCustomerInsights" name="test_customers_top_customers_is_list" time="0.145" /><testcase classname="backend.tests.test_insights.TestInventoryInsights" name="test_inventory_returns_200" time="0.158" /><testcase classname="backend.tests.test_insights.TestInventoryInsights" name="test_inventory_has_required_keys" time="0.129" /><testcase classname="backend.tests.test_insights.TestInventoryInsights" name="test_inventory_kpis_structure" time="0.172" /><testcase classname="backend.tests.test_insights.TestInventoryInsights" name="test_inventory_stock_health_is_list" time="0.129" /><testcase classname="backend.tests.test_insights.TestInventoryInsights" name="test_inventory_fast_movers_is_list" time="0.256" /><testcase classname="backend.tests.test_insights.TestInventoryInsights" name="test_inventory_dead_stock_is_list" time="0.134" /><testcase classname="backend.tests.test_insights.TestInventoryInsights" name="test_inventory_stock_health_items" time="0.237" /></testsuite></testsuites>