<?xml version="1.0" encoding="utf-8"?><testsuites name="pytest tests"><testsuite name="pytest" errors="0" failures="0" skipped="0" tests="33" time="7.226" timestamp="2026-02-16T08:43:01.791951+00:00" hostname="agent-env-3018ed70-0672-4b8e-a27d-a5177a13ff97"><testcase classname="backend.tests.test_inventory_hr_modules.TestAuthentication" name="test_admin_login_success" time="1.156" /><testcase classname="backend.tests.test_inventory_hr_modules.TestInventoryList" name="test_list_inventory_items" time="0.207" /><testcase classname="backend.tests.test_inventory_hr_modules.TestInventoryList" name="test_list_inventory_by_category" time="0.185" /><testcase classname="backend.tests.test_inventory_hr_modules.TestInventoryList" name="test_list_low_stock_items" time="0.216" /><testcase classname="backend.tests.test_inventory_hr_modules.TestInventoryCRUD" name="test_create_inventory_item" time="0.115" /><testcase classname="backend.tests.test_inventory_hr_modules.TestInventoryCRUD" name="test_get_inventory_item" time="0.300" /><testcase classname="backend.tests.test_inventory_hr_modules.TestInventoryCRUD" name="test_get_nonexistent_item_returns_404" time="0.098" /><testcase classname="backend.tests.test_inventory_hr_modules.TestInventoryCRUD" name="test_update_inventory_item" time="0.205" /><testcase classname="backend.tests.test_inventory_hr_modules.TestInventoryCRUD" name="test_delete_inventory_item" time="0.863" /><testcase classname="backend.tests.test_inventory_hr_modules.TestInventoryAllocations" name="test_create_allocation" time="0.431" /><testcase classname="backend.tests.test_inventory_hr_modules.TestInventoryAllocations" name="test_list_allocations" time="0.094" /><testcase classname="backend.tests.test_inventory_hr_modules.TestHREmployees" name="test_list_employees" time="0.094" /><testcase classname="backend.tests.test_inventory_hr_modules.TestHREmployees" name="test_create_employee" time="0.103" /><testcase classname="backend.tests.test_inventory_hr_modules.TestHREmployees" name="test_get_employee" time="0.215" /><testcase classname="backend.tests.test_inventory_hr_modules.TestHREmployees" name="test_get_nonexistent_employee_returns_404" time="0.102" /><testcase classname="backend.tests.test_inventory_hr_modules.TestHREmployees" name="test_update_employee" time="0.224" /><testcase classname="backend.tests.test_inventory_hr_modules.TestHRAttendance" name="test_get_leave_types" time="0.101" /><testcase classname="backend.tests.test_inventory_hr_modules.TestHRAttendance" name="test_get_today_attendance" time="0.107" /><testcase classname="backend.tests.test_inventory_hr_modules.TestHRAttendance" name="test_get_leave_balance" time="0.100" /><testcase classname="backend.tests.test_inventory_hr_modules.TestHRLeaveManagement" name="test_request_leave" time="0.118" /><testcase classname="backend.tests.test_inventory_hr_modules.TestHRLeaveManagement" name="test_get_my_leave_requests" time="0.126" /><testcase classname="backend.tests.test_inventory_hr_modules.TestHRLeaveManagement" name="test_request_leave_insufficient_balance" time="0.102" /><testcase classname="backend.tests.test_inventory_hr_modules.TestHRPayroll" name="test_calculate_payroll" time="0.206" /><testcase classname="backend.tests.test_inventory_hr_modules.TestHRPayroll" name="test_calculate_payroll_nonexistent_employee" time="0.094" /><testcase classname="backend.tests.test_inventory_hr_modules.TestHRPayroll" name="test_get_payroll_records" time="0.104" /><testcase classname="backend.tests.test_inventory_hr_modules.TestExistingTicketsModule" name="test_list_tickets" time="0.117" /><testcase classname="backend.tests.test_inventory_hr_modules.TestExistingTicketsModule" name="test_get_ticket_stats" time="0.107" /><testcase classname="backend.tests.test_inventory_hr_modules.TestExistingEFIModule" name="test_list_failure_cards" time="0.110" /><testcase classname="backend.tests.test_inventory_hr_modules.TestExistingEFIModule" name="test_get_efi_analytics" time="0.109" /><testcase classname="backend.tests.test_inventory_hr_modules.TestUnauthorizedAccess" name="test_inventory_without_auth" time="0.118" /><testcase classname="backend.tests.test_inventory_hr_modules.TestUnauthorizedAccess" name="test_hr_employees_without_auth" time="0.107" /><testcase classname="backend.tests.test_inventory_hr_modules.TestUnauthorizedAccess" name="test_hr_attendance_without_auth" time="0.099" /><testcase classname="backend.tests.test_inventory_hr_modules.TestUnauthorizedAccess" name="test_hr_leave_balance_without_auth" time="0.681" /></testsuite></testsuites>