<?xml version="1.0" encoding="utf-8"?><testsuites name="pytest tests"><testsuite name="pytest" errors="0" failures="1" skipped="0" tests="18" time="7.819" timestamp="2026-02-18T16:51:28.213875+00:00" hostname="agent-env-34b24880-871e-434e-8a8c-feaeac759c70"><testcase classname="backend.tests.test_inventory_adjustments_v2.TestReasonsCRUD" name="test_get_reasons_seeds_defaults" time="0.254" /><testcase classname="backend.tests.test_inventory_adjustments_v2.TestReasonsCRUD" name="test_create_custom_reason" time="0.247" /><testcase classname="backend.tests.test_inventory_adjustments_v2.TestReasonsCRUD" name="test_disable_reason" time="0.336" /><testcase classname="backend.tests.test_inventory_adjustments_v2.TestAdjustmentWorkflow" name="test_create_draft_quantity_adjustment" time="0.321" /><testcase classname="backend.tests.test_inventory_adjustments_v2.TestAdjustmentWorkflow" name="test_list_adjustments_with_filters" time="0.599" /><testcase classname="backend.tests.test_inventory_adjustments_v2.TestAdjustmentWorkflow" name="test_get_adjustment_detail_with_audit" time="0.241" /><testcase classname="backend.tests.test_inventory_adjustments_v2.TestAdjustmentWorkflow" name="test_convert_to_adjusted" time="1.134" /><testcase classname="backend.tests.test_inventory_adjustments_v2.TestAdjustmentWorkflow" name="test_void_adjusted" time="0.398" /><testcase classname="backend.tests.test_inventory_adjustments_v2.TestValueAdjustment" name="test_create_value_adjustment_adjusted" time="0.402" /><testcase classname="backend.tests.test_inventory_adjustments_v2.TestDeleteDraft" name="test_create_and_delete_draft" time="1.046" /><testcase classname="backend.tests.test_inventory_adjustments_v2.TestDeleteDraft" name="test_delete_adjusted_fails" time="0.745" /><testcase classname="backend.tests.test_inventory_adjustments_v2.TestSummary" name="test_get_summary" time="0.144" /><testcase classname="backend.tests.test_inventory_adjustments_v2.TestReports" name="test_adjustment_summary_report" time="0.121" /><testcase classname="backend.tests.test_inventory_adjustments_v2.TestReports" name="test_fifo_tracking_report" time="0.197"><failure message="assert 520 == 200&#10; +  where 520 = &lt;Response [520]&gt;.status_code">backend/tests/test_inventory_adjustments_v2.py:402: in test_fifo_tracking_report
    assert response.status_code == 200
E   assert 520 == 200
E    +  where 520 = &lt;Response [520]&gt;.status_code</failure></testcase><testcase classname="backend.tests.test_inventory_adjustments_v2.TestReports" name="test_abc_classification_report" time="0.131" /><testcase classname="backend.tests.test_inventory_adjustments_v2.TestNumberingSettings" name="test_get_numbering_settings" time="0.130" /><testcase classname="backend.tests.test_inventory_adjustments_v2.TestEdgeCases" name="test_convert_non_draft_fails" time="0.773" /><testcase classname="backend.tests.test_inventory_adjustments_v2.TestEdgeCases" name="test_void_non_adjusted_fails" time="0.484" /></testsuite></testsuites>