<?xml version="1.0" encoding="utf-8"?><testsuites name="pytest tests"><testsuite name="pytest" errors="0" failures="0" skipped="0" tests="20" time="4.623" timestamp="2026-02-18T15:43:24.750144+00:00" hostname="agent-env-e46575ba-509c-4059-832d-27367c9310bc"><testcase classname="backend.tests.test_invoice_automation.TestInvoiceAutomationAgingReport" name="test_get_aging_report" time="0.258" /><testcase classname="backend.tests.test_invoice_automation.TestInvoiceAutomationOverdue" name="test_get_overdue_invoices" time="0.136" /><testcase classname="backend.tests.test_invoice_automation.TestInvoiceAutomationDueSoon" name="test_get_due_soon_invoices" time="0.157" /><testcase classname="backend.tests.test_invoice_automation.TestInvoiceAutomationReminderSettings" name="test_get_reminder_settings" time="0.176" /><testcase classname="backend.tests.test_invoice_automation.TestInvoiceAutomationReminderSettings" name="test_update_reminder_settings" time="0.255" /><testcase classname="backend.tests.test_invoice_automation.TestInvoiceAutomationLateFeeSettings" name="test_get_late_fee_settings" time="0.120" /><testcase classname="backend.tests.test_invoice_automation.TestInvoiceAutomationLateFeeSettings" name="test_update_late_fee_settings" time="0.247" /><testcase classname="backend.tests.test_invoice_automation.TestInvoiceAutomationReminders" name="test_send_reminder" time="0.260" /><testcase classname="backend.tests.test_invoice_automation.TestInvoiceAutomationReminders" name="test_send_reminder_invalid_invoice" time="0.148" /><testcase classname="backend.tests.test_invoice_automation.TestInvoiceAutomationReminders" name="test_get_reminder_history" time="0.249" /><testcase classname="backend.tests.test_invoice_automation.TestInvoiceAutomationLateFees" name="test_calculate_late_fee" time="0.223" /><testcase classname="backend.tests.test_invoice_automation.TestInvoiceAutomationAutoCredits" name="test_auto_apply_credits_invalid_invoice" time="0.120" /><testcase classname="backend.tests.test_invoice_automation.TestInvoicePaymentsStripe" name="test_create_payment_link" time="0.947" /><testcase classname="backend.tests.test_invoice_automation.TestInvoicePaymentsStripe" name="test_create_payment_link_invalid_invoice" time="0.116" /><testcase classname="backend.tests.test_invoice_automation.TestInvoicePaymentsStripe" name="test_get_payment_status_invalid_session" time="0.112" /><testcase classname="backend.tests.test_invoice_automation.TestInvoicePaymentsStripe" name="test_get_invoice_payment_link" time="0.273" /><testcase classname="backend.tests.test_invoice_automation.TestInvoicePaymentsStripe" name="test_list_payment_transactions" time="0.164" /><testcase classname="backend.tests.test_invoice_automation.TestInvoicePaymentsStripe" name="test_get_online_payments_summary" time="0.126" /><testcase classname="backend.tests.test_invoice_automation.TestInvoiceAutomationBulkReminders" name="test_send_bulk_reminders_empty_list" time="0.165" /><testcase classname="backend.tests.test_invoice_automation.TestInvoiceAutomationBulkReminders" name="test_send_bulk_reminders" time="0.265" /></testsuite></testsuites>