<?xml version="1.0" encoding="utf-8"?><testsuites name="pytest tests"><testsuite name="pytest" errors="0" failures="1" skipped="0" tests="19" time="6.828" timestamp="2026-02-19T06:52:55.964400+00:00" hostname="agent-env-c2795054-eab5-438d-8519-dc4603cecfe6"><testcase classname="backend.tests.test_invoices_estimates_enhanced_zoho.TestInvoiceEnhancedFeatures" name="test_get_invoice_detail" time="0.433" /><testcase classname="backend.tests.test_invoices_estimates_enhanced_zoho.TestInvoiceEnhancedFeatures" name="test_update_draft_invoice_notes" time="0.416" /><testcase classname="backend.tests.test_invoices_estimates_enhanced_zoho.TestInvoiceEnhancedFeatures" name="test_update_non_draft_invoice_limited" time="0.312" /><testcase classname="backend.tests.test_invoices_estimates_enhanced_zoho.TestInvoiceEnhancedFeatures" name="test_create_share_link" time="0.318" /><testcase classname="backend.tests.test_invoices_estimates_enhanced_zoho.TestInvoiceEnhancedFeatures" name="test_share_link_for_draft_fails" time="0.313" /><testcase classname="backend.tests.test_invoices_estimates_enhanced_zoho.TestInvoiceEnhancedFeatures" name="test_list_attachments_empty" time="0.306" /><testcase classname="backend.tests.test_invoices_estimates_enhanced_zoho.TestInvoiceEnhancedFeatures" name="test_upload_attachment" time="0.453" /><testcase classname="backend.tests.test_invoices_estimates_enhanced_zoho.TestInvoiceEnhancedFeatures" name="test_delete_attachment" time="0.427" /><testcase classname="backend.tests.test_invoices_estimates_enhanced_zoho.TestInvoiceEnhancedFeatures" name="test_list_comments_empty" time="0.349" /><testcase classname="backend.tests.test_invoices_estimates_enhanced_zoho.TestInvoiceEnhancedFeatures" name="test_add_comment" time="0.310" /><testcase classname="backend.tests.test_invoices_estimates_enhanced_zoho.TestInvoiceEnhancedFeatures" name="test_delete_comment" time="0.411" /><testcase classname="backend.tests.test_invoices_estimates_enhanced_zoho.TestInvoiceEnhancedFeatures" name="test_get_invoice_history" time="0.319" /><testcase classname="backend.tests.test_invoices_estimates_enhanced_zoho.TestInvoiceEnhancedFeatures" name="test_pdf_endpoint_exists" time="0.646"><failure message="assert 520 in [200, 500]&#10; +  where 520 = &lt;Response [520]&gt;.status_code">backend/tests/test_invoices_estimates_enhanced_zoho.py:291: in test_pdf_endpoint_exists
    assert response.status_code in [200, 500]  # 500 if weasyprint deps missing
    ^^^^^^^^^^^^^^^^^^^^^^^^^^^^^^^^^^^^^^^^^
E   assert 520 in [200, 500]
E    +  where 520 = &lt;Response [520]&gt;.status_code</failure></testcase><testcase classname="backend.tests.test_invoices_estimates_enhanced_zoho.TestEstimateEnhancedFeatures" name="test_get_estimate_detail" time="0.224" /><testcase classname="backend.tests.test_invoices_estimates_enhanced_zoho.TestEstimateEnhancedFeatures" name="test_update_draft_estimate_notes" time="0.342" /><testcase classname="backend.tests.test_invoices_estimates_enhanced_zoho.TestEstimateEnhancedFeatures" name="test_list_estimates" time="0.222" /><testcase classname="backend.tests.test_invoices_estimates_enhanced_zoho.TestEstimateEnhancedFeatures" name="test_estimates_summary" time="0.221" /><testcase classname="backend.tests.test_invoices_estimates_enhanced_zoho.TestInvoiceDetailActions" name="test_clone_invoice" time="0.206" /><testcase classname="backend.tests.test_invoices_estimates_enhanced_zoho.TestInvoiceDetailActions" name="test_void_invoice" time="0.435" /></testsuite></testsuites>