<?xml version="1.0" encoding="utf-8"?><testsuites name="pytest tests"><testsuite name="pytest" errors="0" failures="2" skipped="0" tests="23" time="7.158" timestamp="2026-02-18T12:16:39.703638+00:00" hostname="agent-env-3cc3f5d4-d3d5-433d-b82d-7c2d3c0b488b"><testcase classname="backend.tests.test_items_phase2.TestContactPriceLists" name="test_assign_price_list_to_contact" time="1.046" /><testcase classname="backend.tests.test_items_phase2.TestContactPriceLists" name="test_get_contact_price_lists" time="0.900" /><testcase classname="backend.tests.test_items_phase2.TestContactPriceLists" name="test_get_contact_price_lists_not_found" time="0.923" /><testcase classname="backend.tests.test_items_phase2.TestLineItemPricing" name="test_calculate_line_prices_basic" time="0.292"><failure message="AssertionError: assert ('total_amount' in {'code': 0, 'line_items': [{'base_rate': 200.0, 'discount_applied': 0, 'final_rate': 200.0, 'hsn_code': '', ...}], 'price_list_id': None, 'price_list_name': None, ...} or 'total' in {'code': 0, 'line_items': [{'base_rate': 200.0, 'discount_applied': 0, 'final_rate': 200.0, 'hsn_code': '', ...}], 'price_list_id': None, 'price_list_name': None, ...})">backend/tests/test_items_phase2.py:144: in test_calculate_line_prices_basic
    assert "total_amount" in data or "total" in data
E   AssertionError: assert ('total_amount' in {'code': 0, 'line_items': [{'base_rate': 200.0, 'discount_applied': 0, 'final_rate': 200.0, 'hsn_code': '', ...}], 'price_list_id': None, 'price_list_name': None, ...} or 'total' in {'code': 0, 'line_items': [{'base_rate': 200.0, 'discount_applied': 0, 'final_rate': 200.0, 'hsn_code': '', ...}], 'price_list_id': None, 'price_list_name': None, ...})</failure></testcase><testcase classname="backend.tests.test_items_phase2.TestLineItemPricing" name="test_calculate_line_prices_with_contact" time="0.282" /><testcase classname="backend.tests.test_items_phase2.TestLineItemPricing" name="test_calculate_line_prices_multiple_items" time="0.255" /><testcase classname="backend.tests.test_items_phase2.TestBulkPriceSetting" name="test_set_bulk_prices_percentage" time="0.281" /><testcase classname="backend.tests.test_items_phase2.TestBulkPriceSetting" name="test_set_bulk_prices_custom" time="0.219" /><testcase classname="backend.tests.test_items_phase2.TestBarcodeFeatures" name="test_create_barcode" time="0.173" /><testcase classname="backend.tests.test_items_phase2.TestBarcodeFeatures" name="test_barcode_lookup" time="0.213" /><testcase classname="backend.tests.test_items_phase2.TestBarcodeFeatures" name="test_barcode_lookup_not_found" time="0.178" /><testcase classname="backend.tests.test_items_phase2.TestBarcodeFeatures" name="test_batch_barcode_lookup" time="0.262"><failure message="AssertionError: assert 'results' in {'code': 0, 'items': [{'barcode': 'BC8DDD1E8462', 'item_id': '1837096000000446195', 'name': '12V Battery replacement', 'rate': 0, ...}], 'not_found': ['NONEXISTENT-123']}">backend/tests/test_items_phase2.py:409: in test_batch_barcode_lookup
    assert "results" in data
E   AssertionError: assert 'results' in {'code': 0, 'items': [{'barcode': 'BC8DDD1E8462', 'item_id': '1837096000000446195', 'name': '12V Battery replacement', 'rate': 0, ...}], 'not_found': ['NONEXISTENT-123']}</failure></testcase><testcase classname="backend.tests.test_items_phase2.TestAdvancedReports" name="test_sales_by_item_report" time="0.361" /><testcase classname="backend.tests.test_items_phase2.TestAdvancedReports" name="test_sales_by_item_report_with_filters" time="0.246" /><testcase classname="backend.tests.test_items_phase2.TestAdvancedReports" name="test_purchases_by_item_report" time="0.097" /><testcase classname="backend.tests.test_items_phase2.TestAdvancedReports" name="test_inventory_valuation_report" time="0.130" /><testcase classname="backend.tests.test_items_phase2.TestAdvancedReports" name="test_item_movement_report" time="0.180" /><testcase classname="backend.tests.test_items_phase2.TestAdvancedReports" name="test_item_movement_report_with_date_filter" time="0.176" /><testcase classname="backend.tests.test_items_phase2.TestExistingPhase1Features" name="test_items_list" time="0.131" /><testcase classname="backend.tests.test_items_phase2.TestExistingPhase1Features" name="test_price_lists" time="0.137" /><testcase classname="backend.tests.test_items_phase2.TestExistingPhase1Features" name="test_groups" time="0.124" /><testcase classname="backend.tests.test_items_phase2.TestExistingPhase1Features" name="test_warehouses" time="0.120" /><testcase classname="backend.tests.test_items_phase2.TestExistingPhase1Features" name="test_summary" time="0.297" /></testsuite></testsuites>