<?xml version="1.0" encoding="utf-8"?><testsuites name="pytest tests"><testsuite name="pytest" errors="0" failures="0" skipped="0" tests="16" time="3.153" timestamp="2026-02-18T14:35:10.313224+00:00" hostname="agent-env-e46575ba-509c-4059-832d-27367c9310bc"><testcase classname="backend.tests.test_items_estimates_integration.TestItemsEnhancedPriceEndpoints" name="test_get_item_price_without_contact" time="0.260" /><testcase classname="backend.tests.test_items_estimates_integration.TestItemsEnhancedPriceEndpoints" name="test_get_item_price_with_contact_having_price_list" time="0.158" /><testcase classname="backend.tests.test_items_estimates_integration.TestItemsEnhancedPriceEndpoints" name="test_get_item_price_invalid_item" time="0.135" /><testcase classname="backend.tests.test_items_estimates_integration.TestItemsEnhancedPriceEndpoints" name="test_get_contact_pricing_summary" time="0.135" /><testcase classname="backend.tests.test_items_estimates_integration.TestItemsEnhancedPriceEndpoints" name="test_get_contact_pricing_summary_invalid_contact" time="0.186" /><testcase classname="backend.tests.test_items_estimates_integration.TestEstimatesEnhancedPricingEndpoints" name="test_get_item_pricing_for_estimate_without_customer" time="0.150" /><testcase classname="backend.tests.test_items_estimates_integration.TestEstimatesEnhancedPricingEndpoints" name="test_get_item_pricing_for_estimate_with_customer" time="0.131" /><testcase classname="backend.tests.test_items_estimates_integration.TestEstimatesEnhancedPricingEndpoints" name="test_get_item_pricing_invalid_item" time="0.122" /><testcase classname="backend.tests.test_items_estimates_integration.TestEstimatesEnhancedPricingEndpoints" name="test_get_customer_pricing_info" time="0.172" /><testcase classname="backend.tests.test_items_estimates_integration.TestEstimatesEnhancedPricingEndpoints" name="test_get_customer_pricing_invalid_customer" time="0.157" /><testcase classname="backend.tests.test_items_estimates_integration.TestEstimateCreationWithPriceList" name="test_create_estimate_with_price_list_customer" time="0.126" /><testcase classname="backend.tests.test_items_estimates_integration.TestEstimateCreationWithPriceList" name="test_create_estimate_with_manual_rate_override" time="0.202" /><testcase classname="backend.tests.test_items_estimates_integration.TestEstimateCreationWithPriceList" name="test_create_estimate_multiple_items_with_price_list" time="0.130" /><testcase classname="backend.tests.test_items_estimates_integration.TestPriceListVerification" name="test_verify_wholesale_price_list_exists" time="0.149" /><testcase classname="backend.tests.test_items_estimates_integration.TestPriceListVerification" name="test_verify_customer_has_price_list_assigned" time="0.154" /><testcase classname="backend.tests.test_items_estimates_integration.TestExistingEstimatesWithPriceList" name="test_get_existing_estimate_with_price_list" time="0.657" /></testsuite></testsuites>