<?xml version="1.0" encoding="utf-8"?><testsuites name="pytest tests"><testsuite name="pytest" errors="0" failures="0" skipped="0" tests="6" time="3.481" timestamp="2026-02-19T20:05:41.408941+00:00" hostname="agent-env-653892f6-d021-4612-8949-7c5f304b468e"><testcase classname="backend.tests.test_items_enhanced_parts_fix.TestItemsEnhancedPartsFix" name="test_items_enhanced_with_trailing_slash" time="0.777" /><testcase classname="backend.tests.test_items_enhanced_parts_fix.TestItemsEnhancedPartsFix" name="test_items_enhanced_without_search_query" time="0.546" /><testcase classname="backend.tests.test_items_enhanced_parts_fix.TestItemsEnhancedPartsFix" name="test_items_enhanced_with_search_query" time="0.494" /><testcase classname="backend.tests.test_items_enhanced_parts_fix.TestItemsEnhancedPartsFix" name="test_items_enhanced_inventory_type_filter" time="0.570" /><testcase classname="backend.tests.test_items_enhanced_parts_fix.TestItemsEnhancedPartsFix" name="test_items_have_required_fields_for_estimate" time="0.539" /><testcase classname="backend.tests.test_items_enhanced_parts_fix.TestItemsEnhancedPagination" name="test_pagination_context" time="0.485" /></testsuite></testsuites>