<?xml version="1.0" encoding="utf-8"?><testsuites name="pytest tests"><testsuite name="pytest" errors="0" failures="0" skipped="0" tests="23" time="7.343" timestamp="2026-02-18T12:17:16.677988+00:00" hostname="agent-env-3cc3f5d4-d3d5-433d-b82d-7c2d3c0b488b"><testcase classname="backend.tests.test_items_phase2.TestContactPriceLists" name="test_assign_price_list_to_contact" time="1.028" /><testcase classname="backend.tests.test_items_phase2.TestContactPriceLists" name="test_get_contact_price_lists" time="0.966" /><testcase classname="backend.tests.test_items_phase2.TestContactPriceLists" name="test_get_contact_price_lists_not_found" time="0.908" /><testcase classname="backend.tests.test_items_phase2.TestLineItemPricing" name="test_calculate_line_prices_basic" time="0.232" /><testcase classname="backend.tests.test_items_phase2.TestLineItemPricing" name="test_calculate_line_prices_with_contact" time="0.290" /><testcase classname="backend.tests.test_items_phase2.TestLineItemPricing" name="test_calculate_line_prices_multiple_items" time="0.233" /><testcase classname="backend.tests.test_items_phase2.TestBulkPriceSetting" name="test_set_bulk_prices_percentage" time="0.277" /><testcase classname="backend.tests.test_items_phase2.TestBulkPriceSetting" name="test_set_bulk_prices_custom" time="0.427" /><testcase classname="backend.tests.test_items_phase2.TestBarcodeFeatures" name="test_create_barcode" time="0.167" /><testcase classname="backend.tests.test_items_phase2.TestBarcodeFeatures" name="test_barcode_lookup" time="0.270" /><testcase classname="backend.tests.test_items_phase2.TestBarcodeFeatures" name="test_barcode_lookup_not_found" time="0.204" /><testcase classname="backend.tests.test_items_phase2.TestBarcodeFeatures" name="test_batch_barcode_lookup" time="0.234" /><testcase classname="backend.tests.test_items_phase2.TestAdvancedReports" name="test_sales_by_item_report" time="0.341" /><testcase classname="backend.tests.test_items_phase2.TestAdvancedReports" name="test_sales_by_item_report_with_filters" time="0.247" /><testcase classname="backend.tests.test_items_phase2.TestAdvancedReports" name="test_purchases_by_item_report" time="0.122" /><testcase classname="backend.tests.test_items_phase2.TestAdvancedReports" name="test_inventory_valuation_report" time="0.127" /><testcase classname="backend.tests.test_items_phase2.TestAdvancedReports" name="test_item_movement_report" time="0.196" /><testcase classname="backend.tests.test_items_phase2.TestAdvancedReports" name="test_item_movement_report_with_date_filter" time="0.186" /><testcase classname="backend.tests.test_items_phase2.TestExistingPhase1Features" name="test_items_list" time="0.131" /><testcase classname="backend.tests.test_items_phase2.TestExistingPhase1Features" name="test_price_lists" time="0.115" /><testcase classname="backend.tests.test_items_phase2.TestExistingPhase1Features" name="test_groups" time="0.099" /><testcase classname="backend.tests.test_items_phase2.TestExistingPhase1Features" name="test_warehouses" time="0.139" /><testcase classname="backend.tests.test_items_phase2.TestExistingPhase1Features" name="test_summary" time="0.296" /></testsuite></testsuites>