<?xml version="1.0" encoding="utf-8"?><testsuites name="pytest tests"><testsuite name="pytest" errors="0" failures="2" skipped="0" tests="14" time="5.064" timestamp="2026-02-19T18:38:39.384900+00:00" hostname="agent-env-995331f9-c949-425e-b868-fb61931d3a96"><testcase classname="tests.test_items_enhanced_zoho_columns.TestItemsEnhancedZohoColumns" name="test_health_check" time="0.305"><failure message="assert 404 == 200&#10; +  where 404 = &lt;Response [404]&gt;.status_code">tests/test_items_enhanced_zoho_columns.py:62: in test_health_check
    assert response.status_code == 200
E   assert 404 == 200
E    +  where 404 = &lt;Response [404]&gt;.status_code</failure></testcase><testcase classname="tests.test_items_enhanced_zoho_columns.TestItemsEnhancedZohoColumns" name="test_items_endpoint_available" time="0.221" /><testcase classname="tests.test_items_enhanced_zoho_columns.TestItemsEnhancedZohoColumns" name="test_create_item_with_full_zoho_fields" time="0.193" /><testcase classname="tests.test_items_enhanced_zoho_columns.TestItemsEnhancedZohoColumns" name="test_create_item_minimal_fields" time="0.292" /><testcase classname="tests.test_items_enhanced_zoho_columns.TestItemsEnhancedZohoColumns" name="test_export_csv_has_39_columns" time="0.379" /><testcase classname="tests.test_items_enhanced_zoho_columns.TestItemsEnhancedZohoColumns" name="test_export_template_has_correct_columns" time="0.120" /><testcase classname="tests.test_items_enhanced_zoho_columns.TestItemsEnhancedZohoColumns" name="test_export_json_format" time="0.536"><failure message="AssertionError: Missing field in JSON export: hsn_code&#10;assert 'hsn_code' in {'actual_available_stock': 0, 'available_stock': 0, 'created_time': '2026-02-16T18:59:40.517920+00:00', 'custom_fields': [], ...}">tests/test_items_enhanced_zoho_columns.py:316: in test_export_json_format
    assert field in item, f"Missing field in JSON export: {field}"
E   AssertionError: Missing field in JSON export: hsn_code
E   assert 'hsn_code' in {'actual_available_stock': 0, 'available_stock': 0, 'created_time': '2026-02-16T18:59:40.517920+00:00', 'custom_fields': [], ...}</failure></testcase><testcase classname="tests.test_items_enhanced_zoho_columns.TestItemsEnhancedZohoColumns" name="test_item_list_with_new_fields" time="0.430" /><testcase classname="tests.test_items_enhanced_zoho_columns.TestItemsEnhancedZohoColumns" name="test_create_service_item_with_gst" time="0.193" /><testcase classname="tests.test_items_enhanced_zoho_columns.TestItemsEnhancedZohoColumns" name="test_create_item_with_weighted_average_valuation" time="0.176" /><testcase classname="tests.test_items_enhanced_zoho_columns.TestItemsEnhancedZohoColumns" name="test_get_single_item_details" time="0.279" /><testcase classname="tests.test_items_enhanced_zoho_columns.TestItemsEnhancedZohoColumns" name="test_update_item_zoho_fields" time="0.411" /><testcase classname="tests.test_items_enhanced_zoho_columns.TestItemsExportValidation" name="test_export_csv_data_integrity" time="0.336" /><testcase classname="tests.test_items_enhanced_zoho_columns.TestCleanup" name="test_cleanup_test_items" time="1.053" /></testsuite></testsuites>