<?xml version="1.0" encoding="utf-8"?><testsuites name="pytest tests"><testsuite name="pytest" errors="0" failures="0" skipped="0" tests="29" time="5.257" timestamp="2026-02-23T13:24:45.000361+00:00" hostname="agent-env-a47a26fd-4236-40a9-b00d-99ab5b3cf41f"><testcase classname="tests.test_new_features_iter104.TestFix5BcryptAuth" name="test_login_returns_200" time="0.590" /><testcase classname="tests.test_new_features_iter104.TestFix5BcryptAuth" name="test_login_returns_token" time="0.356" /><testcase classname="tests.test_new_features_iter104.TestFix5BcryptAuth" name="test_login_wrong_password_fails" time="0.338" /><testcase classname="tests.test_new_features_iter104.TestFix5BcryptAuth" name="test_login_wrong_email_fails" time="0.157" /><testcase classname="tests.test_new_features_iter104.TestFix1EmailSettings" name="test_get_email_settings_status" time="0.456" /><testcase classname="tests.test_new_features_iter104.TestFix1EmailSettings" name="test_save_email_settings" time="0.126" /><testcase classname="tests.test_new_features_iter104.TestFix1EmailSettings" name="test_email_settings_masked_after_save" time="0.233" /><testcase classname="tests.test_new_features_iter104.TestFix1EmailSettings" name="test_delete_email_settings" time="0.113" /><testcase classname="tests.test_new_features_iter104.TestFix1RazorpayConfig" name="test_get_razorpay_config_status" time="0.213" /><testcase classname="tests.test_new_features_iter104.TestFix1RazorpayConfig" name="test_razorpay_config_uses_fallback" time="0.146" /><testcase classname="tests.test_new_features_iter104.TestFix2OrgScopedRoutes" name="test_get_users_returns_array" time="0.136" /><testcase classname="tests.test_new_features_iter104.TestFix2OrgScopedRoutes" name="test_get_users_org_scoped" time="0.145" /><testcase classname="tests.test_new_features_iter104.TestFix2OrgScopedRoutes" name="test_get_allocations_returns_array" time="0.122" /><testcase classname="tests.test_new_features_iter104.TestFix2OrgScopedRoutes" name="test_get_technicians_returns_array" time="0.115" /><testcase classname="tests.test_new_features_iter104.TestFix2OrgScopedRoutes" name="test_get_technicians_no_passwords" time="0.121" /><testcase classname="tests.test_new_features_iter104.TestFix2OrgScopedRoutes" name="test_unauthenticated_users_blocked" time="0.128" /><testcase classname="tests.test_new_features_iter104.TestFix2OrgScopedRoutes" name="test_unauthenticated_allocations_blocked" time="0.101" /><testcase classname="tests.test_new_features_iter104.TestFix3SequentialNumbering" name="test_create_invoice_gets_sequential_number" time="0.101" /><testcase classname="tests.test_new_features_iter104.TestFix3SequentialNumbering" name="test_sequence_numbering_format" time="0.163" /><testcase classname="tests.test_new_features_iter104.TestFix4PlatformAdmin" name="test_platform_metrics_requires_auth" time="0.107" /><testcase classname="tests.test_new_features_iter104.TestFix4PlatformAdmin" name="test_platform_metrics_returns_data" time="0.122" /><testcase classname="tests.test_new_features_iter104.TestFix4PlatformAdmin" name="test_platform_metrics_includes_all_kpis" time="0.120" /><testcase classname="tests.test_new_features_iter104.TestFix4PlatformAdmin" name="test_platform_organizations_list" time="0.112" /><testcase classname="tests.test_new_features_iter104.TestFix4PlatformAdmin" name="test_platform_organizations_pagination" time="0.113" /><testcase classname="tests.test_new_features_iter104.TestFix4PlatformAdmin" name="test_platform_organizations_403_for_non_admin" time="0.105" /><testcase classname="tests.test_new_features_iter104.TestFix4PlatformAdmin" name="test_platform_org_detail" time="0.224" /><testcase classname="tests.test_new_features_iter104.TestIntegrationChecks" name="test_auth_me_returns_is_platform_admin" time="0.103" /><testcase classname="tests.test_new_features_iter104.TestIntegrationChecks" name="test_platform_metrics_org_count_positive" time="0.118" /><testcase classname="tests.test_new_features_iter104.TestIntegrationChecks" name="test_sequential_numbering_increments" time="0.166" /></testsuite></testsuites>