<?xml version="1.0" encoding="utf-8"?><testsuites name="pytest tests"><testsuite name="pytest" errors="0" failures="0" skipped="0" tests="20" time="11.539" timestamp="2026-02-19T10:19:30.846778+00:00" hostname="agent-env-ed7d01f8-746c-4d00-bf0f-c0798b3283a5"><testcase classname="tests.test_multi_tenant_scoping.TestAuthentication" name="test_admin_login" time="0.453" /><testcase classname="tests.test_multi_tenant_scoping.TestAuthentication" name="test_technician_login" time="0.319" /><testcase classname="tests.test_multi_tenant_scoping.TestOrganizationContext" name="test_get_current_organization" time="0.774" /><testcase classname="tests.test_multi_tenant_scoping.TestOrganizationContext" name="test_get_organization_settings" time="0.756" /><testcase classname="tests.test_multi_tenant_scoping.TestOrganizationContext" name="test_list_organization_users" time="0.755" /><testcase classname="tests.test_multi_tenant_scoping.TestOrganizationContext" name="test_list_user_organizations" time="0.738" /><testcase classname="tests.test_multi_tenant_scoping.TestVehiclesScoping" name="test_list_vehicles_without_header" time="0.527" /><testcase classname="tests.test_multi_tenant_scoping.TestVehiclesScoping" name="test_list_vehicles_with_org_header" time="0.575" /><testcase classname="tests.test_multi_tenant_scoping.TestTicketsScoping" name="test_list_tickets_without_header" time="0.597" /><testcase classname="tests.test_multi_tenant_scoping.TestTicketsScoping" name="test_list_tickets_with_org_header" time="0.537" /><testcase classname="tests.test_multi_tenant_scoping.TestCustomersScoping" name="test_list_customers_without_header" time="0.556" /><testcase classname="tests.test_multi_tenant_scoping.TestCustomersScoping" name="test_list_customers_with_org_header" time="0.563" /><testcase classname="tests.test_multi_tenant_scoping.TestInventoryScoping" name="test_list_inventory_without_header" time="0.640" /><testcase classname="tests.test_multi_tenant_scoping.TestPermissions" name="test_admin_can_update_settings" time="0.784" /><testcase classname="tests.test_multi_tenant_scoping.TestPermissions" name="test_technician_cannot_update_settings" time="0.751" /><testcase classname="tests.test_multi_tenant_scoping.TestPermissions" name="test_technician_can_read_organization" time="0.758" /><testcase classname="tests.test_multi_tenant_scoping.TestPermissions" name="test_technician_can_read_settings" time="0.774" /><testcase classname="tests.test_multi_tenant_scoping.TestUnauthenticatedAccess" name="test_no_token_returns_401" time="0.098" /><testcase classname="tests.test_multi_tenant_scoping.TestUnauthenticatedAccess" name="test_invalid_token_returns_401" time="0.101" /><testcase classname="tests.test_multi_tenant_scoping.TestAvailableRoles" name="test_get_available_roles" time="0.420" /></testsuite></testsuites>