<?xml version="1.0" encoding="utf-8"?><testsuites name="pytest tests"><testsuite name="pytest" errors="0" failures="2" skipped="0" tests="20" time="11.874" timestamp="2026-02-19T10:18:46.455009+00:00" hostname="agent-env-ed7d01f8-746c-4d00-bf0f-c0798b3283a5"><testcase classname="tests.test_multi_tenant_scoping.TestAuthentication" name="test_admin_login" time="0.534" /><testcase classname="tests.test_multi_tenant_scoping.TestAuthentication" name="test_technician_login" time="0.357" /><testcase classname="tests.test_multi_tenant_scoping.TestOrganizationContext" name="test_get_current_organization" time="0.767" /><testcase classname="tests.test_multi_tenant_scoping.TestOrganizationContext" name="test_get_organization_settings" time="0.822" /><testcase classname="tests.test_multi_tenant_scoping.TestOrganizationContext" name="test_list_organization_users" time="0.786" /><testcase classname="tests.test_multi_tenant_scoping.TestOrganizationContext" name="test_list_user_organizations" time="0.755" /><testcase classname="tests.test_multi_tenant_scoping.TestVehiclesScoping" name="test_list_vehicles_without_header" time="0.567" /><testcase classname="tests.test_multi_tenant_scoping.TestVehiclesScoping" name="test_list_vehicles_with_org_header" time="0.538" /><testcase classname="tests.test_multi_tenant_scoping.TestTicketsScoping" name="test_list_tickets_without_header" time="0.589" /><testcase classname="tests.test_multi_tenant_scoping.TestTicketsScoping" name="test_list_tickets_with_org_header" time="0.537" /><testcase classname="tests.test_multi_tenant_scoping.TestCustomersScoping" name="test_list_customers_without_header" time="0.576" /><testcase classname="tests.test_multi_tenant_scoping.TestCustomersScoping" name="test_list_customers_with_org_header" time="0.549" /><testcase classname="tests.test_multi_tenant_scoping.TestInventoryScoping" name="test_list_inventory_without_header" time="0.628" /><testcase classname="tests.test_multi_tenant_scoping.TestPermissions" name="test_admin_can_update_settings" time="0.771" /><testcase classname="tests.test_multi_tenant_scoping.TestPermissions" name="test_technician_cannot_update_settings" time="0.753" /><testcase classname="tests.test_multi_tenant_scoping.TestPermissions" name="test_technician_can_read_organization" time="0.777" /><testcase classname="tests.test_multi_tenant_scoping.TestPermissions" name="test_technician_can_read_settings" time="0.772" /><testcase classname="tests.test_multi_tenant_scoping.TestUnauthenticatedAccess" name="test_no_token_returns_401" time="0.101"><failure message="AssertionError: Expected 401, got 520&#10;assert 520 == 401&#10; +  where 520 = &lt;Response [520]&gt;.status_code">tests/test_multi_tenant_scoping.py:381: in test_no_token_returns_401
    assert response.status_code == 401, f"Expected 401, got {response.status_code}"
E   AssertionError: Expected 401, got 520
E   assert 520 == 401
E    +  where 520 = &lt;Response [520]&gt;.status_code</failure></testcase><testcase classname="tests.test_multi_tenant_scoping.TestUnauthenticatedAccess" name="test_invalid_token_returns_401" time="0.115"><failure message="AssertionError: Expected 401, got 520&#10;assert 520 == 401&#10; +  where 520 = &lt;Response [520]&gt;.status_code">tests/test_multi_tenant_scoping.py:390: in test_invalid_token_returns_401
    assert response.status_code == 401, f"Expected 401, got {response.status_code}"
E   AssertionError: Expected 401, got 520
E   assert 520 == 401
E    +  where 520 = &lt;Response [520]&gt;.status_code</failure></testcase><testcase classname="tests.test_multi_tenant_scoping.TestAvailableRoles" name="test_get_available_roles" time="0.420" /></testsuite></testsuites>