<?xml version="1.0" encoding="utf-8"?><testsuites name="pytest tests"><testsuite name="pytest" errors="0" failures="0" skipped="6" tests="15" time="7.754" timestamp="2026-02-19T19:10:37.036957+00:00" hostname="agent-env-653892f6-d021-4612-8949-7c5f304b468e"><testcase classname="backend.tests.test_new_features_iteration64.TestInventoryEnhancedStock" name="test_stock_endpoint_returns_200" time="0.352" /><testcase classname="backend.tests.test_new_features_iteration64.TestInventoryEnhancedStock" name="test_stock_endpoint_with_warehouse_filter" time="0.200" /><testcase classname="backend.tests.test_new_features_iteration64.TestOrganizationSettingsExportImport" name="test_export_organization_settings" time="0.549" /><testcase classname="backend.tests.test_new_features_iteration64.TestOrganizationSettingsExportImport" name="test_import_organization_settings" time="0.632" /><testcase classname="backend.tests.test_new_features_iteration64.TestOrganizationSettingsExportImport" name="test_import_invalid_format_rejected" time="0.523" /><testcase classname="backend.tests.test_new_features_iteration64.TestCustomerPortalTickets" name="test_portal_login" time="0.540"><skipped type="pytest.skip" message="No portal contact available">/app/backend/tests/test_new_features_iteration64.py:210: No portal contact available</skipped></testcase><testcase classname="backend.tests.test_new_features_iteration64.TestCustomerPortalTickets" name="test_get_customer_tickets_empty" time="0.500"><skipped type="pytest.skip" message="No portal contact setup">/app/backend/tests/test_new_features_iteration64.py:224: No portal contact setup</skipped></testcase><testcase classname="backend.tests.test_new_features_iteration64.TestCustomerPortalTickets" name="test_create_support_ticket" time="0.700"><skipped type="pytest.skip" message="No portal contact setup">/app/backend/tests/test_new_features_iteration64.py:242: No portal contact setup</skipped></testcase><testcase classname="backend.tests.test_new_features_iteration64.TestCustomerPortalTickets" name="test_get_ticket_detail" time="0.536"><skipped type="pytest.skip" message="No portal contact setup">/app/backend/tests/test_new_features_iteration64.py:277: No portal contact setup</skipped></testcase><testcase classname="backend.tests.test_new_features_iteration64.TestCustomerPortalTickets" name="test_add_ticket_comment" time="0.505"><skipped type="pytest.skip" message="No portal contact setup">/app/backend/tests/test_new_features_iteration64.py:318: No portal contact setup</skipped></testcase><testcase classname="backend.tests.test_new_features_iteration64.TestCustomerPortalTickets" name="test_get_customer_vehicles" time="0.544"><skipped type="pytest.skip" message="No portal contact setup">/app/backend/tests/test_new_features_iteration64.py:361: No portal contact setup</skipped></testcase><testcase classname="backend.tests.test_new_features_iteration64.TestOrganizationSwitcher" name="test_get_current_organization" time="0.488" /><testcase classname="backend.tests.test_new_features_iteration64.TestOrganizationSwitcher" name="test_list_user_organizations" time="0.524" /><testcase classname="backend.tests.test_new_features_iteration64.TestOrganizationSwitcher" name="test_get_organization_settings" time="0.482" /><testcase classname="backend.tests.test_new_features_iteration64.TestOrganizationSwitcher" name="test_get_roles" time="0.590" /></testsuite></testsuites>