<?xml version="1.0" encoding="utf-8"?><testsuites name="pytest tests"><testsuite name="pytest" errors="0" failures="0" skipped="0" tests="14" time="7.601" timestamp="2026-02-24T16:45:22.087429+00:00" hostname="agent-env-878cde24-26c3-4352-9a76-9a0d85d6bc0c"><testcase classname="tests.test_password_management.TestPublicEndpointWhitelist" name="test_forgot_password_no_auth_required" time="0.340" /><testcase classname="tests.test_password_management.TestPublicEndpointWhitelist" name="test_reset_password_no_auth_required" time="0.317" /><testcase classname="tests.test_password_management.TestForgotPasswordFlow" name="test_forgot_password_existing_email" time="0.744" /><testcase classname="tests.test_password_management.TestForgotPasswordFlow" name="test_forgot_password_nonexistent_email_prevents_enumeration" time="0.138" /><testcase classname="tests.test_password_management.TestResetPasswordFlow" name="test_reset_password_invalid_token" time="0.130" /><testcase classname="tests.test_password_management.TestResetPasswordFlow" name="test_reset_password_missing_token" time="0.224" /><testcase classname="tests.test_password_management.TestResetPasswordFlow" name="test_reset_password_short_password" time="0.209" /><testcase classname="tests.test_password_management.TestSelfServicePasswordChange" name="test_change_password_requires_auth" time="0.179" /><testcase classname="tests.test_password_management.TestSelfServicePasswordChange" name="test_change_password_wrong_current_password" time="0.788" /><testcase classname="tests.test_password_management.TestSelfServicePasswordChange" name="test_change_password_success_and_revert" time="2.605" /><testcase classname="tests.test_password_management.TestAdminResetEmployeePassword" name="test_admin_reset_requires_auth" time="0.146" /><testcase classname="tests.test_password_management.TestAdminResetEmployeePassword" name="test_admin_reset_nonexistent_employee" time="0.504" /><testcase classname="tests.test_password_management.TestAdminResetEmployeePassword" name="test_admin_reset_for_employee_with_work_email" time="0.870" /><testcase classname="tests.test_password_management.TestTechnicianLogin" name="test_technician_login" time="0.339" /></testsuite></testsuites>