<?xml version="1.0" encoding="utf-8"?><testsuites name="pytest tests"><testsuite name="pytest" errors="0" failures="1" skipped="2" tests="14" time="5.478" timestamp="2026-02-24T16:38:01.983163+00:00" hostname="agent-env-878cde24-26c3-4352-9a76-9a0d85d6bc0c"><testcase classname="tests.test_password_management.TestPublicEndpointWhitelist" name="test_forgot_password_no_auth_required" time="0.608" /><testcase classname="tests.test_password_management.TestPublicEndpointWhitelist" name="test_reset_password_no_auth_required" time="0.163" /><testcase classname="tests.test_password_management.TestForgotPasswordFlow" name="test_forgot_password_existing_email" time="0.447" /><testcase classname="tests.test_password_management.TestForgotPasswordFlow" name="test_forgot_password_nonexistent_email_prevents_enumeration" time="0.161" /><testcase classname="tests.test_password_management.TestResetPasswordFlow" name="test_reset_password_invalid_token" time="0.166" /><testcase classname="tests.test_password_management.TestResetPasswordFlow" name="test_reset_password_missing_token" time="0.138" /><testcase classname="tests.test_password_management.TestResetPasswordFlow" name="test_reset_password_short_password" time="0.103" /><testcase classname="tests.test_password_management.TestSelfServicePasswordChange" name="test_change_password_requires_auth" time="0.174" /><testcase classname="tests.test_password_management.TestSelfServicePasswordChange" name="test_change_password_wrong_current_password" time="0.721" /><testcase classname="tests.test_password_management.TestSelfServicePasswordChange" name="test_change_password_success_and_revert" time="1.490"><failure message="AssertionError: Failed to revert password: 422&#10;assert 422 == 200&#10; +  where 422 = &lt;Response [422]&gt;.status_code">tests/test_password_management.py:189: in test_change_password_success_and_revert
    assert revert_res.status_code == 200, f"Failed to revert password: {revert_res.status_code}"
E   AssertionError: Failed to revert password: 422
E   assert 422 == 200
E    +  where 422 = &lt;Response [422]&gt;.status_code</failure></testcase><testcase classname="tests.test_password_management.TestAdminResetEmployeePassword" name="test_admin_reset_requires_auth" time="0.138" /><testcase classname="tests.test_password_management.TestAdminResetEmployeePassword" name="test_admin_reset_nonexistent_employee" time="0.336"><skipped type="pytest.skip" message="Could not login as admin: 401">/app/backend/tests/test_password_management.py:228: Could not login as admin: 401</skipped></testcase><testcase classname="tests.test_password_management.TestAdminResetEmployeePassword" name="test_admin_reset_for_employee_with_work_email" time="0.361"><skipped type="pytest.skip" message="Could not login as admin: 401">/app/backend/tests/test_password_management.py:238: Could not login as admin: 401</skipped></testcase><testcase classname="tests.test_password_management.TestTechnicianLogin" name="test_technician_login" time="0.372" /></testsuite></testsuites>