<?xml version="1.0" encoding="utf-8"?><testsuites name="pytest tests"><testsuite name="pytest" errors="0" failures="0" skipped="2" tests="14" time="6.218" timestamp="2026-02-24T17:03:30.338878+00:00" hostname="agent-env-878cde24-26c3-4352-9a76-9a0d85d6bc0c"><testcase classname="tests.test_password_management.TestPublicEndpointWhitelist" name="test_forgot_password_no_auth_required" time="0.158" /><testcase classname="tests.test_password_management.TestPublicEndpointWhitelist" name="test_reset_password_no_auth_required" time="0.120" /><testcase classname="tests.test_password_management.TestForgotPasswordFlow" name="test_forgot_password_existing_email" time="1.307" /><testcase classname="tests.test_password_management.TestForgotPasswordFlow" name="test_forgot_password_nonexistent_email_prevents_enumeration" time="0.181" /><testcase classname="tests.test_password_management.TestResetPasswordFlow" name="test_reset_password_invalid_token" time="0.140" /><testcase classname="tests.test_password_management.TestResetPasswordFlow" name="test_reset_password_missing_token" time="0.127" /><testcase classname="tests.test_password_management.TestResetPasswordFlow" name="test_reset_password_short_password" time="0.144" /><testcase classname="tests.test_password_management.TestSelfServicePasswordChange" name="test_change_password_requires_auth" time="0.207" /><testcase classname="tests.test_password_management.TestSelfServicePasswordChange" name="test_change_password_wrong_current_password" time="0.756" /><testcase classname="tests.test_password_management.TestSelfServicePasswordChange" name="test_change_password_success_and_revert" time="2.254" /><testcase classname="tests.test_password_management.TestAdminResetEmployeePassword" name="test_admin_reset_requires_auth" time="0.151" /><testcase classname="tests.test_password_management.TestAdminResetEmployeePassword" name="test_admin_reset_nonexistent_employee" time="0.372"><skipped type="pytest.skip" message="Could not login as admin: 401">/app/backend/tests/test_password_management.py:231: Could not login as admin: 401</skipped></testcase><testcase classname="tests.test_password_management.TestAdminResetEmployeePassword" name="test_admin_reset_for_employee_with_work_email" time="0.125"><skipped type="pytest.skip" message="Could not login as admin: 429">/app/backend/tests/test_password_management.py:241: Could not login as admin: 429</skipped></testcase><testcase classname="tests.test_password_management.TestTechnicianLogin" name="test_technician_login" time="0.118" /></testsuite></testsuites>