<?xml version="1.0" encoding="utf-8"?><testsuites name="pytest tests"><testsuite name="pytest" errors="0" failures="1" skipped="0" tests="17" time="2.396" timestamp="2026-02-25T10:19:09.441230+00:00" hostname="agent-env-51741ad7-6a85-4cb0-929f-2c34dde6ee4c"><testcase classname="backend.tests.test_period_locks.TestAuth" name="test_login" time="0.491" /><testcase classname="backend.tests.test_period_locks.TestPeriodLocksListAndGet" name="test_list_period_locks" time="0.521" /><testcase classname="backend.tests.test_period_locks.TestPeriodLocksListAndGet" name="test_list_period_locks_with_year_filter" time="0.069" /><testcase classname="backend.tests.test_period_locks.TestPeriodLocksListAndGet" name="test_get_single_period_lock" time="0.060" /><testcase classname="backend.tests.test_period_locks.TestPeriodLocksListAndGet" name="test_get_nonexistent_period" time="0.057" /><testcase classname="backend.tests.test_period_locks.TestPeriodLockOperations" name="test_lock_period" time="0.063" /><testcase classname="backend.tests.test_period_locks.TestPeriodLockOperations" name="test_lock_invalid_period_format" time="0.057" /><testcase classname="backend.tests.test_period_locks.TestPeriodLockOperations" name="test_unlock_requires_reason" time="0.058"><failure message="AssertionError: Should require longer reason: {&quot;detail&quot;:[{&quot;type&quot;:&quot;string_too_short&quot;,&quot;loc&quot;:[&quot;body&quot;,&quot;reason&quot;],&quot;msg&quot;:&quot;String should have at least 10 characters&quot;,&quot;input&quot;:&quot;short&quot;,&quot;ctx&quot;:{&quot;min_length&quot;:10}}]}&#10;assert 422 == 400&#10; +  where 422 = &lt;Response [422]&gt;.status_code">backend/tests/test_period_locks.py:154: in test_unlock_requires_reason
    assert response.status_code == 400, f"Should require longer reason: {response.text}"
E   AssertionError: Should require longer reason: {"detail":[{"type":"string_too_short","loc":["body","reason"],"msg":"String should have at least 10 characters","input":"short","ctx":{"min_length":10}}]}
E   assert 422 == 400
E    +  where 422 = &lt;Response [422]&gt;.status_code</failure></testcase><testcase classname="backend.tests.test_period_locks.TestPeriodLockOperations" name="test_unlock_period_success" time="0.118" /><testcase classname="backend.tests.test_period_locks.TestPeriodLockOperations" name="test_extend_unlock_window" time="0.182" /><testcase classname="backend.tests.test_period_locks.TestPeriodCheckEndpoint" name="test_check_locked_period" time="0.066" /><testcase classname="backend.tests.test_period_locks.TestPeriodCheckEndpoint" name="test_check_open_period" time="0.065" /><testcase classname="backend.tests.test_period_locks.TestFiscalYearLocking" name="test_lock_fiscal_year" time="0.073" /><testcase classname="backend.tests.test_period_locks.TestAutoRelock" name="test_trigger_auto_relock" time="0.061" /><testcase classname="backend.tests.test_period_locks.TestPeriodLockIntegration" name="test_invoice_creation_blocked_when_locked" time="0.177" /><testcase classname="backend.tests.test_period_locks.TestRoleBasedAccess" name="test_lock_requires_proper_role" time="0.060" /><testcase classname="backend.tests.test_period_locks.TestRoleBasedAccess" name="test_unlock_requires_admin_or_owner" time="0.119" /></testsuite></testsuites>