<?xml version="1.0" encoding="utf-8"?><testsuites name="pytest tests"><testsuite name="pytest" errors="0" failures="0" skipped="0" tests="11" time="6.693" timestamp="2026-02-26T21:07:10.044091+00:00" hostname="agent-env-1426d179-5177-4165-b6d9-8d2ff3163626"><testcase classname="backend.tests.test_period_locks.TestPeriodLocksAuth" name="test_admin_login_successful" time="2.712" /><testcase classname="backend.tests.test_period_locks.TestPeriodLocksAPI" name="test_01_list_period_locks" time="1.043" /><testcase classname="backend.tests.test_period_locks.TestPeriodLocksAPI" name="test_02_technician_cannot_lock_period" time="0.176" /><testcase classname="backend.tests.test_period_locks.TestPeriodLocksAPI" name="test_03_admin_can_lock_period" time="0.151" /><testcase classname="backend.tests.test_period_locks.TestPeriodLocksAPI" name="test_04_owner_cannot_unlock_period" time="0.219" /><testcase classname="backend.tests.test_period_locks.TestFinancialWriteBlocking" name="test_01_journal_entry_locked_period_returns_423" time="0.677" /><testcase classname="backend.tests.test_period_locks.TestFinancialWriteBlocking" name="test_02_journal_entry_open_period_succeeds" time="0.206" /><testcase classname="backend.tests.test_period_locks.TestFinancialWriteBlocking" name="test_03_expense_locked_period_returns_423" time="0.165" /><testcase classname="backend.tests.test_period_locks.TestFinancialWriteBlocking" name="test_04_invoice_locked_period_returns_423" time="0.270" /><testcase classname="backend.tests.test_period_locks.TestFinancialWriteBlocking" name="test_05_journal_reversal_locked_period_returns_423" time="0.337" /><testcase classname="backend.tests.test_period_locks.TestPeriodLocksBillsAndPayments" name="test_bill_locked_period_returns_423" time="0.664" /></testsuite></testsuites>