<?xml version="1.0" encoding="utf-8"?><testsuites name="pytest tests"><testsuite name="pytest" errors="0" failures="0" skipped="0" tests="17" time="2.187" timestamp="2026-02-25T10:21:17.318657+00:00" hostname="agent-env-51741ad7-6a85-4cb0-929f-2c34dde6ee4c"><testcase classname="backend.tests.test_period_locks.TestAuth" name="test_login" time="0.402" /><testcase classname="backend.tests.test_period_locks.TestPeriodLocksListAndGet" name="test_list_period_locks" time="0.485" /><testcase classname="backend.tests.test_period_locks.TestPeriodLocksListAndGet" name="test_list_period_locks_with_year_filter" time="0.058" /><testcase classname="backend.tests.test_period_locks.TestPeriodLocksListAndGet" name="test_get_single_period_lock" time="0.062" /><testcase classname="backend.tests.test_period_locks.TestPeriodLocksListAndGet" name="test_get_nonexistent_period" time="0.060" /><testcase classname="backend.tests.test_period_locks.TestPeriodLockOperations" name="test_lock_period" time="0.057" /><testcase classname="backend.tests.test_period_locks.TestPeriodLockOperations" name="test_lock_invalid_period_format" time="0.055" /><testcase classname="backend.tests.test_period_locks.TestPeriodLockOperations" name="test_unlock_requires_reason" time="0.056" /><testcase classname="backend.tests.test_period_locks.TestPeriodLockOperations" name="test_unlock_period_success" time="0.121" /><testcase classname="backend.tests.test_period_locks.TestPeriodLockOperations" name="test_extend_unlock_window" time="0.181" /><testcase classname="backend.tests.test_period_locks.TestPeriodCheckEndpoint" name="test_check_locked_period" time="0.056" /><testcase classname="backend.tests.test_period_locks.TestPeriodCheckEndpoint" name="test_check_open_period" time="0.056" /><testcase classname="backend.tests.test_period_locks.TestFiscalYearLocking" name="test_lock_fiscal_year" time="0.062" /><testcase classname="backend.tests.test_period_locks.TestAutoRelock" name="test_trigger_auto_relock" time="0.065" /><testcase classname="backend.tests.test_period_locks.TestPeriodLockIntegration" name="test_invoice_creation_blocked_when_locked" time="0.163" /><testcase classname="backend.tests.test_period_locks.TestRoleBasedAccess" name="test_lock_requires_proper_role" time="0.058" /><testcase classname="backend.tests.test_period_locks.TestRoleBasedAccess" name="test_unlock_requires_admin_or_owner" time="0.112" /></testsuite></testsuites>