<?xml version="1.0" encoding="utf-8"?><testsuites name="pytest tests"><testsuite name="pytest" errors="0" failures="0" skipped="0" tests="26" time="6.410" timestamp="2026-02-21T12:56:01.014220+00:00" hostname="agent-env-eb3fae05-2a2c-4662-bfeb-392f9bbfb34c"><testcase classname="tests.test_phase_fg_comprehensive.TestAuthentication" name="test_admin_login_returns_token" time="0.488" /><testcase classname="tests.test_phase_fg_comprehensive.TestAuthentication" name="test_technician_login_returns_token" time="0.361" /><testcase classname="tests.test_phase_fg_comprehensive.TestAuthentication" name="test_invalid_credentials_rejected" time="0.114" /><testcase classname="tests.test_phase_fg_comprehensive.TestTicketsCRUD" name="test_list_tickets_requires_auth" time="0.105" /><testcase classname="tests.test_phase_fg_comprehensive.TestTicketsCRUD" name="test_list_tickets_with_auth" time="0.429" /><testcase classname="tests.test_phase_fg_comprehensive.TestTicketsCRUD" name="test_create_ticket_inherits_org_id" time="0.470" /><testcase classname="tests.test_phase_fg_comprehensive.TestTenantIsolation" name="test_invalid_org_id_returns_403_tickets" time="0.387" /><testcase classname="tests.test_phase_fg_comprehensive.TestTenantIsolation" name="test_invalid_org_id_returns_403_vehicles" time="0.386" /><testcase classname="tests.test_phase_fg_comprehensive.TestTenantIsolation" name="test_invalid_org_id_returns_403_inventory" time="0.440" /><testcase classname="tests.test_phase_fg_comprehensive.TestPhaseF_TokenVault" name="test_token_vault_requires_org_id_store" time="0.248" /><testcase classname="tests.test_phase_fg_comprehensive.TestPhaseF_TokenVault" name="test_token_vault_requires_org_id_get" time="0.001" /><testcase classname="tests.test_phase_fg_comprehensive.TestPhaseF_TokenVault" name="test_token_vault_encryption_decryption" time="0.029" /><testcase classname="tests.test_phase_fg_comprehensive.TestPhaseF_TokenVault" name="test_token_vault_store_and_retrieve" time="0.022" /><testcase classname="tests.test_phase_fg_comprehensive.TestPhaseG_Observability" name="test_activity_logging_requires_org_id" time="0.001" /><testcase classname="tests.test_phase_fg_comprehensive.TestPhaseG_Observability" name="test_activity_logging_works" time="0.010" /><testcase classname="tests.test_phase_fg_comprehensive.TestPhaseG_Observability" name="test_usage_quota_tracking" time="0.007" /><testcase classname="tests.test_phase_fg_comprehensive.TestPhaseG_Observability" name="test_quota_exceeded_detection" time="0.000" /><testcase classname="tests.test_phase_fg_comprehensive.TestEnhancedRoutes" name="test_invoices_enhanced_endpoint" time="0.445" /><testcase classname="tests.test_phase_fg_comprehensive.TestEnhancedRoutes" name="test_estimates_enhanced_endpoint" time="0.428" /><testcase classname="tests.test_phase_fg_comprehensive.TestEnhancedRoutes" name="test_contacts_enhanced_endpoint" time="0.984" /><testcase classname="tests.test_phase_fg_comprehensive.TestEnhancedRoutes" name="test_items_enhanced_endpoint" time="0.509" /><testcase classname="tests.test_phase_fg_comprehensive.TestEnhancedRoutes" name="test_sales_orders_enhanced_endpoint" time="0.430" /><testcase classname="tests.test_phase_fg_comprehensive.TestServicesModulesExist" name="test_tenant_context_module_exists" time="0.000" /><testcase classname="tests.test_phase_fg_comprehensive.TestServicesModulesExist" name="test_tenant_guard_module_exists" time="0.000" /><testcase classname="tests.test_phase_fg_comprehensive.TestServicesModulesExist" name="test_tenant_token_vault_module_exists" time="0.000" /><testcase classname="tests.test_phase_fg_comprehensive.TestServicesModulesExist" name="test_tenant_observability_module_exists" time="0.000" /></testsuite></testsuites>