<?xml version="1.0" encoding="utf-8"?><testsuites name="pytest tests"><testsuite name="pytest" errors="0" failures="4" skipped="0" tests="26" time="7.890" timestamp="2026-02-21T12:55:26.990678+00:00" hostname="agent-env-eb3fae05-2a2c-4662-bfeb-392f9bbfb34c"><testcase classname="tests.test_phase_fg_comprehensive.TestAuthentication" name="test_admin_login_returns_token" time="0.634" /><testcase classname="tests.test_phase_fg_comprehensive.TestAuthentication" name="test_technician_login_returns_token" time="0.389" /><testcase classname="tests.test_phase_fg_comprehensive.TestAuthentication" name="test_invalid_credentials_rejected" time="0.269" /><testcase classname="tests.test_phase_fg_comprehensive.TestTicketsCRUD" name="test_list_tickets_requires_auth" time="0.168" /><testcase classname="tests.test_phase_fg_comprehensive.TestTicketsCRUD" name="test_list_tickets_with_auth" time="0.545" /><testcase classname="tests.test_phase_fg_comprehensive.TestTicketsCRUD" name="test_create_ticket_inherits_org_id" time="0.623" /><testcase classname="tests.test_phase_fg_comprehensive.TestTenantIsolation" name="test_invalid_org_id_returns_403_tickets" time="0.620" /><testcase classname="tests.test_phase_fg_comprehensive.TestTenantIsolation" name="test_invalid_org_id_returns_403_vehicles" time="0.511" /><testcase classname="tests.test_phase_fg_comprehensive.TestTenantIsolation" name="test_invalid_org_id_returns_403_inventory" time="0.705" /><testcase classname="tests.test_phase_fg_comprehensive.TestPhaseF_TokenVault" name="test_token_vault_requires_org_id_store" time="0.384" /><testcase classname="tests.test_phase_fg_comprehensive.TestPhaseF_TokenVault" name="test_token_vault_requires_org_id_get" time="0.001" /><testcase classname="tests.test_phase_fg_comprehensive.TestPhaseF_TokenVault" name="test_token_vault_encryption_decryption" time="0.030" /><testcase classname="tests.test_phase_fg_comprehensive.TestPhaseF_TokenVault" name="test_token_vault_store_and_retrieve" time="0.049" /><testcase classname="tests.test_phase_fg_comprehensive.TestPhaseG_Observability" name="test_activity_logging_requires_org_id" time="0.001" /><testcase classname="tests.test_phase_fg_comprehensive.TestPhaseG_Observability" name="test_activity_logging_works" time="0.009" /><testcase classname="tests.test_phase_fg_comprehensive.TestPhaseG_Observability" name="test_usage_quota_tracking" time="0.004" /><testcase classname="tests.test_phase_fg_comprehensive.TestPhaseG_Observability" name="test_quota_exceeded_detection" time="0.000" /><testcase classname="tests.test_phase_fg_comprehensive.TestEnhancedRoutes" name="test_invoices_enhanced_endpoint" time="0.433" /><testcase classname="tests.test_phase_fg_comprehensive.TestEnhancedRoutes" name="test_estimates_enhanced_endpoint" time="0.454" /><testcase classname="tests.test_phase_fg_comprehensive.TestEnhancedRoutes" name="test_contacts_enhanced_endpoint" time="0.994" /><testcase classname="tests.test_phase_fg_comprehensive.TestEnhancedRoutes" name="test_items_enhanced_endpoint" time="0.482" /><testcase classname="tests.test_phase_fg_comprehensive.TestEnhancedRoutes" name="test_sales_orders_enhanced_endpoint" time="0.399" /><testcase classname="tests.test_phase_fg_comprehensive.TestServicesInitialization" name="test_tenant_context_manager_initialized" time="0.001"><failure message="RuntimeError: TenantContextManager not initialized. Call init_tenant_context_manager first.">tests/test_phase_fg_comprehensive.py:540: in test_tenant_context_manager_initialized
    manager = get_tenant_context_manager()
              ^^^^^^^^^^^^^^^^^^^^^^^^^^^^
core/tenant/context.py:365: in get_tenant_context_manager
    raise RuntimeError("TenantContextManager not initialized. Call init_tenant_context_manager first.")
E   RuntimeError: TenantContextManager not initialized. Call init_tenant_context_manager first.</failure></testcase><testcase classname="tests.test_phase_fg_comprehensive.TestServicesInitialization" name="test_tenant_guard_initialized" time="0.000"><failure message="RuntimeError: TenantGuard not initialized">tests/test_phase_fg_comprehensive.py:550: in test_tenant_guard_initialized
    guard = get_tenant_guard()
            ^^^^^^^^^^^^^^^^^^
core/tenant/guard.py:370: in get_tenant_guard
    raise RuntimeError("TenantGuard not initialized")
E   RuntimeError: TenantGuard not initialized</failure></testcase><testcase classname="tests.test_phase_fg_comprehensive.TestServicesInitialization" name="test_tenant_token_vault_initialized" time="0.000"><failure message="RuntimeError: TenantTokenVault not initialized">tests/test_phase_fg_comprehensive.py:560: in test_tenant_token_vault_initialized
    vault = get_tenant_token_vault()
            ^^^^^^^^^^^^^^^^^^^^^^^^
core/tenant/token_vault.py:515: in get_tenant_token_vault
    raise RuntimeError("TenantTokenVault not initialized")
E   RuntimeError: TenantTokenVault not initialized</failure></testcase><testcase classname="tests.test_phase_fg_comprehensive.TestServicesInitialization" name="test_tenant_observability_initialized" time="0.000"><failure message="RuntimeError: TenantObservabilityService not initialized">tests/test_phase_fg_comprehensive.py:570: in test_tenant_observability_initialized
    service = get_tenant_observability_service()
              ^^^^^^^^^^^^^^^^^^^^^^^^^^^^^^^^^^
core/tenant/observability.py:515: in get_tenant_observability_service
    raise RuntimeError("TenantObservabilityService not initialized")
E   RuntimeError: TenantObservabilityService not initialized</failure></testcase></testsuite></testsuites>