<?xml version="1.0" encoding="utf-8"?><testsuites name="pytest tests"><testsuite name="pytest" errors="0" failures="0" skipped="0" tests="15" time="6.207" timestamp="2026-03-14T03:47:22.345038+00:00" hostname="agent-env-ae28e4f4-c9c7-40df-b37f-a962c5e22647"><testcase classname="tests.test_phase_c6_evfi_ai_counter.TestEVFIPatternMatching" name="test_match_endpoint_accepts_symptom_text" time="1.917" /><testcase classname="tests.test_phase_c6_evfi_ai_counter.TestEVFIPatternMatching" name="test_match_endpoint_accepts_query_alias" time="0.146" /><testcase classname="tests.test_phase_c6_evfi_ai_counter.TestEVFIPatternMatching" name="test_brand_specific_pattern_matching[brand0]" time="0.154" /><testcase classname="tests.test_phase_c6_evfi_ai_counter.TestEVFIPatternMatching" name="test_brand_specific_pattern_matching[brand1]" time="0.141" /><testcase classname="tests.test_phase_c6_evfi_ai_counter.TestEVFIPatternMatching" name="test_brand_specific_pattern_matching[brand2]" time="0.138" /><testcase classname="tests.test_phase_c6_evfi_ai_counter.TestEVFIPatternMatching" name="test_brand_specific_pattern_matching[brand3]" time="0.145" /><testcase classname="tests.test_phase_c6_evfi_ai_counter.TestEVFIPatternMatching" name="test_brand_specific_pattern_matching[brand4]" time="0.127" /><testcase classname="tests.test_phase_c6_evfi_ai_counter.TestEVFIPatternMatching" name="test_brand_specific_pattern_matching[brand5]" time="0.141" /><testcase classname="tests.test_phase_c6_evfi_ai_counter.TestEVFIPatternMatching" name="test_brand_specific_pattern_matching[brand6]" time="0.136" /><testcase classname="tests.test_phase_c6_evfi_ai_counter.TestEVFIPatternMatching" name="test_match_with_fault_category_keywords" time="0.678" /><testcase classname="tests.test_phase_c6_evfi_ai_counter.TestAIUsageCounter" name="test_current_subscription_returns_limits" time="0.122" /><testcase classname="tests.test_phase_c6_evfi_ai_counter.TestAIUsageCounter" name="test_professional_plan_has_100_ai_calls" time="0.180" /><testcase classname="tests.test_phase_c6_evfi_ai_counter.TestAIUsageCounter" name="test_plans_list_contains_ai_limits" time="0.136" /><testcase classname="tests.test_phase_c6_evfi_ai_counter.TestAIUsageCounter" name="test_usage_endpoint_returns_ai_calls" time="0.134" /><testcase classname="tests.test_phase_c6_evfi_ai_counter.TestPlatformPatternsDatabase" name="test_platform_patterns_exist_for_brands" time="1.868" /></testsuite></testsuites>