<?xml version="1.0" encoding="utf-8"?><testsuites name="pytest tests"><testsuite name="pytest" errors="0" failures="0" skipped="0" tests="18" time="2.704" timestamp="2026-02-19T19:32:39.640771+00:00" hostname="agent-env-653892f6-d021-4612-8949-7c5f304b468e"><testcase classname="backend.tests.test_price_lists_enhanced.TestPriceListCRUD" name="test_create_price_list_with_percentage" time="0.617" /><testcase classname="backend.tests.test_price_lists_enhanced.TestPriceListCRUD" name="test_list_price_lists_with_enriched_items" time="0.089" /><testcase classname="backend.tests.test_price_lists_enhanced.TestPriceListCRUD" name="test_get_single_price_list" time="0.143" /><testcase classname="backend.tests.test_price_lists_enhanced.TestPriceListCRUD" name="test_update_price_list" time="0.152" /><testcase classname="backend.tests.test_price_lists_enhanced.TestPriceListCRUD" name="test_delete_price_list_soft_delete" time="0.186" /><testcase classname="backend.tests.test_price_lists_enhanced.TestPriceListItems" name="test_add_item_with_pricelist_rate_and_discount" time="0.217" /><testcase classname="backend.tests.test_price_lists_enhanced.TestPriceListItems" name="test_update_item_in_price_list" time="0.120" /><testcase classname="backend.tests.test_price_lists_enhanced.TestPriceListItems" name="test_remove_item_from_price_list" time="0.130" /><testcase classname="backend.tests.test_price_lists_enhanced.TestPriceListExportImport" name="test_export_csv_zoho_format" time="0.135" /><testcase classname="backend.tests.test_price_lists_enhanced.TestPriceListExportImport" name="test_import_csv_zoho_format" time="0.057" /><testcase classname="backend.tests.test_price_lists_enhanced.TestPriceListExportImport" name="test_import_csv_error_handling" time="0.064" /><testcase classname="backend.tests.test_price_lists_enhanced.TestPriceListSync" name="test_sync_items_updates_data" time="0.135" /><testcase classname="backend.tests.test_price_lists_enhanced.TestPriceListBulkAdd" name="test_bulk_add_with_markup" time="0.140" /><testcase classname="backend.tests.test_price_lists_enhanced.TestPriceListBulkAdd" name="test_bulk_add_with_markdown" time="0.185" /><testcase classname="backend.tests.test_price_lists_enhanced.TestPriceListEdgeCases" name="test_get_nonexistent_price_list_returns_404" time="0.069" /><testcase classname="backend.tests.test_price_lists_enhanced.TestPriceListEdgeCases" name="test_update_nonexistent_price_list_returns_404" time="0.059" /><testcase classname="backend.tests.test_price_lists_enhanced.TestPriceListEdgeCases" name="test_add_nonexistent_item_returns_404" time="0.053" /><testcase classname="backend.tests.test_price_lists_enhanced.TestPriceListEdgeCases" name="test_import_without_csv_data_returns_error" time="0.056" /></testsuite></testsuites>