<?xml version="1.0" encoding="utf-8"?><testsuites name="pytest tests"><testsuite name="pytest" errors="0" failures="0" skipped="0" tests="26" time="4.266" timestamp="2026-02-23T10:32:05.725143+00:00" hostname="agent-env-f0e6642e-6d2b-4192-9ff7-794d28738b24"><testcase classname="backend.tests.test_production_readiness_iteration103.TestRazorpayRefundEndpoints" name="test_razorpay_refund_endpoint_exists_and_validates" time="0.483" /><testcase classname="backend.tests.test_production_readiness_iteration103.TestRazorpayRefundEndpoints" name="test_razorpay_refund_with_nonexistent_credit_note" time="0.114" /><testcase classname="backend.tests.test_production_readiness_iteration103.TestRazorpayRefundEndpoints" name="test_razorpay_refund_with_existing_credit_note" time="0.269" /><testcase classname="backend.tests.test_production_readiness_iteration103.TestRazorpayRefundEndpoints" name="test_get_refund_status_endpoint" time="0.107" /><testcase classname="backend.tests.test_production_readiness_iteration103.TestRazorpayRefundEndpoints" name="test_check_razorpay_payment_endpoint" time="0.109" /><testcase classname="backend.tests.test_production_readiness_iteration103.TestRazorpayRefundEndpoints" name="test_razorpay_refund_status_check_with_mock_id" time="0.358" /><testcase classname="backend.tests.test_production_readiness_iteration103.TestForm16Endpoints" name="test_form16_data_endpoint_exists" time="0.104" /><testcase classname="backend.tests.test_production_readiness_iteration103.TestForm16Endpoints" name="test_form16_pdf_endpoint_exists" time="0.108" /><testcase classname="backend.tests.test_production_readiness_iteration103.TestForm16Endpoints" name="test_form16_invalid_fy_format" time="0.100" /><testcase classname="backend.tests.test_production_readiness_iteration103.TestForm16Endpoints" name="test_form16_with_existing_employee" time="0.217" /><testcase classname="backend.tests.test_production_readiness_iteration103.TestSLAEndpoints" name="test_sla_config_get" time="0.106" /><testcase classname="backend.tests.test_production_readiness_iteration103.TestSLAEndpoints" name="test_sla_config_put" time="0.107" /><testcase classname="backend.tests.test_production_readiness_iteration103.TestSLAEndpoints" name="test_sla_dashboard" time="0.113" /><testcase classname="backend.tests.test_production_readiness_iteration103.TestSLAEndpoints" name="test_sla_status_ticket_not_found" time="0.116" /><testcase classname="backend.tests.test_production_readiness_iteration103.TestSLAEndpoints" name="test_sla_status_existing_ticket" time="0.219" /><testcase classname="backend.tests.test_production_readiness_iteration103.TestSLAEndpoints" name="test_sla_check_breaches" time="0.110" /><testcase classname="backend.tests.test_production_readiness_iteration103.TestSLAOnTicketCreation" name="test_new_ticket_has_sla_fields" time="0.222" /><testcase classname="backend.tests.test_production_readiness_iteration103.TestSLAOnTicketCreation" name="test_sla_deadlines_correct_for_high_priority" time="0.212" /><testcase classname="backend.tests.test_production_readiness_iteration103.TestSentryMonitoring" name="test_backend_server_responds" time="0.106" /><testcase classname="backend.tests.test_production_readiness_iteration103.TestSentryMonitoring" name="test_backend_health_after_sentry_init" time="0.204" /><testcase classname="backend.tests.test_production_readiness_iteration103.TestPaginatedEndpoints" name="test_invoices_paginated" time="0.138" /><testcase classname="backend.tests.test_production_readiness_iteration103.TestPaginatedEndpoints" name="test_bills_paginated" time="0.118" /><testcase classname="backend.tests.test_production_readiness_iteration103.TestPaginatedEndpoints" name="test_contacts_paginated" time="0.112" /><testcase classname="backend.tests.test_production_readiness_iteration103.TestPaginatedEndpoints" name="test_tickets_paginated" time="0.105" /><testcase classname="backend.tests.test_production_readiness_iteration103.TestPaginatedEndpoints" name="test_credit_notes_paginated" time="0.097" /><testcase classname="backend.tests.test_production_readiness_iteration103.TestPaginatedEndpoints" name="test_employees_paginated" time="0.105" /></testsuite></testsuites>