<?xml version="1.0" encoding="utf-8"?><testsuites name="pytest tests"><testsuite name="pytest" errors="0" failures="1" skipped="1" tests="26" time="2.684" timestamp="2026-02-23T07:26:06.506055+00:00" hostname="agent-env-99e3f6f9-7971-4285-b005-93666594e052"><testcase classname="tests.test_projects_tds_features.TestAuth" name="test_login_success" time="0.502" /><testcase classname="tests.test_projects_tds_features.TestTDSModule" name="test_tds_summary_endpoint" time="0.441" /><testcase classname="tests.test_projects_tds_features.TestTDSModule" name="test_tds_calculate_for_employee" time="0.061" /><testcase classname="tests.test_projects_tds_features.TestTDSModule" name="test_tds_export_csv" time="0.052" /><testcase classname="tests.test_projects_tds_features.TestTDSModule" name="test_mark_tds_deposited" time="0.078" /><testcase classname="tests.test_projects_tds_features.TestTDSModule" name="test_mark_tds_deposited_duplicate_challan" time="0.135" /><testcase classname="tests.test_projects_tds_features.TestTDSModule" name="test_list_tds_challans" time="0.070" /><testcase classname="tests.test_projects_tds_features.TestTDSModule" name="test_form16_api" time="0.048"><skipped type="pytest.skip" message="Employee or FY data not found for Form 16">/app/backend/tests/test_projects_tds_features.py:190: Employee or FY data not found for Form 16</skipped></testcase><testcase classname="tests.test_projects_tds_features.TestProjectsModule" name="test_list_projects" time="0.055" /><testcase classname="tests.test_projects_tds_features.TestProjectsModule" name="test_get_project_detail" time="0.053" /><testcase classname="tests.test_projects_tds_features.TestProjectsModule" name="test_project_tasks" time="0.047" /><testcase classname="tests.test_projects_tds_features.TestProjectsModule" name="test_project_time_logs" time="0.061" /><testcase classname="tests.test_projects_tds_features.TestProjectsModule" name="test_project_expenses" time="0.050" /><testcase classname="tests.test_projects_tds_features.TestProjectsModule" name="test_project_profitability" time="0.051" /><testcase classname="tests.test_projects_tds_features.TestProjectsModule" name="test_project_dashboard_stats" time="0.053" /><testcase classname="tests.test_projects_tds_features.TestProjectExpenseApproval" name="test_add_expense_to_project" time="0.053" /><testcase classname="tests.test_projects_tds_features.TestProjectExpenseApproval" name="test_approve_expense" time="0.113" /><testcase classname="tests.test_projects_tds_features.TestProjectExpenseApproval" name="test_reject_expense" time="0.101" /><testcase classname="tests.test_projects_tds_features.TestProjectInvoiceGeneration" name="test_generate_invoice_from_project" time="0.070" /><testcase classname="tests.test_projects_tds_features.TestProjectInvoiceGeneration" name="test_invoice_grouping_by_employee" time="0.050" /><testcase classname="tests.test_projects_tds_features.TestProjectInvoiceGeneration" name="test_invoice_grouping_by_date" time="0.056" /><testcase classname="tests.test_projects_tds_features.TestProjectTaskManagement" name="test_create_task" time="0.098" /><testcase classname="tests.test_projects_tds_features.TestProjectTaskManagement" name="test_update_task_status" time="0.096" /><testcase classname="tests.test_projects_tds_features.TestTimeLogging" name="test_log_time" time="0.055" /><testcase classname="tests.test_projects_tds_features.TestEmployeeTaxConfig" name="test_get_employee_tax_config" time="0.051" /><testcase classname="tests.test_projects_tds_features.TestEmployeeTaxConfig" name="test_update_employee_tax_config" time="0.060"><failure message="AssertionError: Update tax config failed: {&quot;detail&quot;:&quot;Invalid entity type in PAN. Fourth character must be one of: A, B, C, F, G, H, L, J, P, T, E&quot;}&#10;assert 400 == 200&#10; +  where 400 = &lt;Response [400]&gt;.status_code">tests/test_projects_tds_features.py:585: in test_update_employee_tax_config
    assert response.status_code == 200, f"Update tax config failed: {response.text}"
E   AssertionError: Update tax config failed: {"detail":"Invalid entity type in PAN. Fourth character must be one of: A, B, C, F, G, H, L, J, P, T, E"}
E   assert 400 == 200
E    +  where 400 = &lt;Response [400]&gt;.status_code</failure></testcase></testsuite></testsuites>