<?xml version="1.0" encoding="utf-8"?><testsuites name="pytest tests"><testsuite name="pytest" errors="0" failures="0" skipped="0" tests="16" time="9.527" timestamp="2026-02-17T04:07:36.692121+00:00" hostname="agent-env-4b505310-3a1e-435a-857d-047ef8783e7c"><testcase classname="backend.tests.test_reports.TestReportsModule" name="test_profit_loss_json" time="0.695" /><testcase classname="backend.tests.test_reports.TestReportsModule" name="test_profit_loss_with_date_filter" time="0.485" /><testcase classname="backend.tests.test_reports.TestReportsModule" name="test_profit_loss_pdf_export" time="0.669" /><testcase classname="backend.tests.test_reports.TestReportsModule" name="test_profit_loss_excel_export" time="0.434" /><testcase classname="backend.tests.test_reports.TestReportsModule" name="test_balance_sheet_json" time="0.527" /><testcase classname="backend.tests.test_reports.TestReportsModule" name="test_balance_sheet_pdf_export" time="0.894" /><testcase classname="backend.tests.test_reports.TestReportsModule" name="test_balance_sheet_excel_export" time="0.472" /><testcase classname="backend.tests.test_reports.TestReportsModule" name="test_ar_aging_json" time="0.413" /><testcase classname="backend.tests.test_reports.TestReportsModule" name="test_ar_aging_pdf_export" time="0.795" /><testcase classname="backend.tests.test_reports.TestReportsModule" name="test_ar_aging_excel_export" time="0.764" /><testcase classname="backend.tests.test_reports.TestReportsModule" name="test_ap_aging_json" time="0.487" /><testcase classname="backend.tests.test_reports.TestReportsModule" name="test_ap_aging_pdf_export" time="0.555" /><testcase classname="backend.tests.test_reports.TestReportsModule" name="test_ap_aging_excel_export" time="0.477" /><testcase classname="backend.tests.test_reports.TestReportsModule" name="test_sales_by_customer_json" time="0.398" /><testcase classname="backend.tests.test_reports.TestReportsModule" name="test_sales_by_customer_pdf_export" time="0.846" /><testcase classname="backend.tests.test_reports.TestReportsModule" name="test_sales_by_customer_excel_export" time="0.474" /></testsuite></testsuites>