<?xml version="1.0" encoding="utf-8"?><testsuites name="pytest tests"><testsuite name="pytest" errors="0" failures="0" skipped="0" tests="15" time="4.245" timestamp="2026-02-21T13:56:54.996201+00:00" hostname="agent-env-c09c26cc-d222-47f4-85ef-dd7c9e61affe"><testcase classname="tests.test_saas_onboarding.TestSaaSLandingAPI" name="test_api_accessible" time="0.161" /><testcase classname="tests.test_saas_onboarding.TestSaaSLandingAPI" name="test_public_saas_landing_assets" time="0.115" /><testcase classname="tests.test_saas_onboarding.TestOrganizationSignup" name="test_signup_creates_organization_and_admin" time="0.343" /><testcase classname="tests.test_saas_onboarding.TestOrganizationSignup" name="test_signup_rejects_duplicate_email" time="0.119" /><testcase classname="tests.test_saas_onboarding.TestLoginWithOrganizations" name="test_login_returns_organizations_list" time="0.327" /><testcase classname="tests.test_saas_onboarding.TestLoginWithOrganizations" name="test_login_invalid_credentials" time="0.113" /><testcase classname="tests.test_saas_onboarding.TestMyOrganizations" name="test_my_organizations_returns_user_orgs" time="0.445" /><testcase classname="tests.test_saas_onboarding.TestMyOrganizations" name="test_my_organizations_requires_auth" time="0.111" /><testcase classname="tests.test_saas_onboarding.TestSwitchOrganization" name="test_switch_organization_returns_new_token" time="0.449" /><testcase classname="tests.test_saas_onboarding.TestSwitchOrganization" name="test_switch_organization_rejects_invalid_org" time="0.429" /><testcase classname="tests.test_saas_onboarding.TestSwitchOrganization" name="test_switch_organization_requires_auth" time="0.104" /><testcase classname="tests.test_saas_onboarding.TestXOrganizationIDHeader" name="test_api_accepts_x_organization_id_header" time="0.458" /><testcase classname="tests.test_saas_onboarding.TestXOrganizationIDHeader" name="test_invalid_org_header_returns_403" time="0.452" /><testcase classname="tests.test_saas_onboarding.TestAuthMe" name="test_auth_me_returns_user_info" time="0.440" /><testcase classname="tests.test_saas_onboarding.TestAuthMe" name="test_auth_me_without_token_returns_401" time="0.115" /></testsuite></testsuites>