<?xml version="1.0" encoding="utf-8"?><testsuites name="pytest tests"><testsuite name="pytest" errors="0" failures="0" skipped="0" tests="28" time="5.735" timestamp="2026-02-17T06:48:22.118722+00:00" hostname="agent-env-753757bc-e8f3-4506-b154-b2b90d867fe2"><testcase classname="backend.tests.test_sales_orders_enhanced.TestSalesOrdersEnhancedSettings" name="test_get_settings" time="0.368" /><testcase classname="backend.tests.test_sales_orders_enhanced.TestSalesOrdersEnhancedSettings" name="test_get_summary" time="0.134" /><testcase classname="backend.tests.test_sales_orders_enhanced.TestSalesOrdersEnhancedReports" name="test_report_by_status" time="0.142" /><testcase classname="backend.tests.test_sales_orders_enhanced.TestSalesOrdersEnhancedReports" name="test_report_by_customer" time="0.176" /><testcase classname="backend.tests.test_sales_orders_enhanced.TestSalesOrdersEnhancedReports" name="test_fulfillment_summary" time="0.115" /><testcase classname="backend.tests.test_sales_orders_enhanced.TestSalesOrdersCRUD" name="test_01_create_sales_order" time="0.161" /><testcase classname="backend.tests.test_sales_orders_enhanced.TestSalesOrdersCRUD" name="test_02_list_sales_orders" time="0.107" /><testcase classname="backend.tests.test_sales_orders_enhanced.TestSalesOrdersCRUD" name="test_03_list_with_status_filter" time="0.104" /><testcase classname="backend.tests.test_sales_orders_enhanced.TestSalesOrdersCRUD" name="test_04_get_sales_order_detail" time="0.105" /><testcase classname="backend.tests.test_sales_orders_enhanced.TestSalesOrdersCRUD" name="test_05_update_draft_sales_order" time="0.111" /><testcase classname="backend.tests.test_sales_orders_enhanced.TestSalesOrdersLineItems" name="test_01_add_line_item" time="0.182" /><testcase classname="backend.tests.test_sales_orders_enhanced.TestSalesOrdersLineItems" name="test_02_update_line_item" time="0.101" /><testcase classname="backend.tests.test_sales_orders_enhanced.TestSalesOrdersLineItems" name="test_03_delete_line_item" time="0.118" /><testcase classname="backend.tests.test_sales_orders_enhanced.TestSalesOrdersWorkflow" name="test_01_create_order_for_workflow" time="0.103" /><testcase classname="backend.tests.test_sales_orders_enhanced.TestSalesOrdersWorkflow" name="test_02_confirm_order" time="0.324" /><testcase classname="backend.tests.test_sales_orders_enhanced.TestSalesOrdersWorkflow" name="test_03_create_fulfillment" time="0.506" /><testcase classname="backend.tests.test_sales_orders_enhanced.TestSalesOrdersWorkflow" name="test_04_get_fulfillments" time="0.160" /><testcase classname="backend.tests.test_sales_orders_enhanced.TestSalesOrdersWorkflow" name="test_05_convert_to_invoice" time="0.266" /><testcase classname="backend.tests.test_sales_orders_enhanced.TestSalesOrdersCloneAndSend" name="test_01_clone_sales_order" time="0.211" /><testcase classname="backend.tests.test_sales_orders_enhanced.TestSalesOrdersCloneAndSend" name="test_02_send_sales_order" time="0.197" /><testcase classname="backend.tests.test_sales_orders_enhanced.TestSalesOrdersVoidAndDelete" name="test_01_create_order_for_void" time="0.106" /><testcase classname="backend.tests.test_sales_orders_enhanced.TestSalesOrdersVoidAndDelete" name="test_02_confirm_then_void" time="0.334" /><testcase classname="backend.tests.test_sales_orders_enhanced.TestSalesOrdersVoidAndDelete" name="test_03_delete_draft_order" time="0.481" /><testcase classname="backend.tests.test_sales_orders_enhanced.TestSalesOrdersVoidAndDelete" name="test_04_cannot_delete_confirmed_order" time="0.147" /><testcase classname="backend.tests.test_sales_orders_enhanced.TestSalesOrdersEdgeCases" name="test_invalid_customer" time="0.160" /><testcase classname="backend.tests.test_sales_orders_enhanced.TestSalesOrdersEdgeCases" name="test_get_nonexistent_order" time="0.128" /><testcase classname="backend.tests.test_sales_orders_enhanced.TestSalesOrdersEdgeCases" name="test_search_orders" time="0.155" /><testcase classname="backend.tests.test_sales_orders_enhanced.TestZZCleanup" name="test_cleanup_test_orders" time="0.385" /></testsuite></testsuites>