<?xml version="1.0" encoding="utf-8"?><testsuites name="pytest tests"><testsuite name="pytest" errors="0" failures="0" skipped="13" tests="14" time="2.658" timestamp="2026-03-08T05:02:37.077274+00:00" hostname="agent-env-4e6110cf-2c7a-4726-a39a-389c0b859465"><testcase classname="tests.test_session8c_fixes.TestFix1_PaymentsReceived" name="test_payments_received_list_returns_200" time="1.611"><skipped type="pytest.skip" message="Authentication failed: 401 - {&quot;detail&quot;:&quot;Invalid credentials&quot;}">/app/backend/tests/test_session8c_fixes.py:53: Authentication failed: 401 - {"detail":"Invalid credentials"}</skipped></testcase><testcase classname="tests.test_session8c_fixes.TestFix1_PaymentsReceived" name="test_payments_received_summary_returns_200" time="0.000"><skipped type="pytest.skip" message="Authentication failed: 401 - {&quot;detail&quot;:&quot;Invalid credentials&quot;}">/app/backend/tests/test_session8c_fixes.py:63: Authentication failed: 401 - {"detail":"Invalid credentials"}</skipped></testcase><testcase classname="tests.test_session8c_fixes.TestFix2_InventoryAdjustments" name="test_inventory_adjustments_list_returns_200" time="0.000"><skipped type="pytest.skip" message="Authentication failed: 401 - {&quot;detail&quot;:&quot;Invalid credentials&quot;}">/app/backend/tests/test_session8c_fixes.py:75: Authentication failed: 401 - {"detail":"Invalid credentials"}</skipped></testcase><testcase classname="tests.test_session8c_fixes.TestFix2_InventoryAdjustments" name="test_inventory_adjustments_summary_returns_200" time="0.000"><skipped type="pytest.skip" message="Authentication failed: 401 - {&quot;detail&quot;:&quot;Invalid credentials&quot;}">/app/backend/tests/test_session8c_fixes.py:86: Authentication failed: 401 - {"detail":"Invalid credentials"}</skipped></testcase><testcase classname="tests.test_session8c_fixes.TestFix3_Accounting" name="test_accounting_summary_returns_200" time="0.000"><skipped type="pytest.skip" message="Authentication failed: 401 - {&quot;detail&quot;:&quot;Invalid credentials&quot;}">/app/backend/tests/test_session8c_fixes.py:101: Authentication failed: 401 - {"detail":"Invalid credentials"}</skipped></testcase><testcase classname="tests.test_session8c_fixes.TestFix4_ChartOfAccounts" name="test_chart_of_accounts_returns_200" time="0.000"><skipped type="pytest.skip" message="Authentication failed: 401 - {&quot;detail&quot;:&quot;Invalid credentials&quot;}">/app/backend/tests/test_session8c_fixes.py:116: Authentication failed: 401 - {"detail":"Invalid credentials"}</skipped></testcase><testcase classname="tests.test_session8c_fixes.TestFix6_InventoryEnhancedAPIs" name="test_reorder_suggestions_returns_200_not_404" time="0.000"><skipped type="pytest.skip" message="Authentication failed: 401 - {&quot;detail&quot;:&quot;Invalid credentials&quot;}">/app/backend/tests/test_session8c_fixes.py:131: Authentication failed: 401 - {"detail":"Invalid credentials"}</skipped></testcase><testcase classname="tests.test_session8c_fixes.TestFix6_InventoryEnhancedAPIs" name="test_stocktakes_returns_200_not_404" time="0.000"><skipped type="pytest.skip" message="Authentication failed: 401 - {&quot;detail&quot;:&quot;Invalid credentials&quot;}">/app/backend/tests/test_session8c_fixes.py:144: Authentication failed: 401 - {"detail":"Invalid credentials"}</skipped></testcase><testcase classname="tests.test_session8c_fixes.TestFix6_InventoryAPIEndpoints" name="test_inventory_api_reorder_suggestions" time="0.000"><skipped type="pytest.skip" message="Authentication failed: 401 - {&quot;detail&quot;:&quot;Invalid credentials&quot;}">/app/backend/tests/test_session8c_fixes.py:161: Authentication failed: 401 - {"detail":"Invalid credentials"}</skipped></testcase><testcase classname="tests.test_session8c_fixes.TestFix6_InventoryAPIEndpoints" name="test_inventory_api_stocktakes" time="0.000"><skipped type="pytest.skip" message="Authentication failed: 401 - {&quot;detail&quot;:&quot;Invalid credentials&quot;}">/app/backend/tests/test_session8c_fixes.py:170: Authentication failed: 401 - {"detail":"Invalid credentials"}</skipped></testcase><testcase classname="tests.test_session8c_fixes.TestHealthAndBasicAPIs" name="test_health_check" time="0.124" /><testcase classname="tests.test_session8c_fixes.TestHealthAndBasicAPIs" name="test_items_enhanced_returns_200" time="0.000"><skipped type="pytest.skip" message="Authentication failed: 401 - {&quot;detail&quot;:&quot;Invalid credentials&quot;}">/app/backend/tests/test_session8c_fixes.py:190: Authentication failed: 401 - {"detail":"Invalid credentials"}</skipped></testcase><testcase classname="tests.test_session8c_fixes.TestHealthAndBasicAPIs" name="test_invoices_enhanced_returns_200" time="0.000"><skipped type="pytest.skip" message="Authentication failed: 401 - {&quot;detail&quot;:&quot;Invalid credentials&quot;}">/app/backend/tests/test_session8c_fixes.py:198: Authentication failed: 401 - {"detail":"Invalid credentials"}</skipped></testcase><testcase classname="tests.test_session8c_fixes.TestInventoryEnhancedSummary" name="test_inventory_enhanced_summary" time="0.892"><skipped type="pytest.skip" message="Authentication failed: 401 - {&quot;detail&quot;:&quot;Invalid credentials&quot;}">/app/backend/tests/test_session8c_fixes.py:210: Authentication failed: 401 - {"detail":"Invalid credentials"}</skipped></testcase></testsuite></testsuites>