<?xml version="1.0" encoding="utf-8"?><testsuites name="pytest tests"><testsuite name="pytest" errors="0" failures="2" skipped="0" tests="14" time="7.685" timestamp="2026-02-21T15:37:25.667656+00:00" hostname="agent-env-1931fa5d-f387-4c21-9e2d-a657ba79dc7a"><testcase classname="backend.tests.test_setup_wizard_email_usage.TestSetupWizardAPIs" name="test_get_setup_status" time="0.600" /><testcase classname="backend.tests.test_setup_wizard_email_usage.TestSetupWizardAPIs" name="test_update_organization_settings_profile" time="0.586" /><testcase classname="backend.tests.test_setup_wizard_email_usage.TestSetupWizardAPIs" name="test_update_organization_settings_business" time="0.587" /><testcase classname="backend.tests.test_setup_wizard_email_usage.TestSetupWizardAPIs" name="test_complete_setup" time="0.659" /><testcase classname="backend.tests.test_setup_wizard_email_usage.TestSetupWizardAPIs" name="test_settings_requires_auth" time="0.545" /><testcase classname="backend.tests.test_setup_wizard_email_usage.TestSetupWizardAPIs" name="test_complete_setup_requires_auth" time="0.444" /><testcase classname="backend.tests.test_setup_wizard_email_usage.TestTeamInvitationWithEmail" name="test_invite_user_sends_email" time="0.719" /><testcase classname="backend.tests.test_setup_wizard_email_usage.TestTeamInvitationWithEmail" name="test_duplicate_invite_rejected" time="0.621" /><testcase classname="backend.tests.test_setup_wizard_email_usage.TestSubscriptionAndUsage" name="test_subscription_current_still_works" time="0.500"><failure message="AssertionError: assert 'plan_code' in {'billing_cycle': 'monthly', 'cancel_at_period_end': False, 'current_period_end': '2026-03-07T15:02:03.765000', 'current_period_start': '2026-02-21T15:02:03.765000', ...}">backend/tests/test_setup_wizard_email_usage.py:270: in test_subscription_current_still_works
    assert "plan_code" in data
E   AssertionError: assert 'plan_code' in {'billing_cycle': 'monthly', 'cancel_at_period_end': False, 'current_period_end': '2026-03-07T15:02:03.765000', 'current_period_start': '2026-02-21T15:02:03.765000', ...}</failure></testcase><testcase classname="backend.tests.test_setup_wizard_email_usage.TestSubscriptionAndUsage" name="test_subscription_limits_still_works" time="0.483" /><testcase classname="backend.tests.test_setup_wizard_email_usage.TestSubscriptionAndUsage" name="test_subscription_entitlements_still_works" time="0.471"><failure message="AssertionError: assert 'entitlements' in {'features': {'advanced_audit_logs': False, 'advanced_custom_fields': False, 'advanced_pdf_templates': False, 'advanced_reports': False, ...}, 'is_active': True, 'is_trial': True, 'organization_id': 'org_8dead87464e4', ...}">backend/tests/test_setup_wizard_email_usage.py:300: in test_subscription_entitlements_still_works
    assert "entitlements" in data
E   AssertionError: assert 'entitlements' in {'features': {'advanced_audit_logs': False, 'advanced_custom_fields': False, 'advanced_pdf_templates': False, 'advanced_reports': False, ...}, 'is_active': True, 'is_trial': True, 'organization_id': 'org_8dead87464e4', ...}</failure></testcase><testcase classname="backend.tests.test_setup_wizard_email_usage.TestTeamManagementStillWorks" name="test_list_members_works" time="0.457" /><testcase classname="backend.tests.test_setup_wizard_email_usage.TestTeamManagementStillWorks" name="test_list_invites_works" time="0.452" /><testcase classname="backend.tests.test_setup_wizard_email_usage.TestTeamManagementStillWorks" name="test_organization_me_works" time="0.442" /></testsuite></testsuites>