<?xml version="1.0" encoding="utf-8"?><testsuites name="pytest tests"><testsuite name="pytest" errors="0" failures="0" skipped="0" tests="13" time="8.856" timestamp="2026-02-28T18:19:13.598499+00:00" hostname="agent-env-8cc6a392-9bb1-457d-8a5f-f820deaa8011"><testcase classname="backend.tests.test_sprint_6b_knowledge_pipeline.Test6B01ProcessQueueKnowledgeArticles" name="test_process_queue_endpoint_requires_platform_admin" time="0.186" /><testcase classname="backend.tests.test_sprint_6b_knowledge_pipeline.Test6B01ProcessQueueKnowledgeArticles" name="test_process_queue_succeeds_for_platform_admin" time="0.501" /><testcase classname="backend.tests.test_sprint_6b_knowledge_pipeline.Test6B01ProcessQueueKnowledgeArticles" name="test_knowledge_articles_exist_from_learning_events" time="0.494" /><testcase classname="backend.tests.test_sprint_6b_knowledge_pipeline.Test6B02SeedKnowledgeArticles" name="test_seed_articles_endpoint_requires_platform_admin" time="0.109" /><testcase classname="backend.tests.test_sprint_6b_knowledge_pipeline.Test6B02SeedKnowledgeArticles" name="test_seed_articles_succeeds_and_returns_counts" time="0.132" /><testcase classname="backend.tests.test_sprint_6b_knowledge_pipeline.Test6B02SeedKnowledgeArticles" name="test_seed_articles_idempotent_on_rerun" time="0.292" /><testcase classname="backend.tests.test_sprint_6b_knowledge_pipeline.Test6B03FixEmptyFailureCards" name="test_fix_empty_cards_endpoint_requires_platform_admin" time="0.108" /><testcase classname="backend.tests.test_sprint_6b_knowledge_pipeline.Test6B03FixEmptyFailureCards" name="test_fix_empty_cards_returns_report" time="0.112" /><testcase classname="backend.tests.test_sprint_6b_knowledge_pipeline.Test6B03FixEmptyFailureCards" name="test_excluded_from_efi_filter_in_find_similar" time="1.431" /><testcase classname="backend.tests.test_sprint_6b_knowledge_pipeline.Test6B04SuggestionsWithKnowledgeArticles" name="test_suggestions_endpoint_works" time="1.243" /><testcase classname="backend.tests.test_sprint_6b_knowledge_pipeline.Test6B04SuggestionsWithKnowledgeArticles" name="test_suggestions_include_knowledge_article_field" time="1.246" /><testcase classname="backend.tests.test_sprint_6b_knowledge_pipeline.Test6B04SuggestionsWithKnowledgeArticles" name="test_knowledge_article_matches_subsystem" time="1.276" /><testcase classname="backend.tests.test_sprint_6b_knowledge_pipeline.TestKnowledgePipelineIntegration" name="test_full_pipeline_flow" time="1.664" /></testsuite></testsuites>