<?xml version="1.0" encoding="utf-8"?><testsuites name="pytest tests"><testsuite name="pytest" errors="0" failures="2" skipped="0" tests="24" time="6.430" timestamp="2026-02-26T19:52:43.536587+00:00" hostname="agent-env-04ec69fc-da81-47b5-b0f4-054420176344"><testcase classname="tests.test_stabilisation_sprint_fixes.TestAuth" name="test_login_returns_token" time="0.589" /><testcase classname="tests.test_stabilisation_sprint_fixes.TestAuth" name="test_jwt_contains_user_id" time="0.001" /><testcase classname="tests.test_stabilisation_sprint_fixes.TestAuth" name="test_jwt_contains_role" time="0.000" /><testcase classname="tests.test_stabilisation_sprint_fixes.TestAuth" name="test_jwt_contains_org_id" time="0.001" /><testcase classname="tests.test_stabilisation_sprint_fixes.TestPlatformAdminRBAC" name="test_feature_flags_requires_auth" time="0.170" /><testcase classname="tests.test_stabilisation_sprint_fixes.TestPlatformAdminRBAC" name="test_feature_flags_requires_platform_admin" time="0.625" /><testcase classname="tests.test_stabilisation_sprint_fixes.TestPlatformAdminRBAC" name="test_platform_version_public" time="0.121" /><testcase classname="tests.test_stabilisation_sprint_fixes.TestServerDecomposition" name="test_health_returns_version_2_5_0" time="0.492" /><testcase classname="tests.test_stabilisation_sprint_fixes.TestServerDecomposition" name="test_tickets_endpoint_works" time="0.148" /><testcase classname="tests.test_stabilisation_sprint_fixes.TestServerDecomposition" name="test_invoices_enhanced_endpoint_works" time="0.297" /><testcase classname="tests.test_stabilisation_sprint_fixes.TestServerDecomposition" name="test_contacts_enhanced_endpoint_works" time="0.348"><failure message="AssertionError: Contacts failed: 401&#10;assert 401 in [200, 404]&#10; +  where 401 = &lt;Response [401]&gt;.status_code">tests/test_stabilisation_sprint_fixes.py:155: in test_contacts_enhanced_endpoint_works
    assert response.status_code in [200, 404], f"Contacts failed: {response.status_code}"
E   AssertionError: Contacts failed: 401
E   assert 401 in [200, 404]
E    +  where 401 = &lt;Response [401]&gt;.status_code</failure></testcase><testcase classname="tests.test_stabilisation_sprint_fixes.TestServerDecomposition" name="test_hr_employees_endpoint_works" time="0.141" /><testcase classname="tests.test_stabilisation_sprint_fixes.TestServerDecomposition" name="test_estimates_enhanced_endpoint_works" time="0.298"><failure message="AssertionError: Estimates failed: 401&#10;assert 401 in [200, 404]&#10; +  where 401 = &lt;Response [401]&gt;.status_code">tests/test_stabilisation_sprint_fixes.py:165: in test_estimates_enhanced_endpoint_works
    assert response.status_code in [200, 404], f"Estimates failed: {response.status_code}"
E   AssertionError: Estimates failed: 401
E   assert 401 in [200, 404]
E    +  where 401 = &lt;Response [401]&gt;.status_code</failure></testcase><testcase classname="tests.test_stabilisation_sprint_fixes.TestTrialBalance" name="test_trial_balance_endpoint_exists" time="0.483" /><testcase classname="tests.test_stabilisation_sprint_fixes.TestTrialBalance" name="test_trial_balance_returns_totals" time="0.216" /><testcase classname="tests.test_stabilisation_sprint_fixes.TestFailureCards" name="test_failure_cards_list_endpoint" time="0.597" /><testcase classname="tests.test_stabilisation_sprint_fixes.TestFailureCards" name="test_failure_card_by_ticket_endpoint" time="0.212" /><testcase classname="tests.test_stabilisation_sprint_fixes.TestResolutionTypeRemoval" name="test_no_resolution_type_in_frontend_code" time="0.008" /><testcase classname="tests.test_stabilisation_sprint_fixes.TestResolutionTypeRemoval" name="test_no_resolution_type_in_backend_routes" time="0.008" /><testcase classname="tests.test_stabilisation_sprint_fixes.TestBankingModule" name="test_banking_accounts_endpoint" time="0.492" /><testcase classname="tests.test_stabilisation_sprint_fixes.TestBankingModule" name="test_banking_transactions_endpoint" time="0.138" /><testcase classname="tests.test_stabilisation_sprint_fixes.TestBankingModule" name="test_banking_chart_of_accounts" time="0.240" /><testcase classname="tests.test_stabilisation_sprint_fixes.TestNotificationsOrgId" name="test_notifications_list_endpoint" time="0.513" /><testcase classname="tests.test_stabilisation_sprint_fixes.TestNotificationsOrgId" name="test_notifications_create_includes_org_id" time="0.163" /></testsuite></testsuites>