<?xml version="1.0" encoding="utf-8"?><testsuites name="pytest tests"><testsuite name="pytest" errors="0" failures="0" skipped="1" tests="18" time="38.848" timestamp="2026-02-21T15:24:12.573490+00:00" hostname="agent-env-1931fa5d-f387-4c21-9e2d-a657ba79dc7a"><testcase classname="backend.tests.test_team_subscription_management.TestSubscriptionManagement" name="test_get_current_subscription" time="36.706" /><testcase classname="backend.tests.test_team_subscription_management.TestSubscriptionManagement" name="test_get_subscription_entitlements" time="0.069" /><testcase classname="backend.tests.test_team_subscription_management.TestSubscriptionManagement" name="test_get_subscription_limits" time="0.060" /><testcase classname="backend.tests.test_team_subscription_management.TestSubscriptionManagement" name="test_subscription_requires_auth" time="0.052" /><testcase classname="backend.tests.test_team_subscription_management.TestSubscriptionManagement" name="test_compare_plans_public" time="0.060" /><testcase classname="backend.tests.test_team_subscription_management.TestTeamManagement" name="test_list_members" time="0.468" /><testcase classname="backend.tests.test_team_subscription_management.TestTeamManagement" name="test_list_invitations" time="0.063" /><testcase classname="backend.tests.test_team_subscription_management.TestTeamManagement" name="test_invite_user" time="0.089" /><testcase classname="backend.tests.test_team_subscription_management.TestTeamManagement" name="test_invite_user_duplicate" time="0.138" /><testcase classname="backend.tests.test_team_subscription_management.TestTeamManagement" name="test_invite_user_invalid_role" time="0.064" /><testcase classname="backend.tests.test_team_subscription_management.TestTeamManagement" name="test_cancel_invitation" time="0.128" /><testcase classname="backend.tests.test_team_subscription_management.TestTeamManagement" name="test_cancel_nonexistent_invitation" time="0.066" /><testcase classname="backend.tests.test_team_subscription_management.TestTeamManagement" name="test_update_member_role" time="0.067"><skipped type="pytest.skip" message="No non-owner members available to test role update">/app/backend/tests/test_team_subscription_management.py:287: No non-owner members available to test role update</skipped></testcase><testcase classname="backend.tests.test_team_subscription_management.TestTeamManagement" name="test_update_role_invalid" time="0.053" /><testcase classname="backend.tests.test_team_subscription_management.TestTeamManagement" name="test_team_endpoints_require_auth" time="0.194" /><testcase classname="backend.tests.test_team_subscription_management.TestOrganizationSwitcher" name="test_get_my_organizations" time="0.413" /><testcase classname="backend.tests.test_team_subscription_management.TestOrganizationSwitcher" name="test_get_current_organization" time="0.062" /><testcase classname="backend.tests.test_team_subscription_management.TestCleanup" name="test_cleanup_test_invites" time="0.000" /></testsuite></testsuites>