<?xml version="1.0" encoding="utf-8"?><testsuites name="pytest tests"><testsuite name="pytest" errors="0" failures="0" skipped="4" tests="20" time="3.865" timestamp="2026-02-19T17:08:53.125878+00:00" hostname="agent-env-f3f71ec6-f4cf-48e3-972d-2975d6a1578f"><testcase classname="backend.tests.test_ticket_estimate_integration.TestTicketEstimateEnsure" name="test_ensure_estimate_creates_new" time="0.743" /><testcase classname="backend.tests.test_ticket_estimate_integration.TestTicketEstimateEnsure" name="test_ensure_estimate_idempotent" time="0.165" /><testcase classname="backend.tests.test_ticket_estimate_integration.TestTicketEstimateEnsure" name="test_ensure_estimate_for_nonexistent_ticket" time="0.072" /><testcase classname="backend.tests.test_ticket_estimate_integration.TestGetTicketEstimate" name="test_get_estimate_by_ticket" time="0.224" /><testcase classname="backend.tests.test_ticket_estimate_integration.TestGetTicketEstimate" name="test_get_estimate_by_id" time="0.143" /><testcase classname="backend.tests.test_ticket_estimate_integration.TestGetTicketEstimate" name="test_get_nonexistent_estimate" time="0.072" /><testcase classname="backend.tests.test_ticket_estimate_integration.TestLineItemCRUD" name="test_add_part_line_item" time="0.228" /><testcase classname="backend.tests.test_ticket_estimate_integration.TestLineItemCRUD" name="test_add_labour_line_item" time="0.197" /><testcase classname="backend.tests.test_ticket_estimate_integration.TestLineItemCRUD" name="test_add_fee_line_item" time="0.207" /><testcase classname="backend.tests.test_ticket_estimate_integration.TestLineItemCRUD" name="test_update_line_item" time="0.293" /><testcase classname="backend.tests.test_ticket_estimate_integration.TestLineItemCRUD" name="test_delete_line_item" time="0.312" /><testcase classname="backend.tests.test_ticket_estimate_integration.TestConcurrencyControl" name="test_version_mismatch_returns_409" time="0.154" /><testcase classname="backend.tests.test_ticket_estimate_integration.TestConcurrencyControl" name="test_update_with_wrong_version" time="0.273" /><testcase classname="backend.tests.test_ticket_estimate_integration.TestEstimateLocking" name="test_lock_estimate_as_admin" time="0.240" /><testcase classname="backend.tests.test_ticket_estimate_integration.TestEstimateLocking" name="test_modify_locked_estimate_returns_423" time="0.071"><skipped type="pytest.skip" message="Test estimate is already locked, cannot test locking flow">/app/backend/tests/test_ticket_estimate_integration.py:517: Test estimate is already locked, cannot test locking flow</skipped></testcase><testcase classname="backend.tests.test_ticket_estimate_integration.TestEstimateStatusOperations" name="test_send_estimate" time="0.064"><skipped type="pytest.skip" message="Cannot send locked estimate">/app/backend/tests/test_ticket_estimate_integration.py:577: Cannot send locked estimate</skipped></testcase><testcase classname="backend.tests.test_ticket_estimate_integration.TestEstimateStatusOperations" name="test_approve_estimate" time="0.070"><skipped type="pytest.skip" message="Cannot approve locked estimate">/app/backend/tests/test_ticket_estimate_integration.py:598: Cannot approve locked estimate</skipped></testcase><testcase classname="backend.tests.test_ticket_estimate_integration.TestListTicketEstimates" name="test_list_estimates" time="0.072" /><testcase classname="backend.tests.test_ticket_estimate_integration.TestListTicketEstimates" name="test_list_estimates_with_status_filter" time="0.064" /><testcase classname="backend.tests.test_ticket_estimate_integration.TestTotalsCalculation" name="test_totals_update_on_add" time="0.129"><skipped type="pytest.skip" message="Cannot test on locked estimate">/app/backend/tests/test_ticket_estimate_integration.py:680: Cannot test on locked estimate</skipped></testcase></testsuite></testsuites>