<?xml version="1.0" encoding="utf-8"?><testsuites name="pytest tests"><testsuite name="pytest" errors="0" failures="0" skipped="0" tests="35" time="8.017" timestamp="2026-02-24T07:50:19.169808+00:00" hostname="agent-env-b4cdb0f1-98cb-4c62-be85-b5e153824bde"><testcase classname="tests.test_upgrade_regression.TestHealthSmoke" name="test_health_returns_200" time="1.884" /><testcase classname="tests.test_upgrade_regression.TestHealthSmoke" name="test_health_status_ok" time="0.108" /><testcase classname="tests.test_upgrade_regression.TestHealthSmoke" name="test_health_response_has_expected_fields" time="0.110" /><testcase classname="tests.test_upgrade_regression.TestAuthDBReads" name="test_login_returns_200" time="0.235" /><testcase classname="tests.test_upgrade_regression.TestAuthDBReads" name="test_login_returns_token" time="0.228" /><testcase classname="tests.test_upgrade_regression.TestAuthDBReads" name="test_login_returns_organizations_array" time="0.228" /><testcase classname="tests.test_upgrade_regression.TestAuthDBReads" name="test_login_invalid_credentials_rejected" time="0.004" /><testcase classname="tests.test_upgrade_regression.TestSecurityHeadersRegression" name="test_x_content_type_options_present" time="0.430" /><testcase classname="tests.test_upgrade_regression.TestSecurityHeadersRegression" name="test_x_frame_options_present" time="0.432" /><testcase classname="tests.test_upgrade_regression.TestSecurityHeadersRegression" name="test_strict_transport_security_present" time="0.526" /><testcase classname="tests.test_upgrade_regression.TestSecurityHeadersRegression" name="test_content_security_policy_present" time="0.420" /><testcase classname="tests.test_upgrade_regression.TestSecurityHeadersRegression" name="test_all_required_headers_present_on_health" time="0.107" /><testcase classname="tests.test_upgrade_regression.TestCORSRegression" name="test_cors_rejects_arbitrary_origin_at_app_level" time="0.002" /><testcase classname="tests.test_upgrade_regression.TestCORSRegression" name="test_cors_allows_configured_origin" time="0.002" /><testcase classname="tests.test_upgrade_regression.TestCORSRegression" name="test_cors_no_wildcard_in_cors_config" time="0.005" /><testcase classname="tests.test_upgrade_regression.TestTenantIsolation" name="test_get_tickets_with_admin_token_returns_200" time="0.346" /><testcase classname="tests.test_upgrade_regression.TestTenantIsolation" name="test_get_tickets_returns_list" time="0.129" /><testcase classname="tests.test_upgrade_regression.TestTenantIsolation" name="test_get_tickets_without_org_id_returns_400" time="0.113" /><testcase classname="tests.test_upgrade_regression.TestTenantIsolation" name="test_get_tickets_without_auth_returns_401" time="0.105" /><testcase classname="tests.test_upgrade_regression.TestTrialBalanceRegression" name="test_trial_balance_returns_200" time="0.119" /><testcase classname="tests.test_upgrade_regression.TestTrialBalanceRegression" name="test_trial_balance_has_is_balanced_field" time="0.103" /><testcase classname="tests.test_upgrade_regression.TestTrialBalanceRegression" name="test_trial_balance_is_balanced_true" time="0.103" /><testcase classname="tests.test_upgrade_regression.TestTrialBalanceRegression" name="test_trial_balance_has_summary" time="0.108" /><testcase classname="tests.test_upgrade_regression.TestStartupIndexMigrationHook" name="test_index_migration_log_present_in_backend_err_log" time="0.005" /><testcase classname="tests.test_upgrade_regression.TestStartupIndexMigrationHook" name="test_index_migration_log_present_in_backend_out_log" time="0.001" /><testcase classname="tests.test_upgrade_regression.TestStartupIndexMigrationHook" name="test_migration_module_is_importable" time="0.000" /><testcase classname="tests.test_upgrade_regression.TestForm16HRMotorRegression" name="test_form16_json_returns_200" time="0.117" /><testcase classname="tests.test_upgrade_regression.TestForm16HRMotorRegression" name="test_form16_response_structure" time="0.160" /><testcase classname="tests.test_upgrade_regression.TestForm16HRMotorRegression" name="test_form16_employee_name_present" time="0.104" /><testcase classname="tests.test_upgrade_regression.TestWebhookIdempotencyRegression" name="test_first_webhook_processed" time="0.108" /><testcase classname="tests.test_upgrade_regression.TestWebhookIdempotencyRegression" name="test_duplicate_webhook_returns_already_processed" time="0.707" /><testcase classname="tests.test_upgrade_regression.TestWebhookIdempotencyRegression" name="test_different_event_same_payment_not_duplicate" time="0.528" /><testcase classname="tests.test_upgrade_regression.TestXSSSanitizationRegression" name="test_xss_script_tag_stripped_from_title" time="0.101" /><testcase classname="tests.test_upgrade_regression.TestXSSSanitizationRegression" name="test_xss_img_onerror_stripped_from_description" time="0.116" /><testcase classname="tests.test_upgrade_regression.TestXSSSanitizationRegression" name="test_plain_text_preserved_after_sanitization" time="0.112" /></testsuite></testsuites>