<?xml version="1.0" encoding="utf-8"?><testsuites name="pytest tests"><testsuite name="pytest" errors="0" failures="0" skipped="0" tests="51" time="51.948" timestamp="2026-02-16T19:06:11.747519+00:00" hostname="agent-env-ce400c93-1b7f-476b-a0df-9e3161de5679"><testcase classname="backend.tests.test_zoho_api.TestZohoContacts" name="test_01_create_customer" time="0.160" /><testcase classname="backend.tests.test_zoho_api.TestZohoContacts" name="test_02_create_vendor" time="0.138" /><testcase classname="backend.tests.test_zoho_api.TestZohoContacts" name="test_03_list_contacts" time="0.113" /><testcase classname="backend.tests.test_zoho_api.TestZohoContacts" name="test_04_get_contact_details" time="0.153" /><testcase classname="backend.tests.test_zoho_api.TestZohoContacts" name="test_05_update_contact" time="0.124" /><testcase classname="backend.tests.test_zoho_api.TestZohoContacts" name="test_06_mark_contact_inactive" time="0.143" /><testcase classname="backend.tests.test_zoho_api.TestZohoContacts" name="test_07_mark_contact_active" time="0.137" /><testcase classname="backend.tests.test_zoho_api.TestZohoItems" name="test_01_create_service_item" time="0.236" /><testcase classname="backend.tests.test_zoho_api.TestZohoItems" name="test_02_create_goods_item" time="0.172" /><testcase classname="backend.tests.test_zoho_api.TestZohoItems" name="test_03_list_items" time="0.147" /><testcase classname="backend.tests.test_zoho_api.TestZohoEstimates" name="test_01_create_estimate" time="0.129" /><testcase classname="backend.tests.test_zoho_api.TestZohoEstimates" name="test_02_list_estimates" time="0.156" /><testcase classname="backend.tests.test_zoho_api.TestZohoEstimates" name="test_03_mark_estimate_sent" time="0.151" /><testcase classname="backend.tests.test_zoho_api.TestZohoEstimates" name="test_04_mark_estimate_accepted" time="0.115" /><testcase classname="backend.tests.test_zoho_api.TestZohoInvoices" name="test_01_create_invoice" time="0.190" /><testcase classname="backend.tests.test_zoho_api.TestZohoInvoices" name="test_02_list_invoices" time="0.144" /><testcase classname="backend.tests.test_zoho_api.TestZohoInvoices" name="test_03_mark_invoice_sent" time="0.177" /><testcase classname="backend.tests.test_zoho_api.TestZohoInvoices" name="test_04_convert_estimate_to_invoice" time="0.363" /><testcase classname="backend.tests.test_zoho_api.TestZohoSalesOrders" name="test_01_create_salesorder" time="0.108" /><testcase classname="backend.tests.test_zoho_api.TestZohoSalesOrders" name="test_02_convert_salesorder_to_invoice" time="0.160" /><testcase classname="backend.tests.test_zoho_api.TestZohoSalesOrders" name="test_03_convert_estimate_to_salesorder" time="0.415" /><testcase classname="backend.tests.test_zoho_api.TestZohoPurchaseOrders" name="test_01_create_purchaseorder" time="0.303" /><testcase classname="backend.tests.test_zoho_api.TestZohoPurchaseOrders" name="test_02_list_purchaseorders" time="0.125" /><testcase classname="backend.tests.test_zoho_api.TestZohoPurchaseOrders" name="test_03_convert_purchaseorder_to_bill" time="0.164" /><testcase classname="backend.tests.test_zoho_api.TestZohoBills" name="test_01_create_bill" time="0.229" /><testcase classname="backend.tests.test_zoho_api.TestZohoBills" name="test_02_list_bills" time="0.127" /><testcase classname="backend.tests.test_zoho_api.TestZohoCreditNotes" name="test_01_create_creditnote" time="0.142" /><testcase classname="backend.tests.test_zoho_api.TestZohoCreditNotes" name="test_02_apply_creditnote_to_invoice" time="0.441" /><testcase classname="backend.tests.test_zoho_api.TestZohoVendorCredits" name="test_01_create_vendorcredit" time="0.142" /><testcase classname="backend.tests.test_zoho_api.TestZohoCustomerPayments" name="test_01_record_customer_payment" time="0.391" /><testcase classname="backend.tests.test_zoho_api.TestZohoCustomerPayments" name="test_02_list_customer_payments" time="0.124" /><testcase classname="backend.tests.test_zoho_api.TestZohoVendorPayments" name="test_01_record_vendor_payment" time="0.190" /><testcase classname="backend.tests.test_zoho_api.TestZohoExpenses" name="test_01_create_expense" time="0.146" /><testcase classname="backend.tests.test_zoho_api.TestZohoExpenses" name="test_02_list_expenses" time="0.135" /><testcase classname="backend.tests.test_zoho_api.TestZohoBanking" name="test_01_create_bank_account" time="0.153" /><testcase classname="backend.tests.test_zoho_api.TestZohoBanking" name="test_02_list_bank_accounts" time="0.121" /><testcase classname="backend.tests.test_zoho_api.TestZohoBanking" name="test_03_create_bank_transaction" time="0.148" /><testcase classname="backend.tests.test_zoho_api.TestZohoBanking" name="test_04_list_bank_transactions" time="0.132" /><testcase classname="backend.tests.test_zoho_api.TestZohoChartOfAccounts" name="test_01_create_account" time="0.124" /><testcase classname="backend.tests.test_zoho_api.TestZohoChartOfAccounts" name="test_02_list_accounts" time="0.349" /><testcase classname="backend.tests.test_zoho_api.TestZohoJournals" name="test_01_create_journal_entry" time="0.164" /><testcase classname="backend.tests.test_zoho_api.TestZohoJournals" name="test_02_journal_validation_debit_credit_mismatch" time="0.635" /><testcase classname="backend.tests.test_zoho_api.TestZohoJournals" name="test_03_list_journals" time="36.334" /><testcase classname="backend.tests.test_zoho_api.TestZohoReports" name="test_01_dashboard_report" time="0.233" /><testcase classname="backend.tests.test_zoho_api.TestZohoReports" name="test_02_profit_and_loss_report" time="0.181" /><testcase classname="backend.tests.test_zoho_api.TestZohoReports" name="test_03_receivables_report" time="0.166" /><testcase classname="backend.tests.test_zoho_api.TestZohoReports" name="test_04_payables_report" time="0.145" /><testcase classname="backend.tests.test_zoho_api.TestZohoReports" name="test_05_gst_report" time="0.144" /><testcase classname="backend.tests.test_zoho_api.TestZohoWorkflows" name="test_01_sales_workflow" time="3.943" /><testcase classname="backend.tests.test_zoho_api.TestZohoWorkflows" name="test_02_purchase_workflow" time="0.963" /><testcase classname="backend.tests.test_zoho_api.TestCleanup" name="test_cleanup_test_data" time="1.652" /></testsuite></testsuites>