<?xml version="1.0" encoding="utf-8"?><testsuites name="pytest tests"><testsuite name="pytest" errors="0" failures="1" skipped="0" tests="17" time="10.481" timestamp="2026-02-16T18:19:59.592764+00:00" hostname="agent-env-6d6bd833-ce19-4972-9218-8200364d0598"><testcase classname="backend.tests.test_zoho_books_module.TestAuthentication" name="test_admin_login_success" time="0.415" /><testcase classname="backend.tests.test_zoho_books_module.TestAuthentication" name="test_login_invalid_credentials" time="0.213" /><testcase classname="backend.tests.test_zoho_books_module.TestCustomers" name="test_list_customers" time="0.840"><failure message="AssertionError: Expected 50 customers, got 51&#10;assert 51 == 50">backend/tests/test_zoho_books_module.py:58: in test_list_customers
    assert data["total"] == 50, f"Expected 50 customers, got {data['total']}"
E   AssertionError: Expected 50 customers, got 51
E   assert 51 == 50</failure></testcase><testcase classname="backend.tests.test_zoho_books_module.TestCustomers" name="test_customer_search" time="0.540" /><testcase classname="backend.tests.test_zoho_books_module.TestCustomers" name="test_customer_has_required_fields" time="0.599" /><testcase classname="backend.tests.test_zoho_books_module.TestCustomers" name="test_create_customer" time="0.592" /><testcase classname="backend.tests.test_zoho_books_module.TestServices" name="test_list_services" time="0.664" /><testcase classname="backend.tests.test_zoho_books_module.TestServices" name="test_service_has_hsn_code" time="0.597" /><testcase classname="backend.tests.test_zoho_books_module.TestServices" name="test_service_search" time="0.459" /><testcase classname="backend.tests.test_zoho_books_module.TestParts" name="test_list_parts" time="0.558" /><testcase classname="backend.tests.test_zoho_books_module.TestParts" name="test_part_has_stock_info" time="0.684" /><testcase classname="backend.tests.test_zoho_books_module.TestInvoices" name="test_list_invoices" time="0.621" /><testcase classname="backend.tests.test_zoho_books_module.TestInvoices" name="test_invoice_has_gst_calculation" time="0.769" /><testcase classname="backend.tests.test_zoho_books_module.TestInvoices" name="test_create_invoice_with_gst" time="0.856" /><testcase classname="backend.tests.test_zoho_books_module.TestAnalytics" name="test_analytics_summary" time="0.808" /><testcase classname="backend.tests.test_zoho_books_module.TestVendors" name="test_list_vendors" time="0.577" /><testcase classname="backend.tests.test_zoho_books_module.TestChartOfAccounts" name="test_list_accounts" time="0.586" /></testsuite></testsuites>