<?xml version="1.0" encoding="utf-8"?><testsuites name="pytest tests"><testsuite name="pytest" errors="0" failures="0" skipped="0" tests="16" time="4.243" timestamp="2026-02-16T20:37:56.448703+00:00" hostname="agent-env-d7d7010d-49f0-46a6-aab8-6bc2760efde7"><testcase classname="backend.tests.test_zoho_extended.TestDeliveryChallans" name="test_list_delivery_challans" time="0.629" /><testcase classname="backend.tests.test_zoho_extended.TestDeliveryChallans" name="test_create_delivery_challan" time="0.325" /><testcase classname="backend.tests.test_zoho_extended.TestProjects" name="test_list_projects" time="0.255" /><testcase classname="backend.tests.test_zoho_extended.TestProjects" name="test_create_project" time="0.360" /><testcase classname="backend.tests.test_zoho_extended.TestProjects" name="test_list_time_entries" time="0.250" /><testcase classname="backend.tests.test_zoho_extended.TestRecurringInvoices" name="test_list_recurring_invoices" time="0.149" /><testcase classname="backend.tests.test_zoho_extended.TestRecurringInvoices" name="test_create_recurring_invoice" time="0.254" /><testcase classname="backend.tests.test_zoho_extended.TestTaxes" name="test_list_taxes" time="0.144" /><testcase classname="backend.tests.test_zoho_extended.TestTaxes" name="test_create_tax" time="0.156" /><testcase classname="backend.tests.test_zoho_extended.TestTaxes" name="test_list_tax_groups" time="0.112" /><testcase classname="backend.tests.test_zoho_extended.TestChartOfAccounts" name="test_list_chart_of_accounts" time="0.433" /><testcase classname="backend.tests.test_zoho_extended.TestChartOfAccounts" name="test_create_account" time="0.174" /><testcase classname="backend.tests.test_zoho_extended.TestJournalEntries" name="test_list_journal_entries" time="0.159" /><testcase classname="backend.tests.test_zoho_extended.TestJournalEntries" name="test_create_journal_entry" time="0.216" /><testcase classname="backend.tests.test_zoho_extended.TestVendorCredits" name="test_list_vendor_credits" time="0.129" /><testcase classname="backend.tests.test_zoho_extended.TestVendorCredits" name="test_create_vendor_credit" time="0.376" /></testsuite></testsuites>