<?xml version="1.0" encoding="utf-8"?><testsuites name="pytest tests"><testsuite name="pytest" errors="0" failures="0" skipped="0" tests="17" time="9.170" timestamp="2026-02-16T18:20:29.737129+00:00" hostname="agent-env-6d6bd833-ce19-4972-9218-8200364d0598"><testcase classname="backend.tests.test_zoho_books_module.TestAuthentication" name="test_admin_login_success" time="0.500" /><testcase classname="backend.tests.test_zoho_books_module.TestAuthentication" name="test_login_invalid_credentials" time="0.118" /><testcase classname="backend.tests.test_zoho_books_module.TestCustomers" name="test_list_customers" time="0.561" /><testcase classname="backend.tests.test_zoho_books_module.TestCustomers" name="test_customer_search" time="0.567" /><testcase classname="backend.tests.test_zoho_books_module.TestCustomers" name="test_customer_has_required_fields" time="0.577" /><testcase classname="backend.tests.test_zoho_books_module.TestCustomers" name="test_create_customer" time="0.519" /><testcase classname="backend.tests.test_zoho_books_module.TestServices" name="test_list_services" time="0.526" /><testcase classname="backend.tests.test_zoho_books_module.TestServices" name="test_service_has_hsn_code" time="0.562" /><testcase classname="backend.tests.test_zoho_books_module.TestServices" name="test_service_search" time="0.451" /><testcase classname="backend.tests.test_zoho_books_module.TestParts" name="test_list_parts" time="0.652" /><testcase classname="backend.tests.test_zoho_books_module.TestParts" name="test_part_has_stock_info" time="0.516" /><testcase classname="backend.tests.test_zoho_books_module.TestInvoices" name="test_list_invoices" time="0.496" /><testcase classname="backend.tests.test_zoho_books_module.TestInvoices" name="test_invoice_has_gst_calculation" time="0.494" /><testcase classname="backend.tests.test_zoho_books_module.TestInvoices" name="test_create_invoice_with_gst" time="0.978" /><testcase classname="backend.tests.test_zoho_books_module.TestAnalytics" name="test_analytics_summary" time="0.503" /><testcase classname="backend.tests.test_zoho_books_module.TestVendors" name="test_list_vendors" time="0.538" /><testcase classname="backend.tests.test_zoho_books_module.TestChartOfAccounts" name="test_list_accounts" time="0.521" /></testsuite></testsuites>