<?xml version="1.0" encoding="utf-8"?><testsuites name="pytest tests"><testsuite name="pytest" errors="0" failures="12" skipped="0" tests="51" time="13.383" timestamp="2026-02-16T19:03:00.311376+00:00" hostname="agent-env-ce400c93-1b7f-476b-a0df-9e3161de5679"><testcase classname="backend.tests.test_zoho_api.TestZohoContacts" name="test_01_create_customer" time="0.218" /><testcase classname="backend.tests.test_zoho_api.TestZohoContacts" name="test_02_create_vendor" time="0.157" /><testcase classname="backend.tests.test_zoho_api.TestZohoContacts" name="test_03_list_contacts" time="0.134" /><testcase classname="backend.tests.test_zoho_api.TestZohoContacts" name="test_04_get_contact_details" time="0.251" /><testcase classname="backend.tests.test_zoho_api.TestZohoContacts" name="test_05_update_contact" time="0.169" /><testcase classname="backend.tests.test_zoho_api.TestZohoContacts" name="test_06_mark_contact_inactive" time="0.185" /><testcase classname="backend.tests.test_zoho_api.TestZohoContacts" name="test_07_mark_contact_active" time="0.157" /><testcase classname="backend.tests.test_zoho_api.TestZohoItems" name="test_01_create_service_item" time="0.254" /><testcase classname="backend.tests.test_zoho_api.TestZohoItems" name="test_02_create_goods_item" time="0.175" /><testcase classname="backend.tests.test_zoho_api.TestZohoItems" name="test_03_list_items" time="0.150" /><testcase classname="backend.tests.test_zoho_api.TestZohoEstimates" name="test_01_create_estimate" time="0.131" /><testcase classname="backend.tests.test_zoho_api.TestZohoEstimates" name="test_02_list_estimates" time="0.152" /><testcase classname="backend.tests.test_zoho_api.TestZohoEstimates" name="test_03_mark_estimate_sent" time="0.184" /><testcase classname="backend.tests.test_zoho_api.TestZohoEstimates" name="test_04_mark_estimate_accepted" time="0.152" /><testcase classname="backend.tests.test_zoho_api.TestZohoInvoices" name="test_01_create_invoice" time="0.141" /><testcase classname="backend.tests.test_zoho_api.TestZohoInvoices" name="test_02_list_invoices" time="0.247" /><testcase classname="backend.tests.test_zoho_api.TestZohoInvoices" name="test_03_mark_invoice_sent" time="0.157" /><testcase classname="backend.tests.test_zoho_api.TestZohoInvoices" name="test_04_convert_estimate_to_invoice" time="0.476" /><testcase classname="backend.tests.test_zoho_api.TestZohoSalesOrders" name="test_01_create_salesorder" time="0.159" /><testcase classname="backend.tests.test_zoho_api.TestZohoSalesOrders" name="test_02_convert_salesorder_to_invoice" time="0.132" /><testcase classname="backend.tests.test_zoho_api.TestZohoSalesOrders" name="test_03_convert_estimate_to_salesorder" time="0.434" /><testcase classname="backend.tests.test_zoho_api.TestZohoPurchaseOrders" name="test_01_create_purchaseorder" time="0.309" /><testcase classname="backend.tests.test_zoho_api.TestZohoPurchaseOrders" name="test_02_list_purchaseorders" time="0.171" /><testcase classname="backend.tests.test_zoho_api.TestZohoPurchaseOrders" name="test_03_convert_purchaseorder_to_bill" time="0.201" /><testcase classname="backend.tests.test_zoho_api.TestZohoBills" name="test_01_create_bill" time="0.214" /><testcase classname="backend.tests.test_zoho_api.TestZohoBills" name="test_02_list_bills" time="0.266" /><testcase classname="backend.tests.test_zoho_api.TestZohoCreditNotes" name="test_01_create_creditnote" time="0.130" /><testcase classname="backend.tests.test_zoho_api.TestZohoCreditNotes" name="test_02_apply_creditnote_to_invoice" time="0.335" /><testcase classname="backend.tests.test_zoho_api.TestZohoVendorCredits" name="test_01_create_vendorcredit" time="0.187" /><testcase classname="backend.tests.test_zoho_api.TestZohoCustomerPayments" name="test_01_record_customer_payment" time="0.306" /><testcase classname="backend.tests.test_zoho_api.TestZohoCustomerPayments" name="test_02_list_customer_payments" time="0.142" /><testcase classname="backend.tests.test_zoho_api.TestZohoVendorPayments" name="test_01_record_vendor_payment" time="0.205" /><testcase classname="backend.tests.test_zoho_api.TestZohoExpenses" name="test_01_create_expense" time="0.303"><failure message="assert 422 == 200&#10; +  where 422 = &lt;Response [422]&gt;.status_code">backend/tests/test_zoho_api.py:637: in test_01_create_expense
    assert response.status_code == 200
E   assert 422 == 200
E    +  where 422 = &lt;Response [422]&gt;.status_code</failure></testcase><testcase classname="backend.tests.test_zoho_api.TestZohoExpenses" name="test_02_list_expenses" time="0.205"><failure message="AssertionError: assert 'total_amount' in {'code': 0, 'expense_total': 10210230.41, 'expenses': [{'amount': 716.0, 'cgst': 0.0, 'created_at': '2024-06-27T00:00:00', 'created_by': 'migration', ...}, {'amount': 6100.0, 'cgst': 0.0, 'created_at': '2024-06-30T00:00:00', 'created_by': 'migration', ...}, {'amount': 10500.0, 'cgst': 0.0, 'created_at': '2024-05-20T00:00:00', 'created_by': 'migration', ...}, {'amount': 40957.8, 'cgst': 3123.9, 'created_at': '2024-06-27T00:00:00', 'created_by': 'migration', ...}, {'amount': 447000.0, 'cgst': 0.0, 'created_at': '2024-05-31T00:00:00', 'created_by': 'migration', ...}, {'amount': 40500.0, 'cgst': 0.0, 'created_at': '2024-04-20T00:00:00', 'created_by': 'migration', ...}, ...], 'page_context': {'page': 1, 'per_page': 25, 'total': 2266}}">backend/tests/test_zoho_api.py:649: in test_02_list_expenses
    assert "total_amount" in data
E   AssertionError: assert 'total_amount' in {'code': 0, 'expense_total': 10210230.41, 'expenses': [{'amount': 716.0, 'cgst': 0.0, 'created_at': '2024-06-27T00:00:00', 'created_by': 'migration', ...}, {'amount': 6100.0, 'cgst': 0.0, 'created_at': '2024-06-30T00:00:00', 'created_by': 'migration', ...}, {'amount': 10500.0, 'cgst': 0.0, 'created_at': '2024-05-20T00:00:00', 'created_by': 'migration', ...}, {'amount': 40957.8, 'cgst': 3123.9, 'created_at': '2024-06-27T00:00:00', 'created_by': 'migration', ...}, {'amount': 447000.0, 'cgst': 0.0, 'created_at': '2024-05-31T00:00:00', 'created_by': 'migration', ...}, {'amount': 40500.0, 'cgst': 0.0, 'created_at': '2024-04-20T00:00:00', 'created_by': 'migration', ...}, ...], 'page_context': {'page': 1, 'per_page': 25, 'total': 2266}}</failure></testcase><testcase classname="backend.tests.test_zoho_api.TestZohoBanking" name="test_01_create_bank_account" time="0.178" /><testcase classname="backend.tests.test_zoho_api.TestZohoBanking" name="test_02_list_bank_accounts" time="0.115" /><testcase classname="backend.tests.test_zoho_api.TestZohoBanking" name="test_03_create_bank_transaction" time="0.149" /><testcase classname="backend.tests.test_zoho_api.TestZohoBanking" name="test_04_list_bank_transactions" time="0.151" /><testcase classname="backend.tests.test_zoho_api.TestZohoChartOfAccounts" name="test_01_create_account" time="0.159" /><testcase classname="backend.tests.test_zoho_api.TestZohoChartOfAccounts" name="test_02_list_accounts" time="0.128"><failure message="KeyError: 'accounts'">backend/tests/test_zoho_api.py:735: in test_02_list_accounts
    print(f"✓ Listed {len(data['accounts'])} accounts")
                          ^^^^^^^^^^^^^^^^
E   KeyError: 'accounts'</failure></testcase><testcase classname="backend.tests.test_zoho_api.TestZohoJournals" name="test_01_create_journal_entry" time="0.154"><failure message="assert 422 == 200&#10; +  where 422 = &lt;Response [422]&gt;.status_code">backend/tests/test_zoho_api.py:764: in test_01_create_journal_entry
    assert response.status_code == 200
E   assert 422 == 200
E    +  where 422 = &lt;Response [422]&gt;.status_code</failure></testcase><testcase classname="backend.tests.test_zoho_api.TestZohoJournals" name="test_02_journal_validation_debit_credit_mismatch" time="0.109"><failure message="assert 422 == 400&#10; +  where 422 = &lt;Response [422]&gt;.status_code">backend/tests/test_zoho_api.py:780: in test_02_journal_validation_debit_credit_mismatch
    assert response.status_code == 400
E   assert 422 == 400
E    +  where 422 = &lt;Response [422]&gt;.status_code</failure></testcase><testcase classname="backend.tests.test_zoho_api.TestZohoJournals" name="test_03_list_journals" time="0.229" /><testcase classname="backend.tests.test_zoho_api.TestZohoReports" name="test_01_dashboard_report" time="0.155"><failure message="AssertionError: assert 'dashboard' in {'code': 0, 'financials': {'collected': 2950.0, 'outstanding_payables': 52330.0, 'paid': 0, 'receivables': 111420.0, ...}, 'master_data': {'customers': 2, 'items': 3, 'vendors': 1}, 'purchase_pipeline': {'bills': {'total': 2, 'unpaid': 2}, 'purchaseorders': {'open': 1, 'total': 1}}, ...}">backend/tests/test_zoho_api.py:801: in test_01_dashboard_report
    assert "dashboard" in data
E   AssertionError: assert 'dashboard' in {'code': 0, 'financials': {'collected': 2950.0, 'outstanding_payables': 52330.0, 'paid': 0, 'receivables': 111420.0, ...}, 'master_data': {'customers': 2, 'items': 3, 'vendors': 1}, 'purchase_pipeline': {'bills': {'total': 2, 'unpaid': 2}, 'purchaseorders': {'open': 1, 'total': 1}}, ...}</failure></testcase><testcase classname="backend.tests.test_zoho_api.TestZohoReports" name="test_02_profit_and_loss_report" time="0.187"><failure message="AssertionError: assert 'total_income' in 'profit_and_loss'">backend/tests/test_zoho_api.py:815: in test_02_profit_and_loss_report
    assert "total_income" in report
E   AssertionError: assert 'total_income' in 'profit_and_loss'</failure></testcase><testcase classname="backend.tests.test_zoho_api.TestZohoReports" name="test_03_receivables_report" time="0.136"><failure message="TypeError: string indices must be integers, not 'str'">backend/tests/test_zoho_api.py:827: in test_03_receivables_report
    print(f"✓ Receivables report: Total={data['report']['total_outstanding']}")
                                         ^^^^^^^^^^^^^^^^^^^^^^^^^^^^^^^^^^^
E   TypeError: string indices must be integers, not 'str'</failure></testcase><testcase classname="backend.tests.test_zoho_api.TestZohoReports" name="test_04_payables_report" time="0.148"><failure message="TypeError: string indices must be integers, not 'str'">backend/tests/test_zoho_api.py:836: in test_04_payables_report
    print(f"✓ Payables report: Total={data['report']['total_outstanding']}")
                                      ^^^^^^^^^^^^^^^^^^^^^^^^^^^^^^^^^^^
E   TypeError: string indices must be integers, not 'str'</failure></testcase><testcase classname="backend.tests.test_zoho_api.TestZohoReports" name="test_05_gst_report" time="0.247"><failure message="AssertionError: assert 'output_tax' in 'gst_summary'">backend/tests/test_zoho_api.py:846: in test_05_gst_report
    assert "output_tax" in report
E   AssertionError: assert 'output_tax' in 'gst_summary'</failure></testcase><testcase classname="backend.tests.test_zoho_api.TestZohoWorkflows" name="test_01_sales_workflow" time="1.332"><failure message="AssertionError: assert 'draft' == 'paid'&#10;  &#10;  - paid&#10;  + draft">backend/tests/test_zoho_api.py:914: in test_01_sales_workflow
    assert inv_data["status"] == "paid"
E   AssertionError: assert 'draft' == 'paid'
E     
E     - paid
E     + draft</failure></testcase><testcase classname="backend.tests.test_zoho_api.TestZohoWorkflows" name="test_02_purchase_workflow" time="0.890"><failure message="AssertionError: assert 'open' == 'paid'&#10;  &#10;  - paid&#10;  + open">backend/tests/test_zoho_api.py:969: in test_02_purchase_workflow
    assert bill_data["status"] == "paid"
E   AssertionError: assert 'open' == 'paid'
E     
E     - paid
E     + open</failure></testcase><testcase classname="backend.tests.test_zoho_api.TestCleanup" name="test_cleanup_test_data" time="1.393" /></testsuite></testsuites>